Perfect! The code has been successfully fixed. Let me create a summary of the changes:

## Summary of Correctness Fix for Q5 (Iteration 3)

### **Critical Bug Fixed:**
The original code had a **missing join condition**: `c_nationkey = s_nationkey`. The SQL query requires that the customer's nation key must match the supplier's nation key, but the code was skipping this verification entirely (as noted in the TODO comment on line 252-254 of the original code).

### **What Changed:**

1. **PHASE 4 (New)**: Added customer nation mapping
   - Build a hash map `customer_nation_map` that maps `c_custkey → c_nationkey`
   - This enables fast lookups of a customer's nation during order filtering

2. **PHASE 5 (Modified)**: Enhanced order filtering
   - Now checks if customer exists and belongs to ASIA region
   - Stores both `custkey` and `customer_nationkey` in `filtered_orders`
   - Reduced the order set to only those with ASIA customers

3. **PHASE 6 (Modified)**: Critical join constraint added
   - Added the missing check: `if (c_nk != s_nk) continue;`
   - This ensures that a lineitem is only counted if the customer's nation matches the supplier's nation
   - This is the **core correctness fix** that was missing

### **Impact:**
- **Correctness**: The query now correctly implements the SQL predicate `c_nationkey = s_nationkey`
- **Performance**: The enhanced order filtering reduces the working set by pre-filtering orders with non-ASIA customers, which should also improve performance

### **Compilation:**
✅ Successfully compiled without errors using:
```bash
g++ -O3 -march=native -std=c++17 -Wall -lpthread -fopenmp -DGENDB_PROFILE -o q5 q5.cpp
```

All [TIMING] lines are preserved within `#ifdef GENDB_PROFILE` guards, and the encoding logic remains unchanged. The validation should now pass because the code correctly implements the full SQL semantics.