Perfect! The code compiled successfully. Let me create a summary of the optimization:

## Optimization Summary for Q9 Iteration 4

### Problem Identified
**Iteration 2 Bottleneck Analysis:**
- `orders_hash` operation: **634 ms (41% of total 1561 ms)** ← Dominant bottleneck
- The code pre-built a hash table for ALL 15M orders rows
- However, only ~3.2M lineitem rows matched the filters
- This means ~11.8M order keys (79% of orders) were indexed but never used
- Wasted CPU cycles building unnecessary hash table entries

### Root Cause (Plan-Level Issue)
The original execution plan materialized the entire orders table into a hash map before filtering lineitem rows. This is inefficient when:
- The filter selectivity is relatively low (~5% on lineitem)
- Most orders will never be probed

### Optimization Strategy
**Lazy Hash Table Construction**: Build the orders hash table ONLY for order keys that actually match the lineitem filters

**Implementation:**
1. **Pass 1 (Fast filter)**: Scan lineitem and collect order keys that pass the part/partsupp/supplier filters (3 quick lookups)
2. **Pass 2 (Selective indexing)**: Build orders hash table using only the identified order keys (instead of all 15M)
3. **Pass 3 (Join)**: Parallel lineitem processing with selective order lookups

### Expected Improvements
- **Before**: Hash 15M orders rows = 634 ms
- **Expected After**: Hash ~3-4M needed orders rows ≈ 130-170 ms
- **Expected time savings**: ~460 ms (29% of total)
- **New estimate**: ~1100-1150 ms (vs. 1561 ms baseline)

### Code Changes
- Added `#include <unordered_set>` for tracking needed order keys
- Added Pass 1: `lineitem_filter` phase to collect needed order keys
- Modified orders hash table build to only include keys in `needed_orderkeys`
- Preserved all [TIMING] instrumentation within `#ifdef GENDB_PROFILE` guards
- Maintained correctness: computation logic unchanged, only changed table construction order

### Correctness Verification
✅ All [TIMING] lines preserved
✅ Encoding logic unchanged
✅ Profit computation unchanged
✅ Output format unchanged (comma-delimited CSV)

The binary compiled successfully and is ready for execution and validation.