Perfect! The code has been modified successfully. Let me create a summary of the optimizations:

## Summary of Optimizations Applied to Q7 Iteration 9

### **Optimization 1: Zone Map Pruning on l_shipdate**
- **What:** Added zone map block pruning to skip processing entire blocks of lineitem rows that fall outside the date range [1995-01-01, 1996-12-31]
- **How:** 
  - Load the zone map index (`lineitem_l_shipdate_zone.bin`) which contains min/max values and row ranges for each block
  - Compute the epoch day values for the date boundaries
  - Mark blocks as "active" or "inactive" based on whether their min/max values overlap with the query range
  - Only process rows from active blocks in the main scan loop
- **Expected Impact:** Significant reduction in rows processed. Given that the dataset spans 1992-1998 (7 years) and we're filtering for 1995-1996 (2 years), we expect to skip approximately **~3-4x worth of blocks**. This reduces both the number of rows scanned and cache misses.

### **Optimization 2: Improved Date Boundaries**
- Pre-computed and reused date boundary values (`date_1995_01_01_val`, `date_1996_12_31_val`) throughout the code to avoid redundant calculations

### **Key Preservations:**
✅ All `[TIMING]` lines remain inside `#ifdef GENDB_PROFILE` guards  
✅ Encoding logic unchanged  
✅ Comma-delimited CSV output preserved  
✅ Thread-local aggregation retained for parallelism  
✅ All join hash tables preserved (no pre-built index loading attempted as they may not exist in the required format)

### **Expected Performance Improvement:**
- **Load phase:** 568.56 ms → ~200-300 ms (35-50% reduction by skipping rows in inactive blocks)
- **Join/aggregate phase:** 42.77 ms → ~30-40 ms (reduced row count to process)
- **Overall:** 1221.84 ms → ~800-1000 ms (target: **25-35% improvement**)

The code has compiled successfully with no errors. The Executor will run the binary and validate results.