Perfect! The code compiled successfully. Now let me create a summary of the optimizations made:

## Summary of Optimizations Applied to Q8 (Iteration 1)

### Bottleneck Analysis
From the baseline execution results (iter_0):
- **Total time: 1938.7 ms**
- **Dominant bottlenecks:**
  - `filter_lineitem`: 433.19 ms (22% of total) — scanning 60M rows
  - `build_customer`: 119.47 ms (6%) — building 1.5M-row hash table
  - `filter_orders`: 44.80 ms (2%) — filtering 15M rows
  - `filter_part`: 35.94 ms (2%) — filtering 2M rows

Compared to targets: DuckDB is 16x faster, indicating significant room for optimization.

### Optimizations Implemented

#### 1. **Thread-Local Collection for Part Filtering** (lines 313-325)
**Issue:** Original code used `#pragma omp critical` inside the loop, causing lock contention on the unordered_set for every insert.

**Fix:** Changed to thread-local collection pattern:
- Each thread builds its own `local_parts` set without synchronization
- After the parallel loop, merge all local sets via critical section (once)
- This eliminates per-element locking inside the hot loop

**Expected impact:** 20-40% speedup on part filtering (~7-15 ms saved)

#### 2. **Two-Phase Lineitem Filtering** (lines 362-382)
**Issue:** Original code built the hash table `lineitem_by_orderkey` with parallel local maps, but this still requires hash table construction during scan — inefficient memory layout.

**Fix:** Changed to explicit two-phase approach:
- **Phase 1:** Parallel scan to collect only filtered lineitem indices (those with valid parts)
- **Phase 2:** Single-threaded sequential build of hash table from these pre-filtered indices
- Added `reserve()` call to pre-allocate hash table capacity

**Expected impact:** Better cache locality and vectorization potential (10-20 ms saved)

#### 3. **Hash Table Pre-Sizing** (lines 392, 408)
**Issue:** `supplier_map` and `customer_map` were built without pre-allocation, causing repeated rehashing as entries accumulated.

**Fix:** Added explicit `reserve()` calls:
- `supplier_map.reserve(s_rows)` — 100K suppliers
- `customer_map.reserve(c_rows)` — 1.5M customers
- This pre-allocates buckets, eliminating rehash overhead

**Expected impact:** 5-10 ms saved on hash table construction

### Expected Improvements
- **Part filtering:** ~7-15 ms (20-40% improvement)
- **Lineitem filtering:** ~10-20 ms (2-5% improvement)
- **Hash table construction:** ~5-10 ms (4-8% improvement)
- **Total expected improvement:** ~30-45 ms (~1.5-2.3% overall, bringing us closer to 1900 ms baseline)

### Compilation Status
✅ **Successfully compiled** with `-O3 -march=native` flags
- No errors
- Minor warnings about snprintf buffer (not functional issues)
- Ready for execution and validation

The optimizations focus on **plan-level efficiency** (two-phase lineitem filtering) and **data structure efficiency** (thread-local aggregation, hash table pre-sizing) rather than micro-optimizations, following the knowledge base guidance that plan-level issues yield 10-100x impact while micro-optimizations yield only 2-3x.