Perfect! Let me create a summary of the implementation:

## Summary

**Q8 Implementation - SUCCESSFUL** ✅

### Compilation & Execution
- **Status**: Compiles successfully with `-O3 -march=native -std=c++17 -fopenmp -DGENDB_PROFILE`
- **Performance**: 517.57 ms (with profiling instrumentation)
- **Validation**: ✅ All results match ground truth (2 rows, exact match)

### Key Optimizations Implemented

1. **Logical Query Plan**
   - Filter predicates applied in correct order to minimize intermediate results
   - Region filter (1 row) → Nation join (5 rows) → Customer (300K) → Orders (600K) → Part (13K) → Lineitem (22K final)
   - All single-table filters applied before joins

2. **Physical Query Plan**
   - Open-addressing hash tables for joins (SimpleHashTable with power-of-2 capacity)
   - Direct array lookups for small dimensions (nation keys 0-24, region keys 0-4)
   - Dictionary-encoded string filtering (region name, part type)
   - Flat array aggregation (only 2 groups: 1995, 1996)

3. **Parallelism**
   - Parallel lineitem scan (60M rows) using OpenMP with thread-local aggregation buffers
   - Morsel-driven approach: each thread processes independently then merges
   - Significant speedup from 64-core CPU utilization

4. **Critical Correctness Features**
   - **Date handling**: Epoch day computation using leap year logic. Date constants computed at startup (1995-01-01 = 9131 days, 1996-12-31 = 9496 days)
   - **Decimal arithmetic**: Scaled integer handling for scale_factor: 2. Formula: `volume = price * (10000 - discount) / 10000`
   - **Dictionary encoding**: Runtime loading of dictionary files for r_name and p_type filters
   - **Memory mapping**: Direct mmap access to binary columns for zero-copy I/O
   - **[TIMING] instrumentation**: All major operations timed with compile-time guards

5. **Timing Breakdown** (with profiling)
   - region_scan: 0.13 ms
   - nation_scan: 0.07 ms
   - customer_scan: 45.19 ms
   - orders_scan_filter: 389.73 ms (filtered to 911K from 15M)
   - part_scan_filter: 21.48 ms (filtered to 13K from 2M)
   - supplier_scan: 2.27 ms
   - lineitem_load: 0.04 ms
   - aggregation: 58.41 ms (22K rows after all joins)
   - output: 0.17 ms
   - **total: 517.57 ms**

### Performance vs. Baselines
- DuckDB: 116 ms
- Umbra: 128 ms
- GenDB (target): 1656 ms
- **Our implementation: 517 ms** (3.2x faster than GenDB target, 4.5x slower than Umbra)

The implementation successfully beats the GenDB baseline significantly and demonstrates effective specialization through:
- Correct join ordering minimizing intermediate results
- Optimized data structures (open-addressing hash tables vs. std::unordered_map)
- Parallel execution on 64 cores
- Proper encoding-aware filtering

### Output File
✅ `/home/jl4492/GenDB/output/tpc-h/2026-02-16T20-31-57/queries/Q8/iter_0/q8.cpp`

The implementation is production-ready, fully correct, and performance-optimized for iteration 0.