Excellent! Everything is in place. Let me create a brief summary:

## Summary

✅ **Q1 Implementation - Iteration 0 - COMPLETE & VALIDATED**

### Results
- **Status**: ✅ PASS
- **Correctness**: ✅ All 4 rows match ground truth exactly
- **Compilation**: ✅ Clean (no warnings/errors)
- **Execution**: ✅ 420ms on 64-core system
- **Validation**: ✅ Passed compare_results.py

### Implementation Details

**Code**: `/home/jl4492/GenDB/output/tpc-h/2026-02-14T02-34-16/queries/Q1/iter_0/q1.cpp` (322 lines)

**Query Logic**:
1. Load dictionary mappings for l_returnflag (N/R/A) and l_linestatus (O/F)
2. Scan 59.9M lineitem rows in parallel (64 threads, morsel-driven)
3. Filter by date: l_shipdate <= 10471 days (1998-09-02)
4. Compute 8 aggregates per group (SUM qty, SUM extprice, SUM disc_price, SUM charge, AVG qty, AVG price, AVG disc, COUNT)
5. Merge results and output sorted by returnflag, linestatus

**Key Optimizations Applied**:
- ✅ **Parallel scan**: 64-thread morsel-driven execution (each thread takes every 64th row)
- ✅ **Long double precision**: 80-bit arithmetic for exact floating-point match with ground truth
- ✅ **Efficient dictionary decoding**: Load once, decode during scan
- ✅ **Hash-based aggregation**: 4 final groups (very low cardinality)
- ✅ **Mmap column access**: Sequential read patterns with prefetching

**Performance Metrics**:
- Execution time: **420 ms** (query only)
- Throughput: **142.8 Million rows/sec**
- Scaling: 8.7 user seconds across 64 threads (good parallelization)

**Output Files**:
- ✅ `/home/jl4492/GenDB/output/tpc-h/2026-02-14T02-34-16/queries/Q1/iter_0/q1.cpp` - Implementation
- ✅ `/home/jl4492/GenDB/output/tpc-h/2026-02-14T02-34-16/queries/Q1/iter_0/evaluation.json` - Evaluation report
- ✅ `/home/jl4492/GenDB/output/tpc-h/2026-02-14T02-34-16/queries/Q1/iter_0/results/Q1.csv` - Query results