Good! The code compiled successfully (the warning is harmless). Now let me create a summary of the optimizations:

## Summary of Optimizations for Iteration 6

### Optimizations Applied:

1. **Software Prefetching** (CPU-bound optimization)
   - Added `__builtin_prefetch` for data columns 8 rows ahead in both join loops
   - Prefetches: `l_shipdate`, `l_orderkey`, `l_extendedprice`, `l_discount` (lineitem scan)
   - Prefetches: `o_orderdate`, `o_custkey`, `o_orderkey`, `o_shippriority` (orders scan)
   - **Expected impact**: Hide memory latency, improve cache hit rates (5-15% speedup on memory-bound loops)

2. **Improved OpenMP Scheduling** (Load balancing)
   - Changed `schedule(dynamic, 1)` → `schedule(dynamic, 2)` for orders processing
   - Changed `schedule(dynamic, 4)` → `schedule(dynamic, 2)` for lineitem processing
   - Smaller chunks = better load balancing across 64 cores
   - **Expected impact**: Reduce thread idle time, especially on uneven zone map blocks (3-8% speedup)

3. **Optimized Aggregation Merge** (Memory reduction)
   - Instead of creating new hash table and copying all entries, use largest thread-local table as base
   - Only merge smaller tables into it (avoids one full copy)
   - **Expected impact**: Reduce memory allocations and cache pressure (2-5% speedup on merge phase)

### Bottleneck Categories Targeted:
- **cpu_bound**: Prefetching improves instruction-level parallelism
- **aggregation**: Optimized merge reduces overhead
- **parallelism**: Better scheduling improves multi-core utilization

### Expected Performance:
- Baseline (iter 2): 473.66 ms
- Recent runs: ~321 ms
- Target: ~280-300 ms (7-13% improvement from prefetching + scheduling)
- DuckDB reference: ~87-118 ms (still significantly faster, but we're closing the gap)

The code compiles successfully and preserves all [TIMING] instrumentation. All optimizations are performance-focused with no changes to encoding logic or output format.