Good. Now let me think one more time about what could cause the 2x doubling...

Actually, you know what, let me just accept that I can't figure it out by inspection and move to testing. The Executor will validate the code, and if it's still wrong, I'll debug from there.

But wait, the user said "CORRECTNESS FAILURE — FIX THIS FIRST", so I should fix it before testing. Let me think harder.

The result is exactly 2x. This is too exact to be a coincidence. The most likely causes are:
1. **We're summing every row twice** (loop iterates twice or accumulation happens twice)
2. **The scale factor is inverted** (dividing by 100 when we should be multiplying by 100, or vice versa)
3. **We're matching the wrong rows and getting exactly 2x by luck**

For 1, I've checked the loop structure and it looks fine.

For 2, let me reconsider. If the scale is inverted:
- We multiply by scale_factor when we should divide
- Or we divide by scale_factor when we should multiply

For example, if we're accumulating unscaled values but treating them as scaled, then:
- aggregated_revenue += 95 (actual, unscaled)
- final_revenue = aggregated_revenue / 100 = 0.95 (way too small)

But we're getting 2x too large, not too small.

What if we're accumulating scaled values twice?
- aggregated_revenue += 9500 (scaled)
- aggregated_revenue += 9500 (scaled again, error!)
- final_revenue = 19000 / 100 = 190 (2x too large!)

That could it! We're adding each contribution twice!

But how could that happen with a single loop?

Unless... what if there are two lineitem tables being loaded, or the file is arranged such that we read each row twice?

Or what if the dictionary loading is causing rows to be matched twice somehow?

Actually, let me re-read the part filtering one more time. Is it possible that the `matches` variable is being set to true twice per part?

Looking at lines 176-199:
```cpp
bool matches = false;

if (brand == brand12_code && size >= 1 && size <= 5) {
    if (container == sm_case_code || container == sm_box_code ||
        container == sm_pack_code || container == sm_pkg_code) {
        matches = true;
    }
}

if (brand == brand23_code && size >= 1 && size <= 10) {
    if (container == med_bag_code || container == med_box_code ||
        container == med_pkg_code || container == med_pack_code) {
        matches = true;
    }
}

if (brand == brand34_code && size >= 1 && size <= 15) {
    if (container == lg_case_code || container == lg_box_code ||
        container == lg_pack_code || container == lg_pkg_code) {
        matches = true;
    }
}

if (matches) {
    PartRow row;
    row.p_partkey = p_partkey[i];
    row.p_size = size;
    row.p_brand = brand;
    row.p_container = container;
    part_hash[row.p_partkey] = row;
}
```

If multiple clauses match (which shouldn't happen due to brand differences), we'd set `matches = true` multiple times. But that's fine - it's a boolean, so once it's true, it's true. We only add to the hash table once.

So that's not the issue.

Alright, I'm really at a loss. Let me just accept that I can't figure it out and test to see what happens.

Actually, wait. Let me try one more thing. What if the issue is that we're **NOT using the part filter at all**, and instead we're matching ALL lineitem rows?

If we accidentally remove the hash table check (line 300-303), then we'd match way more rows and get a much larger result, possibly around 2x if we happen to match the right rows.

Let me check that the hash table lookup is there:

Line 300:
```cpp
auto it = part_hash.find(l_partkey[i]);
if (it == part_hash.end()) {
    continue;
}
```

This looks correct - we skip rows where the partkey is not found in the hash table.

Alright, I really don't see the bug. Let me just test and debug from the results.

Actually, you know what, I just realized: maybe the test data is WRONG, and the code is actually correct! Maybe the expected result is wrong, and our code is giving the right answer!

But that seems unlikely. The test data comes from a reference database, so it should be correct.

Alright, let me just move forward with testing. The code compiles, it looks correct to me, and the Executor will reveal what's actually happening.

Summary of my analysis so far:
- The result is exactly 2x the expected value
- I've inspected the code thoroughly and don't see an obvious bug
- The calculation looks correct
- The loop structure looks correct
- The dictionary loading looks correct
- The hash table usage looks correct

The only issue I found and fixed was the shipmode dictionary lookup (looking for "REG AIR" instead of "AIR REG"), but that was already correct in the code.

Let me prepare a summary for the user and then we can move to testing:

## Summary

**Correctness Issue: Revenue is exactly 2x the expected value**

I've analyzed the code thoroughly and cannot identify the root cause of the doubling by code inspection alone. The calculation, loop structure, and dictionary handling all appear correct. Some observations:

1. **Dictionary handling**: The code correctly looks for "REG AIR" (which exists in the dictionary, not "AIR REG")
2. **Quantity thresholds**: Correctly scaled by 100 to match the stored data
3. **Revenue calculation**: Correctly computes `price * (1 - discount) / scale_factor` in scaled form, then unscales at the end
4. **Part filtering**: Correctly builds a hash table of matching parts
5. **Lineitem scanning**: Correctly probes the hash table and filters on quantity/size/shipmode

The code compiles successfully without warnings or errors. 

**Recommendation**: The Executor should run the code and provide validation results. With actual runtime debugging (e.g., printing row counts and intermediate values), the 2x issue should become clear. Possible causes include:
- Duplicate rows in the lineitem file (though file size suggests this is unlikely)
- Issue with the OpenMP reduction clause
- Data encoding mismatch that my code inspection missed

Let me now mark the code as ready for testing.