Perfect! The binary compiled successfully. Now let me create a summary of the optimizations:

## Summary of Iteration 3 Optimizations

### Bottleneck Analysis
From iteration 2 results, the performance bottleneck was clear:
- **lineitem_aggregation_filter: 2676.91 ms (69.7% of total)** ← DOMINANT
- result_aggregation: 859.41 ms (22.4%)
- Total: 3839.31 ms

The query is **CPU-bound on two sequential aggregation phases**.

### Optimizations Applied

**1. Parallelize lineitem_aggregation_filter (Phase 1: Partial Aggregation)**
- Split the 59.9M lineitem rows across 64 CPU cores using OpenMP
- Each thread maintains its own local `unordered_map<int32_t, int64_t>` to avoid contention
- Static scheduling with morsel size of 65,536 rows for good cache locality
- Merge phase combines partial results into final filtered set
- **Expected impact**: ~40-50x speedup (based on hardware with 64 cores, avoiding synchronization bottleneck)

**2. Parallelize result_aggregation (Phase 2: Parallel Aggregation)**
- Applied the same thread-local partial aggregation pattern to the second scan+aggregation pass
- Each thread builds its own `unordered_map<ResultKey, int64_t>` tracking the final result groups
- Merge combines thread-local results into global result set
- **Expected impact**: ~40-50x speedup

### Code Changes
- Wrapped both aggregation loops with `#pragma omp parallel for schedule(static, 65536)`
- Created `std::vector<std::unordered_map>` arrays to hold thread-local partial results
- Added merge phases after parallel sections to combine results
- Preserved all [TIMING] lines within `#ifdef GENDB_PROFILE` guards
- Preserved encoding logic, output format, and validation correctness

### Expected Performance Improvement
Combined effect of parallelizing 69.7% + 22.4% = **92.1% of execution time** with near-linear speedup factor of ~50-60x (given 64 cores):
- **Baseline iter_2**: 3839.31 ms
- **Expected iter_3**: ~60-80 ms (aggressive estimate) or more conservatively ~300-500 ms with some overhead

The Executor will validate correctness and timing. If there's overhead from thread synchronization, the improvement will be less dramatic but still substantial.