Perfect! Now let me print a brief summary for the user:

---

## Q3 Iteration 3 Analysis Complete

**Execution Status:** ✅ PASS (10 rows, 731.7ms)

**Performance vs Targets:**
- Current: 731.7ms
- Iter 1 baseline: 661.9ms (10.5% **regression**)
- DuckDB target: 78ms (**9.4x gap**)
- PostgreSQL: 5,468ms (7.5x faster than Postgres)

**Bottleneck Analysis:**

| Operation | Time (ms) | % of Total | Status |
|-----------|-----------|------------|--------|
| **scan_filter_orders** | **506.6** | **69.2%** | 🔴 **CRITICAL** (43% worse than iter 1) |
| join_aggregation | 124.0 | 17.0% | 🟡 Improved from iter 1 |
| merge | 66.2 | 9.0% | ⚪ Acceptable |
| scan_filter_customer | 30.6 | 4.2% | ✅ Good |
| sort | 3.8 | 0.5% | ✅ Excellent |

**Root Cause:** Orders scan is severely I/O-bound on HDD (~540ms theoretical I/O time inflated to 506ms actual by seeks, page faults, thread contention) combined with inefficient CPU operations (std::unordered_set lookups are 2-5x slower than modern alternatives).

**Top 3 High-Impact Optimizations:**

1. **Replace building_custkeys hash with bit-vector** (Priority 7, `filter` category)
   - Bit-vector lookup: ~1-2ns vs hash: ~15-30ns
   - Expected savings: **-65 to -135ms**
   - Risk: LOW

2. **Sequential block processing with atomic work queue** (Priority 2, `io_bound` category)
   - Reduces HDD seeks from random to sequential
   - Expected savings: **-155 to -225ms**
   - Risk: LOW

3. **Abseil flat_hash_set/map throughout** (Priority 1, `cpu_bound` category)
   - SIMD-accelerated Swiss Tables, 2-5x faster
   - Expected savings: **-94 to -159ms**
   - Risk: LOW

**Combined Estimated Improvement:** 731.7ms → **215-310ms** (2.4-3.4x speedup)
- This would close the DuckDB gap from 9.4x to **2.8-4.0x**

**Key Insight from History:** Iteration 2 regressed because MADV_WILLNEED prefetching caused disk thrashing on HDD. The zone map optimization WAS effective (join phase improved), but I/O strategy must be HDD-aware. Recommendations avoid aggressive prefetching and focus on sequential access patterns + CPU efficiency.

Evaluation written to: `/home/jl4492/GenDB/output/tpc-h/2026-02-14T19-50-33/queries/Q3/iter_3/evaluation.json`