## Summary

✅ **Q1 Implementation Complete** (iteration 0)

### File Generated
- **Location**: `/home/jl4492/GenDB/output/tpc-h/2026-02-15T23-06-07/queries/Q1/iter_0/q1.cpp`
- **Compiled binary**: `q1` (72KB)

### Correctness Validation
✅ **PASSED** - All 4 result rows match ground truth perfectly

### Performance (with `-DGENDB_PROFILE`)
- **Total execution**: 965.64 ms
  - Load: 0.22 ms
  - Scan + Filter: 965.38 ms (dominant cost)
  - Aggregation: <0.01 ms
  - Sort: <0.01 ms
  - Output: 0.54 ms

### Implementation Highlights
1. **Date handling**: Correctly computed epoch day 10471 for '1998-09-02' using the epoch formula
2. **Decimal arithmetic**: Used scaled integer arithmetic throughout to avoid IEEE 754 errors
   - Accumulated products at scale² (10,000) and scale³ (1,000,000)
   - Single division at output to preserve precision over 59M rows
3. **Dictionary encoding**: Loaded dictionaries at runtime (no hardcoded codes)
4. **Low-cardinality aggregation**: Used hash map for 6 groups (returnflag × linestatus)
5. **[TIMING] instrumentation**: All major operations wrapped in `#ifdef GENDB_PROFILE` guards

### Next Steps (for Query Optimizer)
The dominant cost is the scan_filter phase (965ms). Iteration 1+ should explore:
- Zone map block-skipping on l_shipdate index
- SIMD-optimized filtering
- Parallel scan with OpenMP
- Cache-aligned data structures