Perfect! Let me print the summary:

---

## **Q3 Iteration 1 Evaluation Summary**

### **Overall Status: FAIL** ❌

**Hardware**: 64-core CPU (32 physical cores), 44MB L3 cache, AVX-512, 376GB RAM, HDD storage

### **Phase A: Evaluation Results**

| Component | Status | Details |
|-----------|--------|---------|
| **Compilation** | ✅ PASS | Succeeded with -O3 -march=native |
| **Execution** | ✅ PASS | Completed in 1.43 seconds (1556ms wall clock) |
| **Validation** | ❌ FAIL | Output format incorrect for o_orderdate column |
| **Row Count** | ✅ Correct | Produced 10 rows as expected |
| **Profiling** | ❌ N/A | perf not enabled |

### **Phase B: Analysis**

#### **CRITICAL SEMANTIC BUG** 🔴
**Root Cause**: Line 447 of q3.cpp outputs `r.o_orderdate.value` (raw integer) instead of formatted date string.
- **Expected**: `1995-03-02` (YYYY-MM-DD format)
- **Actual**: `9195` (days since epoch)
- **Impact**: Blocks validation; prevents correctness assessment

#### **Performance Gap** (once fixed)
- **Current**: 1430 ms
- **Target (GenDB)**: 386 ms  
- **Gap**: 3.7x slower

### **Recommendations**

#### **Critical Fixes** (MUST FIX):
1. **Output Formatting** (Risk: LOW)
   - Convert `Date.value` (YYYYMMDD as int) to formatted string "YYYY-MM-DD"
   - Extract: `year = value/10000`, `month = (value%10000)/100`, `day = value%100`
   - This is a one-line conceptual fix

#### **Performance Optimizations** (Priority Order):
1. **SIMD Vectorization** (Priority 1, Risk: HIGH, Expected: 4-8x on loop)
   - Vectorize l_shipdate filter (line 373)
   - Vectorize revenue calculation (line 384)
   - Current loop (lines 371-386) processes ~30M rows sequentially despite AVX-512 support

2. **Thread Synchronization** (Priority 2, Risk: MEDIUM, Expected: 40-50% reduction)
   - Reduce aggregation phase contention
   - Increase morsel size to 500K-1M
   - Use thread affinity for NUMA locality

3. **Zone Map Skipping** (Priority 3, Risk: LOW, Expected: 20-30%)
   - Leverage existing zone maps more aggressively
   - Skip blocks where min_shipdate ≤ boundary

4. **Predicate Pushdown** (Priority 4, Risk: MEDIUM, Expected: 15-25%)
   - Push filters earlier in join pipeline
   - Reduce hash table probe overhead

5. **Two-Phase Aggregation** (Priority 5, Risk: LOW, Expected: 10-15%)
   - Pre-aggregate by l_orderkey first
   - Improve hash table locality

**Evaluation JSON written to**: `/home/jl4492/GenDB/output/tpc-h/2026-02-13T23-45-34/queries/Q3/iter_1/evaluation.json`