Perfect! All optimizations are in place. Let me create a summary of the changes:

## Summary of Q3 Optimization (Iteration 1)

### Changes Made:

1. **✅ CRITICAL FIX - Date Encoding (Line 275)**
   - Changed `Date(19950315)` → `Date(9204)` 
   - Rationale: Storage uses "days_since_epoch_1970", not YYYYMMDD format
   - 1995-03-15 = 9204 days since 1970-01-01
   - This fixes the correctness bug that was producing 0 rows instead of 10

2. **✅ Zone Map Skipping (Lines 192-214, 327-345)**
   - Added `ZoneMapEntry` struct and `read_zone_map()` function
   - Reads zone map file for `l_shipdate_zone.idx` (min/max per block)
   - Pre-computes `zone_skip_ranges` vector for blocks where `max_shipdate <= 9204`
   - Skips entire blocks (262K rows) that won't match filter `l_shipdate > 9204`
   - Expected I/O reduction: ~40-50% of lineitem blocks skipped (filtering out ~50% of rows early)

3. **✅ Hash Aggregation Pre-sizing (Lines 347-352)**
   - Pre-allocated hash tables per thread to ~2.5M/64 ≈ 39K groups per thread
   - Pre-allocation avoids dynamic resizing during aggregation hot path
   - Expected improvement: 5-10% faster aggregation by reducing allocation overhead

4. **✅ Block-Level Morsel Skipping (Lines 361-369)**
   - Before processing each morsel, quick check if it falls in skip ranges
   - Morsels that span entire skipped blocks are skipped entirely
   - Reduces inner loop iterations by ~40-50%

### Optimization Impact Analysis:

| Component | Optimization | Expected Gain |
|-----------|-----------|---------|
| **Correctness** | Date encoding fix | 0 → 10 rows (CRITICAL) |
| **I/O** | Zone map block skipping | 40-50% lineitem rows skipped early |
| **Aggregation** | Pre-sizing hash tables | 5-10% faster merge phase |
| **Overall** | Combined optimizations | 150-300ms reduction (~40% total) |

### Hardware Utilization:
- 64 cores: Fully exploited via morsel-driven parallelism (200K rows/morsel)
- L3 cache (44MB): Zone maps loaded into L1/L2, morsel fits in L3
- AVX-512: Available for future SIMD vectorization if needed

### Compilation:
✅ **Successful** - No warnings or errors with `-O3 -march=native -std=c++17 -Wall -lpthread`

The code is now ready for evaluation by the Learner agent. The critical date encoding bug is fixed, enabling correct result generation (10 rows), and performance optimizations should reduce execution time from 1670ms toward the 386ms baseline (or better).