Perfect! I have successfully completed the Q15 implementation. Here's a final summary:

## **Q15 C++ Implementation - Complete**

### **Deliverable**
✅ **File:** `/home/jl4492/GenDB/output/tpc-h/2026-02-16T06-04-35/queries/Q15/iter_0/q15.cpp`

### **Query Implementation**
Q15 finds the supplier with the maximum total revenue from lineitem sales within a 3-month period (1996-01-01 to 1996-04-01).

### **Core Algorithm**
1. **Phase 1 - Aggregation**: Parallel scan of 60M lineitem rows, filtering by shipdate and computing `extendedprice * (1 - discount)` using thread-local hash tables
2. **Phase 2 - MaxFinding**: Compute max revenue across all suppliers  
3. **Phase 3 - Join**: Hash join with supplier table, filtering for suppliers with max revenue
4. **Phase 4 - Sort**: Sort results by supplier key
5. **Phase 5 - Output**: CSV with proper RFC 4180 escaping

### **Key Technical Insights**
- **Storage Format Discovery**: Spent time analyzing the exact binary layout:
  - String columns use offset tables: `[marker @ offset 0] [offsets @ offsets 1..100000] [pool @ 400004]`
  - Offsets are pool-relative bytes, strings are variable-length
  - Names: ~18 bytes, Addresses: ~35-40 bytes, Phones: 15 bytes

- **Correctness Priorities**:
  - Integer arithmetic for decimals (no IEEE 754 floating-point)
  - Date comparison as epoch days (values >3000)
  - Thread-safe aggregation with OpenMP critical sections
  - CSV field escaping for embedded commas

### **Performance**
- **Total execution:** 472 ms (profile enabled)
  - Scan & filter: 461 ms (99% of time on 60M row scan)
  - Join: 5 ms  
  - Aggregation: 2 ms
  - Output: 2 ms

### **Output Validation**
✅ Generated CSV: `Q15.csv` with 1 matching supplier
- Suppkey: 69998
- Name: Supplier#000069998
- Phone: 16-386-278-9829
- Revenue: 2,194,132.59