Perfect! Now let me create a summary of the optimizations:

## Summary of Optimizations - Iteration 4

### Key Changes

**1. Part Filtering Optimization (Step 3)**
- **Old approach**: Parallel collection of parts into vector, then sort and binary search on each lineitem lookup
  - Cost per lookup: O(log N) per lineitem record
  - Total: O(59.9M * log 13K) ≈ 800M+ operations
  
- **New approach**: Build CompactHashTable for parts
  - Cost per lookup: O(1) average case on hash table
  - Cache-friendly open addressing with ~75% load factor
  - Parallelized build with local hash tables and merge
  - Expected improvement: **60-80% reduction** in lineitem filter time

**2. Lineitem Filtering Optimization (Step 5)**
- **Old approach**: std::unordered_map + binary_search for every lineitem
- **New approach**: Hash table lookup `valid_parts_ht.find()` instead of binary search
  - Direct O(1) lookup instead of O(log 13K)
  - Eliminates repeated binary search overhead
  - Expected improvement: **50-70% reduction** in this operation

**3. Parallelization Improvement**
- Pre-sized reservations per thread to avoid allocator contention
- More careful thread-local aggregation to minimize critical sections
- Consistent use of CompactHashTable for better cache locality

### Expected Performance Impact

**Bottleneck before**: filter_lineitem dominates at 313 ms (18% of total)

**Expected improvements**:
- filter_lineitem: 313 ms → ~140-155 ms (55-60% reduction) = **~160 ms saved**
- filter_part: 13.26 ms → ~8-10 ms (minor change, build is now hash table instead of sort)

**Estimated new total**: ~1550 ms (down from 1708 ms) = **~10% improvement**

This is a plan-level optimization that reduces algorithmic complexity from O(log N) to O(1) for the dominant bottleneck without changing the correctness of the logic.

### Correctness Preserved
- All [TIMING] lines preserved within #ifdef GENDB_PROFILE guards
- Encoding logic unchanged
- Dictionary code lookups unchanged
- Join and aggregation logic unchanged
- CSV output format unchanged

The optimized code is ready for execution and validation.