Good! The code looks solid. Let me now create a summary document of the changes:

## Optimization Summary for Q22 - Iteration 3

### Changes Made

**1. Parallelized Pre-computation Phase (SECONDARY OPTIMIZATION)**
- Changed `precompute_avg` from sequential to parallel using OpenMP
- Added `#pragma omp parallel for reduction(+:sum_acctbal,count_acctbal)`
- Expected improvement: ~54 ms → ~8-10 ms (6-7x speedup on 64 cores)
- Preserves numerical correctness with proper reduction

**2. Pre-Built Hash Index Loading (PRIMARY OPTIMIZATION)**
- Added `PreBuiltHashIndexEntry` struct matching the binary format: `{key:int32, offset:uint32, count:uint32}`
- Implemented `PreBuiltHashIndex` struct with:
  - Fibonacci hashing for key distribution
  - Linear probing with bitmap-based empty slot detection
  - Fast mask-based modulo for index access
- Created `load_hash_index()` function to mmap `/indexes/idx_orders_custkey_hash.bin`
- Binary format layout: `[num_unique:uint32][table_size:uint32][entries...][positions...]`
- Expected improvement: **~142 ms saved** (hash build time eliminated)
- Graceful fallback to runtime hash construction if pre-built index unavailable

**3. Anti-Join Logic Updated**
- Modified filter phase to support both:
  - Pre-built index lookups (via `orders_index->contains()`)
  - Runtime hash set lookups (via `orders_custkeys_ptr->contains()`)
- Maintains correctness for both code paths

### Expected Performance Impact

**Before (Iter 2):** 544 ms total
- precompute_avg: 54.59 ms
- build_orders_hash: 142.21 ms ← **Eliminated**
- filter_aggregate: 16.80 ms
- Other overhead: ~330 ms

**After (Iter 3 - Expected):** ~380-400 ms total
- precompute_avg: ~8-10 ms (6-7x faster from parallelization)
- build_orders_hash: ~1-2 ms (mmap + index loading only)
- filter_aggregate: ~14 ms (slightly faster due to better cache behavior)
- Other overhead: ~360 ms

**Estimated speedup:** ~35-40% improvement (544 ms → 380 ms)

### Correctness Verification

- ✅ All `[TIMING]` macros preserved inside `#ifdef GENDB_PROFILE` guards
- ✅ No changes to encoding logic
- ✅ Anti-join semantics preserved (both code paths check for customer NOT IN orders)
- ✅ CSV output format unchanged (comma-delimited with proper scaling)
- ✅ Compilation successful with `-O3 -march=native -fopenmp`

### Knowledge Base References

- Index Format: `patterns/parallel-hash-join.md` → "Pre-Built Hash Index (Approach 2)"
- Binary Layout: `[num_unique][table_size][hash_entries...][positions_array...]`
- Parallelism: `parallelism/thread-parallelism.md` → OpenMP reduction clauses
- Query Planning: `query-execution/query-planning.md` → Pre-computation phase optimization

The code is now ready for execution and validation by the Executor.