Perfect! The fix has been applied correctly. Let me create a summary of what was changed:

## Summary of Correctness Fix (Iteration 7)

### **Root Cause**
The code was missing a critical join predicate: **`c_nationkey = s_nationkey`** (customer nation must match supplier nation). This check was commented out as a TODO, causing the query to produce incorrect results (~25x too high).

### **What Was Fixed**
Modified the lineitem scan phase (lines 249-255) to:
1. Extract the customer key (`ck`) from the filtered orders
2. Look up the customer's nation key (`nk_cust`) from `customer_c_nationkey[ck]`
3. **Verify it matches the supplier's nation key** (`nk_supp`)
4. Only include the lineitem in aggregation if nations match

### **Changes Made**
- **Line 250**: Added `int32_t ck = order_it->second;` to get customer key
- **Line 254**: Added `int32_t nk_cust = customer_c_nationkey[ck];` to look up customer nation
- **Line 255**: Added critical filter `if (nk_cust != nk_supp) continue;`

### **Expected Impact**
- ✅ **Correctness**: Results should now match expected output (revenue values around 536M instead of 13B)
- ⚠️ **Performance**: The added customer nation lookup will slightly increase execution time, but this is necessary for correctness

### **Compilation Status**
✅ **Successfully compiled** without errors using the specified g++ command.

The fix addresses the semantic error in the SQL query join logic. The Executor will validate that results now match the expected Q5.csv output.