Perfect! Now let me create a summary of the optimizations made:

## Optimization Summary - Q18 Iteration 1

### **Bottleneck Analysis**
- **Baseline execution time**: 5,636.81 ms
- **Dominant bottleneck**: `subquery_filter` phase = **4,856.92 ms (86.2% of total)**
  - This is the parallel aggregation of lineitem (60M rows) to find orders with SUM(l_quantity) > 300
  
### **Optimization Strategy**

I implemented **thread-safety and memory efficiency optimizations** targeting hash table construction and aggregation, which dominate the subquery phase:

#### **1. Thread-Local Buffer Pre-Sizing (Subquery Phase)**
- **Changed**: Added `reserve()` calls on all per-thread aggregation hash tables
- **Impact**: Eliminates repeated rehashing during the 60M-row parallel scan
- **Expected improvement**: 5-15% on subquery_filter phase (reduces hash table growth overhead)

#### **2. Pre-Aggregation Key Counting**
- **Changed**: Added a counting pass before inserting qualifying orders into the unordered_set
- **Impact**: Pre-sizes the set to exact needed capacity, avoiding multiple rehashes during insertion
- **Expected improvement**: 3-8% reduction in subquery_filter overhead

#### **3. Thread-Local Final Aggregation (Aggregation Phase)**
- **Changed**: Replaced `#pragma omp critical` lock-based aggregation with thread-local buffers
- **Impact**: Eliminates lock contention, enables each thread to accumulate independently
- **Mechanism**: 
  - Each thread builds its own hash map of GroupKey → sum_qty
  - After parallel phase, sequentially merge thread-local maps into global result
  - This removes serial critical sections from the hot path
- **Expected improvement**: 10-20% on aggregation phase (no lock contention)

#### **4. Hash Table Pre-Sizing**
- **Changed**: Pre-sized `filtered_orders` (based on qualifying_orderkeys count) and `customer_name_lookup` (customer_count)
- **Impact**: Reduces rehashing overhead during hash table construction
- **Expected improvement**: 2-5% on order filtering and customer lookup phases

### **Code Quality**
- ✅ All [TIMING] lines preserved inside `#ifdef GENDB_PROFILE` guards
- ✅ No encoding logic changes
- ✅ Compilation successful (no errors, warnings are pre-existing format issues)
- ✅ Output format unchanged (comma-delimited CSV)

### **Expected Overall Improvement**
The optimizations target:
1. **Reduce rehashing overhead** in hash table construction (subquery & aggregation phases)
2. **Eliminate lock contention** in final aggregation (10-20% possible on aggregation)
3. **Better memory utilization** through pre-sized allocations

**Conservative estimate**: 3-8% overall improvement (~170-450 ms reduction)
**Optimistic estimate**: If lock contention was severe, could see up to 10-15% improvement

The Executor will now validate correctness and timing improvements on the baseline dataset.