Building indexes for TPC-H...

Lineitem indexes:
Zone map /home/jl4492/GenDB/benchmarks/tpc-h/gendb/tpch_sf10.gendb/indexes/lineitem_shipdate_zonemap.bin: 600 blocks
Hash index (multi) /home/jl4492/GenDB/benchmarks/tpc-h/gendb/tpch_sf10.gendb/indexes/lineitem_orderkey_hash.bin: 15000000 unique keys, 59986052 positions
Hash index (multi) /home/jl4492/GenDB/benchmarks/tpc-h/gendb/tpch_sf10.gendb/indexes/lineitem_suppkey_hash.bin: 100000 unique keys, 59986052 positions

Orders indexes:
Zone map /home/jl4492/GenDB/benchmarks/tpc-h/gendb/tpch_sf10.gendb/indexes/orders_orderdate_zonemap.bin: 150 blocks
Hash index (single) /home/jl4492/GenDB/benchmarks/tpc-h/gendb/tpch_sf10.gendb/indexes/orders_orderkey_hash.bin: 15000000 entries
Hash index (multi) /home/jl4492/GenDB/benchmarks/tpc-h/gendb/tpch_sf10.gendb/indexes/orders_custkey_hash.bin: 999982 unique keys, 15000000 positions

Customer indexes:
Hash index (single) /home/jl4492/GenDB/benchmarks/tpc-h/gendb/tpch_sf10.gendb/indexes/customer_custkey_hash.bin: 1500000 entries

Part indexes:
Hash index (single) /home/jl4492/GenDB/benchmarks/tpc-h/gendb/tpch_sf10.gendb/indexes/part_partkey_hash.bin: 2000000 entries

Supplier indexes:
Hash index (single) /home/jl4492/GenDB/benchmarks/tpc-h/gendb/tpch_sf10.gendb/indexes/supplier_suppkey_hash.bin: 100000 entries

Partsupp indexes:
Hash index (multi) /home/jl4492/GenDB/benchmarks/tpc-h/gendb/tpch_sf10.gendb/indexes/partsupp_partkey_hash.bin: 2000000 unique keys, 8000000 positions
Hash index (multi) /home/jl4492/GenDB/benchmarks/tpc-h/gendb/tpch_sf10.gendb/indexes/partsupp_suppkey_hash.bin: 100000 unique keys, 8000000 positions

Nation indexes:
Hash index (single) /home/jl4492/GenDB/benchmarks/tpc-h/gendb/tpch_sf10.gendb/indexes/nation_nationkey_hash.bin: 25 entries

Region indexes:
Hash index (single) /home/jl4492/GenDB/benchmarks/tpc-h/gendb/tpch_sf10.gendb/indexes/region_regionkey_hash.bin: 5 entries

Index building complete!
