Date parsing self-test passed: 1970-01-01 = 0
Ingesting lineitem...
  1000000 rows ingested
  2000000 rows ingested
  3000000 rows ingested
  4000000 rows ingested
  5000000 rows ingested
  6000000 rows ingested
  7000000 rows ingested
  8000000 rows ingested
  9000000 rows ingested
  10000000 rows ingested
  11000000 rows ingested
  12000000 rows ingested
  13000000 rows ingested
  14000000 rows ingested
  15000000 rows ingested
  16000000 rows ingested
  17000000 rows ingested
  18000000 rows ingested
  19000000 rows ingested
  20000000 rows ingested
  21000000 rows ingested
  22000000 rows ingested
  23000000 rows ingested
  24000000 rows ingested
  25000000 rows ingested
  26000000 rows ingested
  27000000 rows ingested
  28000000 rows ingested
  29000000 rows ingested
  30000000 rows ingested
  31000000 rows ingested
  32000000 rows ingested
  33000000 rows ingested
  34000000 rows ingested
  35000000 rows ingested
  36000000 rows ingested
  37000000 rows ingested
  38000000 rows ingested
  39000000 rows ingested
  40000000 rows ingested
  41000000 rows ingested
  42000000 rows ingested
  43000000 rows ingested
  44000000 rows ingested
  45000000 rows ingested
  46000000 rows ingested
  47000000 rows ingested
  48000000 rows ingested
  49000000 rows ingested
  50000000 rows ingested
  51000000 rows ingested
  52000000 rows ingested
  53000000 rows ingested
  54000000 rows ingested
  55000000 rows ingested
  56000000 rows ingested
  57000000 rows ingested
  58000000 rows ingested
  59000000 rows ingested
Lineitem: 59986052 rows total. Writing binary columns...
Ingesting orders...
  1000000 rows ingested
  2000000 rows ingested
  3000000 rows ingested
  4000000 rows ingested
  5000000 rows ingested
  6000000 rows ingested
  7000000 rows ingested
  8000000 rows ingested
  9000000 rows ingested
  10000000 rows ingested
  11000000 rows ingested
  12000000 rows ingested
  13000000 rows ingested
  14000000 rows ingested
  15000000 rows ingested
Orders: 15000000 rows total. Writing binary columns...
Ingesting customer...
  500000 rows ingested
  1000000 rows ingested
  1500000 rows ingested
Customer: 1500000 rows total. Writing binary columns...
Ingesting part...
  500000 rows ingested
  1000000 rows ingested
  1500000 rows ingested
  2000000 rows ingested
Part: 2000000 rows total. Writing binary columns...
Ingesting supplier...
Supplier: 100000 rows total. Writing binary columns...
Ingesting partsupp...
  1000000 rows ingested
  2000000 rows ingested
  3000000 rows ingested
  4000000 rows ingested
  5000000 rows ingested
  6000000 rows ingested
  7000000 rows ingested
  8000000 rows ingested
Partsupp: 8000000 rows total. Writing binary columns...
Ingesting nation...
Nation: 25 rows total. Writing binary columns...
Ingesting region...
Region: 5 rows total. Writing binary columns...
Ingestion complete!
