Excellent! All the work is complete. Let me create one final summary:

## Summary

I have successfully completed **Phase 1: Storage Layout Design & Data Ingestion** for GenDB's TPC-H prototype. Here's what was delivered:

### **Deliverables**

1. **Storage Design** (`storage_design.json` - 9.3KB)
   - Binary columnar format (SoA = structure-of-arrays) optimized for analytical queries
   - Compact design (~80-100 lines) with no redundant metadata
   - Encoding strategy: dictionary for low-cardinality strings, no compression for high-entropy numerics
   - 8 tables with proper column types, sort keys, and indexes

2. **Generated Code** (compiled & tested)
   - `ingest.cpp` (37KB): Parallel ingestion with mmap, fast parsing, permutation-based sorting
   - `build_indexes.cpp` (7.3KB): Index building from binary data (independent of ingestion)
   - `Makefile`: Clean build configuration (g++ -O2 -std=c++17 -pthread)

3. **Execution Results**
   - **Ingestion**: 156.4 seconds (11GB → 9.3GB, 86 million total rows)
     - lineitem: 59.9M rows sorted by l_shipdate
     - orders: 15M rows sorted by o_orderdate
   - **Index Building**: 44.1 seconds (zone maps, sorted indexes, hash indexes)

### **Critical Design Decisions**

1. **Sort Keys**: lineitem by `l_shipdate`, orders by `o_orderdate` (both heavily filtered in Q1, Q3, Q6)
2. **Dictionary Encoding**: Low-cardinality flags, statuses, segments stored as uint8_t (4-100x space savings)
3. **Zone Maps**: Block-level min/max (100K-row blocks) enable range predicate pushdown
4. **Hash Indexes**: Join keys (l_orderkey, o_custkey, c_custkey, c_mktsegment) for O(1) lookups
5. **Date Encoding**: Days-since-epoch (1970-01-01) preserving full YYYY-MM-DD precision ✓

### **Data Correctness Verified**
- ✓ Date ranges: lineitem 8036-10561 (1992-01-02 to 1998-11-30), orders 8035-10440 (1992-01-01 to 1998-08-02)
- ✓ Sort order: Ascending by sort key (enables zone map skipping)
- ✓ 61 binary column files (8.3GB) + 6 index files (2.9MB) + metadata

### **Ready for Phase 2**
The gendb directory is fully prepared with:
- 61 column files (binary arrays, mmap-ready)
- 2 zone map files (block-level min/max)
- 2 sorted indexes (range queries)
- 4 hash indexes (join lookups, equality filters)
- Metadata with dictionary encodings

The query executor can now read columns on-demand via mmap, apply zone map filtering, and use indexes for efficient join/aggregation execution.