## Summary

**TPC-H SF10 Workload Analysis Complete** ✓

I've analyzed the TPC-H prototype workload and written a detailed JSON analysis to `/home/jl4492/GenDB/output/tpc-h/2026-02-14T04-04-14/workload_analysis.json`.

### Key Findings:

**Hardware Context:**
- **64 CPU cores** (2 sockets × 16 cores, 2 threads per core) — massive parallelism opportunity
- **AVX2 + AVX512** SIMD support — enables vectorized filtering
- **376 GB RAM** — all intermediates fit in memory
- **HDD storage** — less critical for this analytical workload

**Workload Characteristics:**
1. **Lineitem table dominates** (60M rows) — appears in all 3 queries
2. **Q1 & Q6**: Embarrassingly parallel single-table scans with trivial aggregations (6 and 1 group)
3. **Q3**: Three-way join with cascading filters (customer → orders → lineitem)

**Critical Bottleneck & Optimization Strategy:**
- **Q3 bottleneck**: 60M lineitem scan with 5M aggregation groups
- **Early predicate pushdown**: Filter customer on `c_mktsegment=BUILDING` (20% selectivity) before joining to avoid scanning 1.5M unnecessary customers
- **Morsel-driven parallelism**: With 64 cores and 44MB L3 cache, divide lineitem into ~5000 morsels of 10-15K rows for cache-optimal partial aggregation
- **SIMD vectorization**: Q6's complex discount/quantity predicates benefit from AVX2 branch-free filtering

**Output includes:**
- Exact row counts from `.tbl` files (59M lineitem, 15M orders, 1.5M customer)
- Per-table access patterns, hot columns, column statistics (min/max/cardinality)
- Join topology and FK cardinality estimates
- Filter selectivity estimates from data sampling (Q1: 94%, Q3: 8-20%, Q6: 5% combined)
- Aggregation group counts (6 for Q1, 5M for Q3, 1 for Q6)
- Actionable optimization hints per query targeting execution time

The analysis is ready for downstream agents (Storage/Index Designer, Code Generator) to make hardware-aware parallelization and indexing decisions.