Building indexes for TPC-H SF10...

=== LINEITEM ===
Built zone map: /home/jl4492/GenDB/benchmarks/tpc-h/gendb/tpch_sf10.gendb/lineitem/l_shipdate.zone_map (600 zones)
Built sorted index: /home/jl4492/GenDB/benchmarks/tpc-h/gendb/tpch_sf10.gendb/lineitem/l_orderkey.sorted (59986052 keys)

=== ORDERS ===
Built zone map: /home/jl4492/GenDB/benchmarks/tpc-h/gendb/tpch_sf10.gendb/orders/o_orderdate.zone_map (150 zones)
Built hash index: /home/jl4492/GenDB/benchmarks/tpc-h/gendb/tpch_sf10.gendb/orders/o_orderkey.hash (15000000 keys)

=== CUSTOMER ===
Built hash index: /home/jl4492/GenDB/benchmarks/tpc-h/gendb/tpch_sf10.gendb/customer/c_custkey.hash (1500000 keys)

=== PART ===
Hash table at capacity, skipping resize
Built hash index: /home/jl4492/GenDB/benchmarks/tpc-h/gendb/tpch_sf10.gendb/part/p_partkey.hash (2000000 keys)

=== PARTSUPP ===
Built composite hash index: /home/jl4492/GenDB/benchmarks/tpc-h/gendb/tpch_sf10.gendb/partsupp/ps_composite.hash (8000000 keys)

=== SUPPLIER ===
Hash table at capacity, skipping resize
Built hash index: /home/jl4492/GenDB/benchmarks/tpc-h/gendb/tpch_sf10.gendb/supplier/s_suppkey.hash (100000 keys)

=== NATION ===
Hash table at capacity, skipping resize
Built hash index: /home/jl4492/GenDB/benchmarks/tpc-h/gendb/tpch_sf10.gendb/nation/n_nationkey.hash (25 keys)

=== REGION ===
Hash table at capacity, skipping resize
Built hash index: /home/jl4492/GenDB/benchmarks/tpc-h/gendb/tpch_sf10.gendb/region/r_regionkey.hash (5 keys)

Index building complete in 5 seconds
