Perfect! The code compiled successfully. Now let me create a summary of the optimization:

## Summary of Iteration 10 Optimization

**Bottleneck Identified:**
- **Aggregation phase: 58.82 ms (65% of total)**
- The code was using `std::unordered_map` which has poor cache locality due to chaining (pointer chasing)

**Optimization Applied:**

1. **Implemented `CompactHashTable<K,V>` with open-addressing**:
   - Uses a single contiguous array (vector) for all entries instead of hash buckets with linked lists
   - Fibonacci hashing for good key distribution
   - Linear probing with bitwise AND for O(1) average-case lookups
   - Power-of-2 sizing for efficient index computation

2. **Replaced all hash tables**:
   - Thread-local aggregation maps: `std::unordered_map` → `CompactHashTable<int32, int64>`
   - Final aggregation map: `std::unordered_map` → `CompactHashTable<int32, int64>`
   - Updated `insert()` to accumulate values directly (+=) for aggregation

3. **Benefits**:
   - Better cache locality (contiguous array vs. pointer chasing)
   - Reduced memory overhead (~8 bytes/entry vs ~80 bytes with chaining)
   - Expected 2-5x speedup on hash table operations
   - Linear probing has good SIMD potential

**Expected Impact:**
- Aggregation phase should improve from 58.82 ms to ~15-30 ms (based on 2-5x improvement)
- Total query time: from 91 ms → estimated **50-70 ms** (if aggregation improves 2x)
- This is more aggressive than previous iterations since we're using a fundamentally better data structure

**Code Preservation:**
- ✅ All `[TIMING]` lines preserved inside `#ifdef GENDB_PROFILE` guards
- ✅ Encoding logic unchanged
- ✅ CSV output format unchanged
- ✅ Validation logic unchanged (same filtering and result set)

The Executor will now run the binary and validate the results. If validation passes, this should show significant improvement over the previous best (82.56 ms).