Perfect! Let me create one final summary:

---

## ✅ Q6 Implementation Complete (Iteration 0)

### Summary

I have successfully generated a **correct, self-contained C++ implementation for Q6** that executes a single-table selective scan on lineitem with compound filters and scalar aggregation.

### Output File
📁 **Location**: `/home/jl4492/GenDB/output/tpc-h/2026-02-15T21-12-19/queries/Q6/iter_0/q6.cpp` (6.1 KB)

### Implementation Highlights

**Query**: Single-table aggregate with compound filtering
```sql
SELECT SUM(l_extendedprice * l_discount) AS revenue
FROM lineitem
WHERE l_shipdate >= 1994-01-01 AND l_shipdate < 1995-01-01
  AND l_discount BETWEEN 0.05 AND 0.07
  AND l_quantity < 24
```

**Key Technical Choices**:
1. **Parallel Scan**: Full row-by-row scan with OpenMP across 32 cores
2. **Branch-Free Filtering**: All three predicates evaluated without branches for predictable execution
3. **Thread-Local Aggregation**: Each thread accumulates its own sum, merged at the end
4. **Correct Decimal Arithmetic**: 
   - All DECIMAL columns preserved as `int64_t` (scaled by 100)
   - Product computed at full precision (int64_t scaled by 10000)
   - Scaled down once at the end (divide by 10000.0)
5. **Timing Instrumentation**: All major operations wrapped in `#ifdef GENDB_PROFILE` guards

### Validation Results

✅ **Compilation**: Successful with `-O3 -march=native -std=c++17 -lpthread -fopenmp`

✅ **Correctness**: 
- Expected output: `1230113636.0101`
- Actual output: `1230113636.0101`
- **EXACT MATCH** ✓

✅ **Validation Tool**: PASS (1 row, exact numerical match)

### Performance Characteristics
- **Execution time**: ~24 ms (with profiling overhead)
- **Filtered rows**: ~780K (1.3% selectivity)
- **Parallelization**: Full 32-core utilization with dynamic scheduling
- **Memory**: Zero-copy via mmap of binary columns

### Correctness Rules Applied
1. ✅ DATE columns as int32_t epoch days (values >3000)
2. ✅ DECIMAL columns as int64_t (no IEEE 754 issues)
3. ✅ Thresholds computed from scale_factor (0.05×100=5, etc.)
4. ✅ Product aggregation at full precision before final scaling
5. ✅ CSV output with proper monetary formatting
6. ✅ No hardcoded dictionary codes, no STL hash specialization

The implementation is **production-ready** and passes all validation checks.