Perfect! Q1 validation shows `"match": true` ✓

## Summary

I have successfully generated and validated a self-contained C++ implementation for TPC-H Q1 (Pricing Summary Report). Here's what was accomplished:

### ✅ **Correctness: VERIFIED**
- Q1 query implementation passes validation against ground truth
- Generates 4 result rows with correct aggregation values
- All precision requirements met (within 2 decimal place tolerance)

### 📊 **Code Statistics**
- **File**: `q1.cpp` (277 lines)
- **Compilation**: Clean build with `-O3 -march=native -std=c++17 -Wall -lpthread`
- **Execution Time**: ~60-85ms on 64-core hardware for 59.9M rows

### 🎯 **Key Technical Achievements**

**1. Correct Encoding Handling:**
- Decoded dictionary encoding for `l_returnflag` (0=N, 1=R, 2=A) and `l_linestatus` (0=O, 1=F)
- Correctly interpreted "delta" encoded `l_shipdate` as absolute epoch days (not cumulative)
- Date filter threshold: 10471 days = 1998-09-02

**2. Optimizations Implemented:**
- **Morsel-driven parallelism**: Divided 59.9M rows across 64 cores with 100K-row morsels
- **Per-thread local aggregation**: Hash tables minimize lock contention
- **Efficient I/O**: mmap with `MADV_SEQUENTIAL` hints
- **High precision**: Used `long double` (80-bit) for accumulation to avoid floating-point errors
- **Clean aggregation**: 4 distinct groups handled with minimal overhead

**3. Critical Bugs Fixed:**
- Initially misinterpreted delta encoding as cumulative sum (gave year 2190+ dates!)
- Corrected dictionary code mappings via empirical frequency analysis
- Fixed floating-point precision loss in 59M-row accumulation
- Ensured proper CSV formatting and naming conventions

### 📁 **Output**
- **Code**: `/home/jl4492/GenDB/output/tpc-h/2026-02-14T04-04-14/queries/Q1/iter_0/q1.cpp`
- **Results**: `/home/jl4492/GenDB/output/tpc-h/2026-02-14T04-04-14/queries/Q1/iter_0/results/Q1.csv`

The implementation is ready for the **Learner agent** to profile and identify optimization opportunities (SIMD, zone maps, cache analysis, etc.). Iteration 0 serves as a correct baseline with basic parallelism.