Perfect! Let me create a final summary output:

---

## **Q1 Iteration 0 - Evaluation Complete** ✓

### **Phase A: Evaluation Results**

**Compilation**: ✓ Pass  
**Execution**: ✓ Pass (79.2 ms average)  
**Validation**: ✓ Pass (4 rows, all aggregates correct)  
**Profiling**: perf unavailable, analysis via code inspection

### **Phase B: Bottleneck Analysis & Recommendations**

**Status**: Correct results + good performance. GenDB is **1.09x faster than DuckDB** on this query.

**Root Cause Analysis**:
1. **Lock contention** during final aggregation merge (global mutex serializes across 64 threads)
2. **Suboptimal hash table** (std::unordered_map) for trivial 6-group output
3. **No SIMD vectorization** of the l_shipdate filter predicate
4. **Zone maps unused** for block-level skipping (~6% of blocks potentially skippable)
5. **False sharing** on hash table bucket accesses across threads

**Top 6 Optimization Opportunities**:

| Priority | Technique | Risk | Expected Gain | Rationale |
|----------|-----------|------|---------------|-----------|
| 1 | Array-based Perfect Hashing (6 groups) | Low | 6-10% | Direct indexing eliminates hash computation for degenerate case |
| 2 | Compact Hash Table (Abseil FlatHashMap) | Low | 4-6% | Cache-friendly open addressing vs. chaining |
| 3 | SIMD Vectorized Filtering (AVX2) | Medium | 5-10% | Process 8 dates/cycle on 59.99M rows |
| 4 | Zone Map Block Skipping | Medium | 4-8% | Skip ~6% of blocks with min > threshold |
| 5 | Lock-Free Aggregation Merge | Medium | 2-5% | Reduce serialization; use atomic CAS |
| 6 | Loop Unrolling/ILP | Low | 1-2% | Reduce loop overhead on inner hot loop |

**Combined potential: 15-25% improvement (target: 60-64 ms)**

### **Output File**
Evaluation JSON written to: `/home/jl4492/GenDB/output/tpc-h/2026-02-14T04-04-14/queries/Q1/iter_0/evaluation.json`