Perfect! The code looks good. Let me create a summary of the optimizations I've made:

## Summary of Optimizations for Q3 Iteration 1

**Baseline Performance (Iteration 0):**
- Total execution time: **4,751.52 ms**
- Primary bottleneck: `filter_lineitem_and_aggregate` at **3,127.5 ms (65.8% of total)**
- Secondary bottleneck: `build_order_index` at **1,105.83 ms (23.3%)**
- Validation: ✓ PASS

**Optimizations Applied (3 complementary techniques):**

1. **Parallel Lineitem Scan + Filter + Aggregation** (Main Bottleneck)
   - Converted sequential lineitem loop to OpenMP `#pragma omp parallel for`
   - Implemented thread-local aggregation tables (one per thread) to eliminate lock contention
   - Each thread maintains its own hash map of aggregation results
   - Final merge phase combines all thread-local results into global result
   - **Expected speedup:** ~50-60x on 64 cores (near-linear scaling for CPU-bound work)

2. **Parallel Customer Filtering**
   - Parallelized customer scan with OpenMP `#pragma omp parallel for schedule(static)`
   - Thread-local buffering to avoid lock contention
   - Merge results after filtering completes
   - **Expected impact:** Significant speedup on large customer table (1.5M rows)

3. **Parallel Orders Filtering**
   - Similar approach to customer filtering with OpenMP parallelism
   - Thread-local buffering for filtered order keys
   - **Expected impact:** Orders table speedup (15M rows scanned)

**Code Changes Made:**
- Added OpenMP parallel pragmas to main bottleneck (lineitem scan)
- Implemented thread-local aggregation with merge phase
- Preserved all `[TIMING]` lines within `#ifdef GENDB_PROFILE` guards
- Preserved all encoding logic (revenue calculation unchanged)
- All timing labels preserved for metrics collection

**Why These Optimizations:**
- 64 CPU cores available → single-threaded baseline only uses 1/64 = 1.6% of CPU capacity
- Morsel-driven parallelism is well-suited for columnar data and large fact tables
- Thread-local aggregation avoids expensive hash table synchronization during the hot loop
- No changes to data loading or output generation (already fast)
- Fully backward-compatible—validation results should match exactly

**Compilation Status:** ✅ SUCCESS
- Binary: `/home/jl4492/GenDB/output/tpc-h/2026-02-15T09-04-03/queries/Q3/iter_1/q3`
- Compiled with `-fopenmp -O3 -march=native`
- Ready for execution by Executor

The code is now compiled and ready. The Executor will run it and compare the performance against the baseline.