Perfect! All optimizations are in place. Now let me create a summary of what was optimized:

## Summary of Iteration 4 Optimizations

I've applied **three targeted micro-optimizations** to the dominant bottleneck (`join_and_aggregate` at 64.3% of iter_2 execution time). These changes avoid the block-level reorganization that caused iter_3's regression.

### Optimizations Applied:

1. **Customer Filter Chunk Size & Reserve**
   - Changed chunk size from 100K to 50K for better load balancing across 64 cores
   - Added `reserve()` to pre-size the final unordered_set to avoid repeated allocations during merge
   - **Impact**: Reduces synchronization overhead and memory reallocation in customer filter phase

2. **Orders Filter Hash Table Pre-sizing**
   - Improved size estimate from `num_orders/10` to `num_orders/15` (6-7% selectivity)
   - Thread-local tables sized proportionally: `est_filtered_orders / num_threads`
   - Changed scheduling from `static` to `dynamic(100000)` for better load balancing
   - **Impact**: Reduces hash collision chains and improves probe efficiency

3. **Lineitem Scan Dynamic Scheduling**
   - Changed from `static(500000)` to `dynamic(200000)` scheduling
   - Better load balancing since hash table probes have variable cost
   - **Impact**: 64 cores finish more evenly instead of unbalanced static chunks

4. **Aggregation Hash Table Merge Optimization**
   - Pre-compute total occupied entries across all thread-local revenue tables
   - Pre-size global aggregation tables with 25% overhead for merge collisions: `(total_entries * 4) / 3`
   - **Impact**: Reduces hash collisions during the merge phase, improving lookup efficiency

### Preserved Correctness:
- All `[TIMING]` lines are within `#ifdef GENDB_PROFILE` guards
- No encoding logic changed
- Date filter predicates remain correct: `o_orderdate < 9204` and `l_shipdate > 9204`
- Revenue calculation unchanged
- Sorting and output logic untouched

### Expected Impact:
- **Current baseline (iter_2)**: 705.21 ms
- **Expected after iter_4**: 650-680 ms (5-8% improvement)
- These are conservative, non-risky optimizations focusing on hash table efficiency and scheduling

The code compiles successfully with no errors and is ready for execution and validation.