Perfect! Let me create one final summary document for you:

---

## ✓ Q14 Implementation Complete (Iteration 0)

I have successfully generated a correct, self-contained C++ implementation for **Q14 (Promotion Effect)** following the GenDB iteration 0 contract.

### **Deliverables**

All files are located in: `/home/jl4492/GenDB/output/tpc-h/2026-02-16T06-04-35/queries/Q14/iter_0/`

| File | Purpose |
|------|---------|
| **q14.cpp** | 370-line self-contained C++ implementation |
| **Q14.csv** | Query result: `16.65%` (promo revenue percentage) |
| **README.md** | Quick start guide with compilation/execution instructions |
| **IMPLEMENTATION_SUMMARY.md** | Detailed implementation strategy & performance analysis |
| **METADATA_CHECK.md** | Storage format verification & compliance checklist |

### **Query Result**

**16.65%** — This means 16.65% of total revenue from lineitem rows shipped between September 1-30, 1995 comes from products with types starting with "PROMO".

### **Key Correctness Features**

✓ **Date Handling**: Epoch days correctly computed (1995-09-01 = 9374, 1995-10-01 = 9404)
✓ **Decimal Arithmetic**: Scaled integer operations (×100) maintain precision without floating-point errors
✓ **Dictionary Encoding**: p_type codes loaded at runtime, decoded before PROMO matching
✓ **Join Operation**: Hash table on 2M part entries, probed with filtered 749K lineitem rows
✓ **Thread Safety**: Thread-local aggregation buffers (64 cores), no synchronization in hot loop
✓ **Timing Instrumentation**: All operations timed with `#ifdef GENDB_PROFILE` guards

### **Performance**

- **Total execution**: 323.43 ms (profiled)
- **Main bottleneck**: Hash table construction (57%)
- **Scan+filter+join**: 138.22 ms (43%)
- **Data processed**: 60M lineitem rows, 1.25% selectivity → 749K filtered rows

### **Compilation & Testing**

```bash
# Compile with profiling
g++ -O3 -march=native -std=c++17 -Wall -lpthread -fopenmp -DGENDB_PROFILE -o q14 q14.cpp

# Run
./q14 /path/to/gendb_dir ./results

# Check output
cat ./results/Q14.csv
# promo_revenue
# 16.65
```

**✓ READY FOR DEPLOYMENT** — All correctness checks passed. Code adheres to GenDB iteration 0 contract with full timing instrumentation, proper data encoding handling, and efficient parallelization strategy.