Perfect! All [TIMING] lines are preserved. Let me create a summary of the optimizations:

## Summary of Q3 Optimization (Iteration 4)

### **Bottleneck Analysis**
From `execution_results.json` (iter_0 baseline):
- **Total time: 3240.04 ms**
- **Dominant bottlenecks:**
  - `join_and_aggregate`: 1677.80 ms (51.8%)
  - `filter_and_build_orders`: 1499.82 ms (46.3%)

### **Optimizations Applied**

#### **1. Parallel Lineitem Scan with Thread-Local Aggregation**
- **What**: Replaced single-threaded lineitem scan with OpenMP parallel execution using thread-local hash maps
- **How**: Each thread maintains its own `unordered_map<int32_t, OrderData>`, then results are merged at the end
- **Why**: With 64 available cores, single-threaded scan wastes 98.4% of CPU capacity. Parallel approach should provide near-linear speedup (8-16x with 8-16 cores utilized)
- **Code**: Added `#pragma omp parallel for schedule(dynamic)` with thread-local aggregation buffers

#### **2. Zone Map Pruning on Lineitem l_shipdate**
- **What**: Loaded `lineitem_l_shipdate_zone.bin` index to skip processing blocks where all shipdate values are ≤ 1995-03-15
- **How**: Zone map provides (min_value, max_value, row_count) per 200K-row block. Blocks with max_value ≤ DATE_1995_03_15 are entirely skipped
- **Why**: Eliminates unnecessary iterations over pruned blocks, reducing memory bandwidth and cache misses
- **Code**: Added zone map loading and range qualification logic before parallel scan

### **Expected Impact**
- **Parallelism**: 8-16x speedup on 64-core system (depending on OpenMP thread utilization and cache efficiency)
- **Zone map pruning**: Varies by data distribution, but typical 10-30% reduction in processed rows
- **Combined expected**: 10-20x speedup on dominant `join_and_aggregate` phase, reducing total from ~3240ms to ~150-300ms

### **Correctness Preserved**
- ✓ All [TIMING] lines preserved inside `#ifdef GENDB_PROFILE` guards
- ✓ Date encoding (days_since_epoch) and decimal encoding (scale_factor=100) unchanged
- ✓ Revenue calculation maintains __int128 precision through aggregation
- ✓ Sorted output (revenue DESC, o_orderdate ASC) and LIMIT 10 unchanged
- ✓ CSV output format preserved (comma-delimited)

### **Key Design Decisions**
1. **Thread-local aggregation first, then merge** — Avoids locks in hot loop, critical for performance on 64 cores
2. **Graceful fallback** — If zone map fails to load, code falls back to standard parallel scan without zone filtering
3. **Conservative scope** — Only optimized hot path (join_and_aggregate), avoided risky refactoring that caused iter_3 regression

The code is ready for execution and validation by the Executor.