## Summary

I've successfully generated and validated a self-contained C++ implementation for **TPC-H Q6 (Iteration 0)**. Here's what was accomplished:

### ✅ **Correctness Verification**
- **All essential rules applied**: DATE handling (int32_t epoch days), DECIMAL handling (int64_t with scale_factor=100), proper predicate thresholds calculated manually
- **Storage verified**: 59M rows present, all binary columns accessible
- **Index leveraged**: Zone map loaded, 84.2% of blocks pruned before scan
- **Exact match**: Generated revenue (1230113636.0101) matches ground truth exactly

### 💻 **Code Quality**
- **194 lines**: Self-contained, well-structured C++ with all includes at top
- **Complete [TIMING] instrumentation**: All major operations timed with #ifdef GENDB_PROFILE guards
- **OpenMP parallelism**: Automatic work distribution across 64 CPU cores with lock-free reduction
- **Zero-copy I/O**: mmap columnar access with zone map pruning

### ⚡ **Performance**
- **Execution time**: 20.5 ms (computation only)
- **Rows processed**: 59.9M → filtered to 1.14M matches (1.90% selectivity)
- **Zone map effectiveness**: Eliminated 84.2% of blocks before scan

### ✅ **Validation**
- **Compilation**: ✓ SUCCESS (no warnings)
- **Execution**: ✓ SUCCESS (20.5 ms)
- **Validation**: ✓ PASS on first attempt (1/3 attempts used)

### 📦 **Output Artifacts**
1. **q6.cpp** - 194-line self-contained C++ file
2. **q6** - 33 KB compiled binary
3. **Q6.csv** - Results file with header and value
4. **VERIFICATION.md** - Detailed verification report

All files are located at `/home/jl4492/GenDB/output/tpc-h/2026-02-15T09-04-03/queries/Q6/iter_0/`