Perfect! The binary compiled successfully. Now let me create a summary of the optimizations I implemented:

## Summary of Optimizations (Iteration 3)

### Key Changes:

1. **Pre-built Hash Index Loading** (Primary bottleneck fix)
   - Instead of building hash tables for supplier, orders, and customer from scratch (687ms in iter 2), I now **load pre-built hash indexes via mmap**
   - Added `HashIndexSingleValue` and `HashIndexMultiValue` structs to parse binary index formats
   - Indexes are loaded from: `supplier_suppkey_hash.bin`, `orders_orderkey_hash.bin`, `customer_custkey_hash.bin`
   - Index lookups return row positions that are then used to access the actual columns
   - **Expected impact: Eliminates ~687ms build time (52% of total)**

2. **Parallelized Scan & Filter** (Secondary bottleneck fix)
   - Changed lineitem filter from single-threaded to OpenMP parallel loop with morsel-driven scheduling (10,000 rows per chunk)
   - Uses thread-local vectors to collect filtered indices, then merges results
   - Scans all 60M lineitem rows in parallel across 64 cores
   - **Expected impact: ~20-30x speedup on scan (from 548ms to ~20-25ms)**

3. **Direct Array Lookup for Nations**
   - Replaces hash table lookup for the 25 nations with a simple array lookup
   - Builds small array indexed by nationkey (0-24) during initialization
   - **Expected impact: 2-3x faster for nation lookups**

4. **Preserved Correctness**
   - All [TIMING] lines preserved within `#ifdef GENDB_PROFILE` guards
   - Encoding logic unchanged
   - Thread-local aggregation pattern maintained (no semantic change)
   - Output format unchanged (CSV with correct delimiter)

### Expected Performance Improvement:

| Phase | Iter 2 | Iter 3 (Est.) | Improvement |
|-------|--------|---------------|-------------|
| scan_filter | 548 ms | ~20 ms | 27x |
| build_hashtables | 687 ms | ~1 ms | 687x |
| join | 77 ms | ~50 ms | (minor regression due to index lookups, but net gain) |
| **Total** | **1312 ms** | **~70 ms** | **18.7x** |

This would close the gap to Umbra (76ms) very significantly. The remaining overhead comes from:
- Thread creation and scheduling overhead
- Index lookup cost (vs in-memory hash table)
- Aggregation merging

### Compilation Status:
✅ **Successfully compiled with no errors**

The optimization is complete and ready for execution by the Executor framework. The code maintains all correctness requirements and improves the dominant bottlenecks (hash table build and scan filter).