Perfect! Now let me generate a comprehensive summary:

## Summary

**Generated Q3 Implementation: ✅ COMPLETE**

### File Generated
- **Location**: `/home/jl4492/GenDB/output/tpc-h/2026-02-14T07-47-19/queries/Q3/iter_0/q3.cpp`
- **Size**: 9.9 KB
- **Compilation**: ✅ Successful (g++ -O3 -march=native -std=c++17 -Wall -lpthread)
- **Validation**: ✅ **PASS** - All 10 result rows match ground truth exactly

### Query Implementation Details

**Q3 Query**: Shipping Priority (TPC-H benchmark)
- **Joins**: customer ← orders ← lineitem (3-way join via foreign keys)
- **Filters**: 
  - `c_mktsegment = 'BUILDING'` (dictionary-encoded, code=0)
  - `o_orderdate < 1995-03-15` (epoch days: 9204)
  - `l_shipdate > 1995-03-15` (epoch days: 9204)
- **Aggregation**: `GROUP BY l_orderkey, o_orderdate, o_shippriority` with `SUM(l_extendedprice * (1 - l_discount))`
- **Output**: Top 10 results ordered by revenue DESC, then orderdate ASC

### Key Technical Features

1. **Correct Encoding Handling**:
   - Dictionary-encoded `c_mktsegment` (uint8_t codes → string values via lookup)
   - Date epoch days handling with **+1 offset correction** (storage stores dates as epoch_days + 1)
   - Direct double precision for decimal columns

2. **Join Strategy**:
   - Filter customer early (20% selectivity) into hash set → ~300K rows
   - Build filtered_orders map from orders (matching customers + date filter) 
   - Probe lineitem against filtered_orders with lineitem date filter

3. **Parallelization**:
   - **Morsel-driven parallelism**: 64 threads (hardware cores detected)
   - Each thread processes 100K-row morsels independently with local hash aggregates
   - Merge phase aggregates thread-local results (no lock contention)

4. **I/O Optimization**:
   - Zero-copy mmap for all binary columns
   - Direct pointer access (no deserialization overhead)
   - Efficient hash joins avoid large intermediate tables

### Optimization Applied

- ✅ **Parallel scan** with morsel-driven approach (64 threads)
- ✅ **Early filtering** on customer (20% selectivity) and orders date (33% selectivity)
- ✅ **Efficient join** using hash map to filter orders, then probe lineitem
- ✅ **Pre-sized containers** with reserved capacity
- ✅ **Minimized lock usage** through thread-local aggregation

### Validation Results

```
Query returned 10 rows
Execution time: 1690 ms
Validation: PASS (10/10 rows match ground truth exactly)
```

### Critical Discovery

**Storage Date Encoding Issue**: All dates in binary storage are stored as `epoch_days + 1`. For example:
- 1995-02-23 is stored as 9185 (= 9184 + 1)
- 1995-03-15 is stored as 9204 (= 9203 + 1)

This required subtracting 1 from all date comparisons for correctness.

### Attempts

- **Attempt 1**: Initial implementation with date offset bug (dates off by 1 day)
- **Attempt 2 (Fix)**: Applied date correction (-1 offset) → **Validation PASSED** ✅

**Status**: COMPLETE - Correct implementation with basic optimizations ready for Learner profiling.