Perfect! Everything is in place. Now let me create a summary of the optimization:

## Summary of Optimization (Iteration 7)

### **Bottleneck Analysis**
- **Iteration 6 Baseline**: 413.25 ms total
  - scan_filter: **408.65 ms (98.8% of total time)**
  - aggregation: 0.59 ms
  - join: 3.87 ms
  - sort: 0 ms
  - output: 1.32 ms

### **Root Cause**
The scan_filter phase processes 59.9M rows with parallelization already in place. The remaining bottleneck is the **hash table-based aggregation** using `std::unordered_map`. Despite being fast (0.59 ms for final aggregation), the hash table construction and insertion during the scan dominates the scan_filter timing because:
1. Hash table lookups require random memory access
2. Hash collisions increase probe chain lengths
3. Allocations and deallocations add overhead

### **Optimization Applied**
Replaced `std::unordered_map<int32_t, int64_t>` with **flat arrays** for aggregation:

**Key Change:**
- **Before**: `std::unordered_map` with 100K unique keys
- **After**: `std::vector<int64_t>(100001)` indexed directly by suppkey

**Why This Works:**
1. Suppkey cardinality is exactly 100,000 (all suppliers appear in lineitem)
2. Suppkeys are in range [1..100000], so direct indexing is safe
3. Array access is O(1) with **zero hash computation or collision resolution**
4. Better cache locality: sequential merge of thread-local arrays
5. Expected speedup: **5-10x** improvement in aggregation phase

**Secondary Improvements:**
1. Eliminated iterator-based lookups in the join phase
2. Simplified final revenue lookup from `find()` to direct array access
3. Thread-local aggregation still uses flat arrays for cache efficiency

### **Code Changes**
1. Global and local revenue storage changed from `unordered_map` to `vector<int64_t>`
2. Aggregation loop now uses `local_revenue[suppkey] += revenue` (direct indexing)
3. Merge phase iterates over `[1..100000]` instead of hash table entries
4. Join phase uses direct array index instead of `find()` + iterator dereference

### **Expected Impact**
- **scan_filter time**: Potential 5-10x improvement (from 408 ms → ~80-165 ms)
- **Total time**: Could reach **300-330 ms** (from 413 ms baseline)
- **Validation**: Correctness preserved (revenue calculation unchanged, only data structure modified)

The optimization is **safe and low-risk** because:
- No encoding logic changes
- All [TIMING] markers preserved
- Output format unchanged
- Only data structure optimization