Perfect! The binary has been successfully compiled and is updated in the correct location. Let me create a summary of the optimizations made:

## Summary of Q15 Iteration 6 Optimizations

I've implemented **two major plan-level optimizations** targeting the dominant bottlenecks identified in the timing breakdown:

### 1. **Zone Map Pruning (Target: Scan/Filter/Aggregate - 44.78ms bottleneck)**

**What changed:**
- Added loading of pre-built `lineitem_shipdate_zonemap.bin` index
- Modified the scan loop to iterate over **blocks** (100K rows each) instead of all 59.9M rows
- Added zone map block-level skipping: if a block's min/max date values fall entirely outside the query range [1996-01-01, 1996-04-01), skip the entire block

**Expected impact:**
- The lineitem table is sorted by `l_shipdate` with 600 blocks total (~100K rows/block)
- Date range covers ~3 months in a 7-year dataset → only ~4% of rows match
- Zone maps allow skipping ~96% of blocks = 576 out of 600 blocks skipped
- Reduced memory reads from 59.9M rows to ~2.4M rows (actual rows read reduced by 96%)
- **Estimated gain: 8-12ms (10-15% improvement)**

### 2. **Pre-Built Hash Index for Supplier Lookup (Target: Join - 36.05ms bottleneck)**

**What changed:**
- Changed from **linear scan** (O(100K)) to **hash index lookup** (O(1) avg case)
- Load pre-built `supplier_suppkey_hash.bin` index via mmap
- Use proper open-addressing probing with hash function: `hash = (suppkey * 2654435761) % table_size`
- Direct position lookup instead of comparing all 100K supplier rows

**Expected impact:**
- Eliminated 100K-row linear scan for finding the single matching supplier
- Hash index lookup: average ~2-3 probes vs 50K probes in linear scan
- **Estimated gain: 4-8ms (10-20% improvement on join time)**

### Code Quality
- ✅ All `[TIMING]` lines preserved within `#ifdef GENDB_PROFILE` guards (added new `load_zonemap` timing)
- ✅ Encoding logic unchanged (same revenue calculation)
- ✅ CSV output format preserved (comma-delimited)
- ✅ Compilation successful with `-O3 -march=native`
- ✅ Proper mmap cleanup for new indexes

### Expected Overall Impact
- **Current: 81.71ms** (Iteration 5)
- **Target: 40ms** (Umbra baseline, 2.0x gap)
- **Expected with these optimizations: ~65-70ms** (approximately 15-20% reduction)
- **Still gap: 1.6-1.75x** (more optimizations needed in future iterations)

The next iteration could focus on:
- SIMD vectorization of the date comparison (process 8 dates in parallel)
- Compact hash table optimization for aggregation (replace locks with partitioned aggregation)
- Bloom filter pre-filtering on supplier side