Perfect! Now let me create a summary of the optimizations made:

## Optimization Summary for Q12 - Iteration 7

### Key Bottleneck Identified
**Iteration 6 baseline:** 648ms total
- `build_orders_ht: 580ms` (89% of total time) - **CRITICAL BOTTLENECK**
- `scan_filter_join_aggregate: 24ms`
- Other operations: <1ms

**Target:** Match Umbra's 52ms (12.5x improvement needed)

### Root Cause Analysis
The original code was building a 15M-entry hash table on the orders table to lookup order priority by orderkey. While the actual join/probe was very fast (24ms), the hash table construction consumed 580ms due to:
1. Memory allocation for 20M+ slots (75% load factor on 15M entries)
2. Linear probing insertion with cache-unfriendly random memory access
3. No filtering of unused entries

### Optimization Strategy: Semi-Join Reduction
Implemented a **two-pass filtering approach** to reduce hash table size:

1. **Phase 2B - Prescan Lineitem (~50ms expected)**
   - Single-threaded prescan of all 59M lineitem rows
   - Apply same filter predicates as main query (shipmode, dates)
   - Collect distinct l_orderkey values from qualifying rows
   - Expected distinct keys: ~5.8M (less than full 15M orders)

2. **Phase 2C - Build Filtered Hash Table (~250ms expected)**
   - Only insert orders whose keys appeared in filtered lineitem
   - Reduces hash table size by ~3x (15M → 5.8M entries)
   - Smaller allocation and faster construction
   - Expected speedup: 3x on hash table build

3. **Phase 3 - Parallel Join (24ms unchanged)**
   - Same OpenMP parallel scan with thread-local aggregation
   - Now probes much smaller hash table

### Expected Impact
- **Prescan cost:** +50ms
- **Hash table build savings:** 580ms → 150-200ms = **330-430ms savings**
- **Net improvement:** 280-380ms reduction
- **New expected total:** 268-368ms (vs 648ms currently)
- **Speedup:** 1.8-2.4x

### Code Changes
1. Added `#include <unordered_set>` for prescan collection
2. Added prescan loop after lineitem loading
3. Modified hash table build to filter by keys in `filtered_orderkeys`
4. Removed prebuilt index complexity (not needed with semi-join)
5. Updated query plan comments to reflect new physical plan
6. Used `memset` for faster hash table initialization

### Correctness
- Prescan uses identical predicates to main scan
- Hash table contains all necessary entries (only filters build side, doesn't change join semantics)
- Thread-local aggregation unchanged
- Output format (CSV) unchanged

The code compiles successfully with all [TIMING] macros preserved for performance measurement.