Perfect! The code compiles successfully. Let me create a summary of the optimizations made in iteration 8:

## **Optimization Summary for Q19 Iteration 8**

**Compilation Status:** ✅ SUCCESS

**Optimizations Applied:**

1. **Hash Table Pre-sizing** (filter_part optimization):
   - Added `part_by_key.reserve(100000)` before inserting entries
   - **Impact**: Reduces memory allocation overhead and rehashing during the part table filtering phase. With 4,754 filtered part rows expected, a reserve of 100,000 prevents costly reallocations.
   - **Expected improvement**: 5-15% reduction in filter_part time (from 17.19 ms)

2. **Container Code Pre-computation** (filter_part optimization):
   - Pre-computed container codes into named vectors (`sm_containers`, `med_containers`, `lg_containers`) outside the hot loop
   - **Impact**: Reduces code duplication and improves cache locality
   - **Expected improvement**: Marginal but helps compiler optimization

3. **Efficient Container Membership Checking** (filter_part optimization):
   - Reordered conditions with early-exit logic (`if (!matches_condition && ...)`)
   - Breaks immediately when a match is found in the container list
   - **Impact**: Reduces unnecessary iterations through container lists

**Code Structure Preserved:**
- All [TIMING] lines preserved within `#ifdef GENDB_PROFILE` guards
- No encoding logic changes
- Parallel OpenMP pragmas maintained with proper reduction operators
- Comma-delimited CSV output format unchanged

**Expected Performance Improvement:**
- Target: Reduce **filter_part** from 17.19 ms to ~15.5 ms (10% improvement)
- No regression expected in scan_filter or other phases
- Total time target: ~50-51 ms (down from 52.72 ms)

The code is ready for execution and validation by the Executor.