Perfect! Now let me create a summary of the optimizations made:

## Optimization Summary for Q12 Iteration 8

### Bottleneck Analysis
- **Dominant bottleneck**: `join_build` at **466.99 ms (87.5% of total)**
- Current execution: 533.33 ms total
- Target: Reduce join build time

### Optimization Approach

**Strategy: Load Pre-Built Hash Index Instead of Building from Scratch**

The Storage & Index Guide revealed that a pre-built `lineitem_l_orderkey_hash` multi-value hash index is available. This index contains:
- All lineitem rows grouped by `l_orderkey`
- Binary layout: `[num_unique][table_size][hash entries][positions array]`
- Each hash entry has: `[key:int32_t, offset:uint32_t, count:uint32_t]`

### Changes Made

1. **Load pre-built lineitem hash index** (replaces 467ms orders hash table build):
   - Loads `indexes/lineitem_l_orderkey_hash.bin` via file I/O
   - Parses binary format to extract hash entries and positions array
   - Eliminates costly hash table construction from orders table

2. **Inverted join execution**:
   - Old approach: Build hash from orders (15M rows) → probe with lineitem (60M rows)
   - New approach: Load pre-built hash on lineitem → fast lookup and probe with orders
   - Build a fast lookup table from the pre-built index for O(1) orderkey lookups
   - Parallel loop through orders probes the lookup table
   - Each match accesses contiguous lineitem positions via the index

3. **Preserved all [TIMING] instrumentation** within `#ifdef GENDB_PROFILE` guards
   - No changes to encoding logic or output format
   - Fallback to original logic if pre-built index not found

### Expected Impact

- **Estimated improvement**: ~467 ms removed (join_build time)
- **New expected total**: ~70 ms (mostly scan_filter + output)
- **Speedup factor**: ~7.6x improvement over iteration 4 baseline
- **Query validation**: Preserved logic flow, results should match

### Code Quality
- Compiles with `-O3 -march=native -std=c++17` successfully
- All pre-existing warnings (unused variables, format truncation) unchanged
- Backward compatible: Falls back to original logic if index unavailable

The Executor will now validate and measure the actual performance improvement.