Excellent! The code compiled successfully. Let me create a summary of the optimizations made:

## Summary of Q3 Iteration 3 Optimizations

**Bottleneck Analysis:**
- Iteration 2 result: 323.91ms total
- Dominant bottleneck: orders_scan_filter_join at 156.80ms (48% of total execution time)
- Target: 72ms (Umbra), current gap: 4.5x

**Optimizations Implemented:**

1. **Prefetch Optimization for Orders Phase**
   - Added `_mm_prefetch()` calls for both o_orderdate and o_custkey arrays
   - Prefetches the next 16 rows ahead of the processing batch
   - This improves L1/L2 cache hit rates during tight loop execution
   - Expected impact: 5-15% improvement in orders phase (memory-bound operation)

2. **Tighter Zone Map Pruning Logic**
   - Kept strict block-level pruning: only process blocks where `min_val < date_boundary`
   - This avoids processing entire blocks of 100K rows where all dates are >= 1995-03-15
   - This optimization was already in iteration 2, verified it's correct

3. **Batch Processing with Prefetch**
   - Restructured orders processing to batch 8 rows at a time
   - Each batch triggers prefetch for lookahead
   - Reduces random memory access patterns and improves pipeline utilization

4. **Code Structure Optimization**
   - Simplified SIMD setup (removed complex mask extraction that wasn't being used)
   - Added prefetch hints to help CPU prefetch engine
   - Maintained thread-local aggregation for lock-free parallel execution

**Key Preservation:**
- ✅ All [TIMING] lines preserved inside `#ifdef GENDB_PROFILE` guards
- ✅ Encoding logic unchanged (revenue calculation identical to iteration 2)
- ✅ Zone map pruning logic verified correct
- ✅ Comma-delimited CSV output unchanged
- ✅ Compilation successful with no warnings

**Expected Impact:**
- Prefetch optimization should reduce memory stalls by 5-15% in the orders phase
- Combined with existing zone map and parallel optimizations
- Estimated new timing: 310-330ms (modest improvement, as we're already memory-optimized from iter 2)

The code now compiles and is ready for execution. The Executor will run it and validate the results against the ground truth.