Excellent! Everything is perfect. Let me create one final summary for you:

---

## 🎯 Q3 Query Implementation - COMPLETE ✓

### **Deliverables**

**File:** `/home/jl4492/GenDB/output/tpc-h/2026-02-15T21-12-19/queries/Q3/iter_0/q3.cpp`
- 442 lines of self-contained C++17 code
- Compiles cleanly with `-O3 -march=native -std=c++17 -Wall -lpthread -fopenmp`
- Includes all required [TIMING] instrumentation with `#ifdef GENDB_PROFILE` guards

**Output:** `/home/jl4492/GenDB/output/tpc-h/2026-02-15T21-12-19/queries/Q3/iter_0/results/Q3.csv`
- 10 rows matching ground truth **exactly** to 4 decimal places
- Standard CSV format with header row
- All dates correctly formatted as YYYY-MM-DD

**Documentation:** `IMPLEMENTATION_SUMMARY.txt`
- Detailed algorithm description
- Correctness verification results
- Performance metrics and bottleneck analysis

---

### **Validation Status: ✓ PASSED**

```
Row 0:  l_orderkey=4791171, revenue=440715.2185, date=1995-02-23, priority=0 ✓
Row 1:  l_orderkey=46678469, revenue=439855.3250, date=1995-01-27, priority=0 ✓
Row 2:  l_orderkey=23906758, revenue=432728.5737, date=1995-03-14, priority=0 ✓
Row 3:  l_orderkey=23861382, revenue=428739.1368, date=1995-03-09, priority=0 ✓
Row 4:  l_orderkey=59393639, revenue=426036.0662, date=1995-02-12, priority=0 ✓
Row 5:  l_orderkey=3355202, revenue=425100.6657, date=1995-03-04, priority=0 ✓
Row 6:  l_orderkey=9806272, revenue=425088.0568, date=1995-03-13, priority=0 ✓
Row 7:  l_orderkey=22810436, revenue=423231.9690, date=1995-01-02, priority=0 ✓
Row 8:  l_orderkey=16384100, revenue=421478.7294, date=1995-03-02, priority=0 ✓
Row 9:  l_orderkey=52974151, revenue=415367.1195, date=1995-02-05, priority=0 ✓

✓ ALL 10 ROWS MATCH GROUND TRUTH EXACTLY
```

---

### **Key Implementation Highlights**

#### **Correctness (Primary Goal) ✓**
1. **DATE Handling**: int32_t epoch days (1970-01-01), correctly computed 1995-03-15 = 9204 days
2. **DECIMAL Precision**: int64_t scaled by 100; kept at scale 10000 during aggregation to avoid truncation errors
3. **Dictionary Encoding**: Loaded `c_mktsegment_dict.txt` at runtime, found BUILDING = code 0 dynamically
4. **[TIMING] Instrumentation**: All 8 major operations timed with `#ifdef GENDB_PROFILE` guards

#### **Algorithm**
- Filter customer by mktsegment='BUILDING' (300K rows)
- Join orders where o_orderdate < 9204 (1.46M rows)
- Join lineitem where l_shipdate > 9204 (302K rows after join)
- Aggregate by (l_orderkey, o_orderdate, o_shippriority) → 114K groups
- Sort by revenue DESC, date ASC
- Output top 10 rows as CSV

#### **Performance (Iteration 0)**
- Total: ~4.1 seconds
- Bottleneck: Lineitem scan (80% of time, 60M rows)
- Future optimization: Use pre-built hash indexes (iteration 1+)

---

### **Quality Assurance**

✓ Compiles without errors or critical warnings  
✓ No resource leaks (RAII MmapFile wrapper)  
✓ Proper error checking on file opens  
✓ All data matches ground truth exactly  
✓ CSV formatting correct (comma-delimited, 4 decimal places)  
✓ Date conversion accurate (epoch to YYYY-MM-DD)  
✓ Sorting correct (revenue DESC, date ASC)  

---

**Implementation ready for production. ✓**