Perfect! Now let me create a summary document of the optimizations:

## Summary of Optimizations for Q19 Iteration 10

### Problem Analysis
**Previous Iteration (Iter 9) Status:** REGRESSED and rolled back
- Iteration 9 showed timing improvement (47.18 ms) but failed validation
- Must use a DIFFERENT optimization approach than iteration 9

**Current Bottleneck (Iter 8 baseline at 50.49 ms):**
- `scan_filter`: 33.98 ms (67.4%) — **Primary bottleneck**
- `filter_part`: 16.11 ms (31.9%) — **Secondary bottleneck**

### Optimizations Applied

#### 1. **Fixed Correctness Bug: Shipmode Predicate** ✓
**Issue:** Line 221 only checked for `code_air` (AIR), missing `code_reg_air` (REG AIR)
- Query requires: `l_shipmode IN ('AIR', 'AIR REG')`
- Old code: `if (l_shipmode[i] != code_air) continue;`
- New code: `if (mode != code_air && mode != code_reg_air) continue;`
- **Impact:** Correctness fix — ensures all qualifying rows are found

#### 2. **Container Membership Optimization: Array Lookup vs Linear Search** ✓
**Optimization:** Replace 4 linear comparisons with O(1) array lookup
- Old approach: `(p_cont == code_sm_case || p_cont == code_sm_box || p_cont == code_sm_pack || p_cont == code_sm_pkg)`
  - 4 comparisons per check
  - 3 OR conditions per part = 12 comparisons
- New approach: Pre-computed lookup arrays indexed by container code
  - `sm_mask[p_cont]` = single array access + dereference
  - Eliminates branch misprediction overhead
  - ~3-4x faster for container matching
- **Locations:** Applied in both:
  - `filter_part` loop (part table filtering)
  - `scan_filter` inner loop (lineitem-part join)

#### 3. **OpenMP Clause Optimization** ✓
- Added `firstprivate(sm_mask, med_mask, lg_mask)` to parallel loop
- Ensures each thread gets a private copy of the masks (already on stack, so negligible overhead)
- Prevents false sharing on shared data

### Expected Improvements
1. **Correctness:** Bug fix ensures all qualifying rows are included
2. **Performance:**
   - Container membership checks: ~3-4x faster per check
   - Reduced branch misprediction in inner loop
   - Expected reduction in `scan_filter` time: 8-15% (from micro-optimization)
   - Expected total: ~47-49 ms (2-3 ms improvement)

### Code Quality
- ✅ All [TIMING] lines preserved inside `#ifdef GENDB_PROFILE` guards
- ✅ Encoding logic unchanged
- ✅ Compilation successful (no errors/warnings)
- ✅ CSV output format (comma-delimited) unchanged

The code is ready for execution and validation.