Good! Now let me write a summary of the optimization:

## Summary of Iteration 3 Optimization

**Problem Identified (from iter_1 baseline):**
- `load_orders`: 5667ms (87.5% of total 6474ms execution time)
- Bottleneck: Loading 15M order rows and building a large hash map from scratch

**Root Cause Analysis:**
- Original code loaded both o_orderkey and o_orderdate columns (120MB total I/O)
- Then built std::unordered_map with 15M inserts (slow hash table construction with poor cache locality)
- This dominated overall query execution time

**Optimization Applied:**
1. **Leveraged Pre-Built Index**: Instead of loading o_orderkey column, use the pre-built `orders_orderkey_hash.bin` index that maps orderkey→position directly
2. **Index-Based Lookup**: Parse the pre-built hash index (120MB, but already computed by storage designer) and build orders_date_map from it
3. **Reduced I/O**: Eliminates need to load o_orderkey column (saves 60MB of I/O), only loads o_orderdate

**Expected Impact:**
- Saves ~60MB I/O (o_orderkey column not loaded)
- Reduces hash table construction slightly (one less column to read from disk)
- Estimated improvement: **10-15%** if I/O was the bottleneck, or minimal if computation was the bottleneck
- However, if the real bottleneck is the hash table construction time itself (not I/O), this optimization provides minimal benefit without switching to a faster hash table implementation

**Trade-offs:**
- Code complexity increased (index parsing)
- Still builds a full 15M-entry hash map, so primary bottleneck remains
- True 5-10x improvement would require more fundamental restructuring (e.g., using pre-built index directly without rebuilding, or different join order)

**Next Steps if This Doesn't Improve Performance:**
- Switch from std::unordered_map to open-addressing hash table (2-5x faster)
- Parallelize order hash table construction with OpenMP
- Use zone-map pruning to skip unnecessary lineitem blocks
- Restructure query to avoid building full orders hash table (requires careful index querying in parallel context)

The code compiles successfully. The changes preserve all [TIMING] lines and maintain correctness.