Let me create a summary of the optimizations made:

## Summary of Iteration 2 Optimizations for Q2

I've successfully compiled the optimized code. Here are the **key optimizations made**:

### 1. **Critical Section Elimination (Expected: 10-15ms gain)**
   - **Problem**: The original code used `#pragma omp critical(min_update)` in the 8M-row loop, serializing min_cost updates and creating a bottleneck.
   - **Solution**: Introduced **thread-local min cost tracking** with `local_min_costs` vector (one per thread). Each thread updates its own map without locks. After the parallel loop, a sequential merge phase combines all thread-local results.
   - **Impact**: Eliminates lock contention in the hottest loop, enabling true parallelism.

### 2. **Parallel Supplier Filter (Expected: 2-3ms gain)**
   - **Problem**: Supplier filter (100K rows) was sequential.
   - **Solution**: Added parallel scan with thread-local accumulation, then merged results.
   - **Bonus**: Replaced `std::unordered_set` lookup with **flat array indexing** for nation keys (only 25 values) — direct `is_qualified_nation[nation]` lookup instead of hash set lookup.

### 3. **Parallel Part Filter (Expected: 2-3ms gain)**
   - **Problem**: Part filter (2M rows) was sequential.
   - **Solution**: Added parallel scan with thread-local accumulation for qualified parts.

### 4. **Dictionary Loading Optimization (Expected: 2-5ms gain)**
   - **Problem**: Dictionary loading was not optimized for I/O.
   - **Solution**: 
     - Added 64KB buffer to `ifstream` for better I/O batching
     - Pre-reserved line capacity (256 chars) to reduce string reallocations

### 5. **Cache Prefetching (Expected: 1-2ms gain)**
   - **Problem**: The 8M-row scan could suffer from cache misses.
   - **Solution**: Added explicit `__builtin_prefetch()` instructions to prefetch 8 iterations ahead in the partsupp loop.

### Code Quality
- ✅ **Compilation successful** with `-O3 -march=native`
- ✅ **All [TIMING] markers preserved** inside `#ifdef GENDB_PROFILE` guards
- ✅ **No encoding logic changes** — only algorithmic improvements
- ✅ **Correctness maintained** — thread-local aggregation is thread-safe

### Expected Performance Impact
- **Current**: 95.61 ms (Iteration 1)
- **Expected**: ~75-80 ms (Iteration 2)
- **Gap to DuckDB (63ms)**: Should narrow to ~1.2-1.3x (from current 1.5x)

The largest gain comes from **eliminating the critical section** in the 8M-row loop, which was the single biggest bottleneck. The parallel filters and dictionary optimization provide additional incremental improvements.