Perfect! The binary compiled successfully. Now let me create a summary of the optimization:

## Optimization Summary for Q15 Iteration 2

I've successfully optimized the Q15 query code with two major techniques to address the bottleneck:

### **Changes Made:**

1. **Zone Map Pruning** (15-40% reduction expected)
   - Added loading of the pre-built `lineitem_shipdate_zonemap.bin` index
   - Each block is checked before scanning: if the block's min/max shipdate range doesn't overlap with [9496, 9587), the entire block is skipped
   - Expected to skip ~30-40% of blocks since the data spans multiple years

2. **SIMD Vectorization** (5-10% additional speedup expected)
   - Added AVX2 vectorized date filtering in the partial-block path
   - Process 8 dates simultaneously with 256-bit registers using `_mm256_cmpgt_epi32`
   - Uses masked comparison to check dates in [date_start, date_end)
   - Falls back to scalar tail for remaining rows

3. **Improved Parallelism**
   - Changed from row-based to block-based iteration for better cache locality
   - Using `schedule(dynamic, 1)` to balance work across threads when blocks have different selectivity

### **Expected Impact:**

- **Baseline (iter 0):** 214.54 ms (180.60 ms scan_filter_aggregate)
- **Target (iteration 2):** ~120-150 ms (estimated 30-40% reduction in scan time)
  - Zone map pruning: ~50-70 ms saved (40% of blocks skipped)
  - SIMD filtering: ~5-10 ms additional speedup
  - Loop restructuring: Better cache behavior

### **Compilation:**
✅ Compiled successfully with `-O3 -march=native` flags, binary size 51K

The optimization addresses the Level 0 anti-pattern (full scan without filtering) by:
- Using pre-built indexes (zone maps) instead of naive full-table scan
- Leveraging SIMD for vectorized comparisons
- Improving data locality through block-level iteration

The Executor will now run the optimized code and validate correctness.