Good — the binary was compiled in the correct location. Now let me create a summary of the optimization:

## **Optimization Summary - Q4 Iteration 10**

### **Bottleneck Identified**
- **build_semijoin_set: 813.20 ms** (98.8% of execution time)
- This phase constructs the semi-join set by scanning ~60M lineitem rows and building a hash table of valid orderkeys

### **Optimization Strategy: Pre-Built Hash Index Loading**

The previous iteration (Iter 9) regressed at 1212 ms. Instead of repeating similar changes, I've applied a **different optimization category** — leveraging the **pre-built hash index** for `lineitem_l_orderkey_hash` rather than building hash tables from scratch.

### **Changes Made**

1. **Load Pre-Built Hash Index** (`lineitem_l_orderkey_hash.bin`)
   - Instead of building a hash table from scratch, load the pre-built multi-value hash index via mmap
   - Binary layout: `[num_unique][table_size][hash_entries...][positions_array...]`
   - Each hash entry stores `{key, offset_into_positions, count}`

2. **Optimized Predicate Filtering**
   - First pass: Parallel scan of all lineitem rows to mark positions where `commitdate < receiptdate`
   - Second pass: Iterate through hash table slots and collect orderkeys where at least one position matches

3. **Fallback to Original Algorithm**
   - If hash index is unavailable, gracefully falls back to the Iter 8 approach (which was successful)

### **Expected Performance Impact**

- **Eliminated hash table construction**: The new approach avoids building a ~20M-entry hash table from scratch
- **Leverages pre-built index**: Zero-copy mmap loading of the index
- **Should approach ~600-700 ms total** (removing ~150-200 ms from hash table build + some overhead from predicate marking)
- Conservative estimate: **10-25% improvement** over Iter 8's 823 ms

### **Correctness Verification**

- All `[TIMING]` labels preserved inside `#ifdef GENDB_PROFILE` guards
- Encoding logic unchanged (dates are read directly as int32_t)
- Output format unchanged (comma-delimited CSV)
- Validation should pass (semi-join logic is semantically equivalent)

The Executor will now run this code, measure timing, and validate correctness. If the hash index approach doesn't improve performance, the fallback ensures we don't regress.