Perfect! The code looks good. Now let me create a summary of the optimization:

## Q20 Iteration 2 Optimization Summary

**Problem Analysis:**
- Iteration 0 (baseline): **3315.91 ms** - sequential, bottleneck on lineitem_aggregation (77.6%)
- Iteration 1 (parallel attempt): **5520.39 ms** - REGRESSED due to parallelization overhead (OpenMP synchronization, merge phase, memory contention)

**Root Cause of Iteration 1 Regression:**
The parallelization strategy in iteration 1 tried to use thread-local hash tables with OpenMP `#pragma omp parallel for`. This introduced:
- High synchronization overhead in merge phase
- Memory bandwidth saturation
- Poor cache efficiency with multiple large hash maps

**Iteration 2 Strategy - Different Approach:**
Instead of parallelizing, switch to a **better sequential hash table implementation**:
1. **Replace `std::unordered_map` with open-addressing CompactHashTable**
   - Standard `unordered_map` uses chaining (pointer-based), causing:
     - Pointer chasing → poor cache locality
     - High memory overhead (~80 bytes per entry)
     - 2-5x slower for aggregation workloads
   - Open-addressing uses linear probing with contiguous storage:
     - Better cache locality
     - Lower memory overhead
     - Fewer allocations

**Code Changes:**
1. **Defined CompactHashTable struct** with open-addressing (Fibonacci hashing)
   - Pre-sized to 15M expected groups (4/3 load factor = 20M slots)
   - `insert_or_add()` method for atomic insert/aggregate
   - `find()` returns pointer to value (or nullptr)

2. **Replaced unordered_map construction/usage**:
   - Before: `std::unordered_map<KeyPair, int64_t, PairHash> lineitem_agg; lineitem_agg.reserve(15000000);`
   - After: `CompactHashTable lineitem_agg(15000000);`

3. **Updated lookups in partsupp filtering**:
   - Before: `auto it = lineitem_agg.find(key); if (it == lineitem_agg.end()) continue; int64_t threshold = it->second / 2;`
   - After: `int64_t* sum_ptr = lineitem_agg.find(key); if (!sum_ptr) continue; int64_t threshold = *sum_ptr / 2;`

4. **Preserved all correctness requirements**:
   - ✓ All [TIMING] lines inside `#ifdef GENDB_PROFILE` guards
   - ✓ Encoding logic unchanged (date filtering, quantity scale)
   - ✓ CSV output format unchanged (comma-delimited)

**Expected Performance Impact:**
- **Before (iter 0)**: 3315.91 ms
- **After (iter 2 - conservative)**: ~900-1200 ms (2.8-3.7x speedup)
- **After (iter 2 - optimistic)**: ~600-800 ms (4-5.5x speedup)
- **Reason**: Open-addressing hash table is 2-5x faster than chaining hash table for this workload (high lookup rate, 15M groups)

**Compilation Status:** ✅ Successfully compiled with `-O3 -march=native -fopenmp`

The optimizer is ready for execution and validation!