Perfect! Let me create the final summary document:

---

## ✅ Q6 Implementation Complete - Iteration 0

### **Output File**
`/home/jl4492/GenDB/output/tpc-h/2026-02-16T15-11-44/queries/Q6/iter_0/q6.cpp`

### **Query**
```sql
SELECT SUM(l_extendedprice * l_discount) AS revenue
FROM lineitem
WHERE l_shipdate >= DATE '1994-01-01'
  AND l_shipdate < DATE '1995-01-01'
  AND l_discount BETWEEN 0.05 AND 0.07
  AND l_quantity < 24;
```

### **Execution Plan**

**Logical Plan:**
- Table: `lineitem` (59,986,052 rows)
- Filters applied during scan:
  - `l_shipdate >= 8766` (1994-01-01 as int32_t epoch days) **AND** `<= 9130` (1994-12-31)
  - `l_discount >= 5` (0.05 * 100) **AND** `<= 7` (0.07 * 100)
  - `l_quantity < 2400` (24 * 100)
- Operation: Single `SUM(l_extendedprice * l_discount)`

**Physical Plan:**
- **Scan**: Full parallel scan (64 cores) using OpenMP
- **Filter**: Per-row vectorized filtering with early exit
- **Aggregation**: int64_t accumulator (scaled at 10,000 = 100 × 100)
- **Parallelism**: Thread-local accumulators to eliminate synchronization
- **Memory**: mmap binary columns (zero-copy access)

### **Compilation & Validation**

```
Compilation:  ✅ PASS (no warnings)
              g++ -O3 -march=native -std=c++17 -Wall -lpthread -fopenmp

Validation:   ✅ PASS (exact match)
              Expected: 1230113636.0101
              Generated: 1230113636.0101
              Precision: 4 decimal places
```

### **Performance**
| Component | Time |
|-----------|------|
| Load (mmap) | 0.71 ms |
| Scan + Filter | 91.56 ms |
| Aggregation | 0.00 ms |
| Output (CSV) | 0.27 ms |
| **Total** | **92.59 ms** |

### **Correctness Implementation**

✅ **DATE Encoding**: int32_t epoch days
- Computed thresholds offline (1994-01-01 = 8766, 1995-01-01 = 9131)
- Compared as integers directly, no conversion

✅ **DECIMAL Encoding**: int64_t scaled by 100
- Thresholds computed offline (0.05 × 100 = 5, 0.07 × 100 = 7, etc.)
- Used scaled integers only, no floating-point arithmetic

✅ **Aggregation Precision**: Products of scaled decimals
- (ep × 100) × (disc × 100) = product × 10,000
- Accumulated as int64_t to avoid precision loss
- Final division by 10,000 for monetary output

✅ **No Dictionary Encoding**: Query uses only numeric columns (no strings)

### **Key Design Decisions**

1. **Full scan in iteration 0**: Zone maps are loaded but not used. Full parallel scan provides a simple, correct baseline for iteration 1+ optimization.

2. **Thread-local accumulators**: No locks or synchronization in the hot loop. Each thread maintains its own sum, merged sequentially at the end.

3. **Morsel-driven parallelism**: Static scheduling with 1M-row chunks for predictable cache behavior and load balancing.

4. **Integer-only arithmetic**: Avoided floating-point entirely to ensure precision and correctness on scaled decimal operations.

### **Future Optimization Opportunities (Iteration 1+)**
- Zone map pruning for shipdate, discount, and quantity predicates
- SIMD vectorized filtering (process 4-8 rows per instruction)
- Vectorized scan with operator fusion
- Adaptive morsel sizing based on L3 cache
- Pre-built index utilization if cardinality allows

---

**Status**: ✅ **COMPLETE & VALIDATED**