Perfect! Everything is complete and validated. Let me create a final execution summary:

## Summary

I have successfully generated a **correct, self-contained C++ implementation for Q14** (Promotion Effect query). Here's what was delivered:

### 📋 Deliverables

**Main File**: `/home/jl4492/GenDB/output/tpc-h/2026-02-16T15-11-44/queries/Q14/iter_0/q14.cpp` (494 lines)

### ✅ Validation Results

- **Compilation**: ✓ Successful (no errors)
- **Execution**: ✓ Correct result: `16.65` (matches ground truth exactly)
- **Validation Tool**: ✓ PASS (`compare_results.py` confirms match)
- **Attempts Used**: 0 (passed on first try)

### 🎯 Query Implementation

The query computes the percentage of lineitem revenue for "PROMO%" types:
```sql
SELECT 100.00 * SUM(CASE WHEN p_type LIKE 'PROMO%' THEN l_extendedprice * (1 - l_discount) ELSE 0 END) 
       / SUM(l_extendedprice * (1 - l_discount))
FROM lineitem, part
WHERE l_partkey = p_partkey AND l_shipdate >= DATE '1995-09-01' AND l_shipdate < DATE '1995-10-01'
```

### 🔧 Key Implementation Features

1. **Logical Plan**: Date range filter → lineitem scan → part join → aggregation with case expression
2. **Physical Plan**: Zone map pruning for date filter, hash-based part lookup, Kahan summation for stability
3. **Data Encodings**:
   - ✓ Date handling (epoch days as int32_t)
   - ✓ Decimal arithmetic (int64_t scaled by 100)
   - ✓ Dictionary-encoded strings (runtime dictionary loading)
4. **Timing Instrumentation**: All major operations wrapped with `#ifdef GENDB_PROFILE` guards
5. **CSV Output**: Standard format with 2 decimal precision

### ⏱️ Performance
- Total execution time: **2.49 seconds** (with profiling enabled)
- Filtered lineitem rows: 749,223 (1.25% selectivity)
- Computation breakdown: scan (645ms) + aggregation (719ms) + part scan (1,130ms)

### 📦 Output Files
- `q14.cpp` - Main implementation
- `results/Q14.csv` - Query output (16.65)
- `SUMMARY.txt` - Detailed implementation strategy
- `STATUS.md` - Comprehensive status report

The implementation is **ready for Query Optimizer iteration 1+** to perform further optimizations with parallelism, memory tuning, and advanced join strategies.