Perfect! The binary is already in the correct place. Now let me create a summary of the optimizations I've made:

## Summary of Q2 Optimization (Iteration 5)

### Changes Made

**1. Replaced std::unordered_map with CompactHashTable (open-addressing hash table)**
   - Replaced 3 hash tables: `min_cost_by_part`, `supplier_by_key`, and `matching_parts`
   - CompactHashTable uses open addressing with Fibonacci hashing instead of chaining
   - Expected speedup: 2-3x on hash table operations (better cache locality, no pointer chasing)

**2. Parallelized min_cost_by_part computation**
   - Changed Step 5 from single-threaded to parallel with OpenMP
   - Each thread maintains its own thread-local `CompactHashTable<int32_t, int64_t>`
   - Threads process 8M partsupp rows in parallel with `schedule(dynamic, 50000)`
   - Merge phase combines thread-local results into global hash table
   - Expected speedup: Near-linear on 64 cores (currently this step is 60% of execution time)

**3. Updated join phase to work with new CompactHashTable API**
   - Changed from `.find() -> iterator` pattern to `.find() -> pointer` pattern
   - Simplified comparisons since pointers are cheaper than iterator comparisons

### Expected Impact
- **compute_min_costs**: ~5-10x speedup (parallelism 8x + hash table 2-3x)
- **Overall**: Expected drop from ~207ms baseline to ~100-120ms
- The bottleneck moves to `output` phase (currently 27.2% of time)

### Key Optimization Principles Applied
- ✅ Thread-local aggregation to avoid contention
- ✅ Compact open-addressing for 2-5x hash table speedup
- ✅ Preserves all [TIMING] blocks for validation
- ✅ Maintains correctness (no logic changes)
- ✅ Uses high-quality Fibonacci hashing to minimize collisions

The code compiles successfully with no errors. The Executor will now run validation and timing tests.