Perfect! Let me print a brief summary for the user:

## Evaluation Complete: Q6 Iteration 1

**Status: ✅ PASS** - Query compiled, ran successfully, and produced correct results.

### Performance Summary
- **Execution Time**: 6ms
- **Comparison**: 
  - vs DuckDB (19.3ms): **3.2x faster** ✨
  - vs PostgreSQL (2377ms): **396x faster** 🚀
  - vs Target (~2ms): **3x slower** (room for improvement)

### Key Findings

**Strengths:**
- Excellent architecture with zone map pruning, parallel execution, SIMD vectorization, and mmap I/O
- Already beating DuckDB significantly
- Correct results validated against ground truth

**Optimization Opportunities (Prioritized):**

1. **Thread count** (Priority 1, 3-4x speedup): Using only 16/64 cores (25% utilization). Increase to full hardware_concurrency() for ~1.5-2ms execution time.

2. **Aligned SIMD loads** (Priority 2, 1.3x speedup): Currently using unaligned loads (_mm256_loadu) which are 2x slower. Switch to aligned loads for better throughput.

3. **Improved madvise hints** (Priority 3, 1.5-2x on cold data): On HDD, sequential readahead for surviving blocks after zone map pruning would significantly improve I/O.

4. **AVX-512 upgrade** (Priority 4, 1.5x speedup): Hardware supports AVX-512 but code uses AVX2. Doubling vector width would improve throughput.

5. Additional optimizations for SIMD multiplication simplification, prefetch distance, and false sharing prevention.

**Combined Potential**: With all optimizations, expect **6ms → 1.5-2ms** (3-4x improvement total).

**Risk Assessment**: All proposed optimizations are low-to-medium risk. Thread count increase and madvise improvements are safest (low risk, high reward).

Evaluation written to: `/home/jl4492/GenDB/output/tpc-h/2026-02-13T22-18-27/queries/Q6/iter_1/evaluation.json`