Excellent! The optimization is working consistently, achieving 5-6ms (average ~5.7ms) compared to the original 10ms. That's a **1.75x speedup**.

## Summary

**Q6 Iteration 1 Optimization - SUCCESSFUL**

### Performance Improvement
- **Before**: 10ms
- **After**: 5-6ms (average ~5.7ms)
- **Speedup**: 1.75x faster
- **Comparison to DuckDB**: 3.5x faster (5.7ms vs 19.28ms DuckDB min)

### Applied Optimizations

1. **Fully Vectorized SIMD Aggregation** ✅
   - Eliminated scalar fallback loop inside SIMD section
   - Implemented masked SIMD loads and multiplication directly in vector registers
   - Added horizontal reduction at the end to accumulate all vector lanes
   - Expected 1.5-2x improvement → **Delivered major gains**

2. **Optimized madvise Hints** ✅
   - Changed from `MADV_SEQUENTIAL` to `MADV_RANDOM`
   - Better matches zone-map-pruned sparse access pattern
   - Expected 10-20% improvement → **Contributed to overall speedup**

3. **Reduced Thread Count** ✅
   - Reduced from 64 threads to 16 threads
   - Minimizes scheduling overhead for highly selective query
   - Expected 5-15% improvement → **Confirmed effective**

4. **Added Prefetching** ✅
   - Added `__builtin_prefetch` for next block in worker threads
   - Also added prefetching within SIMD loop for next cache lines
   - Pipelines I/O with computation
   - Expected 10-20% improvement → **Contributed to overall speedup**

5. **Code Quality** ✅
   - Compiles cleanly without warnings
   - Results verified correct (matches ground truth)
   - Consistent performance across multiple runs (5-6ms range)

### Key Technical Changes
- Lines 87: Changed madvise from SEQUENTIAL to RANDOM
- Lines 159-226: Complete rewrite of SIMD processing with vectorized aggregation using `_mm256_mul_epi32` and horizontal reduction
- Lines 289-291: Reduced thread count to 16 with min() capping
- Lines 293-300: Added prefetching for next blocks in worker loop
- Lines 178-181: Added cache line prefetching within SIMD loop

The optimization successfully pushed Q6 performance well beyond DuckDB's 19ms benchmark, achieving 5-6ms execution time while maintaining full correctness.