Perfect! Now let me create a summary of the optimizations:

## Summary of Optimizations (Iteration 2)

**Bottleneck Identified:** Aggregation phase dominated at **6417 ms (77.4%)** due to:
- String pattern matching on 15M comments + parallel lock contention from `#pragma omp critical`

**Optimizations Applied:**

### 1. **Pre-computed Filter Boolean Array (Scan Fusion)**
   - **What**: Separated pattern matching from aggregation into a dedicated filtering pass
   - **Why**: Allows all threads to independently evaluate the LIKE pattern without lock contention, leverages cache locality for the comment column
   - **Expected Impact**: 10-15% speedup on aggregation by eliminating repeated pattern matching overhead during aggregation loop

### 2. **Hash Partitioning to Eliminate Critical Section**
   - **What**: Instead of using `#pragma omp critical` to serialize map updates, each thread now writes to partition-specific hash tables (64 partitions for 64 cores)
   - **Why**: Eliminates lock contention entirely during the main aggregation loop. Each partition is independent, so parallel writes succeed without synchronization
   - **Expected Impact**: 30-50% speedup on parallel aggregation phase by avoiding serialize critical sections

### 3. **Pre-reserve Hash Table Capacity**
   - **What**: Call `reserve()` on all hash tables upfront (partition tables and final merge table)
   - **Why**: Prevents costly rehashing during insertion. For 1.5M customers, pre-sizing to ~24K per partition avoids dynamic resizing
   - **Expected Impact**: 5-10% improvement by eliminating rehashing cycles

**Expected Total Improvement:** 40-70% speedup on aggregation_1 phase → overall execution time from ~8282 ms to **~4900-5400 ms**

**Correctness:**
- ✅ All [TIMING] lines preserved within `#ifdef GENDB_PROFILE` guards
- ✅ Pattern matching logic unchanged (same matches_pattern function)
- ✅ LEFT OUTER JOIN semantics preserved (all customers added, including those with 0 orders)
- ✅ Output format and ordering unchanged

The code compiles successfully with `-O3 -march=native` and maintains all safety checks.