Perfect! The code looks correct. Now let me provide a summary of the optimizations made:

## Summary of Optimizations (Iteration 9)

**Optimization Strategy**: Focused on the **scan_filter bottleneck** (33.98 ms / 66% of time)

### Changes Made:

1. **Replaced std::unordered_map with Compact Open-Addressing Hash Table**
   - Implemented `CompactHashTable<K,V>` with Fibonacci hashing and open addressing
   - ~2-5x faster than std::unordered_map due to better cache locality and no pointer chasing
   - Used for `part_by_key` hash table (lookup structure)

2. **Optimized Container Matching Using Bitwise Masks**
   - Pre-computed container codes into bitmasks (`sm_mask`, `med_mask`, `lg_mask`)
   - Replaced vector linear search with single bitwise AND operation: `((1 << p_cont) & sm_mask)`
   - Much faster predicate evaluation in both part filtering and lineitem scan

3. **Improved Hash Table Lookup**
   - Changed from `std::unordered_map::find()` returning iterator to direct pointer access
   - Direct dereference of pointer for value access: `auto* entry = part_by_key.find(...)` → `for (uint32_t p_idx : *entry)`
   - Slightly faster lookup path

4. **Optimized OpenMP Schedule**
   - Changed from `schedule(dynamic, 8192)` to `schedule(static, 8192)` 
   - Better cache locality and reduced thread synchronization overhead for predictable workload

### Expected Impact:
- **Part filtering**: Compact hash table + bitwise masks should be ~15-20% faster
- **Lineitem scan**: Better hash table performance + bitwise matching should reduce scan time by ~10-15%
- **Overall target**: ~45-48 ms (down from 50.49 ms) — approximately **5-10% improvement**

All [TIMING] lines preserved within `#ifdef GENDB_PROFILE` guards. Encoding logic unchanged. Compilation successful with no errors.