Excellent! All timing lines are preserved. Now let me create a summary of the optimization:

## Optimization Summary for Q1 Iteration 10

**Bottleneck Identified**: 
- `scan_filter` dominates at 61.67 ms (~99.9% of execution time)
- Full scan of 59.9M rows with simple date comparison

**Optimization Applied**: **Zone Map Pruning for l_shipdate**

### Changes Made:

1. **Loaded zone map index** (`indexes/zone_map_l_shipdate.bin`)
   - Parse header: `num_blocks=600`
   - Extract min/max values for each 100K-row block (8 bytes per block)

2. **Restructured scan loop** from row-by-row iteration to block-by-block iteration:
   - **Skip blocks** where `zone_min > 10516` (all rows in block exceed threshold)
   - **Fast-path** for blocks where `zone_max <= 10516` (all rows pass predicate, no per-row check needed)
   - **Partial check** for blocks straddling the predicate boundary

3. **Preserved thread parallelism**: OpenMP parallel block iteration with thread-local aggregation

### Expected Impact:

Since the data is sorted by `l_shipdate` (per storage guide) and blocks are 100K rows:
- Many trailing blocks will be entirely beyond the cutoff date (10516)
- These blocks can be skipped entirely (zero per-row checks)
- Early blocks may have all rows pass the predicate (fast-path, no branch misprediction)
- Saves significant CPU cycles from skipped row comparisons and branch prediction

The zone map enables **block-level skip logic** with minimal metadata overhead (~2.4 KB for 600 blocks).

### Compilation Status:
✅ Successfully compiled with `-O3 -march=native -std=c++17 -Wall -lpthread -fopenmp -DGENDB_PROFILE`

The code is ready for execution and validation by the Executor.