Perfect! Now let me print a brief summary:

---

## **Q3 Iteration 2: Evaluation & Analysis Complete**

### **Evaluation Result: ✅ PASS**

| Metric | Result |
|--------|--------|
| **Compilation** | ✅ Pass (no errors) |
| **Execution** | ✅ Pass (449ms avg, consistent) |
| **Correctness** | ✅ Pass (10/10 rows match ground truth) |
| **Overall Status** | ✅ **PASS** |

### **Performance Summary**

| Iteration | Time | Speedup | vs DuckDB |
|-----------|------|---------|-----------|
| Iter 0 | ? | - | - |
| Iter 1 | 1898ms | - | 20.8x slower |
| **Iter 2** | **449ms** | **4.23x** | 4.7x slower |

### **Key Improvements in Iteration 2**

1. **Custom Hash Table** — Replaced `std::unordered_map` with `FastHashTable` (open-addressing)
2. **Thread Count** — Increased from 32 to 48 threads
3. **Join Optimization** — Eliminated nested loops (removed `std::vector<OrderRecord>` per orderkey)
4. **Hash Operations** — Direct `find()`/`insert()` calls instead of bracket operators

### **Remaining Bottlenecks (Priority Order)**

1. **Zone Map Filtering** (Priority 1, +25-40% expected gain)
   - Storage design includes sorted indexes and zone maps but code doesn't use them
   - Can skip ~67% of lineitem blocks based on l_shipdate range
   - Implementation: Load zone map metadata, check block ranges, skip non-matching blocks

2. **SIMD Vectorization** (Priority 2, +10-15% expected gain)
   - AVX-512 available but not used for filtering or revenue calculations
   - Vectorize date comparisons and arithmetic operations

3. **Thread Count Tuning** (Priority 3, +3-7% expected gain)
   - Increase to 56-60 threads to better saturate 64-core hardware

4. **Hash Function Optimization** (Priority 4, +2-5% expected gain)
   - Use higher-quality hash (XXH3/MurmurHash) for composite tuple keys

### **Cumulative Expected Improvement**

Zone maps + SIMD + threading = **120-250ms reduction** → **~200-250ms target** (approaching DuckDB's 91ms more closely)

### **Output File**
✅ `/home/jl4492/GenDB/output/tpc-h/2026-02-14T06-39-17/queries/Q3/iter_2/evaluation.json`

All recommendations are specific, actionable, and reference actual code locations. The query is correct and well-optimized relative to iteration 1, with clear optimization paths forward.