Perfect! Now let me provide a summary of the optimizations made:

## Summary of Iteration 3 Optimizations

I've successfully optimized the Q1 C++ code with **2 key performance optimizations** targeting the dominant `scan_filter` bottleneck (118.29 ms, 99.6% of execution):

### Optimizations Applied:

1. **Loop Unrolling with Prefetching in Hot Path** (fully_included zones)
   - Changed from simple `for` loop to manually unrolled by 4 with inter-iteration prefetching
   - Added `_mm_prefetch()` calls to prefetch the next 2 iterations (dates and prices)
   - Hides memory latency by allowing CPU to fetch data while processing current iterations
   - **Expected improvement**: 8-12% on fully_included zones

2. **Vectorized Loop Processing with Prefetching** (partial zones)
   - Restructured partial zone loop to process 8 rows at a time with explicit unrolling
   - Added prefetching of the next 2 iterations (every 8 rows)
   - Better cache locality and reduced branch misprediction stalls
   - **Expected improvement**: 5-8% on partial zones

### Key Design Decisions:

- **Preserved all correctness guarantees**: Maintained exact same logic for date filtering, Kahan summation, and aggregation semantics
- **Maintained zone map pruning**: The fully_included fast path optimization works synergistically with zone pruning
- **Avoided SIMD comparison complications**: Kept scalar date comparisons in the loop itself (simple, predictable), used SIMD/prefetching for memory throughput optimization instead
- **Thread safety preserved**: All optimizations are within thread-local aggregation sections
- **Compilation verified**: Code compiles cleanly with `-O3 -march=native` flags

### Expected Impact:

Combined optimizations are expected to reduce `scan_filter` time from **118.29 ms → ~105-110 ms** (8-11% improvement), bringing total execution time to approximately **105-110 ms**.

This brings us closer to DuckDB's baseline of **86 ms** (on the same hardware), with further optimizations possible in future iterations targeting:
- More aggressive SIMD filtering (AVX2 masking)
- Data layout reorganization (SoA pattern)
- Column cache-line alignment

The code is ready for execution and validation. The Executor will run it, measure timing, and verify correctness.