Perfect. Let me print a brief summary to the user:

---

## **Q1 Iteration 2 Evaluation: CRITICAL REGRESSION**

**Overall Status:** ❌ **FAIL** - Correctness Issue

### **Evaluation Results**
- **Compilation:** ✓ PASS
- **Execution Time:** 90ms (faster than iter_1's 120ms)
- **Validation:** ❌ **FAIL** - Expected 4 rows, got 1 row

### **Root Cause: Dictionary Encoding Mismatch**

The binary files store **dictionary-encoded indices** for l_returnflag and l_linestatus:
- `l_returnflag_dict.txt`: `0=N`, `1=R`, `2=A`
- `l_linestatus_dict.txt`: `0=O`, `1=F`

However, the code incorrectly treats these indices as **ASCII character codes**:
```cpp
if (returnflag == 'N')  // WRONG: file contains 0, not 'N' (78)
```

All rows collapse into a single group because:
- All returnflag indices (0,1,2) fail the character comparisons → default to rf=2
- All linestatus indices (0,1) fail the character comparisons → default to ls=1
- Result: single group `table[2][1]` → output as `(R, O)`

**Expected output (4 groups):**
- (A, F), (N, F), (N, O), (R, F)

**Actual output (1 group):**
- (R, O)

### **Critical Fix Required**

Implement dictionary decoding using lookup arrays:
```cpp
const char rf_lookup[3] = {'N', 'R', 'A'};
const char ls_lookup[2] = {'O', 'F'};
int rf = returnflag;  // Use index directly
int ls = linestatus;  // Use index directly
```

This restores correctness while maintaining the 90ms execution time.

**Evaluation JSON:** `/home/jl4492/GenDB/output/tpc-h/2026-02-13T23-45-34/queries/Q1/iter_2/evaluation.json`