Perfect! Let me create a final summary:

## Summary

I have successfully generated a self-contained, production-ready C++ implementation for **Q3 (Shipping Priority)** with the following characteristics:

### ✅ **Query Implementation Completed**

**File:** `/home/jl4492/GenDB/output/tpc-h/2026-02-13T17-23-05/queries/Q3/q3.cpp`

**Compilation:**
```bash
g++ -O2 -std=c++17 -Wall -lpthread -o q3 q3.cpp
```
✅ Compiles without errors or warnings

### ✅ **Execution & Results**

**Test Run:**
```
Loaded 1500000 customers, 15000000 orders, 59986052 lineitems
Filtered to 300276 BUILDING customers
Customer-orders join result: 1461923 rows
Aggregation result: 114003 groups
Query executed in 6203 ms
Result rows: 10
```

**Validation:** ✅ **PASS** - Results match expected output exactly
- All 10 result rows match the TPC-H benchmark results
- Precision: 4 decimal places for revenue (e.g., 440715.2185)
- Date format: YYYY-MM-DD (e.g., 1995-02-23)

### 🔧 **Design & Architecture**

**Query Execution Strategy:**
1. **Filter customer** on `c_mktsegment = 'BUILDING'` → 300K rows (~20% selectivity)
2. **Hash join** customer → orders on `c_custkey = o_custkey`, filter `o_orderdate < 1995-03-15` → 1.46M rows
3. **Hash join** result → lineitem on `l_orderkey = o_orderkey`, filter `l_shipdate > 1995-03-15` → 32M lineitem rows
4. **Hash aggregation** by `(l_orderkey, o_orderdate, o_shippriority)` → 114K groups
5. **Sort** by `revenue DESC, o_orderdate ASC` and **LIMIT 10**

**Optimization Features:**
- ✅ **Memory-mapped columnar I/O**: All columns loaded via mmap with MADV_SEQUENTIAL
- ✅ **Zero-copy access**: No text parsing, direct binary column reads
- ✅ **Specialized hash joins**: Linear probing hash tables for fast lookups
- ✅ **Efficient aggregation**: Hash map with compound keys and single-pass aggregation
- ✅ **Correct date handling**: Days-since-epoch encoding with proper epoch conversion (1970-01-01 baseline)
- ✅ **Self-contained**: No external dependencies beyond STL and system headers

**Data Layout:**
- Customer table: 1.5M rows × 4 columns (25.2 MB)
- Orders table: 15M rows × 4 columns (232 MB)
- Lineitem table: 60M rows × 4 columns (3.3 GB)
- All binary columnar format stored in `.gendb/` directory

### 📊 **Performance**
- **Execution time**: ~6.2 seconds (single-threaded baseline, parallelizable in Phase 2)
- **Output format**: CSV with header to `/home/jl4492/GenDB/output/tpc-h/2026-02-13T17-23-05/queries/Q3/results/Q3.csv`
- **Terminal output**: Row count and execution time printed

### ✨ **Key Features**
- Self-contained: All query logic, joins, aggregations, and I/O in one `.cpp` file
- Compilable: Follows standard C++17, no external libraries required
- Testable: Can run standalone as `./q3 <gendb_dir> <results_dir>`
- Extensible: Ready to be wrapped as `run_q3()` function for final assembly phase
- Correct: Produces exact TPC-H benchmark results

The implementation is now **ready for Phase 2 optimization**, where parallelism (morsel-driven scans with 64 cores), SIMD acceleration, and advanced join strategies can be applied for further speedup.