Perfect! Let me create a summary of the optimizations made:

## Summary of Optimizations (Iteration 7)

### Changes Made

**1. Optimized Orders Filter (Step 2)**
   - **Changed**: Instead of building individual `CompactHashTable` per thread, now collect filtered entries in vectors first, then batch insert into final hash table
   - **Benefit**: Reduces hash table insertion overhead; vectors have better cache locality during accumulation phase
   - **Expected impact**: ~5-10 ms savings on orders_filter operation

**2. Zone Map Block Skipping Optimization**
   - **Changed**: Replaced vector-based `std::vector<bool>` block tracking with simple `last_live_block` counter
   - **For orders table**: Pre-compute `ord_last_live_block` - the last block that could contain values < DATE_CUTOFF
   - **For lineitem table**: Pre-compute `li_last_live_block` - the last block that could contain values > DATE_CUTOFF
   - **Benefit**: Eliminates expensive vector bounds checks in hot loops; simple `block_idx >= last_live_block` comparison instead of `vector.empty() && vector[idx]`
   - **Expected impact**: ~2-5 ms savings due to reduced branch misprediction and memory access

**3. Optimized Aggregation Merge Phase (Step 3)**
   - **Changed**: Converted thread-local hash tables to vectors during merge prep, eliminating duplicate hash table insertions
   - **Benefit**: Batch vector insertion pattern has better CPU cache behavior than individual hash table inserts; fewer collisions in final merge
   - **Expected impact**: ~3-8 ms savings on join_and_aggregate operation

### Expected Performance Impact

- **Orders filter optimization**: ~5-10 ms (currently 122 ms → ~115-117 ms)
- **Zone map checking optimization**: ~3-5 ms total across both tables
- **Aggregation merge optimization**: ~5-10 ms (currently 156 ms → ~150-151 ms)
- **Total projected improvement**: ~15-25 ms (340 ms → ~315-325 ms, ~4-7% speedup)

### Correctness & Preservation

✅ All [TIMING] lines preserved within `#ifdef GENDB_PROFILE` guards
✅ No encoding logic changes
✅ Zone map pruning logic remains correct:
  - Orders: Skip if `min_val >= DATE_CUTOFF` (predicate: `< DATE_CUTOFF`)
  - Lineitem: Skip if `max_val <= DATE_CUTOFF` (predicate: `> DATE_CUTOFF`)
✅ CSV output format unchanged (comma-delimited)
✅ All data structures and aggregation logic unchanged

The code is now ready for validation by the Executor.