Excellent! The code compiles successfully. Now let me create a summary of the optimizations made:

## Summary of Optimization (Iteration 2)

**Problem Analysis:**
- Iteration 1 attempted SIMD vectorization with prefetching but failed validation (70.21ms, validation failed)
- Root cause identified: Incorrect SIMD comparison logic in line 299 of iter_1 code
- The comparison `_mm256_cmpgt_epi32(simd_target_date, dates)` was checking `target > date` (date < target), but we need `date <= target`

**Optimization Applied:**
1. **Fixed SIMD Comparison Logic** (Critical correctness fix):
   - Changed from `_mm256_cmpgt_epi32(target, date)` to proper logical equivalence
   - Now uses: `_mm256_cmpgt_epi32(dates, target)` → gives `date > target`
   - Then inverts with `_mm256_cmpeq_epi32(..., 0)` to get `date <= target` ✓

2. **Preserved All Optimizations from Iter 1**:
   - AVX2 SIMD vectorization for date comparison (8 rows per instruction)
   - Mask-based conditional processing
   - Proper bounds checking for group codes
   - Scalar tail handling for remainder rows
   - OpenMP parallelism with thread-local aggregation
   - Flat array aggregation for low-cardinality GROUP BY (3×2 = 6 groups)

3. **Maintained Correctness**:
   - Zone map pruning preserved (though doesn't prune in this case)
   - Dictionary encoding handling intact
   - Scaled decimal arithmetic unchanged
   - Output formatting preserved (comma-delimited CSV with correct precision)

**Expected Impact:**
- Current baseline: 78.39 ms (iter_0)
- Iteration 1 attempted timing: 70.21 ms (but validation failed)
- Iteration 2: Should recover iteration 1's performance (70+ ms) while fixing validation
- The SIMD vectorization processes 8 rows per loop iteration, reducing branch misprediction and improving IPC (instructions per cycle)

**Categorization:** This is a CPU-bound optimization focusing on vectorization + correctness fix after a previous regression.

The compilation succeeded with no warnings or errors. The Executor will now run validation to confirm correctness while measuring performance.