Perfect! The code looks good. Let me create a summary of the optimizations:

## Summary of Iteration 2 Optimizations

### Changes Made:

1. **Added OpenMP header** (`#include <omp.h>`) for parallel execution support

2. **Parallelized Threshold Computation (143.11 ms → expected ~20-30 ms)**
   - Added `#pragma omp parallel for` with `reduction(+:total_value, matching_rows)` 
   - Uses dynamic scheduling with 10K-row morsels to balance workload
   - OpenMP automatically handles thread synchronization for reductions

3. **Parallel Aggregation with Thread-Local Hash Tables (212.10 ms → expected ~30-50 ms)**
   - Created `num_threads` independent hash tables (one per thread)
   - Each thread aggregates into its local table without lock contention
   - Pre-sized each thread's table to `2M / num_threads + 1000` capacity
   - Merge phase combines all thread-local results into final result
   - Uses dynamic scheduling for even load distribution

### Expected Performance Impact:
- **Threshold computation**: 143.11 ms → ~20-30 ms (75-85% reduction)
- **Aggregation**: 212.10 ms → ~30-50 ms (75-85% reduction)
- **Overall total**: 387.56 ms → **~75-110 ms** (70-80% reduction expected)

### Correctness Guarantees:
- ✅ All [TIMING] lines preserved within `#ifdef GENDB_PROFILE` guards
- ✅ Encoding logic unchanged
- ✅ Calculation logic identical (threshold division, product calculation)
- ✅ Results vector and sorting remain correct
- ✅ CSV output format unchanged

The compilation succeeded with no errors. The Executor will now run and validate the results against expected outputs.