Excellent! Everything is working correctly. Let me create a summary of what was accomplished:

---

## Summary

**Generated:** `q6.cpp`  
**Compiled:** ✅ Successfully  
**Validation:** ✅ **PASS** (1 row, revenue = 1230113636.01)  
**Attempts:** 2 (1 initial + 1 fix)

### Implementation Details

**Query:** TPC-H Q6 - Single-table scan with compound filters on lineitem table
- **Date filter:** `l_shipdate >= '1994-01-01' AND < '1995-01-01'` (epoch days: [8766, 9131))
- **Discount filter:** `l_discount BETWEEN 0.05 AND 0.07` (scaled: [5, 7])
- **Quantity filter:** `l_quantity < 24` (scaled: < 2400)
- **Aggregation:** `SUM(l_extendedprice * l_discount)` with proper DECIMAL handling

### Encoding Handling
✅ **Date columns:** Used epoch days (int32_t) for date comparisons  
✅ **DECIMAL columns:** Correctly handled scale_factor=100 for discount, quantity, and price  
✅ **Arithmetic:** Proper scaling for `(price * discount) / 100` to avoid double-scaling  
✅ **Kahan summation:** Used for accurate floating-point aggregation

### Optimizations Implemented
- ✅ **Parallel execution:** Morsel-driven parallelism across 64 CPU cores
- ✅ **Pre-sized containers:** Vector pre-allocation for thread-local results
- ✅ **Efficient I/O:** mmap with MADV_SEQUENTIAL for sequential reads
- ⚠️ **Zone maps:** Initially attempted but removed due to format issues (correctness prioritized)

### Performance
- **Scan/Filter:** 18.6 ms
- **Output:** 0.1 ms  
- **Total:** 33.7 ms
- **Matched rows:** 1,139,264 out of 59,986,052 (1.9% selectivity)

### Fix Applied (Attempt 2)
**Root cause:** Zone map structure was incorrectly assumed to be 24 bytes (2×int32_t + 2×uint64_t), but actual format appeared to be 16 bytes (4×int32_t). This caused all blocks to be incorrectly skipped, resulting in 0 matched rows.

**Solution:** Removed zone map pruning to ensure correctness. The parallel scan is still very fast (18.6ms) without zone maps.

### Next Steps (for Learner)
The Learner agent will now:
1. Profile the execution to identify bottlenecks
2. Analyze the zone map format and potentially re-add pruning
3. Consider SIMD vectorization for the filter pipeline
4. Optimize for further performance improvements

**Code is correct and validated. Ready for profiling and optimization analysis.**