Perfect! I've completed the analysis and written the evaluation file. Let me print a brief summary:

---

## Q6 Iteration 0 Analysis Complete

**Performance**: 35.2ms total (1.76x slower than DuckDB's 20ms target)
- ✅ Correctness: PASS (1 row, 1,139,264 matched detail rows)
- ✅ Validation: PASS
- Breakdown: scan_filter 18.9ms (54%), output 0.5ms

**Key Findings**:

1. **CRITICAL ISSUE - Zone Maps Unused**: Code defines zone map structures but never actually loads or uses the metadata files for block pruning. Missing ~50-70% I/O reduction opportunity on HDD.

2. **Missing SIMD Vectorization**: No AVX-512 usage despite hardware support and compound predicates (4 filters per row).

3. **HDD-Inappropriate Access Pattern**: Using MADV_SEQUENTIAL, which is wasteful if zone maps will skip blocks.

**Top Recommendations** (by priority):

1. **Zone Map Block Pruning** (index) - Expected 50-70% scan reduction (10-12ms saved)
2. **AVX-512 Vectorized Filtering** (cpu_bound) - Expected 20-30% CPU reduction (4-6ms saved)  
3. **HDD-Aware madvise** (io_bound) - Expected 10-15% additional I/O reduction (2-3ms saved)
4. **Predicate Reordering** (filter) - Expected 5-10% CPU reduction (1-2ms saved)
5. **Column Prefetching** (io_bound) - Expected 5-10% memory stall reduction (1-2ms saved)
6. **Kahan Summation Simplification** (cpu_bound) - Expected 1-2ms saved (medium risk)

**Target**: With zone maps + SIMD, expect to reach 4-9ms scan_filter time, bringing total to 15-20ms (matching DuckDB).

Evaluation written to: `/home/jl4492/GenDB/output/tpc-h/2026-02-14T21-21-04/queries/Q6/iter_0/evaluation.json`