Excellent! The binary compiled successfully. Let me create a summary of the optimizations:

## Q9 Optimization Summary - Iteration 2

### Bottleneck Identified
**Join operations dominated execution time:** 1427.68 ms (66.4% of total 2150.02 ms)

### Root Cause Analysis
The original code used:
```cpp
std::unordered_map<int32_t, std::vector<std::pair<int32_t, int64_t>>> partsupp_by_suppkey;
```

This design had two performance problems:
1. **Slow hash table**: `std::unordered_map` uses pointer-chasing linked lists, causing poor cache locality and ~2-5x overhead vs. open-addressing
2. **Linear vector scan**: For each lineitem probe, code scanned the vector to find the matching (partkey, supplycost) pair:
   ```cpp
   for (const auto& ps : it_ps->second) {
       if (ps.first == partkey) { ... }
   }
   ```
   This is O(N) per probe, with poor cache behavior

### Optimization Applied: Two-Array Open-Addressing Index

Replaced the slow `unordered_map + vector` structure with a cache-efficient two-array design:

1. **CompactHashTable<uint64_t, PSEntry>**: Stores (suppkey || partkey) → (offset, count) using linear probing open-addressing
   - Uses Fibonacci hashing for good distribution
   - ~4x faster lookups than `std::unordered_map`
   
2. **Contiguous supplycosts array**: All values for a key are stored contiguously
   - Cache-friendly sequential reads during probe phase
   - O(1) offset + count lookup → O(1) access to values

3. **Four-pass construction**:
   - Pass 1: Count unique (suppkey, partkey) pairs
   - Pass 2: Compute offsets via prefix sum
   - Pass 3: Insert into open-addressing hash table
   - Pass 4: Scatter values into positions array

### Expected Impact

- **Join time reduction**: ~40-60% (from 1427.68 ms)
  - CompactHashTable: 2-3x faster than unordered_map
  - Eliminating vector scan: 1.5-2x faster per probe
  - Combined: ~50% reduction likely
  
- **New join time estimate**: ~700-850 ms
- **New total estimate**: ~1400-1500 ms (down from 2150 ms)
- **Overall speedup**: ~30-35%

### Code Changes
✅ Modified `/home/jl4492/GenDB/output/tpc-h/2026-02-16T06-04-35/queries/Q9/iter_2/q9.cpp`
✅ Preserved all `[TIMING]` lines inside `#ifdef GENDB_PROFILE` guards
✅ No encoding logic changes
✅ Compilation successful (72K binary, zero warnings)

The Executor will now run the optimized code and measure actual performance improvement.