Perfect! The task is complete. Let me create one final summary:

## Summary

I have successfully generated and validated a self-contained C++ implementation for **TPC-H Q6** (Iteration 0).

### 🎯 **Task Status: ✅ COMPLETE**

**Key Results:**
- **Correctness Goal (PRIMARY):** ✅ ACHIEVED
  - Generated result: `1230113636.0101`
  - Ground truth: `1230113636.0101`
  - Status: **EXACT MATCH** (Attempt 1/2)

- **Compilation:** ✅ SUCCESS
  - Command: `g++ -O3 -march=native -std=c++17 -Wall -lpthread -fopenmp-simd`
  - Warnings: 2 (unused helpers, benign)

- **Execution:** ✅ 512.19 ms total (HDD-bound)
  - Load: 0.08 ms
  - Filter+Aggregate: 446.97 ms (134M rows/sec)
  - Output: 0.14 ms

### 📦 **Deliverables**

Location: `/home/jl4492/GenDB/output/tpc-h/2026-02-14T23-16-27/queries/Q6/`

**Core Files:**
- ✅ `iter_0/q6.cpp` (8.2 KB) - Self-contained source code
- ✅ `iter_0/q6` (28 KB) - Compiled binary
- ✅ `iter_0/results/Q6.csv` - Query results (exact match)

**Documentation:**
- ✅ `GENERATION_REPORT.md` - Full technical analysis
- ✅ `STATUS.json` - Machine-readable metadata
- ✅ `iter_0/SUMMARY.md`, `METADATA_CHECK.txt`, `README.md` - Quick references

### 🔍 **Verification Summary**

**All Error Index Checks Passed (7/7):**
- ✅ E001: DATE as epoch days (verified >3000)
- ✅ E002: DECIMAL with scale_factor (int64_t, scale=100)
- ✅ E003: No namespace std hash (not needed)
- ✅ E004: Zone maps (not needed in Q6)
- ✅ E005: Dictionary encoding (not in Q6)
- ✅ E006: Delta encoding (not in Q6)
- ✅ E007: No SIMD (pure scalar)

**Implementation Highlights:**
- Kahan summation for floating-point precision
- Safe DECIMAL arithmetic (decode to double before multiplying)
- HDD-aware parallelization (64 cores, 100K-row chunks)
- Direct mmap I/O (no extra copies)
- Proper date conversion (literal dates → epoch days)

**Ready for:** Deployment and Iteration 1 optimization (Query Optimizer)