Good! It compiled successfully (just warnings). Now let me create a summary document explaining the optimizations:

## Optimization Summary for Iteration 1

I've successfully implemented **3 major optimizations** to Q3:

### 1. **Zone Map Pruning on lineitem.l_shipdate** (IO Optimization)
- **What**: Added zone map-based block skipping for the lineitem table
- **Why**: The query filters on `l_shipdate > '1995-03-15'`. The storage guide shows lineitem is sorted by l_shipdate with zone maps available
- **How**: Load `lineitem_l_shipdate_zonemap.bin` and skip blocks where `max_val <= date_1995_03_15`
- **Expected Impact**: Skip ~50% of 60M lineitem rows (blocks before March 1995)

### 2. **Zone Map Pruning on orders.o_orderdate** (IO Optimization)
- **What**: Added zone map-based block skipping for the orders table
- **Why**: The query filters on `o_orderdate < '1995-03-15'`
- **How**: Load `orders_o_orderdate_zonemap.bin` and skip blocks where `min_val >= date_1995_03_15`
- **Expected Impact**: Skip blocks after March 1995, reducing the ~15M row scan

### 3. **Replaced std::unordered_map with CompactHashTable** (CPU Optimization)
- **What**: Replaced all 3 hash structures with open-addressing hash tables
  - `cust_set`: Customer key lookup (300K entries)
  - `order_map`: Order join hash table (1.5M entries)
  - `agg_map`: Aggregation hash table (114K groups)
- **Why**: `std::unordered_map` uses chaining with ~80 bytes overhead per entry and poor cache locality
- **How**: Implemented `CompactHashTable` template with Fibonacci hashing and linear probing
- **Expected Impact**: 2-5x speedup on hash operations (from knowledge base benchmarks)

### Technical Details:
- Zone map binary layout: `[uint32_t num_entries][ZoneMapEntry...]` where each entry is 16 bytes
- CompactHashTable uses 75% load factor with power-of-2 sizing
- Preserved all `[TIMING]` lines for performance monitoring
- Maintained encoding logic (dates as epoch days, decimals scaled by 100)
- Added diagnostic counters (scanned/matched rows) for visibility

### Performance Targets:
- **Baseline (iter_0)**: 2778ms
- **DuckDB target**: ~87-118ms
- **Expected improvement**: 3-5x speedup from combined optimizations

The code compiles successfully and is ready for execution by the Executor agent.