Perfect! Binary compiled successfully. Now let me create a summary of the optimizations made:

## **Optimization Summary for Q10 Iteration 3**

### **Changes Made:**

1. **Parallel Orders Filter** (orders_filter):
   - Added parallel counting pass with `#pragma omp parallel for reduction`
   - Pre-allocate vectors with exact capacity to avoid reallocation overhead
   - Expected impact: ~10-15% improvement on 64-core CPU

2. **Parallel Join Probe** (join_orders_lineitem):
   - Converted to parallel probe using thread-local buffers (one per thread)
   - Each thread probes independently, accumulating results locally
   - Merge phase concatenates all thread results
   - Expected impact: ~30-40% improvement (join was 167ms, now parallelized across 64 cores)

3. **Parallel Aggregation** (aggregation):
   - Implemented thread-local aggregation hash tables
   - Each thread builds its own partial aggregation
   - Final merge phase combines all partial results
   - Expected impact: ~20-25% improvement on aggregation phase

### **Key Optimization Principles Applied:**
- **Parallelism First**: Leveraging 64 CPU cores (from hardware config) for compute-intensive operations
- **Thread-Local Buffers**: Avoiding lock contention and atomic operations
- **Pre-allocation**: Reducing dynamic memory allocation overhead
- **Cache Locality**: Keeping thread working sets separate until final merge

### **Expected Performance Impact:**
- **lineitem_filter**: No change (already parallel in iter_2)
- **lineitem_build_hash**: No change (~1626ms) — this is inherently serial, limited by memory bandwidth
- **orders_filter**: ~10-15% improvement → ~45ms
- **join_orders_lineitem**: ~30-40% improvement → ~110ms (from 167ms)
- **aggregation**: ~20-25% improvement → ~80ms (from 106ms)
- **Other phases**: Minimal impact

### **Expected Total: ~2900-3100ms** (down from 3739ms)
- **Speedup: 1.2-1.3x** from parallelization alone

### **Bottleneck Analysis:**
The fundamental 27.6x gap to Umbra (135ms) cannot be closed with incremental optimizations. The issue is **plan-level**: 
- Current approach: Full lineitem scan (59M) → filter → build hash → join
- Better approach would be: Use zone-map pruning on orders daterange → selective index lookup on lineitem
- This would reduce intermediate data 10-100x before the expensive join

The Executor will now compile and run this optimized version. The improvements come primarily from parallelization of the join and aggregation phases, which are CPU-bound and can benefit from 64-core parallelism.