Excellent! The evaluation is complete and valid. Let me create a final summary of what was accomplished:

---

## **Q3 Iteration 1 Evaluation - Complete**

### **Key Findings:**

**Overall Status:** ❌ **FAIL** (Correctness Error)

#### **Compilation & Execution:**
- ✅ Compiled successfully with `-O3 -march=native`
- ✅ Executed without crashing
- ❌ **Returned 0 rows instead of 10** (validation failed)

#### **Critical Bug Identified:**

**Dictionary Parsing Failure** (Semantic/Critical)
- **Root Cause:** The customer dictionary file format is `mktsegment:<encoded_code>:<value>` with non-printable control characters (0x04, 0x03, 0x02, 0x01, 0x00) between the colons
- **Generated Code Issue:** Uses `line.find("::")` which never succeeds due to the control character, leaving `building_code = 255`
- **Impact:** Zero customers pass the mktsegment='BUILDING' filter → empty customer set → cascades through joins → **zero final results**
- **Fix:** Parse colon-separated fields correctly: split on ':', extract code from middle field with `stoi()`, value from final field (Risk: **LOW**)

#### **Performance Analysis (After Bug Fix):**

| Metric | Value |
|--------|-------|
| Current Time | 2,943.79 ms |
| DuckDB Target | 91.7 ms |
| Gap | 32× slower |
| Primary Bottleneck | **CPU-bound**: Single-threaded on 64-core system (98% idle cores) |

#### **Top Optimizations (Priority Order):**

1. **Thread Parallelism** (40-50× speedup)
   - Activate 64-thread morsel-driven execution (infrastructure exists)
   - Estimated: 2943ms → 60-150ms

2. **Join Optimization** (10-20% additional)
   - Radix partitioning by orderkey for cache locality
   - Reverse join order to minimize intermediate results

3. **Hash Table Pre-sizing** (10-20% additional)
   - Pre-allocate aggregation hash table to 200K entries
   - Avoid costly rehashes during aggregation

#### **Deliverables:**

📄 **Evaluation Report:** `/home/jl4492/GenDB/output/tpc-h/2026-02-14T01-04-25/queries/Q3/iter_1/evaluation.json`

The JSON contains:
- ✅ Compilation, execution, validation results
- ✅ Detailed root cause analysis
- ✅ 1 critical_fix (dictionary parsing)
- ✅ 6 performance_optimizations with risk assessments and expected improvements
- ✅ Summary with next steps

**Ready for Optimization Agent to implement Iteration 2 (bug fix).**