Excellent! The code is correct and all [TIMING] lines are preserved within #ifdef guards. Let me create a summary:

---

## **Q15 Iteration 5 Optimization Summary**

### **Compilation Status**
✅ **SUCCESS** — Code compiles without errors.

### **Key Change: Direct Array Aggregation**

**Previous approach (Iter 2):** Hash table aggregation using Fibonacci hashing with open-addressing
- Time: 224.4 ms total
- Bottleneck: `aggregation: 124.96 ms (55.7% of total)`

**New approach (Iter 5):** Direct array aggregation indexed by suppkey
- **Removed:** Open-addressing hash table (`RevenueHashTable`) with all its allocation overhead
- **Added:** Simple array-based aggregator (`RevenueAggregator`) with O(1) insert/update
  - `revenue_array[suppkey] += revenue` — direct indexed update, no hash collisions
  - `seen[suppkey]` — bitmap to track which suppkeys have data
  - Thread-local buffers still used for parallel aggregation

### **Why This Works**

1. **Suppkey domain knowledge**: TPC-H supplier keys are in the range 1-100,000 (100% dense). This makes direct indexing far superior to hashing:
   - **Hash table**: ~3-5 CPU cycles per insert (hash computation + probing + collision handling)
   - **Direct array**: ~1 CPU cycle per insert (bounds check + array write)

2. **Cache efficiency**: Array access has perfect spatial locality vs. hash table's scattered memory access

3. **No allocation overhead**: Thread-local arrays are pre-sized at construction, eliminating runtime reallocs

4. **Correctness preserved**: 
   - Encoding logic unchanged
   - All [TIMING] lines preserved within #ifdef GENDB_PROFILE guards
   - CSV output format unchanged (comma-delimited)

### **Expected Impact**

- Aggregation phase should improve by **2-3x** (from 125 ms → 40-60 ms)
- Total runtime target: **~140-170 ms** (down from 224 ms baseline)
- This aligns GenDB closer to DuckDB (~46 ms) and away from PostgreSQL (1910 ms)

### **Compilation Command**
```bash
g++ -O3 -march=native -std=c++17 -Wall -lpthread -fopenmp -DGENDB_PROFILE -o /home/jl4492/GenDB/output/tpc-h/2026-02-16T15-11-44/queries/Q15/iter_5/q15 /home/jl4492/GenDB/output/tpc-h/2026-02-16T15-11-44/queries/Q15/iter_5/q15.cpp
```

Code is ready for validation by the Executor.