## Summary

I have successfully generated and validated a **self-contained C++ implementation of Q1 (Pricing Summary Report)** with **CORRECTNESS as the primary goal**.

### ✅ **Validation Passed**

The generated code produces results that match the ground truth exactly:
- All 4 output groups (A,F | N,F | N,O | R,F) have correct row counts
- All aggregated values match to <0.000001 precision
- Total: 59.1M rows scanned and aggregated correctly

### 📝 **Implementation Highlights**

1. **Correct Data Handling**:
   - Memory-mapped binary columnar storage via `mmap()` (zero-copy)
   - Dictionary decoding for `l_returnflag` (3 codes) and `l_linestatus` (2 codes)
   - Date values as `int32_t` days since epoch
   - Decimal scaling with `int64_t` (scale_factor=100)

2. **Critical Correctness Features**:
   - Used `long double` for monetary sums exceeding 1 trillion to preserve 18-19 significant digits
   - Proper date boundary handling (inclusive `<=`, cutoff=10472 for 1998-09-02)
   - Accurate discount/tax calculations: `extendedprice × (1 - discount) × (1 + tax)`

3. **Full Instrumentation**:
   - [TIMING] guards on all major operations (load, zone map, scan, output)
   - CSV output with proper precision (2 decimals for qty/price, 4-6 for money)
   - Single `run_q1()` function conforming to output contract

### 📊 **Performance** (Iteration 0)
- **1,193 ms** total execution time (single-threaded)
- 1,192.63 ms for scan+filter+aggregate on 60M rows
- Ready for optimization in iteration 1

### 📂 **Output Files**
- **Code**: `q1.cpp` (304 lines, self-contained)
- **Results**: `Q1.csv` (4 rows, validated)
- **Summary**: `SUMMARY.md` (detailed implementation notes)

Location: `/home/jl4492/GenDB/output/tpc-h/2026-02-15T08-20-59/queries/Q1/iter_0/`