Perfect! The binary is compiled and ready. Let me now create a summary document showing the optimization made:

## Summary of Q10 Iteration 4 Optimization

**Bottleneck Identified:**
- The `join_aggregate` phase dominated execution time (1129.15 ms, 27% of total 4161.66 ms)
- This phase processes 14.8M filtered lineitem rows sequentially through 3 hash table probes and aggregates into 381K groups
- Single-threaded execution wastes 63 cores (out of 64) on a 64-core system

**Optimization Applied:**
**Parallel Join-Aggregate with Thread-Local Aggregation Buffers**

1. **Changed loop from sequential to parallel**: Added `#pragma omp parallel for` to the lineitem iteration loop
2. **Thread-local aggregation**: Each thread maintains its own aggregation hash map to avoid lock contention
   - Pre-allocated `thread_agg_maps` vector with one map per thread
   - Each thread accumulates results into its local map without synchronization
3. **Merge phase**: After parallel loop, merge all thread-local maps into a global result
   - Single-threaded merge is acceptable since it processes only 381K unique groups

**Expected Performance Impact:**
- **join_aggregate phase**: ~4-7x speedup (from 1129.15 ms → ~200-300 ms)
- **Overall query**: ~1.5-2x speedup (from 4161.66 ms → ~2200-2800 ms)
- This aligns GenDB much closer to competitors like MonetDB (~230 ms), DuckDB (~217 ms), and ClickHouse (~481 ms)

**Code Changes:**
- Parallelized the join_aggregate loop using OpenMP
- Added thread-local aggregation map vector
- Preserved all [TIMING] lines within `#ifdef GENDB_PROFILE` guards for profiling
- Maintained correctness by using thread-safe aggregation pattern

**Compilation:**
✅ Successfully compiled with `-O3 -march=native -std=c++17 -fopenmp -DGENDB_PROFILE`

The optimization is complete and ready for execution validation by the Executor.