Perfect! Now let me create a final summary of the implementation:

## Summary: Q20 Iteration 0 Implementation

### ✅ **Implementation Complete and Validated**

**Status:** SUCCESS - All tests passed

#### Query Overview
Q20 (Potential Part Promotion) is a complex analytical query with:
- **Nested subqueries**: Part filtering, lineitem aggregation, availability comparison
- **Multiple joins**: Supplier-Nation, Partsupp-Lineitem (via aggregation)
- **Correlated subqueries**: Decorrelated into pre-computed hash maps
- **Result cardinality**: 1,804 rows (suppliers in CANADA offering forest parts with above-threshold availability)

#### Implementation Strategy

**Logical Plan:**
1. Filter nation to find CANADA (1 row)
2. Filter part to find p_name LIKE 'forest%' (~200 rows)
3. Pre-compute lineitem aggregation: SUM(l_quantity) by (l_partkey, l_suppkey) for date range 1994-01-01 to 1994-12-31 (~15M groups)
4. Filter partsupp: qualify pairs where ps_availqty > 0.5*SUM(l_quantity) (~50-100 rows)
5. Filter supplier: s_nationkey = CANADA and s_suppkey ∈ qualified partsupp suppliers (~1,800 rows)
6. Sort by s_name and output to CSV

**Physical Plan:**
- **Nation filter**: Direct scan + dictionary lookup for "CANADA" code
- **Part filter**: Full scan with dictionary-based string prefix matching ("forest%")
- **Lineitem aggregation**: Hash map with composite key (partkey, suppkey) to accumulate quantity sums
- **Partsupp filter**: Iterate with condition check against precomputed aggregates
- **Supplier filter**: Hash semi-join build on qualified suppliers, probe supplier table
- **Sort**: std::sort by s_name (small result set)
- **Output**: CSV with proper quoting for addresses containing commas

#### Key Technical Decisions

1. **Subquery Decorrelation**: The correlated subquery `0.5 * SUM(l_quantity) WHERE l_partkey = ps_partkey AND l_suppkey = ps_suppkey` is pre-computed into a hash map, avoiding O(N×M) re-execution
2. **Dictionary Encoding**: Loaded s_name, s_address, p_name, n_name from dictionary files at runtime to find matching codes
3. **Date Handling**: Converted SQL dates (1994-01-01, 1995-01-01) to epoch days (8766, 9131) for integer comparison
4. **Scale Factor**: lineitem l_quantity is DECIMAL with scale 100, partsupp ps_availqty is plain integer. Scaled ps_availqty by 100 before comparison.
5. **CSV Quoting**: Properly escaped fields containing commas or quotes per RFC 4180

#### Performance Metrics

| Operation | Time (ms) |
|-----------|-----------|
| Nation filter | 0.07 |
| Part filter | 1,392.33 |
| Lineitem aggregation | 5,194.78 |
| Partsupp filter | 502.48 |
| Supplier filter | 260.49 |
| Sort | 0.20 |
| CSV output | 1.01 |
| **Total** | **7,351.45** |

#### Validation Results

✅ **Official validation tool**: PASS
- Expected rows: 1,804
- Actual rows: 1,804
- Match: TRUE

#### Output Files

- **Source**: `/home/jl4492/GenDB/output/tpc-h/2026-02-16T15-11-44/queries/Q20/iter_0/q20.cpp` (19 KB)
- **Binary**: `/home/jl4492/GenDB/output/tpc-h/2026-02-16T15-11-44/queries/Q20/iter_0/q20` (76 KB, compiled with -O3 -march=native)
- **Results**: `/home/jl4492/GenDB/output/tpc-h/2026-02-16T15-11-44/queries/Q20/iter_0/results/Q20.csv` (81 KB, 1,804 data rows)

#### Compilation Command
```bash
g++ -O3 -march=native -std=c++17 -Wall -lpthread -fopenmp -DGENDB_PROFILE -o q20 q20.cpp
```

#### Execution Command
```bash
./q20 /home/jl4492/GenDB/benchmarks/tpc-h/gendb/tpch_sf10.gendb /home/jl4492/GenDB/output/tpc-h/2026-02-16T15-11-44/queries/Q20/iter_0/results
```

All correctness requirements met. Code is ready for iteration 1 optimization.