Perfect! Let me create a brief summary:

## Q1 Iteration 3 Evaluation Summary

**✅ EVALUATION COMPLETE**

### Performance Metrics
- **Execution Time**: 49 ms (59.1M rows processed)
- **Correctness**: ✅ PASS - 4 rows, all values match ground truth
- **Speedup vs Benchmarks**:
  - 1.7x faster than DuckDB (84 ms)
  - 316x faster than PostgreSQL (15,460 ms)

### Key Findings

**Status**: Q1 is performing at elite level. The iteration 2 optimization (CompactHashTableQ1) remains stable.

**Bottleneck**: I/O bound — reading 2.3 GB of sequential lineitem columns at HDD bandwidth limits (~47 GB/s achieved vs. 50 GB/s peak).

**Performance Trajectory**:
- Iter 1: 62 ms (initial)
- Iter 2: 48 ms (22.6% improvement via CompactHashTableQ1)
- Iter 3: 49 ms (±2% variance, stable)

### Top Recommendations for Next Iteration

1. **Zone Map Skipping** (Priority 1) — 5-10 ms potential
   - Skip blocks where min(l_shipdate) > CUTOFF_DATE
   - Reduces I/O by 10-15% (storage design includes zone maps)
   - Low risk, straightforward implementation

2. **SIMD Date Filtering** (Priority 2) — 1.5-2.5 ms potential
   - Vectorize date comparisons with AVX-512
   - Medium risk, requires loop restructuring

3. **Morsel/Prefetch Tuning** (Priority 3) — 1-2 ms potential
   - Increase MORSEL_SIZE to 150-200K rows
   - Increase prefetch distance for HDD latency
   - Low risk micro-optimization

**Conclusion**: Q1 has reached a performance sweet spot. Further optimization is incremental. The evaluation JSON has been written to `iter_3_evaluation.json` with detailed recommendations for the optimization agents.