Perfect! The binary columnar storage (7.6GB) is **46% smaller** than the source text files (14GB), thanks to:
- Binary encoding (no delimiters, no trailing newlines)
- Dictionary encoding for low-cardinality strings
- Fixed-width types (no variable-length decimal/date strings)

Now let me print a summary of the entire design and ingestion process:

---

## Storage Design & Ingestion Summary

### Hardware Configuration
- **CPU**: 64 cores (2 sockets × 16 cores × 2 threads), AVX512 support
- **Memory**: 376 GB RAM
- **Storage**: HDD (rotational), 1.3TB available
- **Cache**: L3 44MB (22MB per socket), L2 32MB total

### Storage Design Decisions

**1. Storage Format: Binary Columnar**
- Each column stored as a separate binary file
- Enables selective column loading (only read columns needed for each query)
- Fixed-width types for fast mmap-based access

**2. Data Ordering & Clustering**
- **Lineitem**: Sorted by `l_shipdate` (critical filter column in Q1, Q6, Q3)
- **Orders**: Sorted by `o_orderdate` (Q3 filter)
- **Customer**: Sorted by `c_custkey` (primary key, join key)
- **Part/Partsupp/Supplier**: Sorted by primary keys

**3. Encoding Strategy**
- **DECIMAL columns**: Stored as `int64_t` scaled by 100 (e.g., $12.34 → 1234)
  - Avoids IEEE 754 precision errors in BETWEEN comparisons
  - Enables exact arithmetic without floating-point drift
- **DATE columns**: Stored as `int32_t` days since epoch (1970-01-01)
  - Compact 4-byte representation
  - Fast integer comparisons for date range filters
- **Low-cardinality strings**: Dictionary-encoded to `uint8_t` codes
  - `l_returnflag` (3 values), `l_linestatus` (2 values)
  - `c_mktsegment` (5 values), `o_orderstatus`, `o_orderpriority`
  - `l_shipinstruct` (4 values), `l_shipmode` (7 values)
- **High-cardinality strings**: Stored as length-prefixed strings (no encoding)

**4. Index Strategy**
- **Zone maps** (min/max per block) for range filters:
  - `lineitem.l_shipdate`, `l_discount`, `l_quantity` (Q1, Q6 filters)
  - `orders.o_orderdate` (Q3 filter)
  - Block size: 100K rows (optimized for L3 cache)
- **Hash indexes** for joins and point lookups:
  - `lineitem.l_orderkey` (join to orders)
  - `orders.o_custkey` (join to customer)
  - `customer.c_mktsegment` (Q3 filter)
- **Sorted indexes** for ordered scans and range queries:
  - `orders.o_orderkey` (PK, Q3 join)
  - `customer.c_custkey` (PK, Q3 join)

### Ingestion Results

**Tables Ingested:**
- ✅ **lineitem**: 59,986,052 rows → 6.9GB binary + 401MB indexes
- ✅ **orders**: 15,000,000 rows → 580MB binary + 298MB indexes
- ✅ **customer**: 1,500,000 rows → 241MB binary + 29MB indexes
- ⚠️ **part, partsupp, supplier, nation, region**: Stub implementations (not used in Q1/Q3/Q6)

**Total Storage:**
- Source .tbl files: 14GB (text format)
- Binary columnar data: 7.6GB (46% reduction)
- Includes indexes and metadata

**Data Correctness Verified:**
- ✅ DATE encoding: Range [1992-01-02, 1998-12-01] = days [8036, 10561]
- ✅ DECIMAL encoding: Discounts 0.00-0.10 → 0-10 (scaled by 100), 904/1000 non-zero
- ✅ Dictionary encoding: 3 return flags, 2 line statuses, 5 market segments
- ✅ Sorting: Data correctly sorted by designated sort keys

**Zone Map Effectiveness:**
- Lineitem l_shipdate: 600 blocks, tight ranges (5-30 days per block)
- Q6 date filter `[1994-01-01, 1995-01-01)`: **84.7% blocks skipped** (508/600)
- Expected I/O reduction: >80% for selective date range queries

**Ingestion Performance:**
- Lineitem (60M rows): Parsed, sorted, and written in ~2 minutes
- Orders (15M rows): Parsed, sorted, and written in ~30 seconds
- Customer (1.5M rows): Parsed, sorted, and written in ~3 seconds
- Total ingestion: ~3 minutes for 76M+ rows

**Index Building Performance:**
- Zone maps: <1 second per table (lightweight min/max computation)
- Hash indexes: ~10 seconds for lineitem.l_orderkey (15M unique keys)
- Sorted indexes: ~5 seconds for orders.o_orderkey (15M entries)
- Total index building: ~20 seconds

### Key Optimizations Implemented

1. **mmap-based parsing**: Zero-copy access to input .tbl files with MADV_SEQUENTIAL
2. **Direct column parsing**: Parse into column vectors (SoA), not row structs (AoS)
3. **Fast parsing functions**:
   - `std::from_chars` for integers (faster than strtol/atoi)
   - Manual arithmetic for dates (no mktime/strptime overhead)
   - Custom decimal parsing with exact scaling
4. **Permutation-based sorting**: Sort indices, not full row structs (avoids string moves)
5. **Buffered writes**: 1MB write buffers for sequential column file writes
6. **Dictionary encoding**: Build dictionaries during parsing (single pass)

### Files Generated

**Storage design:**
- `/home/jl4492/GenDB/output/tpc-h/2026-02-14T21-21-04/storage_design.json`

**Generated code:**
- `/home/jl4492/GenDB/output/tpc-h/2026-02-14T21-21-04/generated_ingest/ingest.cpp` (684 lines)
- `/home/jl4492/GenDB/output/tpc-h/2026-02-14T21-21-04/generated_ingest/build_indexes.cpp` (300 lines)
- `/home/jl4492/GenDB/output/tpc-h/2026-02-14T21-21-04/generated_ingest/Makefile`

**Binary data directory:**
- `/home/jl4492/GenDB/benchmarks/tpc-h/gendb/tpch_sf10.gendb/`
  - Column files: `<table>_<column>.bin`
  - Metadata: `<table>_metadata.json`
  - Indexes: `<table>_<index>.idx`

### Next Steps for Code Generator

The Query Code Generator should:
1. Read `storage_design.json` to understand column types, encodings, and indexes
2. mmap binary column files for lazy loading (only load needed columns)
3. Use zone maps for block skipping in date/discount/quantity filters
4. Use hash indexes for joins (e.g., customer→orders on c_custkey=o_custkey)
5. Decode dictionary-encoded columns using metadata.json dictionaries
6. Handle DECIMAL arithmetic correctly (scaled int64_t, divide by 100 for output)
7. Parse dates from storage (days since epoch) for display/filtering

**Critical correctness notes:**
- DECIMAL columns are int64_t scaled by 100 — must divide by 100.0 for floating-point output
- Dictionary columns are uint8_t codes — must lookup in metadata.json dictionaries for strings
- DATE columns are int32_t epoch days — convert to YYYY-MM-DD for display