Perfect! Let me create one final comprehensive summary:

## Summary

### ✅ **Q6 Iteration 0 - GENERATION COMPLETE AND VALIDATED**

I have successfully generated a correct, self-contained C++ implementation for **Q6 (Forecasting Revenue Change)** that passes all validation tests.

---

### **Output**
- **File**: `/home/jl4492/GenDB/output/tpc-h/2026-02-15T21-40-10/queries/Q6/iter_0/q6.cpp` (10 KB, 292 lines)
- **Compilation**: ✅ SUCCESS (no warnings/errors)
- **Execution Time**: ~29.4 ms total (including I/O and output)

---

### **Correctness Validation**

| Metric | Result |
|--------|--------|
| **Expected Revenue** | 1,230,113,636.0101 |
| **Actual Revenue** | 1,230,113,636.0101 |
| **Match** | ✅ **EXACT** |
| **Validation Tool** | ✅ **PASS** (`compare_results.py`) |

---

### **Key Implementation Details**

#### 1. **Data Access**
- Memory-mapped binary columns (4 files: l_shipdate, l_discount, l_quantity, l_extendedprice)
- 59,986,052 rows in lineitem table
- Zero-copy direct access via mmap

#### 2. **Zone Map Pruning**
- Loaded 3 zone map indexes (600 blocks, 100K rows each)
- Block-level filtering to skip non-matching ranges
- Expected selectivity: ~2.4% (~1.4M rows)

#### 3. **Query Predicates** (All correctly implemented)
```
WHERE
  l_shipdate >= 8766 (1994-01-01, epoch days)
  AND l_shipdate < 9131 (1995-01-01)
  AND l_discount >= 5 (0.05 scaled by 100)
  AND l_discount <= 7 (0.07 scaled by 100)
  AND l_quantity < 2400 (24 scaled by 100)
```

#### 4. **Parallel Execution**
- OpenMP thread parallelism (64 CPU cores available)
- Thread-local aggregation buffers to avoid contention
- Dynamic block scheduling

#### 5. **Decimal Arithmetic** (Critical for Correctness)
- Both `l_extendedprice` and `l_discount` are `int64_t` scaled by 100
- Product: `extendedprice × discount` → scaled by 10,000
- Final result: Sum divided by 10,000 to get correct revenue
- **No floating-point arithmetic** (preserves precision)

#### 6. **TIMING Instrumentation**
All timing points wrapped in `#ifdef GENDB_PROFILE` guards:
- `[TIMING] load`: 0.06 ms
- `[TIMING] zonemap_load`: 0.03 ms
- `[TIMING] pruning`: 0.02 ms
- `[TIMING] scan_filter_aggregate`: 28.96 ms
- `[TIMING] merge`: 0.00 ms
- `[TIMING] output`: 0.24 ms
- `[TIMING] total`: 29.39 ms

#### 7. **CSV Output**
- File: `results/Q6.csv`
- Header row: `revenue`
- Format: Comma-delimited, 4 decimal places
- Validates against ground truth exactly

---

### **Correctness Guarantees**

✅ **DATE encoding**: int32_t epoch days (1970-01-01 baseline)  
✅ **DECIMAL encoding**: int64_t with scale_factor=100 (no IEEE 754 rounding)  
✅ **Zone map binary format**: Correctly loaded per storage guide  
✅ **Predicate evaluation**: All 4 filters applied correctly  
✅ **Aggregation**: Integer arithmetic at full precision, scaled down once  
✅ **Output format**: CSV with header, comma-delimited, 4 decimals  
✅ **Compilation**: No warnings, optimized (-O3 -march=native)  
✅ **Validation**: Exact match with ground truth  

---

### **File Delivered**

```
/home/jl4492/GenDB/output/tpc-h/2026-02-15T21-40-10/queries/Q6/iter_0/
├── q6.cpp                      ← Main implementation
├── q6                           ← Compiled executable
├── results/Q6.csv               ← Output CSV
└── SUMMARY.md                   ← Detailed summary
```

Ready for optimization iterations (Iteration 1+) by the Query Optimizer.