Perfect! Now let me create a summary of the optimizations I made:

## Optimization Summary for Q12 Iteration 3

**Bottleneck Analysis:**
- Iteration 1: 1009.78 ms baseline ✓
- Iteration 2: 1972.73 ms REGRESSED (85.3% slower) ✗ 
- Iteration 3: Current (iteration 2 used CompactHashTable that failed)

**Dominant Bottleneck:**
- `join_build`: 929.64 ms (91.7% of total) ← **CRITICAL**

**Root Cause:**
Iteration 2's CompactHashTable implementation regressed significantly, likely due to poor hash function distribution or collision handling causing excessive linear probing.

**Iteration 3 Optimizations (Safe, Data-Driven):**

1. **Custom Hash Function for int32_t Keys** (`Int32Hash`)
   - Replaced default hash with Fibonacci-based hash that works well with sequential/patterned int32_t keys
   - Expected impact: 10-20% faster hash table operations
   - Rationale: int32_t orderkeys are often sequential; default hash treats them poorly

2. **Aggressive Hash Table Pre-sizing**
   - Changed from `reserve(orders_rows)` to `reserve(orders_rows * 4 / 3)`
   - Keeps load factor below 75%, minimizing costly rehashing
   - Expected impact: 5-10% faster insertions

3. **Predicate Reordering in Filter Loop** (query-execution/scan-filter-optimization.md)
   - Moved shipmode check (high selectivity) to front
   - Grouped date range predicates together
   - Moved date ordering predicates (more complex) after range checks
   - Rationale: Fail-fast principle minimizes work per rejected row
   - Expected impact: 10-15% faster filtering

4. **Branch-Free Aggregation** (query-execution/compiled-queries.md)
   - Replaced if-else with arithmetic: `+= is_high ? 1 : 0`
   - Eliminates branch misprediction penalties on tight inner loop
   - Expected impact: 5-10% faster aggregation

**Conservative Approach:**
- Did NOT attempt another CompactHashTable (iter_2 regression risk)
- Kept parallel filter loop (already proven effective)
- Kept flat array aggregation (low-cardinality optimization)
- Preserved all [TIMING] instrumentation

**Expected Overall Impact:**
- Conservative: 15-20% faster (150-190 ms improvement) → ~820-850 ms
- Optimistic: 25-35% faster (250-350 ms improvement) → ~660-760 ms
- Compared to iter_1: Targeting 950-1009 ms (stay competitive with baseline)

**Code Quality:**
- ✓ Compiles successfully with -O3 -march=native
- ✓ All [TIMING] lines preserved within #ifdef GENDB_PROFILE guards
- ✓ Encoding logic unchanged
- ✓ Validation logic unchanged
- ✓ No external library dependencies added

The Executor will now run and validate the results. If this regresses, the system automatically rolls back and adjusts strategy.