Perfect! Binary compiled successfully. Let me create a summary of the optimization:

## Optimization Summary for Q1 - Iteration 5

### Bottleneck Analysis
- **Current Performance**: 52.35 ms (Iteration 4)
- **Dominant Operation**: `scan_filter: 52.22 ms` (99.8% of execution time)
- **Optimization Category**: CPU-bound (shifting from previous IO-bound approaches)

### Optimization Strategy
After iteration 3 regressed with IO-bound optimizations, I'm applying a **different category of optimization**: **SIMD vectorization (CPU-bound)** to accelerate the date filter comparison and reduce CPU stalls.

### Changes Made

1. **AVX2 Vectorized Date Filter** (lines 276-319)
   - Process 8 date values simultaneously using `_mm256_loadu_si256` and `_mm256_cmpgt_epi32`
   - Single instruction compares 8 int32_t values against the threshold in parallel
   - Reduces branch misprediction penalties in the filter loop

2. **Preserved Fast Path** (lines 321-347)
   - Scalar tail-handling for remaining rows not processed by SIMD blocks
   - Maintains correctness for zone rows that aren't multiples of 8

3. **Maintained Existing Optimizations**
   - Flat array aggregation for 6 low-cardinality groups (eliminates hash table overhead)
   - Zone map block skipping (blocks entire zones with shipdate > threshold)
   - OpenMP parallelism with dynamic scheduling
   - Prefetching for memory latency hiding
   - Tight aggregation loops with minimal dependency chains

### Expected Impact
- **SIMD throughput**: 8× parallel date comparisons per instruction cycle
- **Branch prediction**: SIMD loop has fewer branches, better prediction on modern CPUs
- **Memory bandwidth**: Same read pattern, but CPU does more work per clock → higher utilization

### Compilation Status
✅ Successful compilation with `-O3 -march=native -std=c++17` flags
✅ No errors, clean output
✅ Binary: 51 KB

The Executor will now validate correctness and measure performance improvements.