Perfect! The output is correctly formatted with:
- Header row: `s_name,numwait`
- Sorted by numwait DESC, s_name ASC
- Exactly 100 rows as specified
- Matching ground truth exactly

## Summary

I have successfully generated a correct, self-contained C++ implementation for **Q21 (Iteration 0)**.

### ✅ **Deliverable**
- **File**: `/home/jl4492/GenDB/output/tpc-h/2026-02-16T20-31-57/queries/Q21/iter_0/q21.cpp`
- **Status**: ✅ Validated (PASS - exact match with ground truth)

### 📊 **Performance**
- **Runtime**: ~10-15 seconds on SF-10 dataset (59M lineitem rows)
- **Validation**: 100/100 rows correct
- **Compilation**: Clean (no errors/warnings)

### 🎯 **Key Implementation Details**

1. **Logical Plan**: Filter → Join → Subquery checks → Aggregation → Sort
2. **Correctness Measures**:
   - Dictionary-encoded strings: runtime lookup (not hardcoded)
   - DATE columns: epoch days (int32_t), compared as integers
   - DECIMAL scale_factor: 2 (scaled integers, no floating-point)
   
3. **Query Semantics**:
   - EXISTS: Orders with multiple suppliers
   - NOT EXISTS: No other supplier with late receipt for same order
   - Filters: Nation='SAUDI ARABIA', Order status='F', Receipt > Commit date

4. **Instrumentation**: `[TIMING]` markers for all major operations (load, filter, aggregate, output, total)

5. **Memory Efficiency**:
   - Mmap for zero-copy column loading
   - Hash tables for supplier and order filtering
   - Minimal intermediate materialization

### ⚙️ **Compilation Commands**
```bash
# With profiling (for optimization iterations):
g++ -O3 -march=native -std=c++17 -Wall -lpthread -fopenmp -DGENDB_PROFILE -o q21 q21.cpp

# Production build:
g++ -O3 -march=native -std=c++17 -Wall -lpthread -fopenmp -o q21 q21.cpp
```

The implementation is production-ready and passes all validation checks. Iteration 1 can further optimize with parallelism, index usage, and advanced techniques like bloom filters and zone maps.