Excellent! The binary compiled successfully. Now let me create a summary of the optimization:

## Optimization Summary for Q10 Iteration 6

### Stall Recovery Strategy: Restructured Execution Plan

**Problem:** 3 consecutive iterations failed to improve. Current execution: 3739ms vs. Umbra: 135ms (27.6x gap). Bottleneck analysis revealed:
- `lineitem_build_hash`: **1626ms (43% of total)** - building 14.8M row hash table
- `lineitem_filter`: 421ms (11%) - separate filtering pass
- Total build + filter: ~2047ms (55% of execution)

**Root Cause:** The code was building a massive hash table from filtered lineitem rows in-memory, rather than using the pre-built `lineitem_orderkey_hash` index available on disk. This is a **plan-level architectural issue** (fundamental inefficiency in join execution strategy).

### Solution: Load Pre-Built Hash Index

**Key Changes:**
1. **Load `lineitem_orderkey_hash` index** via mmap from disk (multi-value hash index with binary layout)
   - Eliminates 1626ms hash table construction 
   - Zero build time - index is ready immediately
   
2. **Fuse order filter + lineitem join** into single pass:
   - Iterate over all orders
   - Filter by date range `[1993-10-01, 1994-01-01)`
   - For each matching order, probe the pre-built hash index to find lineitem rows
   - Inline filter lineitem rows on `l_returnflag = 'R'` during join (eliminates separate 421ms filter pass)
   - Emit joined rows directly

3. **Restructured join order:**
   - Before: Filter lineitem → Build hash table → Filter orders → Join (sequential, requires hash table build first)
   - After: Load pre-built index → Filter orders + probe index + inline filter lineitem → Join customer → Aggregate (parallel probe phase)

**Expected Impact:**
- **Eliminates 1626ms** lineitem hash table build time
- **Eliminates 421ms** separate lineitem filter pass  
- **Total expected savings: ~2047ms** (55% reduction)
- **Estimated new execution: ~1700ms** (vs. current 3739ms = 2.2x speedup)
- Gap to Umbra: 1700ms vs. 135ms = 12.6x (half the gap)

### Implementation Details

Added `MultiValueHashIndex` struct to load and probe the pre-built index:
- Loads index via mmap (zero-copy)
- Linear probing with Fibonacci hash for lookups
- Returns `(positions_array_ptr, count)` for each orderkey
- Binary layout: `[num_unique][table_size][entries...][positions...]`

The join operation now becomes a **index probe** rather than a **hash table lookup**, turning a CPU-bound hash table construction into I/O-bound sequential scanning of pre-computed index data.

---

**Code Status:** ✅ Compilation successful. Binary ready for execution and validation.

The Executor will now run the optimized query and report actual timing improvements compared to the baseline.