Perfect! Now let me print a brief summary:

---

## Q1 Iteration 1 - Analysis Complete

**Status:** ❌ FAILED (validation error - incorrect results)

**Critical Issue:** 
Integer division precision loss in aggregation calculations (lines 214, 217). The computation `disc_price = (price * (100 - disc)) / 100` truncates fractional cents, causing sum_disc_price and sum_charge to differ from expected values by millions.

**Performance:** 153.9 ms total
- scan_filter: 100.8 ms (65.5%) ← dominant bottleneck
- aggregation: 0.0 ms
- decode: 0.1 ms
- Already competitive with DuckDB avg 108.8 ms

**Bottleneck:** I/O-bound scan on HDD (65.5% of time)

**Root Cause:**
1. **Correctness:** Integer division loses precision in multi-step decimal calculations
2. **Performance:** HDD + 64 threads + 100K morsel size causes excessive seeks; MADV_SEQUENTIAL conflicts with parallel access pattern

**Top Recommendations:**

**Critical Fix (Must Do First):**
- Fix integer arithmetic by scaling intermediate results (disc_price by 10000, charge by 1000000) before division

**Performance Optimizations:**
1. **HDD I/O tuning (20-40ms savings):** Reduce threads to 8-16, increase morsel size to 500K-1M rows, remove MADV_SEQUENTIAL
2. **SIMD aggregation (8-15ms savings):** Vectorize the aggregation hot path using AVX2
3. **Read-ahead control (5-10ms savings):** Use posix_fadvise for per-thread prefetching on HDD

**Next Steps:** Fix correctness bug first, then apply HDD-specific optimizations to target the 65% I/O bottleneck.