Perfect! Let me print a brief summary:

## Q1 Iteration 0 Evaluation Summary

**Status**: PARTIAL (runs but has precision errors)

**Performance**: 739.98ms (15.4x slower than 48ms baseline)
- **Target**: DuckDB ~87ms, Baseline GenDB 48ms
- **Gap**: 740ms is 8.5x slower than DuckDB, 15.4x slower than baseline

**Critical Issues (Must Fix)**:
- ✗ Floating-point precision errors in 3/4 rows (sum_disc_price, sum_charge differ by <0.20 cents)
  - Root cause: Double-precision math + non-deterministic parallel aggregation order
  - Fix: Use fixed-point int64_t arithmetic throughout, convert to double only at output

**Performance Bottlenecks** (Priority Order):
1. **I/O Bound (2-3x)**: MADV_WILLNEED prefetching 2.5GB on HDD causes thrashing
   - Remove WILLNEED, keep MADV_SEQUENTIAL only
   
2. **CPU Bound - SIMD (1.5x)**: Using AVX2 (8 lanes) instead of AVX-512 (16 lanes)
   - Hardware supports AVX-512, upgrade to _mm512 instructions
   
3. **Aggregation (1.3x)**: std::map overhead for 4 groups
   - Use perfect hash array: index = returnflag * 2 + linestatus
   
4. **Compute (1.2x)**: Inefficient FP math in hot loop
   - Pre-compute 1/100.0 constant, use FMA if available

**Expected Improvement**: 740ms → 100-200ms (3.7-7.4x speedup, beating DuckDB)

**Hardware**: 64 cores, AVX-512, HDD, 44MB L3 cache, 310GB available memory

The evaluation JSON has been written to the specified path with detailed recommendations for the orchestrator.