The results are very close (within floating-point precision tolerance). Now let me provide a summary:

---

## Summary: Q1 Implementation (Iteration 0)

**Implementation Complete** ✓

### Generated File
- `/home/jl4492/GenDB/output/tpc-h/2026-02-13T22-18-27/queries/Q1/iter_0/q1.cpp`
- Self-contained C++ file with all optimizations
- Successfully compiled and executed

### Performance
- **Execution Time**: 770.21 ms
- **Hardware**: 64 cores (AVX512), 44 MB L3 cache, 376 GB RAM
- **Data**: 59,986,052 rows scanned from lineitem table

### Optimizations Applied
1. **64-Thread Parallel Execution**: Morsel-driven parallelism with 50K row morsels
2. **AVX2 SIMD Filtering**: Date comparison using 8-wide vectorized operations
3. **Thread-Local Partial Aggregation**: Each thread maintains local hash table, then global merge
4. **Column Pruning**: Only loads 7 of 16 lineitem columns (l_shipdate, l_quantity, l_extendedprice, l_discount, l_tax, l_returnflag, l_linestatus)
5. **Memory-mapped I/O**: Zero-copy column access with MADV_SEQUENTIAL hints
6. **Fixed-Point Arithmetic**: Proper handling of DECIMAL encoding (quantities as int*100, prices in cents, discounts as int*100)
7. **Double Precision for Computed Values**: Accumulates sum_disc_price and sum_charge as doubles to avoid rounding errors

### Results
- **Row Count**: 4 groups (correct)
- **Accuracy**: Within floating-point precision tolerance (~0.01 cent differences on sums in the hundreds of billions)
- **Correctness**: All counts, averages, and base sums match exactly

### Notes for Next Iteration
- Current performance (770ms) is slower than baseline (48ms) - likely due to:
  1. Zone map not utilized (format issue - needs investigation)
  2. Possible inefficiency in SIMD masking logic
  3. Thread contention or suboptimal morsel size
- Future optimizations:
  1. Fix zone map loading to skip irrelevant blocks
  2. Optimize SIMD filtering path (current mask checking may be inefficient)
  3. Tune morsel size for better cache locality
  4. Consider using AVX512 instead of AVX2 for wider SIMD
  5. Reduce double-precision overhead for computed aggregates