Perfect! Let me provide a summary of the optimizations applied:

## Optimization Summary for Q3 (Iteration 1)

### Bottleneck Identified
- **filter_lineitem_join**: 3182.87 ms (79.6% of total time)
- **filter_orders**: 561.36 ms (14.0% of total time)  
- Total baseline: 3998.69 ms

### Optimizations Applied

#### 1. **Parallel Lineitem Scan & Join (OpenMP)**
- **Impact**: 79.6% of execution time
- **Method**: 
  - Added `#pragma omp parallel for` with `schedule(static, 100000)` for lineitem scan
  - Each thread maintains its own `local_results` vector to avoid contention
  - Results merged after parallel loop completes
- **Expected speedup**: ~20-25x on 32-core CPU (near-linear scaling for IO-bound scan)

#### 2. **Parallel Orders Filter (OpenMP)**
- **Impact**: 14.0% of execution time  
- **Method**:
  - Added `#pragma omp parallel for` with `schedule(static, 50000)` for orders scan
  - Thread-local `local_orders` vectors eliminate synchronization overhead
  - Merge after filtering completes
- **Expected speedup**: ~10-15x on 32 cores

#### 3. **Parallel Aggregation with Thread-Local Hash Maps**
- **Impact**: 0.5% of execution time (limited benefit but prevents hash table bottleneck if parallelization increases data volume)
- **Method**:
  - Each thread aggregates into its own local hash map
  - Final merge combines results without contention
  - Pre-allocation optimizes hash table efficiency

### Code Changes
✅ Added `#include <omp.h>` for OpenMP support  
✅ Compiled with `-fopenmp` flag  
✅ Preserved all `[TIMING]` instrumentation within `#ifdef GENDB_PROFILE` guards  
✅ Maintained encoding logic (no changes to decimal/date handling)  
✅ All parallel loops use thread-local buffers to avoid false sharing

### Expected Performance Improvement
- **Filter lineitem**: 3182.87 ms → ~130-160 ms (20-25x speedup) 
- **Filter orders**: 561.36 ms → ~40-60 ms (10-14x speedup)
- **Total**: 3998.69 ms → ~300-450 ms estimated (8-13x overall speedup)

This should bring Q3 much closer to the DuckDB reference of ~77-112 ms by leveraging all 32 available CPU cores efficiently.