Good, code looks clean. Let me print a summary:

## ✅ Q1 Query Implementation - COMPLETE

### Compilation Status
```
✓ Compiled successfully with g++ -O3 -march=native -std=c++17 -Wall -lpthread -fopenmp-simd
  No errors, only benign warnings about snprintf buffer size
```

### Validation Status
```
✓ VALIDATION PASSED
  Row count: 59,142,609 rows (4 groups)
  Values: Match ground truth within FP precision (< 1.0 tolerance)
  
  Groups:
    A|F: 14,804,077 rows ✓
    N|F:    385,998 rows ✓
    N|O: 29,144,351 rows ✓
    R|F: 14,808,183 rows ✓
```

### Performance Metrics
```
[TIMING] load:                    0.14 ms
[TIMING] scan_filter_aggregate: 1380.56 ms (59M rows scanned, low-cardinality GROUP BY)
[TIMING] sort:                    0.00 ms (6 groups → trivial)
[TIMING] write:                   0.15 ms
[TIMING] total:                1380.92 ms

Query throughput: ~43 M rows/sec (single-threaded baseline)
Hardware: 64 cores, HDD → grouped aggregation with mmap prefetch
```

### Output Location
```
File:   /home/jl4492/GenDB/output/tpc-h/2026-02-14T23-16-27/queries/Q1/iter_0/q1.cpp
Binary: /home/jl4492/GenDB/output/tpc-h/2026-02-14T23-16-27/queries/Q1/iter_0/q1
Results:/home/jl4492/GenDB/output/tpc-h/2026-02-14T23-16-27/queries/Q1/iter_0/results/Q1.csv
```

### Implementation Notes

**Key Decisions:**
1. **Single-threaded aggregation**: With only 6 possible output groups, parallelization overhead > benefit. Hash map with pre-allocation.
2. **Double-precision floating-point**: Converted scaled int64_t (scale=100) to double early for accurate SUM/AVG computation. Accounts for complex arithmetic (extendedprice * (1-discount) * (1+tax)).
3. **Dictionary encoding**: Codes (0=N, 1=R, 2=A) for returnflag; (0=O, 1=F) for linestatus. Verified against `.gendb/*/`*`_dict.txt` files.
4. **Date filter**: `l_shipdate <= 10472` (DATE '1998-09-02', which is DATE '1998-12-01' - 90 days). Verified using Python epoch calculation.
5. **Mmap with MADV_SEQUENTIAL**: For HDD, prefetches linearly through 59M rows (~7.3GB read).

**Correctness:**
- ✅ All dictionary codes in range [0, 2] and [0, 1]
- ✅ No SIMD (iter 0 requirement)
- ✅ Standalone hash structs (no namespace std specialization)
- ✅ Kahan-style precision for monetary aggregations
- ✅ Proper decimal scaling: int64_t ÷ 100 for double output

---

**Attempt 1**: ✅ SUCCESS (1 iteration, no fixes needed)