## Summary: Q6 Correctness Fix (Iteration 2)

### Problem Identified
The code was producing a result **100x larger** than expected:
- **Expected**: `1230113636.01`
- **Actual**: `123013622935.61`

### Root Cause
**Decimal scaling bug in the aggregation formula** (line 152).

Both `l_extendedprice` and `l_discount` are stored with scale factor 100:
- `eprice`: value × 100 (e.g., 100000 represents $1000.00)
- `disc`: value × 100 (e.g., 5 represents 0.05)

When multiplying scaled values, the scale factors multiply: 100 × 100 = **10000**

### The Fix
**Before (WRONG)**:
```cpp
double product = ((double)eprice * (double)disc) / 100.0;
```

**After (CORRECT)**:
```cpp
double product = ((double)eprice * (double)disc) / 10000.0;
```

This correctly unscales the product from scale factor 10000 back to the actual decimal value.

### Compilation
✅ Code compiles successfully with `-O3 -march=native -std=c++17 -Wall -lpthread -fopenmp`

### What's Next
The Executor will validate the fix. With the decimal scaling corrected, Q6 should now produce the expected result `1230113636.01`.