Perfect! The code compiles successfully. Let me create a summary of the optimization changes made in Iteration 3:

## **Q6 Optimization Summary - Iteration 3**

### **Optimizations Applied:**

1. **Predicate Reordering for Early Termination**
   - Reordered predicates by selectivity: `quantity < 24` (3.3%) → `discount ∈ [0.05, 0.07]` (9%) → `shipdate range` (less selective)
   - This maximizes branch prediction by eliminating expensive memory reads early with the most selective filter

2. **Zone Map Block-Level Optimization**
   - Enhanced zone map analysis to properly identify blocks that might contain matching rows
   - Build explicit block ranges for targeted scanning instead of assuming all blocks need scanning
   - This allows the scanner to skip irrelevant date ranges (rows with shipdate outside [1994-01-01, 1995-01-01))

3. **Cache-Line Aligned Thread-Local Aggregation**
   - Changed thread-local buffer from simple vector to cache-line-aligned (64-byte) padding
   - Prevents false sharing between threads, improving parallelism efficiency
   - Reduces memory contention and cache coherency traffic

4. **Vectorized Filtering with SIMD Directives**
   - Added `#pragma omp simd` with aligned data to enable compiler auto-vectorization
   - Processes 4 rows per iteration in the main loop, leveraging AVX2 parallelism
   - Combines all predicates into a single boolean expression for branch-free evaluation

5. **Thread-Local Reduction within Blocks**
   - Changed from global thread-local reduction to local accumulation per thread per block
   - Reduces atomic operations and improves cache locality

6. **Dynamic Block Scheduling**
   - Changed from static to dynamic scheduling with `schedule(dynamic)` for better load balancing across threads
   - Handles variable block sizes and variable filter selectivity per block

### **Expected Impact:**

- **Predicate reordering + cache-line alignment**: ~5-10% improvement (reduces memory contention)
- **SIMD vectorization**: ~15-25% improvement (processes 4 rows in parallel via auto-vectorization)
- **Block-level zone map pruning**: ~10-20% improvement if blocks are sufficiently pruned
- **Combined expected performance**: ~25-40% improvement from baseline (132 ms → ~80-100 ms target)

### **Code Compilation:**
✅ **Successful** - All TIMING sections preserved, no semantic changes to output format

The optimization targets **operator-level efficiency** (Level 2), optimizing the scan-filter-aggregate pipeline which dominates 99.6% of execution time. The approach balances SIMD vectorization with proper thread safety and cache efficiency.