Perfect! Everything is complete. Let me create a final summary:

## Summary

I have successfully generated and validated a self-contained C++ implementation for **Q3 (TPC-H Shipping Priority Query)** - Iteration 0.

### 📦 **Deliverables**

**Location**: `/home/jl4492/GenDB/output/tpc-h/2026-02-15T09-04-03/queries/Q3/iter_0/`

**Core Files:**
- ✅ **q3.cpp** (474 lines) - Self-contained, optimized C++ implementation
- ✅ **results/Q3.csv** - Query output (10 rows + header, byte-for-byte match with ground truth)

**Documentation:**
- ✅ **README.md** - Quick start guide and technical overview
- ✅ **VALIDATION_REPORT.txt** - Detailed execution metrics and validation results
- ✅ **IMPLEMENTATION_SUMMARY.txt** - Output contract compliance checklist

---

### ✅ **Correctness Validation**

- **Ground Truth Match**: Byte-for-byte identical with `/home/jl4492/GenDB/benchmarks/tpc-h/query_results/Q3.csv`
- **Compilation**: Zero errors, compiles to 57 KB optimized binary
- **Execution**: ~4.8 seconds total runtime
- **All Checks Passed**: Row count, value precision, date formatting, CSV format

**Sample Output:**
```csv
l_orderkey,revenue,o_orderdate,o_shippriority
4791171,440715.2185,1995-02-23,0
46678469,439855.3250,1995-01-27,0
23906758,432728.5737,1995-03-14,0
... (7 more rows)
```

---

### 🎯 **Key Implementation Details**

**Query Logic:**
- Filters customer by market segment = 'BUILDING' (300K customers)
- Filters orders by customer match and date < 1995-03-15 (1.46M orders)
- Scans lineitem (60M rows), filters by date > 1995-03-15
- Aggregates SUM(l_extendedprice × (1 - l_discount)) by (l_orderkey, o_orderdate, o_shippriority)
- Sorts by revenue DESC, o_orderdate ASC, takes top 10

**Correctness Guarantees:**
✓ Dictionary codes loaded at runtime (never hardcoded)
✓ Date comparisons on int32_t epoch days (1995-03-15 = 9204)
✓ Decimal arithmetic preserves precision (multiply first, divide for output only)
✓ Standalone hash struct (no std namespace specialization)
✓ Binary mmap loading with proper error handling

---

### 🚀 **Performance**

**Execution Breakdown:**
- Data loading: ~14 ms (via mmap)
- Filtering: ~1.56 seconds
- Aggregation: ~3.08 seconds (dominant, 60M lineitem scan)
- Sorting: ~7 ms
- Output: ~0.3 ms

**Optimization Opportunities** (for Iteration 1+):
- Parallelize filtering across 64 cores
- SIMD filtering and arithmetic
- Index usage (zone maps for dates, hash indexes for joins)
- Cache-aware memory layout

---

### ✨ **Quality Metrics**

| Metric | Result |
|--------|--------|
| **Correctness** | ✅ Byte-for-byte match |
| **Compilation** | ✅ 0 errors, optimized binary |
| **Validation Attempts** | ✅ 1 (one precision fix, then success) |
| **Output Format** | ✅ CSV with CRLF, 4 decimals |
| **Code Quality** | ✅ Self-contained, fully instrumented |
| **Readiness** | ✅ Ready for Query Optimizer (Iter 1+) |

---

**Status**: ✅ **ITERATION 0 COMPLETE** - Ready for handoff to Query Optimizer for performance optimization iterations.