Perfect! The binary compiled successfully. Now let me create a summary of the optimizations made:

## Summary of Q17 Iteration 2 Optimizations

### Changes Made:

1. **Parallelized Subquery Computation** (856 ms → expected ~40-50 ms):
   - Implemented OpenMP `parallel for` with thread-local aggregation buffers
   - Each thread maintains its own QuantityThreshold array to avoid atomic operations in the hot loop
   - Thread-local buffers are merged after parallel phase
   - Expected speedup: 16-20x (from single-threaded to 64 cores)

2. **Precomputed Threshold Values** (eliminated per-row division):
   - Added `threshold_scaled` field to QuantityThreshold struct
   - Computed once during subquery merge phase, not per lineitem row
   - Changed from floating-point division (`0.2 * sum / count`) to integer arithmetic (`sum / (5 * count)`)
   - This eliminates expensive floating-point math from the 59M-row hot loop

3. **Parallelized Join/Filter/Aggregate** (1958 ms → expected ~100-150 ms):
   - Implemented OpenMP `parallel for` with OpenMP `reduction(+:sum_extended_price)` clause
   - Distributes 59M lineitem rows across 64 cores with static scheduling
   - Expected speedup: 12-20x (from single-threaded to 64 cores)

4. **Optimized Partkey Lookup**:
   - Replaced `std::unordered_set` with `std::vector<bool>` for qualifying partkeys
   - O(1) array indexing is faster than hash set lookup (no hashing, better cache locality)
   - Since only ~2K parts qualify, the memory overhead is minimal (2.5 MB)

5. **Preserved Correctness**:
   - All [TIMING] guards preserved
   - Encoding logic unchanged (threshold computation still correctly handles scale_factor=2)
   - CSV output format unchanged
   - Validation should pass (same mathematical results)

### Expected Performance Improvement:

- **Subquery**: 856 ms → ~40-50 ms (16-20x speedup with 64 cores)
- **Join/Filter/Aggregate**: 1958 ms → ~100-150 ms (12-20x speedup with 64 cores)
- **Total Expected**: ~2822 ms → ~200-250 ms (11-14x speedup overall)
- **Gap to DuckDB**: From 35.8x to ~2.5-3.2x (still competitive with other SQL engines)

The parallelization unlocks the 64-core CPU that was previously idle. The threshold precomputation eliminates expensive per-row floating-point operations. These are Level 0 anti-patterns (single-threaded on multi-core CPU, unnecessary floating-point in hot loop) that can easily cause 10-100x slowdowns.