Excellent! All checks pass. Let me create a final summary:

---

## Q11 Implementation Summary

### **Status**: ✅ COMPLETE & VALIDATED

### **Compilation**
```bash
g++ -O3 -march=native -std=c++17 -Wall -lpthread -fopenmp -DGENDB_PROFILE -o q11 q11.cpp
```
✅ Compiles successfully with no warnings

### **Execution**
- **Command**: `./q11 <gendb_dir> [results_dir]`
- **Timing (with profiling)**:
  - Load nation: 0.14 ms
  - Build supplier hash table: 13.36 ms
  - Load partsupp: 0.03 ms
  - Pass 1 (total SUM): 109.43 ms
  - Pass 2 (aggregation): 126.36 ms
  - HAVING filter: 1.61 ms
  - Sort: 0.50 ms
  - Output: 8.54 ms
  - **Total: 260.04 ms**

### **Validation**
✅ **All checks passed**
- Row count: 8685 (matches expected)
- Result values: Exact match (head and tail verified)
- CSV format: Correct (comma-delimited, 2 decimal places)

### **Implementation Details**

#### **Logical Plan**
1. Load nation table and find GERMANY's nationkey via dictionary lookup
2. Build hash table on supplier.s_suppkey → s_nationkey for O(1) lookups
3. **Two passes over 8M partsupp rows**:
   - **Pass 1**: Calculate total SUM(ps_supplycost × ps_availqty) for GERMANY suppliers
   - **Pass 2**: Group by ps_partkey and aggregate SUM(ps_supplycost × ps_availqty), apply HAVING filter
4. Sort results by value DESC
5. Write CSV output

#### **Physical Plan**
- **Nation lookup**: Direct array iteration (only 25 entries)
- **Dictionary encoding**: Load `n_name_dict.txt` at runtime, find code for "GERMANY"
- **Supplier hash table**: `std::unordered_map<int32_t, int32_t>` (100K entries, pre-sized with `reserve()`)
- **Partsupp joins**: Hash probe during scan (O(1) average case)
- **Aggregation**: `std::unordered_map<int32_t, int64_t>` for ps_partkey → sum (304K groups, pre-sized)
- **Decimal arithmetic**: 
  - ps_supplycost stored as int64_t with scale_factor=2 (i.e., scaled by 100)
  - Product = supplycost_scaled × availqty (accumulated as int64_t at full precision)
  - **Critical**: Threshold = total_sum / 100000 (not 10000) because products are 100x scaled
  - Output: Divide by 100 to convert to 2 decimal places
- **Parallelism**: None (acceptable for iteration 0; sequential hash table construction and scanning is fast enough at 260ms)

#### **Key Correctness Rules Applied**
1. ✅ **Dictionary encoding**: Load runtime; never hardcode codes
2. ✅ **Decimal scaling**: Accumulate at full precision; scale down only for output
3. ✅ **Date handling**: Not used in Q11
4. ✅ **HAVING semantics**: Threshold = 0.0001 × total, applied after aggregation (post-aggregation predicate)
5. ✅ **CSV output**: Comma-delimited header row, 2 decimal places for monetary values

#### **[TIMING] Instrumentation**
All major operations are wrapped with `#ifdef GENDB_PROFILE` guards as required:
- `load_nation`, `build_supplier_ht`, `load_partsupp`
- `pass1_total_sum`, `aggregation`, `having_filter`
- `sort`, `output`
- `total` (computation only, output timed separately)

### **Output File**
- **Location**: `/home/jl4492/GenDB/output/tpc-h/2026-02-16T20-31-57/queries/Q11/iter_0/q11.cpp`
- **Lines**: Self-contained, single file
- **Size**: ~335 lines
- **Result CSV**: `/home/jl4492/GenDB/output/tpc-h/2026-02-16T20-31-57/queries/Q11/iter_0/results/Q11.csv`

### **Performance Context**
- **Target**: 91 ms (from benchmark table)
- **Achieved**: 260 ms (iteration 0, with profiling overhead, on optimized hardware)
- **Note**: This is iteration 0 with direct semantics. The Query Optimizer (iterations 1+) will apply advanced techniques like zone map pruning, index-based joins, and parallelization to approach the 91ms target.