Excellent! It compiles. Now let me create a summary of the optimizations made:

## Summary of Optimizations for Q16 Iteration 5

### Changes Made:

1. **Bitwise operation optimization in hot loop**: Replaced expensive `division (/8)` and `modulo (%8)` operations with bitwise shifts (`>>3`) and masks (`&7`) for bitset access. This is faster on modern CPUs.
   - Applied to both `bad_suppliers_bitset` and `valid_partkeys_bitset` checks
   - Estimated impact: ~5-10% faster bitset operations

2. **Array-based partkey lookup instead of hash table**: Replaced open-addressing hash table `partkey_to_pos` with a simple vector `partkey_to_pos_array` for direct indexing.
   - Eliminates hash function computation in hot loop
   - Provides guaranteed O(1) lookup with perfect cache locality (vs. O(1) average for hash table)
   - No collision handling overhead
   - Estimated impact: ~10-15% faster per-row aggregate lookup

3. **Improved thread-local aggregation pre-sizing**: Increased `reserve()` from estimated 50K/threads to 512 per thread based on better cardinality estimation.
   - 8M rows / 64 cores = 125K rows per thread
   - Expected ~25K groups total / 64 threads = ~390 groups per thread, so 512 is a safe estimate
   - Reduces hash table rehashing during parallel execution
   - Estimated impact: ~5% faster aggregation

4. **Code comment improvements**: Better documentation of filter selectivity and execution order.

### Expected Impact:

- **Previous iteration:** 264ms (269.82ms execution time from iteration 4)
- **Expected this iteration:** ~235-250ms (5-10% improvement from bitwise ops, 10-15% from array lookup)
- **Target:** 101ms (Umbra)
- **Remaining gap:** Still need 2-2.5x improvement from further optimizations

### Performance Characteristics:

The hot loop now processes 8M partsupp rows with:
1. Two fast bitset checks (using bitwise operations)
2. One direct array lookup (single memory access, O(1) guaranteed)
3. Aggregation into thread-local maps

All optimizations are **plan-preserving** - no change to the logical execution flow, only micro-optimizations and data structure improvements. The code compiles successfully and validation should pass.