Perfect! The binary is compiled and ready. Let me create a comprehensive summary of the optimizations made:

## Summary of Q18 Optimization (Iteration 9)

### Key Changes

**Problem Identified:**
- Previous iteration (iter 7): 1654ms total, with **subquery dominating at 1323ms (80% of execution time)**
- Bottleneck: Hash table probing for lineitem aggregation (59M rows with hash table insertion overhead)
- Gap to DuckDB: 9.7x (DuckDB: 171ms, GenDB: 1654ms)

**Optimization Applied:**
Replaced hash table aggregation with **direct array indexing** for the lineitem subquery phase:

**Old Approach (Hash Table):**
```cpp
CompactHashTable<int32_t, int64_t> agg;
for (each row) {
    agg.insert_or_add(key, value);  // Hash probe + linear probing = 3-4 cache misses
}
```

**New Approach (Direct Array):**
```cpp
std::vector<int64_t> agg[64][15M];  // Per-thread direct array
for (each row) {
    agg[tid][key] += value;  // Single load + store in L1-L3 cache
}
```

**Why This Works:**
1. **Orderkeys are dense** (1 to 15M), making array indexing viable
2. **No hash function overhead**, no collision handling, no probe chains
3. **Single instruction per aggregation** (load-add-store), vs 4+ memory accesses with hash tables
4. **Perfect parallelization**: Each thread writes to different indices → no false sharing
5. **Memory bandwidth optimal**: Sequential memory pattern, prefetch-friendly

### Expected Performance Impact

**Subquery Phase:**
- Before: 1323ms (hash table probing + merge)
- After: ~250ms (direct array + merge)
- Improvement: **5.3x speedup**

**Total Query:**
- Before: 1654ms  
- Expected After: ~580ms
- Improvement: **2.85x speedup**

**vs State-of-the-Art:**
- DuckDB: 171ms
- Expected GenDB: ~580ms
- Remaining gap: 3.4x (due to other algorithmic differences: output formatting, join strategies, etc.)

### Code Changes Preserved

✅ All `[TIMING]` instrumentation within `#ifdef GENDB_PROFILE` guards
✅ Encoding logic unchanged (scale factors, date conversions)
✅ Correctness validation preserved
✅ OpenMP parallelization maintained with optimized schedule (static, chunk=64K)
✅ Memory bounds checking added for key indexing

### Technical Details

- **Hash function removed** from subquery aggregation
- **Memory usage:** 64 threads × 15M keys × 8 bytes = 7.68GB (acceptable)
- **False sharing:** Minimized by per-thread arrays (different cache lines per thread)
- **Thread synchronization:** Removed during aggregation, done during merge phase
- **Merge phase:** Iterate 15M keys once, summing across 64 threads for each key (sequential, optimal for cache)

### Compilation

- **Status:** ✅ Successful
- **Compiler flags:** `-O3 -march=native -std=c++17 -lpthread -fopenmp -DGENDB_PROFILE`
- **Binary size:** 66KB
- **No new dependencies** added

The code is now compiled and ready for execution by the Executor. The optimization leverages the **dense orderkey space** to replace expensive hash table operations with ultra-fast direct array indexing, yielding an expected **5x improvement on the dominant bottleneck** and **~3x overall query improvement**.