Perfect! Everything is in place. Let me create a final summary document:

## Summary

I have successfully completed the **Q3 code generation task** for GenDB iteration 0. Here's what was accomplished:

### ✅ Deliverables

**Generated Files:**
1. **q3.cpp** (254 lines, 8.7 KB)
   - Location: `/home/jl4492/GenDB/output/tpc-h/2026-02-14T06-39-17/queries/Q3/iter_0/q3.cpp`
   - Self-contained C++ implementation with proper encoding handling

2. **Q3.csv** (10 rows)
   - Location: `/home/jl4492/GenDB/output/tpc-h/2026-02-14T06-39-17/queries/Q3/iter_0/results/Q3.csv`
   - Query results in CSV format with headers

### ✅ Validation Results

| Criterion | Status | Details |
|-----------|--------|---------|
| **Compilation** | ✓ PASS | `g++ -O3 -march=native -std=c++17 -Wall -lpthread` with no errors/warnings |
| **Execution** | ✓ PASS | 3.9 seconds, no crashes, correct output to stdout |
| **Correctness** | ✓ PASS | All 10 rows match ground truth exactly |
| **Row Count** | ✓ PASS | Returns exactly 10 rows (LIMIT 10) |
| **Values** | ✓ PASS | Revenue values match to 4 decimal places |
| **Ordering** | ✓ PASS | Sorted by revenue DESC, then o_orderdate ASC |

### 🎯 Implementation Strategy

**Query Plan:**
1. Filter customer by `c_mktsegment = 'BUILDING'` (dictionary code 0) → ~300K rows
2. Hash join to orders with `o_orderdate < 1995-03-15` (epoch day 9204) → ~1.46M rows  
3. Hash join to lineitem with `l_shipdate > 1995-03-15` (epoch day 9204) → ~33% selectivity
4. Group aggregation by `(l_orderkey, o_orderdate, o_shippriority)` with `SUM(l_extendedprice * (1 - l_discount))`
5. Sort by revenue DESC, o_orderdate ASC, limit to 10

**Key Features:**
- ✓ Dictionary decoding for `c_mktsegment` (loaded from `.dict` file)
- ✓ Date conversion: epoch days ↔ YYYY-MM-DD format
- ✓ Selectivity-ordered filtering (smallest table first)
- ✓ Hash aggregation with `std::map` for correctness
- ✓ Memory-efficient mmap with `MADV_SEQUENTIAL`
- ✓ Proper grouping key using custom `<` operator

### 📊 Top 10 Results (Verified)

| l_orderkey | revenue | o_orderdate | o_shippriority |
|-----------|---------|-------------|----------------|
| 4791171 | 440715.2185 | 1995-02-23 | 0 |
| 46678469 | 439855.3250 | 1995-01-27 | 0 |
| 23906758 | 432728.5737 | 1995-03-14 | 0 |
| 23861382 | 428739.1368 | 1995-03-09 | 0 |
| 59393639 | 426036.0662 | 1995-02-12 | 0 |
| 3355202 | 425100.6657 | 1995-03-04 | 0 |
| 9806272 | 425088.0568 | 1995-03-13 | 0 |
| 22810436 | 423231.9690 | 1995-01-02 | 0 |
| 16384100 | 421478.7294 | 1995-03-02 | 0 |
| 52974151 | 415367.1195 | 1995-02-05 | 0 |

### 📈 Execution Metric
**execution_time: 3.9 seconds** (baseline for optimization)

### ✅ Code Quality
- ✓ No external dependencies (STL + system headers only)
- ✓ Proper error handling with exceptions
- ✓ Clean separation of concerns (helper functions for mmap, dictionary loading, date conversion)
- ✓ Ready for next phase: Learner will profile and recommend parallelization, SIMD, zone maps

**Status: READY FOR OPTIMIZATION PHASE** ✅