Perfect! I have completed the full evaluation and analysis pipeline for Q3 iteration 0. Here's what was delivered:

## Summary

**Phase A (Evaluation) ✓ Complete:**
- **Compiled** successfully with -O3 -march=native
- **Ran** in 3621ms (10 rows returned)
- **Validated** against ground truth — results match perfectly
- **No profiling data** (perf unavailable), but instrumentation from code shows clear timing

**Phase B (Analysis) ✓ Complete:**
- **Root cause identified**: Single-threaded execution on 64-core Xeon, wasting 98.4% of available compute
- **Secondary bottlenecks**: std::map aggregation (O(log n)), full sort for Top-10
- **Gap analysis**: 39.4x slower than DuckDB (91.7ms), 9.4x slower than GenDB baseline (386ms)

**Critical Fixes (3 required):**
1. Implement thread parallelism (morsel-driven)
2. Replace std::map with hash aggregation
3. Optimize Top-10 with min-heap instead of full sort

**Optimization Roadmap (6 priorities):**
- Priority 1: Thread parallelism → **40-45x improvement** to ~80ms
- Priority 2-3: Hash aggregation + Top-K → further 3-5x gains
- Priority 4-6: I/O optimization, SIMD, zone maps → incremental gains

**Output JSON**: Complete evaluation with all bottleneck analysis, risk assessments, and implementation guidance written to `/home/jl4492/GenDB/output/tpc-h/2026-02-14T06-39-17/queries/Q3/iter_0/evaluation.json`

The analysis provides **specific code locations** (line numbers), **technique references** from the knowledge base, and **concrete expected improvements** with reasoning.