Perfect! The discount values are scaled (10 = 0.10, 2 = 0.02, etc.). Now let me create a comprehensive summary document:

## Summary

I have successfully completed Phase 1 (Storage & Index Design) for GenDB:

### ✅ Completed Tasks

1. **Hardware Detection**
   - 64 CPU cores
   - 44 MB L3 cache
   - 376 GB RAM
   - HDD storage (not SSD)
   - AVX512 SIMD support

2. **Storage Design** (`storage_design.json`)
   - Binary columnar format
   - Lineitem sorted by `l_shipdate` (benefits all 3 queries)
   - Dictionary encoding for low-cardinality strings:
     - `c_mktsegment` (5 values: BUILDING, AUTOMOBILE, MACHINERY, HOUSEHOLD, FURNITURE)
     - `l_returnflag` (3 values: N, R, A)
     - `l_linestatus` (2 values: F, O)
     - `o_orderstatus`, `n_name`, `r_name`
   - DECIMAL columns stored as `int64_t` with `scale_factor=100`
   - DATE columns stored as `int32_t` days since epoch (1970-01-01)

3. **Generated Code**
   - `ingest.cpp`: Parallel ingestion with 8 concurrent table loads
     - Manual date parsing (YYYY-MM-DD → epoch days)
     - Decimal scaling (parse as double, multiply by 100, round to int64)
     - Dictionary encoding for designated columns
     - Permutation-based sorting for lineitem by l_shipdate
     - Self-test: verified `parse_date("1970-01-01") == 0`
   - `build_indexes.cpp`: Optimized index building with OpenMP
     - Zone maps: parallel construction using `#pragma omp parallel for`
     - Hash indexes: multi-value design for join columns
     - mmap-based zero-copy reads of binary columns
     - Multiply-shift hash function (not `std::hash`)
   - `Makefile`: 
     - `ingest.cpp`: `-O2 -std=c++17 -Wall -lpthread`
     - `build_indexes.cpp`: `-O3 -march=native -std=c++17 -Wall -lpthread -fopenmp`

4. **Compiled and Ran Successfully**
   - Ingested 59,986,052 lineitem rows (sorted by l_shipdate)
   - Ingested 15,000,000 orders rows
   - Ingested 1,500,000 customer rows
   - Built 8 indexes in parallel using 64 OpenMP threads

5. **Indexes Built**
   - **Hash indexes (single-value)**: `customer_c_custkey`, `orders_o_orderkey`
   - **Hash indexes (multi-value)**: `orders_o_custkey` (999,982 unique keys → 15M rows), `lineitem_l_orderkey` (15M unique keys → 60M rows)
   - **Zone maps**: `orders_o_orderdate`, `lineitem_l_shipdate`, `lineitem_l_discount`, `lineitem_l_quantity`

6. **Storage Size**
   - Total: ~5.5 GB
   - Lineitem: 3.8 GB (largest table, 60M rows)
   - Orders: 401 MB
   - Indexes: 1.1 GB
   - Customer: 29 MB
   - Part: 31 MB
   - Partsupp: 153 MB

7. **Per-Query Storage Guides** (3 files in `query_guides/`)
   - `Q1_storage_guide.md`: 1 table (lineitem), 7 columns, 1 zone map
   - `Q3_storage_guide.md`: 3 tables, 10 columns, 6 indexes (3 hash, 3 zone maps)
   - `Q6_storage_guide.md`: 1 table (lineitem), 4 columns, 3 zone maps
   - All guides follow strict format: file paths, types, layouts, scale factors — no code, no hardcoded values

### Data Validation

✅ **Date encoding verified**: Sample `l_shipdate=8036` → 1992-01-02 (correct)
✅ **Decimal encoding verified**: Sample `l_discount=10` → 0.10 (scale_factor=100)
✅ **Dictionary encoding verified**: 
   - `l_returnflag`: 3 values (N, R, A)
   - `l_linestatus`: 2 values (F, O)
   - `c_mktsegment`: 5 values (BUILDING, AUTOMOBILE, MACHINERY, HOUSEHOLD, FURNITURE)

### File Locations

- **Storage design**: `/home/jl4492/GenDB/output/tpc-h/2026-02-15T23-06-07/storage_design.json`
- **Generated code**: `/home/jl4492/GenDB/output/tpc-h/2026-02-15T23-06-07/generated_ingest/`
- **Binary data**: `/home/jl4492/GenDB/benchmarks/tpc-h/gendb/tpch_sf10.gendb/`
- **Query guides**: `/home/jl4492/GenDB/output/tpc-h/2026-02-15T23-06-07/query_guides/`

### Next Steps (Phase 2)

The Code Generator agent can now read:
1. `storage_design.json` — schema, encodings, scale factors
2. `query_guides/<Qi>_storage_guide.md` — file paths, layouts, index binary formats
3. Binary column files — ready for mmap-based zero-copy access
4. Index files — ready for fast lookups and pruning

All data is loaded, indexed, and ready for query execution code generation! 🚀