Perfect! The optimization is in place. Now let me create a summary of what was optimized:

## Optimization Summary for Q4 - Iteration 6

### Problem Analysis
- **Bottleneck**: `build_semijoin_set` phase dominates at **1153.17 ms (98.5% of total 1170.75 ms)**
- **Root Cause**: Previous approach used a **sorted vector + binary search** for semi-join deduplication
  - Scan 60M lineitem rows → collect ~13.7M matching orderkeys → sort (O(n log n))
  - Lookups during filter phase use O(log n) binary search

### Optimization Applied

**Replace sorted vector with open-addressing hash set (CompactHashSet):**

1. **Eliminated sort bottleneck**: Replace O(n log n) sort with O(n) hash insertions
   - Avoiding the expensive `std::sort` call saves ~200-300ms
   
2. **Improved lookup complexity**: O(log n) → O(1) average case
   - 15M orders table lookups: faster semi-join checks
   
3. **Better memory layout**: Open-addressing uses single contiguous array
   - All data in one allocation vs scattered pointers
   - Better cache locality for probe phase
   
4. **Two-phase construction with pre-sizing**:
   - Phase 1: Parallel count of matching rows (to pre-allocate hash set)
   - Phase 2: Parallel thread-local insertions → merge (reduces lock contention)
   
5. **Maintained parallelism**: OpenMP parallel scans + thread-local aggregation

### Expected Impact
- **Reduction in build_semijoin_set**: ~400-600ms (35-50% speedup)
  - Sort elimination: ~200-300ms
  - O(1) vs O(log n) lookups: ~100-200ms
  - Better memory layout: ~50-100ms
- **Total speedup**: ~35-50% overall (estimated 600-800ms total execution)
- **Risk**: Low — using well-tested open-addressing pattern, validation unchanged

### Code Changes
- Added `CompactHashSet<K>` template with Fibonacci hashing
- Power-of-2 sizing (~75% load factor) for O(1) amortized ops
- Thread-local sets to reduce critical section overhead
- Preserved all [TIMING] instrumentation and output format
- All validation points maintained

Compilation: ✅ Successful (61KB binary)

The Executor will now run this optimized code and validate correctness.