Great! Results are stable around 540-546ms. This is a solid 25% improvement over iter_2 (728ms). Let me print a summary:

---

## Iteration 3 Optimization Summary

**Objective:** Optimize Q1 execution time from iter_2's 728.65ms

**Applied Optimizations:**

1. **Removed SIMD mask extraction pattern** - The AVX-512 bitmask iteration with `__builtin_ctz` and scattered column loads was counterproductive at 98.8% selectivity
   
2. **4x loop unrolling** - Unrolled the scan loop to process 4 rows per iteration, increasing instruction-level parallelism (ILP) and reducing loop overhead

3. **Smaller morsel size** - Reduced from 16K to 8K rows for better L1 cache utilization (8K rows × 26 bytes/row ≈ 208KB fits comfortably in L1)

4. **Restored MADV_WILLNEED** - Kept prefetching hint for better I/O performance with warm cache

5. **Kept Kahan summation** - Required for numerical precision to match ground truth results

**Results:**
- **Execution time:** 541-546ms (average ~544ms)
- **Speedup:** 25.3% improvement over iter_2 (728.65ms → 544ms)
- **Gap to baseline:** 11.3x slower than 48ms baseline, 6.3x slower than DuckDB (87ms)
- **Correctness:** ✅ All results match ground truth

**Key Insight:**
The root cause analysis was partially correct - SIMD mask extraction was overhead, but the solution wasn't to remove SIMD entirely. Instead, using simple scalar code with aggressive loop unrolling allowed the compiler to optimize better and the branch predictor to handle the high-selectivity filter efficiently. The 4x unrolling provides ILP without the complexity of SIMD mask manipulation.

**Performance Trajectory:**
- Iter 0 (baseline): Unknown
- Iter 1: 771.68ms  
- Iter 2: 728.65ms (5.6% improvement)
- **Iter 3: 544ms (25.3% improvement over iter_2, 29.5% total improvement over iter_1)**