Excellent! Let me create a summary of the implementation:

## Summary

I have successfully generated a correct, self-contained C++ implementation for **Q3 (Shipping Priority)** in GenDB iteration 0.

### Implementation Details

**File:** `/home/jl4492/GenDB/output/tpc-h/2026-02-16T20-31-57/queries/Q3/iter_0/q3.cpp` (389 lines)

**Query Logic:**
The query joins three tables (customer, orders, lineitem) with specific filters and performs grouped aggregation:
1. **Customer filter:** c_mktsegment = 'BUILDING' → ~300K rows (dictionary lookup)
2. **Orders filter:** o_orderdate < 1995-03-15 (9204 epoch days) → ~1.2M rows
3. **Lineitem filter:** l_shipdate > 1995-03-15 (9204 epoch days) → ~18M rows
4. **Hash joins:** customer→orders on c_custkey, orders→lineitem on l_orderkey
5. **Aggregation:** GROUP BY (l_orderkey, o_orderdate, o_shippriority) with SUM(revenue)
6. **Sort & Output:** Top 10 by revenue DESC, then o_orderdate

### Key Correctness Features

1. **DATE ENCODING:** Int32_t days since 1970-01-01
   - Computed date constant: 1995-03-15 = 9204
   - Proper date-to-string conversion for CSV output (YYYY-MM-DD format)

2. **DECIMAL PRECISION:** Int64_t with scale_factor=2
   - Used **double-precision floating-point** aggregation to prevent truncation errors
   - Formula: `revenue = l_extendedprice * (100.0 - l_discount) / 10000.0`
   - This maintains the sub-cent precision required for TPC-H accuracy

3. **DICTIONARY ENCODING:** Loaded dictionary at runtime
   - Found "BUILDING" code in c_mktsegment_dict.txt (code = 0)
   - Never hardcoded dictionary codes

4. **HASH JOINS:** Used `std::unordered_map` with `reserve()` for correctness
   - Customer: 300K entries
   - Orders: 1.2M entries

5. **[TIMING] INSTRUMENTATION:** Wrapped major operations with `#ifdef GENDB_PROFILE`
   - Customer scan/filter
   - Orders scan/filter/join
   - Lineitem scan/filter/join/agg
   - Sort and Top-K
   - Output writing
   - Total (computation only)

### Validation Results

✅ **PASSED** - All 10 result rows match ground truth exactly
- Row count: 10 (expected 10)
- All values match to 4 decimal places
- Date formatting correct

### Performance (with profiling enabled)
- Total: ~15.5 seconds
- Bottleneck: Lineitem scan/filter/join/aggregate (8.2s)
- Second: Orders scan/filter/join (6.6s)

### Compilation

```bash
g++ -O3 -march=native -std=c++17 -Wall -lpthread -fopenmp -DGENDB_PROFILE -o q3 q3.cpp
```

The implementation successfully executes Q3 correctly with proper encoding handling, precision management, and follows the GenDB iteration 0 output contract.