GenDB Index Building
GenDB Dir: /home/jl4492/GenDB/benchmarks/tpc-h/gendb/tpch_sf10.gendb

Building hash_single index: nation.n_nationkey
  Wrote /home/jl4492/GenDB/benchmarks/tpc-h/gendb/tpch_sf10.gendb/indexes/nation_n_nationkey_hash.bin
Building hash_single index: region.r_regionkey
  Wrote /home/jl4492/GenDB/benchmarks/tpc-h/gendb/tpch_sf10.gendb/indexes/region_r_regionkey_hash.bin
Building hash_single index: supplier.s_suppkey
  Wrote /home/jl4492/GenDB/benchmarks/tpc-h/gendb/tpch_sf10.gendb/indexes/supplier_s_suppkey_hash.bin
Building hash_multi_value index: supplier.s_nationkey
  Wrote /home/jl4492/GenDB/benchmarks/tpc-h/gendb/tpch_sf10.gendb/indexes/supplier_s_nationkey_hash.bin (hash table: 64 slots, positions: 100000 entries)
Building hash_single index: part.p_partkey
  Wrote /home/jl4492/GenDB/benchmarks/tpc-h/gendb/tpch_sf10.gendb/indexes/part_p_partkey_hash.bin
Building hash_multi_value index: partsupp.ps_partkey
  Wrote /home/jl4492/GenDB/benchmarks/tpc-h/gendb/tpch_sf10.gendb/indexes/partsupp_ps_partkey_hash.bin (hash table: 4194304 slots, positions: 8000000 entries)
Building hash_multi_value index: partsupp.ps_suppkey
  Wrote /home/jl4492/GenDB/benchmarks/tpc-h/gendb/tpch_sf10.gendb/indexes/partsupp_ps_suppkey_hash.bin (hash table: 262144 slots, positions: 8000000 entries)
Building hash_single index: customer.c_custkey
  Wrote /home/jl4492/GenDB/benchmarks/tpc-h/gendb/tpch_sf10.gendb/indexes/customer_c_custkey_hash.bin
Building hash_multi_value index: customer.c_nationkey
  Wrote /home/jl4492/GenDB/benchmarks/tpc-h/gendb/tpch_sf10.gendb/indexes/customer_c_nationkey_hash.bin (hash table: 64 slots, positions: 1500000 entries)
Building hash_multi_value index: customer.c_mktsegment
  Wrote /home/jl4492/GenDB/benchmarks/tpc-h/gendb/tpch_sf10.gendb/indexes/customer_c_mktsegment_hash.bin (hash table: 16 slots, positions: 1500000 entries)
Building hash_single index: orders.o_orderkey
  Wrote /home/jl4492/GenDB/benchmarks/tpc-h/gendb/tpch_sf10.gendb/indexes/orders_o_orderkey_hash.bin
Building hash_multi_value index: orders.o_custkey
  Wrote /home/jl4492/GenDB/benchmarks/tpc-h/gendb/tpch_sf10.gendb/indexes/orders_o_custkey_hash.bin (hash table: 2097152 slots, positions: 15000000 entries)
Building zone_map index: orders.o_orderdate
  Wrote /home/jl4492/GenDB/benchmarks/tpc-h/gendb/tpch_sf10.gendb/indexes/orders_o_orderdate_zonemap.bin (150 zones)
Building hash_multi_value index: lineitem.l_orderkey
  Wrote /home/jl4492/GenDB/benchmarks/tpc-h/gendb/tpch_sf10.gendb/indexes/lineitem_l_orderkey_hash.bin (hash table: 33554432 slots, positions: 59986052 entries)
Building hash_multi_value index: lineitem.l_partkey
  Wrote /home/jl4492/GenDB/benchmarks/tpc-h/gendb/tpch_sf10.gendb/indexes/lineitem_l_partkey_hash.bin (hash table: 4194304 slots, positions: 59986052 entries)
Building hash_multi_value index: lineitem.l_suppkey
  Wrote /home/jl4492/GenDB/benchmarks/tpc-h/gendb/tpch_sf10.gendb/indexes/lineitem_l_suppkey_hash.bin (hash table: 262144 slots, positions: 59986052 entries)
Building zone_map index: lineitem.l_shipdate
  Wrote /home/jl4492/GenDB/benchmarks/tpc-h/gendb/tpch_sf10.gendb/indexes/lineitem_l_shipdate_zonemap.bin (300 zones)

Index building complete!
