GenDB Ingestion Starting
Input:  /home/jl4492/GenDB/benchmarks/tpc-h/data/sf10
Output: /home/jl4492/GenDB/benchmarks/tpc-h/gendb/tpch_sf10.gendb

Ingesting nation...
  Ingested 25 rows
Ingesting region...
  Ingested 5 rows
Ingesting supplier...
  Ingested 100000 rows
Ingesting part...
  Ingested 2000000 rows
Ingesting partsupp...
  Ingested 8000000 rows
Ingesting customer...
  Ingested 1500000 rows
Ingesting orders...
  Ingested 15000000 rows
Ingesting lineitem...
  Processed 1000000 rows...
  Processed 2000000 rows...
  Processed 3000000 rows...
  Processed 4000000 rows...
  Processed 5000000 rows...
  Processed 6000000 rows...
  Processed 7000000 rows...
  Processed 8000000 rows...
  Processed 9000000 rows...
  Processed 10000000 rows...
  Processed 11000000 rows...
  Processed 12000000 rows...
  Processed 13000000 rows...
  Processed 14000000 rows...
  Processed 15000000 rows...
  Processed 16000000 rows...
  Processed 17000000 rows...
  Processed 18000000 rows...
  Processed 19000000 rows...
  Processed 20000000 rows...
  Processed 21000000 rows...
  Processed 22000000 rows...
  Processed 23000000 rows...
  Processed 24000000 rows...
  Processed 25000000 rows...
  Processed 26000000 rows...
  Processed 27000000 rows...
  Processed 28000000 rows...
  Processed 29000000 rows...
  Processed 30000000 rows...
  Processed 31000000 rows...
  Processed 32000000 rows...
  Processed 33000000 rows...
  Processed 34000000 rows...
  Processed 35000000 rows...
  Processed 36000000 rows...
  Processed 37000000 rows...
  Processed 38000000 rows...
  Processed 39000000 rows...
  Processed 40000000 rows...
  Processed 41000000 rows...
  Processed 42000000 rows...
  Processed 43000000 rows...
  Processed 44000000 rows...
  Processed 45000000 rows...
  Processed 46000000 rows...
  Processed 47000000 rows...
  Processed 48000000 rows...
  Processed 49000000 rows...
  Processed 50000000 rows...
  Processed 51000000 rows...
  Processed 52000000 rows...
  Processed 53000000 rows...
  Processed 54000000 rows...
  Processed 55000000 rows...
  Processed 56000000 rows...
  Processed 57000000 rows...
  Processed 58000000 rows...
  Processed 59000000 rows...
  Ingested 59986052 rows
Writing dictionary files...
  Wrote /home/jl4492/GenDB/benchmarks/tpc-h/gendb/tpch_sf10.gendb/lineitem/comment_dict.txt (34378943 entries)
  Wrote /home/jl4492/GenDB/benchmarks/tpc-h/gendb/tpch_sf10.gendb/lineitem/shipinstruct_dict.txt (4 entries)
  Wrote /home/jl4492/GenDB/benchmarks/tpc-h/gendb/tpch_sf10.gendb/orders/orderpriority_dict.txt (5 entries)
  Wrote /home/jl4492/GenDB/benchmarks/tpc-h/gendb/tpch_sf10.gendb/orders/orderstatus_dict.txt (3 entries)
  Wrote /home/jl4492/GenDB/benchmarks/tpc-h/gendb/tpch_sf10.gendb/lineitem/shipmode_dict.txt (7 entries)
  Wrote /home/jl4492/GenDB/benchmarks/tpc-h/gendb/tpch_sf10.gendb/customer/comment_dict.txt (1496636 entries)
  Wrote /home/jl4492/GenDB/benchmarks/tpc-h/gendb/tpch_sf10.gendb/customer/mktsegment_dict.txt (5 entries)
  Wrote /home/jl4492/GenDB/benchmarks/tpc-h/gendb/tpch_sf10.gendb/customer/phone_dict.txt (1499963 entries)
  Wrote /home/jl4492/GenDB/benchmarks/tpc-h/gendb/tpch_sf10.gendb/customer/name_dict.txt (1500000 entries)
  Wrote /home/jl4492/GenDB/benchmarks/tpc-h/gendb/tpch_sf10.gendb/partsupp/comment_dict.txt (7914164 entries)
  Wrote /home/jl4492/GenDB/benchmarks/tpc-h/gendb/tpch_sf10.gendb/orders/clerk_dict.txt (10000 entries)
  Wrote /home/jl4492/GenDB/benchmarks/tpc-h/gendb/tpch_sf10.gendb/part/comment_dict.txt (806046 entries)
  Wrote /home/jl4492/GenDB/benchmarks/tpc-h/gendb/tpch_sf10.gendb/nation/name_dict.txt (25 entries)
  Wrote /home/jl4492/GenDB/benchmarks/tpc-h/gendb/tpch_sf10.gendb/orders/comment_dict.txt (14097230 entries)
  Wrote /home/jl4492/GenDB/benchmarks/tpc-h/gendb/tpch_sf10.gendb/nation/comment_dict.txt (25 entries)
  Wrote /home/jl4492/GenDB/benchmarks/tpc-h/gendb/tpch_sf10.gendb/customer/address_dict.txt (1500000 entries)
  Wrote /home/jl4492/GenDB/benchmarks/tpc-h/gendb/tpch_sf10.gendb/part/mfgr_dict.txt (5 entries)
  Wrote /home/jl4492/GenDB/benchmarks/tpc-h/gendb/tpch_sf10.gendb/lineitem/returnflag_dict.txt (3 entries)
  Wrote /home/jl4492/GenDB/benchmarks/tpc-h/gendb/tpch_sf10.gendb/region/comment_dict.txt (5 entries)
  Wrote /home/jl4492/GenDB/benchmarks/tpc-h/gendb/tpch_sf10.gendb/supplier/phone_dict.txt (100000 entries)
  Wrote /home/jl4492/GenDB/benchmarks/tpc-h/gendb/tpch_sf10.gendb/part/type_dict.txt (150 entries)
  Wrote /home/jl4492/GenDB/benchmarks/tpc-h/gendb/tpch_sf10.gendb/supplier/address_dict.txt (100000 entries)
  Wrote /home/jl4492/GenDB/benchmarks/tpc-h/gendb/tpch_sf10.gendb/supplier/name_dict.txt (100000 entries)
  Wrote /home/jl4492/GenDB/benchmarks/tpc-h/gendb/tpch_sf10.gendb/supplier/comment_dict.txt (99983 entries)
  Wrote /home/jl4492/GenDB/benchmarks/tpc-h/gendb/tpch_sf10.gendb/part/name_dict.txt (1999828 entries)
  Wrote /home/jl4492/GenDB/benchmarks/tpc-h/gendb/tpch_sf10.gendb/part/brand_dict.txt (25 entries)
  Wrote /home/jl4492/GenDB/benchmarks/tpc-h/gendb/tpch_sf10.gendb/lineitem/linestatus_dict.txt (2 entries)
  Wrote /home/jl4492/GenDB/benchmarks/tpc-h/gendb/tpch_sf10.gendb/region/name_dict.txt (5 entries)
  Wrote /home/jl4492/GenDB/benchmarks/tpc-h/gendb/tpch_sf10.gendb/part/container_dict.txt (40 entries)

Ingestion complete!
