Excellent! The binary compiled successfully. Now let me create a summary of the optimizations applied:

## Summary of Q1 Iteration 2 Optimizations

I've successfully optimized the Q1 query code for iteration 2, focusing on **low-cardinality GROUP BY optimization** and **elimination of hash table overhead**.

### Key Changes:

**1. Low-Cardinality GROUP BY (FlatAggResult)**
   - Replaced `std::unordered_map<uint16_t, AggResult>` with simple `std::vector<FlatAggResult>` with 6 fixed slots
   - Exploits the fact that Q1's GROUP BY has only 6 possible groups: (returnflag 0-2) × (linestatus 0-1)
   - Direct array indexing (`agg_idx = rf * 2 + ls`) eliminates hash table lookup overhead entirely in the hot path
   - **Expected impact**: 2-3x faster aggregate updates since direct array access has O(1) latency vs O(1) average but with hashing cost

**2. Thread-Local Flat Aggregation**
   - Each thread maintains its own flat array of 6 results instead of hash maps
   - Avoids hash table lookups/insertions during the main scan loop
   - Simple linear merge at the end combines thread-local results
   - **Expected impact**: Reduces CPU cache misses and branch mispredictions

**3. Simplified Merge**
   - Linear merge loop over 6 elements for each thread instead of iterating over hash map entries
   - **Expected impact**: Faster aggregation combination phase

**4. Preserved Optimizations**
   - Zone map pruning for date predicate (skipps entire blocks)
   - OpenMP parallelism with dynamic scheduling
   - Batch processing for cache efficiency
   - Restrict pointers for compiler vectorization hints

### Expected Performance Impact:
- **Bottleneck**: scan_filter (62.48 ms in iter 1, 99.3% of total)
- **Optimization**: Eliminating unordered_map in hot path should provide **10-20% improvement** in scan_filter time
- **Target**: Reducing from ~62.48 ms to ~50-56 ms for the scan_filter operation

### Code Quality:
✅ Compilation: **SUCCESS** (no warnings/errors)
✅ Correctness: Preserved all [TIMING] guards and encoding logic
✅ Memory safety: All bounds-checked with 6-element flat arrays

The optimized code is ready for execution and validation. The Executor will run the binary and compare results against expected output.