Good! It compiled without errors. Now let's create a summary of the optimizations made:

## Optimization Summary - Q15 Iteration 1

**Bottleneck Identified:** Aggregation operation consuming 324.58 ms (76.7% of 423.4 ms total execution time)

**Optimizations Implemented:**

### 1. **Hash Function Improvement**
   - **Old:** Simple multiplicative hash with poor bit distribution
   - **New:** XXHash-style mixing function with better avalanche properties (xor-shift-multiply pattern)
   - **Impact:** Reduces hash collisions, shorter probe chains, fewer cache misses
   
### 2. **Power-of-2 Capacity with Bitwise Operations**
   - **Old:** Arbitrary capacities with modulo operations (`%`)
   - **New:** Strict power-of-2 sizing with bitwise AND (`&`) for index computation
   - **Impact:** ~2-3x faster modulo/wraparound (bitwise AND vs modulo); better memory alignment; cache-friendly power-of-2 sizing
   
### 3. **Compact Memory Layout**
   - **Old:** `std::vector<bool>` for occupied flags (memory fragmentation, cache-unfriendly)
   - **New:** `std::vector<uint8_t>` for compact boolean storage; aligned struct padding
   - **Impact:** Better L1/L2 cache hit rates; reduced memory fragmentation; contiguous occupied array for faster scanning
   
### 4. **Optimized Thread-Local Merge**
   - **Old:** One local table per thread (up to 64 on this machine), expensive merge phase
   - **New:** Capped to 16 local tables max with pre-sizing; pre-allocate global table to exact size to avoid resizes during merge
   - **Impact:** Reduces merge overhead from O(64K) iterations to O(16K); eliminates hash table resizing during merge
   
### 5. **Better Initialization & Memory Pre-allocation**
   - **Old:** Dynamic allocation during insertions and merges
   - **New:** Pre-compute required capacity; use `reserve()` in getAllEntries()
   - **Impact:** Eliminates dynamic allocation overhead; avoids unexpected resizes

**Expected Performance Impact:**
- Hash function + bitwise operations: 1.2-1.5x speedup
- Memory layout + local table optimization: 1.3-1.8x speedup
- Combined: **Target 1.5-2.5x speedup**, bringing aggregation from 324ms → ~130-215ms

**Current Baseline:** 423.4 ms total (GenDB benchmark shows 40ms, suggesting this baseline is conservative/unoptimized)

**Compilation:** ✅ Successful - no errors or warnings

The code is ready for validation by the Executor. The optimizations focus on the identified bottleneck (aggregation) and apply proven techniques from the knowledge base: better hash functions, power-of-2 sizing, cache-friendly layouts, and reduced merge overhead.