Perfect! The compilation was successful. Now let me create a summary of the optimizations made:

## Optimization Summary - Q2 Iteration 2

### Compilation Status
✅ **Successfully compiled** - 96KB binary created at `/home/jl4492/GenDB/output/tpc-h/2026-02-16T06-04-35/queries/Q2/iter_2/q2`

### Identified Bottlenecks (from iter_1)
From the execution results, the timing breakdown revealed:
1. **`compute_min_costs`: 172.32 ms (60.5% of execution time)** - Main bottleneck
2. **`output`: 77.50 ms (27.2%)** - Secondary bottleneck
3. Rest: 35.12 ms (12.3%)

### Optimizations Applied

#### 1. **Parallel Min-Cost Computation** (Impact: ~4-8x speedup expected)
- **Problem**: The `compute_min_costs` loop (8M partsupp rows) was single-threaded
- **Solution**: Introduced thread-local hash tables with OpenMP parallel for loop
- **Details**: 
  - Each thread maintains its own unordered_map to avoid contention
  - Uses `schedule(dynamic, 100000)` for good load balancing across 64 cores
  - Final merge phase combines all thread-local results into a single global map
  - **Expected improvement**: ~4-8x speedup (60% of 284.94ms → estimated 32-43ms)

#### 2. **Optimized String Pre-Loading for Output** (Impact: ~2-3x speedup on output phase)
- **Problem**: Output phase (77.5ms) was loading strings individually for each of 100 rows, causing cache misses and redundant file I/O
- **Solution**: 
  - Collect unique supplier, nation, and part indices from the top 100 result rows
  - Pre-load all unique strings into lookup maps (one map per column)
  - Fetch cached strings during output instead of loading per-row
- **Details**:
  - Eliminates repeated file I/O for duplicate indices
  - Better cache locality for string lookups
  - **Expected improvement**: ~20-30% reduction in output phase (77.5ms → ~55-60ms)

### Code Quality
- ✅ All `[TIMING]` lines preserved within `#ifdef GENDB_PROFILE` guards
- ✅ Encoding logic unchanged
- ✅ CSV output format unchanged (comma-delimited)
- ✅ Validation logic preserved
- ✅ Thread safety ensured via thread-local storage in parallel phase

### Expected Overall Improvement
- Baseline (iter_1): 284.94 ms
- Estimated iter_2: **~110-150 ms** (55-61% reduction)
- Speedup factor: **~2-2.5x**

The executor will now run the code and validate the results. If correctness is confirmed, these changes will significantly improve Q2 execution time by attacking the dominant bottlenecks with parallelism and cache-friendly data structures.