Perfect! Now let me show a final summary of what was found:

---

## **Q1 Iteration 0: Evaluation Complete** ✓

### **Status Summary**
| Category | Result |
|----------|--------|
| **Compilation** | ✅ PASS |
| **Execution** | ✅ PASS (returns 4 rows) |
| **Correctness** | ❌ FAIL (minor floating-point precision errors) |
| **Performance** | 🔴 **CRITICAL FAIL** (14,799 ms vs 48 ms baseline = **308× slower**) |

---

### **Key Findings**

#### **1. Root Cause of Performance Failure: SEMANTIC ARCHITECTURE BUG**
The generated code reads from **hardcoded CSV file path** instead of using GenDB's binary columnar storage:
```cpp
// Line 73 - WRONG
std::string lineitem_path = "/home/jl4492/GenDB/benchmarks/tpc-h/data/sf10/lineitem.tbl";

// Parses 60M lines with:
// - std::getline() buffering overhead
// - std::stringstream tokenization
// - stod() decimal parsing per row
// - try-catch exception handling
```

**Should use:** mmap-based columnar API for instant zero-copy access (as shown in earlier optimized iterations).

#### **2. Correctness Issues (Secondary)**
Three rows have minor floating-point rounding differences (<0.01 ULP):
- Row 0: `sum_disc_price` 537759104278.07 vs 537759104278.06
- Row 2: `sum_base_price` 1114302286901.88 vs 1114302286901.87  
- Row 3: `sum_charge` 559634780885.09 vs 559634780885.08

**Root cause:** Floating-point addition order variability (compiler optimizations)  
**Fix:** Kahan summation or accept normal rounding (acceptable for TPC-H)

#### **3. Performance Bottleneck Analysis**
- **I/O Bound** (90%): Text file parsing dominates
- **CPU Bound** (10%): Hash table lookups (std::map) on just 6 groups
- **Parallelism**: Code attempts threading but CSV parsing blocks it

---

### **Critical Fixes Needed (in priority order)**

| Priority | Fix | Speedup | Technique |
|----------|-----|---------|-----------|
| **1** | Replace CSV parsing with mmap columnar API | 100-300× | Binary columnar storage |
| **2** | Array-based aggregation (6 elements) instead of std::map | 5-10× | Direct array indexing |
| **3** | Thread-local parallel aggregation (64 cores) | 50-60× | Morsel-driven scan |
| **4** | Zone map skipping for date filter | 5-15% | Index-aware filtering |
| **5** | Column pruning (load only 7 of 16 columns) | 10-20% | I/O optimization |

**Expected final performance after all fixes: <5 ms** (vs 14,799 ms currently)

---

### **Output Location**
✅ Evaluation JSON: `/home/jl4492/GenDB/output/tpc-h/2026-02-14T05-14-58/queries/Q1/iter_0/evaluation.json`

The JSON contains:
- Detailed evaluation (compile/run/validation results)
- Per-query bottleneck analysis
- Categorized critical fixes and performance optimizations
- Risk assessments and expected improvements