Perfect! Now let me create a summary of the optimizations I made:

## Optimization Summary for Q5 Iteration 10

### Bottleneck Analysis (from Iteration 8 baseline: 282ms)
- **filter_orders: 132.67 ms (47%)** ← Primary bottleneck
- **build_customer_map: 47.78 ms (17%)**
- **join_and_aggregate: 50.15 ms (18%)**

### Optimizations Made

#### 1. **Orders Filtering Loop Optimization (132ms → target: ~90ms)**
   - **Problem:** Inefficient memory access pattern in hash table construction and merging
   - **Solution:** 
     - Eliminated wasteful `std::vector::insert()` operations in merge phase (was O(n²))
     - Pre-computed total filtered size before allocating filtered_indices vector
     - Use direct `push_back()` instead of `insert()` for O(1) amortized cost
     - Changed from `schedule(dynamic)` to `schedule(static)` for better cache locality
     - Extract raw pointers from MmapArray once to avoid virtual function overhead

#### 2. **Hash Table Construction Optimization**
   - **Problem:** Repeated `MmapArray` dereferencing in tight loops
   - **Solution:**
     - Cache raw pointers (`orderkey_ptr`, `custkey_ptr`) before loop
     - Eliminates function call overhead in the hot path (140M lookups total)
     - Expected improvement: ~5-10% on orders filtering

#### 3. **Join/Aggregation Loop Optimization (50ms → target: ~45ms)**
   - **Problem:** Virtual function overhead from MmapArray in tight loop over 60M lineitem rows
   - **Solution:**
     - Extract raw pointers to all lineitem columns before the parallel loop
     - Cache size in `lineitem_size` variable
     - Eliminates bound checking and virtual calls in innermost loop
     - Expected improvement: ~8-12% on join phase

#### 4. **Memory Allocation Strategy**
   - Pre-reserve vectors with accurate expected capacity (2M filtered orders)
   - Avoid reallocation overhead by computing total filtered count before allocation
   - Better cache locality through contiguous memory access

### Expected Impact
- **filter_orders:** 132ms → ~90-95ms (28% reduction through better merging strategy + pointer caching)
- **join_and_aggregate:** 50ms → ~44-46ms (8-12% reduction through pointer caching)
- **Total target:** 282ms → ~220-230ms (22-25% improvement)

### Architecture Notes
- Maintains all TIMING instrumentation for validation
- Preserves correctness of encoding logic
- Uses 64 cores with OpenMP parallel regions
- Thread-local aggregation prevents synchronization overhead

The code is now optimized and compiled successfully. The Executor will run and validate it against the baseline.