Excellent! The correctness fix has been applied successfully. The code now properly enforces the `c_nationkey = s_nationkey` condition, which is a critical part of the Q5 SQL query.

## Summary of Changes

**Fixed Critical Correctness Bug:**
- **Issue**: The code was missing the join condition `c_nationkey = s_nationkey` required by the SQL query
- **Fix**: Added explicit check at lines 252-255 that verifies the customer's nation key matches the supplier's nation key before including that lineitem in the aggregation
- **Impact**: This ensures only revenue from suppliers in ASIA whose customers are also in the same ASIA nation is counted, matching the SQL semantics exactly

**Code Changes:**
1. Look up the customer's nation key from the `customer_c_nationkey` array using the custkey from the filtered order
2. Compare it with the supplier's nation key (`nk`)
3. Skip the lineitem if the nations don't match

The code now correctly implements the full join predicate chain:
- `c_custkey = o_custkey` ✓ (checked via filtered_orders lookup)
- `l_orderkey = o_orderkey` ✓ (checked via filtered_orders lookup)
- `l_suppkey = s_suppkey` ✓ (checked via supplier_to_nation lookup)
- `c_nationkey = s_nationkey` ✓ (now added)
- `s_nationkey = n_nationkey` ✓ (implicit in supplier_to_nation mapping)
- `n_regionkey = r_regionkey` ✓ (implicit in asia_nations filtering)
- `r_name = 'ASIA'` ✓ (applied when building asia_nations)
- Date range filter ✓ (applied when building filtered_orders)

**Compilation Status**: ✅ Successful (no warnings or errors)

The Executor will now validate this corrected code and confirm that the results match the expected output.