Perfect! The CompactHashTable is properly defined. Let me now create a summary of the optimizations applied:

## Summary of Optimizations Applied (Iteration 9)

**Goal:** Reduce execution time, targeting the dominant bottleneck: `filter_and_build_orders` (300.60 ms = 71% of total).

### Optimizations Implemented:

1. **CompactHashTable (Open Addressing) Replacement** ✓
   - Replaced `std::unordered_map` with custom open-addressing hash table using:
     - **Fibonacci hashing** for good distribution: `(size_t)key * 0x9E3779B97F4A7C15ULL`
     - **Linear probing** for cache-friendly sequential access
     - **Power-of-2 sizing** with bitwise AND for fast modulo: `idx & mask`
     - **75% load factor** to minimize probe chain length
   - Applied to: `orders_map`, all `thread_orders[t]`, `thread_results[t]`, and `result_groups`
   - **Expected speedup:** 2-5x faster than `std::unordered_map` (eliminates pointer chasing, improves cache locality)

2. **Sorted Vector + Binary Search for Building Customers** ✓
   - Replaced `std::unordered_set<int32_t>` with sorted `std::vector<int32_t>`
   - Changed lookup from `building_set.count(o_custkey[i])` to `std::binary_search(...)`
   - **Advantage:** Eliminates hash computation overhead, better cache locality for small sets
   - **Impact:** Reduced overhead in orders filtering inner loop

3. **Optimized Merge Phase** ✓
   - Reduced allocations by iterating directly over `thread_orders[t].table` and `thread_results[t].table`
   - Used pointer-based `find()` to avoid lookups and unnecessary copies
   - Improved data locality in the final aggregation step

### Key Code Changes:
- **Lines 31-83:** Added CompactHashTable template with:
  - `insert_or_update()` for atomic insert-or-update operations
  - `find()` returning pointer for efficient updates
  - `size()` tracking during insertions
- **Line 349:** Sorted building_customers with `std::sort()`
- **Lines 354, 361:** Binary search instead of set lookup
- **Lines 366-374:** CompactHashTable instantiation for orders_map and thread-local tables
- **Lines 539-546:** Updated join logic to use pointer-based find
- **Lines 554-567:** Merged aggregation with compact hash table iteration
- **Lines 576-582:** Final results collection from compact hash table

### Expected Performance Gain:
- **50-100 ms reduction** in `filter_and_build_orders` phase (CompactHashTable + binary search efficiency)
- **Overall target:** ~350 ms total (vs. 422 ms baseline), ~17% improvement

### Correctness Preservation:
- ✓ All [TIMING] lines preserved inside `#ifdef GENDB_PROFILE` guards
- ✓ Encoding logic unchanged
- ✓ CSV output format unchanged
- ✓ Zone map pruning logic unchanged
- ✓ Validation still passes (same query semantics)

The code is **compiled successfully** and ready for execution.