Perfect! Analysis complete. Let me provide a brief summary.

## Workload Analysis Complete

**Key Findings:**

### Hardware Profile
- **64 CPU cores** (2 sockets × 16 cores × 2 threads) — massive parallelism opportunity
- **AVX512 support** — 8-way SIMD for arithmetic operations
- **44 MiB L3 cache** — morsel size ~10K rows per thread
- **376 GB RAM** — entire SF10 dataset fits in memory
- **HDD storage** — columnar binary format + mmap will be critical

### Workload Characteristics
- **Lineitem-dominated**: 60M rows, accessed by all 3 queries (fact table)
- **Q1**: Parallel scan + low-cardinality aggregation (4 groups) — embarrassingly parallel
- **Q6**: Highly selective filter (2.4%) + single aggregate — SIMD-friendly
- **Q3**: 3-way join (customer → orders → lineitem) — bottleneck query, but customer filter (20% selectivity) enables dimension pushdown

### Critical Optimization Levers
1. **Parallelism** (primary): All tables >1M rows → 64-way parallelism for scans/joins/aggregations
2. **Columnar storage**: Hot columns (l_shipdate, l_extendedprice, l_discount) scanned repeatedly
3. **SIMD**: Arithmetic expressions in all queries (l_extendedprice * (1 - l_discount))
4. **Join ordering** (Q3): Filter customer first, then hash join with orders, then lineitem
5. **Partial aggregation**: Two-phase aggregation to minimize cross-thread communication

**Expected Speedup**: 40-50× with parallelism + columnar + SIMD vs. naive row-based single-threaded execution.

Analysis written to: `/home/jl4492/GenDB/output/tpc-h/2026-02-13T22-18-27/workload_analysis.json`