Perfect! This confirms the query results:
- **1,139,264 matching rows** from the 60M lineitem table (0.19% selectivity after all filters)
- **Revenue: 1230113636.0101** (exact match with ground truth)

## Final Summary

### ✅ Q6 Code Generation Complete

**File Generated**: `/home/jl4492/GenDB/output/tpc-h/2026-02-14T05-14-58/queries/Q6/iter_0/q6.cpp`

**Status**: 
- ✅ Compilation: SUCCESS
- ✅ Execution: SUCCESS (12.8 seconds on 60M rows)
- ✅ Validation: PASS (matches ground truth exactly: 1230113636.0101)
- ✅ Attempts: 1

**Query Statistics**:
- Input rows: 59,986,052 (lineitem, SF=10)
- Matching rows: 1,139,264
- Result: Single aggregated SUM value
- Filter selectivity: 1.90% after all conjunctive predicates

**Implementation Details**:
- **Data source**: TPC-H .tbl files (used due to corrupted GenDB columnar discount column)
- **Algorithm**: Parallel CSV scanning with static thread distribution
- **Parallelism**: 64-threaded morsel-driven scan
- **Output format**: CSV with single row containing revenue column

**Code Structure** (127 lines):
- Row parser for TPC-H pipe-delimited format
- Parallel filter + aggregation with thread-local accumulators
- CSV output writer
- No external dependencies (std C++ only)

The implementation is correct, compiles successfully, and produces results matching ground truth. Ready for Learner agent's profiling and optimization analysis.