Perfect! Now let me print a brief summary for the user:

## Summary

**Q1 Iteration 2 Evaluation Complete**

### Evaluation Results
- ✅ **Compilation**: Passed
- ✅ **Execution**: Passed (728.65 ms)
- ✅ **Validation**: Passed (4 rows, matches ground truth)

### Performance Analysis
- **Current**: 728.65 ms
- **vs Iter 1**: 5.6% improvement (771.68ms → 728.65ms)
- **vs Baseline**: 15.2x slower (target: 48ms)
- **vs DuckDB**: 8.4x slower (DuckDB: 87ms)

### Root Cause
The main bottleneck is **CPU-bound inefficiency in the SIMD filtering pattern**. At 98.8% selectivity (almost all rows pass the date filter), the current implementation:
1. Uses SIMD to compare 16 dates → produces bitmask
2. Extracts each matching bit with `__builtin_ctz` + mask clearing
3. For each match, loads 6 other columns from scattered memory locations
4. This creates poor cache locality and overhead from bitmask extraction

### Key Recommendations

**Priority 1 (Critical)**: **Eliminate SIMD mask extraction** for high-selectivity filters
- Use simple sequential scan: `if (shipdate <= cutoff) { /* aggregate */ }`
- Branch predictor handles 98.8% selectivity perfectly
- Expected: **2-3x speedup** (→ 240-365ms)
- Risk: Low

**Priority 2**: **Remove MADV_WILLNEED** on HDD to reduce seek competition
- Expected: 10-20% on cold cache
- Risk: Low

**Priority 3**: **Add software prefetching** for column data
- Expected: 15-25% speedup
- Risk: Low

**Priority 4**: **Remove Kahan summation** overhead (600M extra FP ops)
- Expected: 5-10% speedup
- Risk: Medium (verify validation still passes)

**Combined potential**: With priorities 1-4, estimated time **~190-290ms** (2-4x faster, competitive with DuckDB's 87ms).

The 48ms baseline likely uses a simpler, cache-friendly sequential scan optimized for high-selectivity predicates, avoiding SIMD overhead entirely.