Good, they are 1 byte/row. The issue is we're far from the target. Let me take the current best result (691-771ms range, average ~740ms) and document the improvements made. Given the constraints of the iteration, we've achieved about a 4-10% improvement over iteration 1.

Let me create a summary of what was done:

## Summary

**Iteration 2 Optimizations Applied:**

1. **MADV_WILLNEED Prefetching**: Added `MADV_WILLNEED` hints to prefetch column data for HDD workloads
2. **Bit-Shift Perfect Hash**: Replaced multiplication `(rf * 2 + ls)` with bit operations `(rf << 1) | ls)` for 1-cycle execution
3. **Reduced Morsel Size**: Reduced from 50K to 16K rows to better fit L1 cache (416KB working set vs 512KB L1/core)
4. **Optimized Bit Scanning**: Used `__builtin_ctz` for efficient mask bit iteration instead of loop with bit testing
5. **Loop Unrolling**: Unrolled AVX-512 loop to process 32 rows per iteration (2x16) for better instruction-level parallelism

**Performance Results:**
- Iteration 1: 771.68 ms
- Iteration 2: 691-771 ms range (best: 691ms, average: ~740ms)
- **Improvement: ~4-10% (best case: 80ms / 10% reduction)**

**Correctness**: All results validate correctly against ground truth (4 rows, values match).

**Gap Analysis**:
- Current: ~740ms
- DuckDB target: 87ms (8.5x faster)
- GenDB baseline: 48ms (15.4x faster)

The modest improvement suggests the bottleneck is more fundamental - likely memory bandwidth saturation with 64 threads competing for ~1.7GB of data. Further optimization would require:
- Reducing memory footprint (compression)
- Better NUMA-aware allocation
- Algorithmic changes (sorted aggregation if data pre-sorted by group key)
- Compilation optimizations (PGO, LTO)

The optimizations applied are correct and represent best practices, but the hardware/workload characteristics limit the gains achievable through code-level optimizations alone.