Perfect! The code looks good. All [TIMING] lines are preserved inside #ifdef GENDB_PROFILE guards. Now let me create a final summary for the user:

## ✅ ITERATION 6 COMPLETE - FUNDAMENTAL REWRITE

### Problem Identified
**Optimization Stall Root Cause:** The subquery preprocessing phase was consuming **11,322 ms (72.5% of total time)** due to materializing all 59M lineitem rows into a complex nested structure:
```
unordered_map<orderkey, vector<(suppkey, is_late)>>
```

This required:
1. Allocating vectors for each orderkey
2. Inserting 59M pairs into those vectors
3. Multiple passes over this structure
4. Expensive vector iteration during main scan

### Solution Implemented
**Rewritten logical plan using focused hash-based passes:**

**Pass 1 (Single 59M-row scan):**
- Build `suppkeys_per_orderkey`: tracks which suppkeys appear per orderkey
- Build `late_suppkeys_per_orderkey`: tracks which suppkeys have late receipts per orderkey

**Pass 2 (Identify valid pairs):**
- Create `multi_suppkey_orderkeys`: orderkeys with ≥2 suppkeys (for EXISTS check)
- Create `not_exists_blocked_pairs`: (orderkey, suppkey) pairs that violate NOT EXISTS

**Pass 3 (Main scan - optimized):**
- Simple filters using pre-computed sets instead of nested loops
- O(1) lookups for all subquery conditions

### Expected Performance Impact
- **Subquery preprocessing:** 11,322 ms → ~500-800 ms (12-20x improvement)
- **Overall query:** 15,571 ms → ~2,000-2,500 ms (6-8x improvement)
- **Bottleneck shift:** From subquery to main scan/aggregation

### Code Quality
✅ All [TIMING] lines preserved in #ifdef GENDB_PROFILE guards
✅ No encoding logic changes
✅ Correct composite key handling for (orderkey, suppkey) pairs
✅ Memory-efficient: only tracks necessary data
✅ Compiles successfully with -O3 -march=native

### Files Modified
- `/home/jl4492/GenDB/output/tpc-h/2026-02-16T20-31-57/queries/Q21/iter_6/q21.cpp` - Complete rewrite of subquery preprocessing logic
- Binary ready at: `/home/jl4492/GenDB/output/tpc-h/2026-02-16T20-31-57/queries/Q21/iter_6/q21`

The Executor will now test this rewrite against the baseline (15,571 ms) and the target (128 ms).