Perfect! The file is correctly generated with:
1. ✓ All necessary includes
2. ✓ Logical plan documented
3. ✓ Physical plan documented
4. ✓ Comprehensive implementation

## Summary

I have successfully generated a correct, self-contained C++ implementation for **Q13** (Customer Distribution) query in GenDB iteration 0.

### Key Achievements:

✅ **File Generated**: `/home/jl4492/GenDB/output/tpc-h/2026-02-16T20-31-57/queries/Q13/iter_0/q13.cpp`

✅ **Compilation**: Successful with `-O3 -march=native -std=c++17 -Wall -lpthread -fopenmp -DGENDB_PROFILE`

✅ **Execution**: 
- Total time: ~5.8 seconds on SF=10 (15M orders, 1.5M customers)
- Breakdown:
  - Dictionary filtering: 1447 ms (finding "special...requests" pattern)
  - First aggregation: 4349 ms (customer → order count)
  - Second aggregation: 19 ms (order count → customer count)
  - Sort & output: <1 ms

✅ **Validation**: **EXACT match** with ground truth
- Expected rows: 46
- Actual rows: 46
- All values correct

### Implementation Highlights:

1. **Logical Plan**: Two-stage aggregation with LEFT OUTER JOIN semantics
2. **Physical Plan**: 
   - Binary columnar storage via mmap for zero-copy access
   - Dictionary code filtering via hash set (O(1) lookups)
   - Pre-sized hash maps to avoid rehashing overhead
   - Standard sorting and CSV output

3. **Correctness Features**:
   - Proper dictionary format handling (line number = code)
   - LIKE pattern matching ("special%requests" = both substrings in order)
   - All 1.5M customers included, even with 0 matching orders
   - Integer-based filtering (no IEEE 754 precision issues)

4. **Timing Instrumentation**: All major operations instrumented with `#ifdef GENDB_PROFILE` guards per output contract

The implementation is production-ready and follows all GenDB guidelines for iteration 0 code generation.