Perfect! The compilation succeeded. Now let me create a summary of the optimizations made:

## Optimization Summary (Iteration 4)

I've implemented **three focused optimizations** targeting different bottlenecks in Q16, since iteration 3 regressed with join category optimizations. This iteration uses **filter** and **aggregation** categories instead.

### Optimizations Applied:

1. **Filter Phase Optimization** (filter_part: 184.56 ms)
   - **Pre-computed rejection set for LIKE pattern**: Instead of calling `p_type_dict[type_code]` and checking the LIKE pattern for every row (2M rows), build a `rejected_types` set once during initialization
   - **Pre-computed size filter set**: Use a static `unordered_set<int32_t>` for O(1) membership test instead of chaining multiple equality comparisons
   - **Pre-sized hash table**: `part_by_key.reserve(500000)` to reduce rehashing overhead
   - **Expected impact**: ~30-40% improvement on filter phase (fewer dictionary lookups, faster set operations)

2. **Join Phase Structure Optimization** (join: 985.44 ms → target optimization)
   - **Simplified aggregation structure**: Changed from nested `std::map<tuple<string,string,int32_t>, unordered_set<int32_t>>` to `unordered_map<EncodedKey, unordered_set<int32_t>>`
   - **Work with encoded keys longer**: Keep encoded (int8_t, int16_t, int32_t) keys in the hot join loop, defer dictionary lookups to result building phase
   - **Pre-sized thread-local maps**: Each thread's aggregation buffer is pre-sized to reduce allocation overhead
   - **Single global map instead of deferred merge**: Uses unordered_map (faster than std::map) for global aggregation
   - **Expected impact**: ~10-20% improvement (fewer string allocations, faster hash operations with smaller encoded keys)

3. **Result Building Optimization** (agg: 8.54 ms)
   - **Pre-allocated result vector**: `results.reserve(encoded_grouped.size())` to prevent reallocations
   - **Decode only at output time**: Dictionary lookups now happen only during result iteration (not in hot join path)
   - **Expected impact**: Negligible on agg timing, but reduces GC pressure

### Key Preservation:
- ✅ All `[TIMING]` lines preserved inside `#ifdef GENDB_PROFILE` guards
- ✅ No encoding logic changed
- ✅ Validation still outputs comma-delimited CSV
- ✅ Query semantics unchanged (DISTINCT suppkey count preserved)

### Expected Overall Impact:
- **Filter phase**: ~30-40% faster (fewer dictionary lookups)
- **Join phase**: ~10-20% faster (more efficient aggregation structures)
- **Combined estimate**: **5-15% total speedup** (from ~1204 ms → ~1020-1140 ms)

The code compiles successfully with `-O3 -march=native` and is ready for execution and validation.