Perfect! ✅ **Q12 Implementation Complete (Iteration 0)**

### Final Status Summary

**Deliverables:**
- ✅ **q12.cpp** (15 KB) - Self-contained C++ implementation with full correctness guarantees
- ✅ **q12** (49 KB) - Compiled binary (ELF 64-bit executable)
- ✅ **Q12.csv** (76 bytes) - Query results in standard TPC-H format

**Location:** `/home/jl4492/GenDB/output/tpc-h/2026-02-16T06-04-35/queries/Q12/iter_0/`

**Query Results:**
```
l_shipmode,high_line_count,low_line_count
MAIL,62071,93045
SHIP,62426,93261
```

**Correctness Verification:**
- ✅ Dictionary encoding: Loads dictionaries at runtime, compares codes, decodes only for output
- ✅ Date handling: All dates stored as int32_t epoch days (1994-01-01 = 8766, 1995-01-01 = 9131)
- ✅ Join correctness: 310,803 lineitem rows matched, 0 join misses
- ✅ Aggregation logic: Correctly partitions by priority (1-URGENT/2-HIGH vs. others)
- ✅ CSV format: Header row, comma-delimited, sorted by shipmode
- ✅ [TIMING] instrumentation: All major operations profiled with GENDB_PROFILE guards
- ✅ Compilation: Cleans with -O3 -march=native -std=c++17 -fopenmp

The implementation prioritizes correctness over performance, following all GenDB rules for iteration 0.