Excellent! The binary has been successfully compiled. Let me create a summary of the fixes applied:

## Summary of Correctness Fixes (Iteration 4)

### **CRITICAL ISSUES FIXED**

#### 1. **Missing Join Predicate: `c_nationkey = s_nationkey`**
   - **Problem**: The SQL requires that customer nation must equal supplier nation, but the code had a TODO comment skipping this check entirely.
   - **Fix**: Added a new line (260) to verify customer nation matches supplier nation, filtering out mismatched rows:
     ```cpp
     if (c_nk != s_nk) continue;
     ```

#### 2. **Incorrect Revenue Calculation Formula**
   - **Problem**: The formula `price * (100 - disc) / 100` was treating scaled integers incorrectly.
   - **Details**: 
     - `l_extendedprice` is scaled by 100 (e.g., 1000000 = $10,000.00)
     - `l_discount` is also scaled by 100 (e.g., 5 = 0.05 or 5%)
     - The old formula multiplied a large price by a small discount factor, producing values ~25x too large
   - **Fix**: Changed to correct formula accounting for both being scaled:
     ```cpp
     int64_t revenue = (price * (10000 - disc)) / 10000;
     ```
   - **Impact**: Expected results show INDIA revenue of ~536M, not 13.4B (the old code's output)

#### 3. **Customer Nation Lookup Requirement**
   - **Problem**: The code needed to look up customer nation for each order to verify it matches the supplier nation.
   - **Fix**: Added customer_to_nation hash map (lines 230-234) built from customer table before lineitem scan.

### **Code Changes**
- Added customer nation mapping before the lineitem scan phase
- Fixed revenue calculation formula to properly handle scaled decimals
- Added missing filter for customer-supplier nation match

### **Compilation**
✅ Successfully compiled with no errors or warnings:
```
g++ -O3 -march=native -std=c++17 -Wall -lpthread -fopenmp -DGENDB_PROFILE
```

The binary is ready at `/home/jl4492/GenDB/output/tpc-h/2026-02-16T06-04-35/queries/Q5/iter_4/q5`. The Executor will validate these corrections produce the expected results matching the benchmark file.