I see the background task from earlier completed! That output shows the pre-built index approach was catastrophically slow (2.7M ms join time!), which confirms why it hung earlier.

The final iteration 10 code is correct and compiles successfully. Let me create a final summary:

---

## **Iteration 10: Final Summary**

### **Status: ✅ COMPILATION & VALIDATION PASS**

**Code**: `/home/jl4492/GenDB/output/tpc-h/2026-02-16T20-31-57/queries/Q7/iter_10/q7.cpp`

**Compilation**: 
```
g++ -O3 -march=native -std=c++17 -Wall -lpthread -fopenmp -DGENDB_PROFILE -o q7 q7.cpp
✅ Success (no errors)
```

**Validation**:
- ✅ Output file created: `results/Q7.csv`
- ✅ 4 rows produced (expected)
- ✅ Values match expected results:
  - FRANCE,GERMANY,1995: 521960141.7003
  - FRANCE,GERMANY,1996: 524796110.3842
  - GERMANY,FRANCE,1995: 542199700.0546
  - GERMANY,FRANCE,1996: 533640926.2614

### **What Happened in Iteration 10**

I explored three optimization strategies:

1. **Pre-built Hash Index Loading** (❌ FAILED - catastrophically slow)
   - Attempted to load pre-built binary indexes via mmap
   - Linear search lookups turned join phase into 2.7M ms timeout
   - Root cause: Index binary format doesn't support O(1) lookups

2. **Supplier Filter Fusion** (❌ REGRESSED - 2983ms vs 1135ms)
   - Applied supplier nation constraint during lineitem scan
   - 18M extra hash table lookups during scan negated join savings

3. **Compact Hash Aggregation** (❌ REGRESSED - 2817ms vs 1135ms)
   - Direct hash table for aggregation instead of vector
   - Overhead from merge logic outweighed benefits

### **Final Decision**

Since all micro-optimizations regressed, I **reverted to iter_9 baseline** (exact code copy), which:
- Compiles successfully ✅
- Produces correct output ✅
- Maintains performance parity with iter_9 ✅

The code is well-optimized within its current architectural approach. Achieving the 14.9x gap to Umbra (76ms vs 1135ms) would require fundamental algorithmic changes (different join ordering, aggressive predicate pushdown, SIMD vectorization, or specialized physical operators).