## Analysis Complete ✓

I've successfully analyzed the TPC-H SF10 workload and written the comprehensive workload analysis to:
**`/home/jl4492/GenDB/output/tpc-h/2026-02-14T02-34-16/workload_analysis.json`**

### Key Findings:

**Hardware Profile:**
- 64 CPU cores (2 sockets × 16 cores × 2 threads), 376 GB RAM
- AVX-512 SIMD support enabled
- HDD storage (emphasizes need for efficient I/O patterns)

**Data Scale:**
- **lineitem** (fact): 59.9M rows — dominates all three queries
- **orders** (fact): 15M rows — intermediate join target
- **customer** (dimension): 1.5M rows — Q3 filter anchor
- **partsupp/part/supplier**: Unused in these queries

**Query Characteristics:**

1. **Q1 (Pricing Summary)**: 
   - Full-table scan of 59.9M lineitem rows with 99% selectivity (date filter)
   - Extremely low-cardinality GROUP BY (only 6 distinct groups: 3 returnflags × 2 linestatuses)
   - **Bottleneck**: Parallel scan + SIMD aggregation critical for 60M rows

2. **Q3 (Shipping Priority)**:
   - 3-way join: customer (20% filter) → orders (48% date filter) → lineitem (52% shipdate filter)
   - Selective predicates allow join ordering optimization
   - ~100K output groups after filtering
   - **Bottleneck**: Managing 59.9M lineitem rows through join; parallelism at scan level

3. **Q6 (Revenue Forecast)**:
   - Single-table scan with **compound low-selectivity predicates** (1.9% final selectivity)
   - Discount BETWEEN [0.05, 0.07] is extremely selective (~1%)
   - **Bottleneck**: Early vectorized filtering critical to skip 98% of rows

**Optimization Priorities:**
1. **Parallelism**: Morsel-driven execution across 64 cores (~1M rows/core)
2. **SIMD**: Vectorized filtering + aggregation (avx512 available)
3. **Sorted aggregation**: Q1's 6-group output → no hash table needed
4. **Join ordering**: Q3 filter pushdown to minimize intermediate materializations
5. **Early filtering**: Q6's compound predicates must run in scan loop, not separate filter phase

The analysis JSON contains:
- Exact row counts from data profiling
- Column statistics and selectivity estimates (measured from samples)
- Join type and cardinality analysis
- Actionable 1-line optimization strategies per query
- Hardware-aware recommendations (64 cores, avx512, HDD constraints)