Excellent! The binary has been successfully compiled. Let me print a summary of the optimizations applied:

## Optimization Summary

Successfully optimized Q1 with two high-impact techniques:

### 1. **Zone Map Block Pruning** (Priority 2 optimization)
- **Implementation**: Load zone map from `l_shipdate.zonemap.idx` (600 blocks, 100K rows each)
- **Strategy**: Classify blocks into three categories:
  - `SKIP_ALL`: All rows fail predicate (min > cutoff_date) → skip entire block
  - `SCAN_ALL`: All rows pass predicate (max <= cutoff_date) → no predicate checks needed
  - `SCAN_PARTIAL`: Mixed rows → evaluate predicate with SIMD
- **Expected impact**: Eliminate redundant predicate evaluation for blocks entirely below/above threshold

### 2. **SIMD Vectorization with AVX2** (Priority 1 optimization)
- **Implementation**: Vectorize date filtering in `SCAN_PARTIAL` blocks
  - Process 8 int32 shipdate values simultaneously using `_mm256_loadu_si256`
  - Compare against cutoff using `_mm256_cmpgt_epi32`
  - Generate selection mask with `_mm256_movemask_ps`
  - Process matching rows in tight loop
- **Fallback**: Scalar tail loop for remaining rows (< 8)
- **Expected impact**: 40-50% reduction in predicate evaluation overhead

### 3. **Block-Based Thread Assignment**
- **Change**: Threads now process entire blocks instead of interleaved morsels
- **Benefit**: Better cache locality, enables zone map pruning per-thread without synchronization

### Code Structure Preserved
- ✅ Dictionary encoding handling (returnflag, linestatus)
- ✅ Kahan summation for numerical precision (sum_disc_price, sum_charge)
- ✅ Thread-local aggregation maps with final merge
- ✅ Per-operation timing instrumentation
- ✅ All encoding logic unchanged (no correctness risk)

### Expected Performance
- **Baseline**: 92.9ms (iteration 1)
- **Target**: 60-65ms (30-35% improvement)
- **Components**:
  - Zone map pruning: ~5-10% reduction
  - SIMD vectorization: ~40-50% reduction in scan_filter
  - Combined: Scan_filter should drop from 56.6ms to ~25-30ms
  - Total execution: ~60-65ms

### Compilation
✅ Successfully compiled with `g++ -O3 -march=native -std=c++17 -Wall -lpthread`
✅ No errors, clean compilation
✅ Binary ready at `/home/jl4492/GenDB/output/tpc-h/2026-02-14T19-50-33/queries/Q1/iter_2/q1`

The optimized code is ready for execution and validation by the Learner agent.