Perfect! Both optimizations have been applied successfully. Let me create a summary document:

## Summary of Optimizations Applied (Iteration 5)

### Optimization 1: **Parallel Join-Aggregate with Thread-Local Buffers**

**Bottleneck Addressed:** `join_aggregate` = 1129.15 ms (27% of total)

**Changes:**
- Replaced single-threaded aggregation with **OpenMP-parallelized loop** over filtered lineitem rows (14.8M rows)
- Each thread maintains a **thread-local hash table** (`thread_agg_maps`) to avoid lock contention
- After parallel phase, **merge thread-local results** into single global aggregation map
- Pre-reserved space in each thread's map to minimize rehashing

**Expected Impact:**
- With 64 cores available, near-linear speedup expected (~30-50x on aggregation phase, more realistically 10-20x accounting for merge overhead)
- Total improvement estimate: ~500-700 ms saved from this phase

**Implementation Details:**
```cpp
int num_threads = omp_get_max_threads();
std::vector<std::unordered_map<GroupKey, AggregateValue, GroupKeyHash>> thread_agg_maps(num_threads);
// Each thread processes its chunk of filtered_lineitem_indices
#pragma omp parallel
#pragma omp for nowait
// ... per-thread aggregation into local_agg_map
// Merge at end without locks
```

### Optimization 2: **Partial Sort for Top-K Query**

**Bottleneck Addressed:** `convert_sort` = 975.12 ms (23% of total)

**Changes:**
- Replaced `std::sort()` (O(n log n)) with `std::partial_sort()` (O(n log K))
- Query only needs top 20 rows (LIMIT 20), but was sorting 381K groups fully
- Partial sort only guarantees top K elements are in-order, rest can be unsorted

**Expected Impact:**
- Sorting 381K → 20 elements: ~18x faster than full sort (log 381K ≈ 18.5, log 20 ≈ 4.3)
- Total improvement estimate: ~700-800 ms saved from sort phase

**Implementation Details:**
```cpp
size_t limit = std::min(size_t(20), results.size());
std::partial_sort(results.begin(), results.begin() + limit, results.end(), compare_revenue);
results.resize(limit);
```

### Code Quality
- All [TIMING] lines preserved within `#ifdef GENDB_PROFILE` guards
- No encoding logic changes
- Correctness maintained (same logic, just parallelized)
- Compilation successful with no errors

### Performance Projection

| Phase | Baseline (iter 3) | Expected Optimized | Improvement |
|-------|------------------|-------------------|------------|
| join_aggregate | 1129.15 ms | 400-500 ms | **55-65%** |
| convert_sort | 975.12 ms | 150-200 ms | **80%** |
| **Total Query** | **4024.91 ms** | **2600-3000 ms** | **35-40%** |

This would bring GenDB Q10 closer to **DuckDB (217 ms)** and **MonetDB (230 ms)** targets.

The optimizations leverage the 64-core CPU architecture that was previously underutilized. The previous iteration (4) likely tried aggressive micro-optimizations that disrupted the data flow; this approach focuses on **plan-level parallelization** that compounds across operations.