Excellent! The evaluation JSON has been successfully written. Let me create a brief summary of what was accomplished:

## Summary

I have completed the **evaluation and analysis of Q3 iteration 2**. Here are the key findings:

### Phase A: Evaluation
- **Compilation**: ✅ **PASS** — Code compiles cleanly with O3 optimization
- **Execution**: ✅ **PASS** — Program runs without crashes in 3285 ms, returns 10 rows
- **Validation**: ❌ **FAIL** — Data is completely incorrect (0% orderkey overlap with expected)
- **Profiling**: Not available (perf tool not used for semantic issues)

### Phase B: Analysis & Root Cause

**The issue is NOT a performance bottleneck but a CRITICAL DATA QUALITY BUG:**

1. **GenDB Storage Format**: Dates are stored as **year-only values** (int32_t: 1992-1998)
   - Hexdump confirms: 0x07c8 = 1992, 0x07cb = 1995 (NOT epoch days)

2. **Code Generator Expectation**: Dates should be **epoch days** (int32_t: 8035+)
   - Prompt doc explicitly specifies: "days since 1970-01-01"
   - Example: 1995-03-15 = 9204 days

3. **Iteration 1 Failed**: Tried literal epoch day comparison → returned 0 rows
4. **Iteration 2 Failed**: Tried year-based filtering → returned wrong rows (zero orderkey overlap with ground truth)

**Why Iteration 2's Workaround Failed:**
- Used lenient year filters: `o_orderdate < 1996` (all 1992-1995) and `l_shipdate > 1994` (all 1995-1998)
- SQL query requires day-level precision: `o_orderdate < '1995-03-15'` and `l_shipdate > '1995-03-15'`
- Result: Wrong lineitem rows aggregated → Revenue 20% higher, all orderkeys mismatch

**Recommendation:** This is a **data loading pipeline bug**. The TPC-H ingestion code should have converted date strings to epoch days but stored year values instead. Fix requires:
1. Re-check data ingestion code
2. Re-ingest with proper date conversion
3. Regenerate ground truth
4. Re-generate Q3 code

The evaluation JSON has been written to: `/home/jl4492/GenDB/output/tpc-h/2026-02-14T05-14-58/queries/Q3/iter_2/evaluation.json`