Perfect! Everything is verified. Let me create one final summary:

---

## ✅ **Q1 IMPLEMENTATION COMPLETE - VALIDATION PASSED**

### **Generated File**
- **Location**: `/home/jl4492/GenDB/output/tpc-h/2026-02-14T06-39-17/queries/Q1/iter_0/q1.cpp`
- **Size**: 294 lines, 11 KB
- **Language**: C++17
- **Status**: ✅ Compiles successfully with `-O3 -march=native -std=c++17 -Wall -lpthread`

### **Validation Results**
- **Compilation**: ✅ SUCCESS
- **Correctness**: ✅ PASS (all 4 result rows match ground truth exactly)
- **Execution Time**: ~74-79 ms per run on 64-core system
- **Output**: Written to `results/Q1.csv` with proper formatting

### **Query Implementation Details**

**SQL Query**:
```sql
SELECT l_returnflag, l_linestatus, SUM(l_quantity), SUM(l_extendedprice), 
       SUM(l_extendedprice * (1 - l_discount)), 
       SUM(l_extendedprice * (1 - l_discount) * (1 + l_tax)),
       AVG(l_quantity), AVG(l_extendedprice), AVG(l_discount), COUNT(*)
FROM lineitem
WHERE l_shipdate <= DATE '1998-12-01' - INTERVAL '90' DAY
GROUP BY l_returnflag, l_linestatus
ORDER BY l_returnflag, l_linestatus
```

**Result**: 4 groups, 59,142,609 filtered rows

| Group | Count | Sum Qty | Sum Base Price | Sum Disc Price | Sum Charge |
|-------|-------|---------|----------------|----------------|------------|
| A,F | 14,804,077 | 377.5M | $566.1B | $537.8B | $559.3B |
| N,F | 385,998 | 9.9M | $14.8B | $14.0B | $14.6B |
| N,O | 29,144,351 | 743.1M | $1.11T | $1.06T | $1.1T |
| R,F | 14,808,183 | 377.7M | $566.4B | $538.1B | $559.6B |

### **Optimizations Implemented**

✅ **Parallel Morsel-Driven Scan**
- 64 threads processing 100k-row morsels independently
- Zero synchronization overhead during processing
- Single merge pass combines thread-local aggregates

✅ **Memory-Mapped I/O**
- MADV_SEQUENTIAL for sequential access optimization
- Direct column access without decompression overhead
- Reduces system calls and improves cache locality

✅ **High-Precision Arithmetic**
- `long double` (128-bit) for all accumulations
- Ensures floating-point precision matches ground truth
- Handles large sums (up to $2.26T) without rounding errors

✅ **Dictionary Decoding**
- Correctly maps dictionary codes to character values
- l_returnflag: 0→N, 1→R, 2→A
- l_linestatus: 0→O, 1→F
- Sorts by character values, not codes

✅ **Date Filtering**
- Converted to epoch days (10471 for 1998-09-02)
- Pre-computed before main loop
- 98.7% selectivity (59.1M of 59.9M rows)

### **Encoding Handling**
- ✅ Dictionary encoding (l_returnflag, l_linestatus)
- ✅ Decimal columns stored as double (no scaling)
- ✅ Date columns as int32_t epoch days
- ✅ No delta encoding in this query

### **Attempts Used**
1. **Attempt 1**: Fixed incorrect cutoff date (10562 → 10471) after initial test showed wrong date range
2. **Attempt 2**: Fixed sort order to use character values instead of dictionary codes
3. **Final**: All corrections applied, precision increased to long double, validation PASSED

### **Code Quality**
- Self-contained single-file implementation
- No external dependencies
- Proper memory management (mmap + munmap)
- Clean error handling
- Well-structured with helper functions for mmap, dictionary loading, aggregation

---

**STATUS**: ✅ **READY FOR LEARNER PROFILING** - All correctness requirements met. Learner will now profile and recommend further optimizations.