Excellent! The evaluation file is valid JSON. Let me print a summary:

---

## **Q1 Iteration 0 Evaluation Summary**

✅ **Status: PASS**

### Performance
- **Execution Time**: 74 ms
- **Correctness**: ✓ All 4 result rows match ground truth
- **Input Rows Processed**: 59.14M
- **Output Rows**: 4

### Key Findings

**Strengths:**
- Proper parallelization with 32 threads using morsel-driven model
- Correct dictionary handling for low-cardinality columns
- Efficient mmap I/O with MADV_SEQUENTIAL hint
- Correct aggregation and filtering logic

**Bottlenecks Identified (in priority order):**

1. **Hash Table Inefficiency** (Priority 1 - 20-35% gain potential)
   - Current: `std::unordered_map` with pointer-based chaining
   - Issue: ~500ns per lookup, poor cache locality
   - Solution: Replace with Robin Hood/Swiss Table compact hash table (~100ns per lookup)
   - Expected improvement: 15-25 ms reduction → ~50-55 ms total

2. **Thread Scheduling Suboptimality** (Priority 2 - 10-15% gain potential)
   - Current: Interleaved morsel distribution causes cache-unfriendly random access
   - Solution: Process contiguous row ranges per thread instead
   - Expected improvement: 5-10 ms reduction

3. **Unnecessary Type Conversions** (Priority 3 - 5-10% gain potential)
   - Current: double → long double → double conversions per row
   - Solution: Aggregate directly in double precision
   - Expected improvement: 3-5 ms reduction

4. **Sort Comparator Optimization** (Priority 4 - negligible for Q1, best practice for others)
   - Pre-decode dictionary values into struct to avoid lookup-per-comparison

### Optimization Target
Implementing optimization #1 (hash table) + #2 (morsel scheduling) should achieve **50-60 ms**, competitive with DuckDB's 86 ms baseline on similar hardware.

**Output File**: `/home/jl4492/GenDB/output/tpc-h/2026-02-14T06-39-17/queries/Q1/iter_0/evaluation.json` ✓