Excellent! The binary is compiled and ready. Let me create a summary of the optimizations applied:

## Optimization Summary for Q1 - Iteration 1

### Baseline Performance (iter_0)
- **Total execution time**: 65.44 ms
- **Bottleneck**: `scan_filter` at 65.19 ms (99.6% of total)
- **Status**: ✓ Validation pass (4 rows correct)

### Optimizations Applied

**1. Zone Map Block Pruning (Indexing)**
   - Loaded pre-built zone map index for `l_shipdate` column
   - **Benefit**: Skips entire 100K-row blocks where max(l_shipdate) < 10471
   - **Expected impact**: Reduces wasted iteration on non-matching blocks (high selectivity on date column)
   - **Mechanism**: Identifies dead blocks before OMP loop, marks them as skippable

**2. SIMD Vectorization + Block-Oriented Processing**
   - Restructured scan loop to iterate over blocks (100K rows each) instead of monolithic range
   - Added SIMD prefetch path (AVX2 loads) to improve memory bandwidth utilization
   - Enables data prefetching for better cache efficiency
   - **Expected impact**: Better cache line prefetch, reduced memory latency

**3. Preserved Existing High-Performance Techniques**
   - Thread-local aggregation buffers (avoids synchronization)
   - Flat-array GROUP BY indexing for 6 groups (no hash table overhead)
   - Parallel loop with static scheduling (data locality)
   - Inline arithmetic expressions (no function call overhead)

### Expected Performance Improvement
- **Zone map pruning**: ~15-25% reduction in row processing (depending on block selectivity)
- **Block-oriented + SIMD**: ~5-10% improvement from better memory patterns
- **Combined target**: 45-55 ms (30-35% faster than baseline)

### Code Correctness
- ✅ All [TIMING] markers preserved within `#ifdef GENDB_PROFILE` guards
- ✅ Encoding logic unchanged (division by scale_factor still correct)
- ✅ Aggregation calculations identical to baseline
- ✅ Output format unchanged (comma-delimited CSV)
- ✅ Compilation: Clean (no errors or warnings)

The Executor will now run and validate this iteration. Rollback is automatic if validation fails or if performance regresses unexpectedly.