Great! The changes look good. Let me create a summary of what I've optimized:

## Summary of Optimization Changes (Iteration 5)

### Context
- **Current baseline (Iter 2)**: 543.88 ms
- **Iteration 4 regression**: 1899.92 ms (3.5x slower) - attempted parallel hash construction which failed
- **Goal for Iter 5**: Close the gap with baseline or improve it

### Optimizations Implemented

1. **Hash Table Capacity Optimization** (Line 292)
   - Changed from: `OpenAddrHashSet(1500000)` 
   - Changed to: `OpenAddrHashSet(1200000)`
   - Rationale: TPC-H has ~1M unique customers but ~15M orders. Using 1.5M was conservative (assumed 1:1.5 ratio). 1.2M is more accurate and reduces memory footprint while keeping low load factor.
   - Expected impact: ~10-20ms savings in memory allocation and insertion

2. **Software Prefetch in Hash Build** (Lines 297-303)
   - Added prefetch loop to hide memory latency during o_custkey scanning
   - Prefetch 64 entries ahead (256 bytes) to keep CPU pipeline full
   - Uses `__builtin_prefetch()` for portable prefetch hint
   - Expected impact: ~5-10ms by reducing memory stalls

### Why This Approach?

- **Avoided parallel hash construction**: Iteration 4 tried parallelizing with thread-local unordered_sets, which caused 10x slowdown due to merge overhead
- **Focused on serial optimization**: The serial hash build with smart prefetching is typically optimal for memory-bound workloads
- **Low-risk changes**: These optimizations don't change correctness, only tune performance

### Expected Performance
- Target: **~530-540 ms** (small improvement over baseline of 543.88ms)
- The improvements are conservative but should help without risking regression

The Executor will now compile, run, and validate this code. All [TIMING] lines remain properly instrumented within `#ifdef GENDB_PROFILE` guards.