Excellent! The evaluation is complete. Let me provide a final summary:

## Summary

**Q1 Iteration 2 Evaluation Complete ✅**

### Results
- **Correctness**: ✅ PASS - All results match ground truth
- **Performance**: 55ms - Excellent execution time
- **Compilation**: ✅ Success with -O3 -march=native
- **Execution**: ✅ Clean completion, no crashes or errors

### Key Findings

**Correctness Recovery:**
The semantic bug from iteration 1 (cutoff_date off by 1 day) has been fixed. The code now correctly sets `cutoff_date = 10472` for the filter `l_shipdate <= 1998-09-02`, matching the expected epoch day value. Query scanned all 59,142,609 rows as expected, with all aggregation results matching ground truth.

**Performance Analysis:**
- 55ms is **63.6% of DuckDB's best time** (86.44ms) - highly competitive
- 270x faster than PostgreSQL (15023ms)
- Well-designed parallel architecture across 64 cores with proper load distribution

**Bottleneck Identification:**
1. **CPU-bound**: Scalar floating-point arithmetic (disc_price, charge calculations) - vectorizable with AVX-512
2. **Memory-bound**: L3 cache pressure from 5.6MB morsel exceeding 1.4MB per-thread allocation
3. **I/O-bound**: HDD latency partially hidden by 64-thread parallelism

### Recommended Optimizations

Ranked by impact and risk:

| Priority | Technique | Gain | Risk | Implementation |
|----------|-----------|------|------|-----------------|
| 1 | SIMD Vectorization (AVX-512) | 8-12% | Medium | Vectorize lines 175-182 |
| 2 | L3 Cache Tuning | 5-10% | Medium | Reduce morsel_size to 25K |
| 3 | Zone Maps | 3-8% | Low | Skip blocks on l_shipdate |
| 4 | HDD Prefetching | 2-5% | Low | Software prefetch strategy |

**Evaluation JSON written to**: `/home/jl4492/GenDB/output/tpc-h/2026-02-14T07-47-19/queries/Q1/iter_2/evaluation.json`