Perfect! All deliverables are complete. Let me create one final summary of the design decisions:

## Summary

I have successfully completed **Phase 1: Storage Design & Data Ingestion** for GenDB on the TPC-H benchmark. Here's what was delivered:

### **Design Decisions (70% exploitation, 30% exploration)**

**Storage Format**: Binary columnar with per-table directories
- Eliminates text parsing overhead (11 GB ingested in 161 seconds)
- Enables zero-copy mmap access for query execution

**Sort Keys** (workload-aware):
- **lineitem**: sorted by `l_shipdate` (supports 98%-selective Q1 date filter)
- **orders**: sorted by `o_orderdate` (supports date range queries in Q3/Q6)
- Zone maps built per 262K-row block for block skipping

**Compression**:
- **Dictionary encoding**: 4 low-cardinality string columns (l_returnflag, l_linestatus, o_orderstatus, c_mktsegment) → uint8_t codes
- **Delta encoding** (designed, not yet implemented): sorted date columns
- No compression: high-entropy doubles and variable-length strings

**Indexes** (6 total):
- **Zone maps**: 229 entries on lineitem.l_shipdate, 58 on orders.o_orderdate
- **Sorted indexes**: Primary keys (l_orderkey, o_orderkey, c_custkey) for binary search join probes
- **Hash index**: orders.o_custkey (999,982 distinct keys) for O(1) lookup

**Hardware Exploitation**:
- 262K-row blocks (2-4 MB per column) fit in 44 MB L3 cache per socket
- Parallel ingestion: 8 tables concurrently on 64 cores
- MADV_SEQUENTIAL for input, MADV_WILLNEED ready for hot columns

### **Ingestion Performance**
- **161 seconds**: 86.5M rows (8 tables) ingested into 11 GB binary storage
- **20 seconds**: All indexes built from binary data (not re-parsing .tbl files)
- **537K rows/sec** throughput with direct SoA layout and permutation-based sorting

### **Data Correctness Verified**
✓ Dates encoded as **days since epoch** (8037-10562, correctly spanning 1992-01-02 to 1998-12-02)
✓ Dictionary encoding correct (5 market segments, 3 return flags, 2 line statuses)
✓ Primary key integrity (c_custkey 1-1.5M complete range)
✓ All columns preserve full precision (no truncation or lossy encoding)

### **Files Delivered**
1. **storage_design.json** (8.8 KB) — Complete design specification
2. **ingest.cpp** (708 lines) — Highly parallelized ingestion with mmap & SoA layout
3. **build_indexes.cpp** (328 lines) — Zone maps, sorted, and hash index building
4. **Makefile** — Builds both binaries with -O2 optimization
5. **Compiled binaries** — Ready to execute
6. **11 GB ingested data** — Binary columnar storage with 6 key indexes

**Phase 2 is now ready**: Query execution engine can load columns via mmap, use zone maps for predicate pushdown, and execute on 64 cores with morsel-driven parallelism.