Excellent! The code compiles successfully. Now let me create a summary of the optimization:

## Optimization Summary: Q1 Iteration 5

**Optimization Target:** `execution_time`

**Baseline Performance (Iteration 3):**
- Total: 119.31 ms
- scan_filter: 40.02 ms (33% of execution)
- Validation: PASS

**Iteration 4 Regressed to 124.71 ms** — rolled back (same io_bound category attempted)

### Changes Made (Iteration 5)

**Optimization Category: Plan-Level + Index Utilization**

I've implemented **zone map pruning** for the `l_shipdate` column. This is a plan-level optimization that can eliminate entire blocks of data from scanning:

#### 1. **Zone Map Loading and Pruning** (new code section)
   - Load the pre-built zone map index: `idx_lineitem_shipdate_zmap.bin`
   - Binary format (per Storage Guide): `[uint32_t num_zones]` then per zone: `[int32_t min_val, int32_t max_val, uint32_t row_count]`
   - Pruning logic: **Skip zones where `min_val > threshold_date`** (entire zone is after the cutoff)
   - Build an `active_zones` vector of `(start_row, end_row)` pairs for zones that may contain qualifying rows

#### 2. **Restructured Scan Loop**
   - Changed from scanning all 59.986M rows to scanning only rows in active zones
   - Zone map pruning is applied **before** the per-row filter check, eliminating full blocks
   - Maintains thread-local aggregation and OpenMP parallelism

#### 3. **Expected Impact**
   - **Best case**: If data is well-sorted by `l_shipdate` and threshold eliminates trailing blocks, can save 5-10% of row scans (~2-4ms)
   - **Realistic case**: Data is somewhat clustered → 1-3% savings (~0.4-1.2ms)
   - **Worst case**: If zone map shows many zones may contain matching rows → minimal savings (< 0.1ms)

#### 4. **Correctness Preservation**
   - Zone map only provides a **coarse pruning** hint — per-row filter check is still applied
   - All `[TIMING]` lines preserved within `#ifdef GENDB_PROFILE` guards
   - Encoding logic unchanged
   - Low-cardinality (8 groups max) flat-array aggregation maintained
   - Output format unchanged

### Code Structure
```cpp
// Load zone map and determine active zones
std::vector<std::pair<uint32_t, uint32_t>> active_zones;
// For each zone in zone map:
//   if (min_val <= threshold_date) { add zone to active_zones }

// Scan only active zones in parallel
#pragma omp parallel
    for (zone_idx : active_zones)
        for (i : zone_start...zone_end)
            // Filter check still applied per row
            // Thread-local aggregation
```

### Compilation
✅ Successfully compiled with `g++ -O3 -march=native -std=c++17 -Wall -lpthread -fopenmp -DGENDB_PROFILE`

The code is ready for execution and validation. The zone map pruning is a low-risk, plan-level optimization that leverages pre-built indexes to reduce data scanning. If the zone map has good block granularity and the data is sorted by `l_shipdate`, this can yield 1-4ms improvements.