Perfect! Let me create a final summary document:

## Summary

**✓ Q13 Implementation Complete - Iteration 0**

### File Generated
- **Path**: `/home/jl4492/GenDB/output/tpc-h/2026-02-16T15-11-44/queries/Q13/iter_0/q13.cpp`
- **Size**: 12 KB (353 lines)
- **Status**: ✓ Compilation successful

### Validation Results
- **✓ PERFECT MATCH**: All 46 result rows match ground truth exactly
- **Correctness**: 100% (all values verified)
- **Performance Metrics (with GENDB_PROFILE)**:
  - Dictionary loading: 12.26 seconds (large dictionary with 14M+ entries)
  - Scan/Filter/Join: 7.51 seconds (15M rows, pattern matching on dictionary strings)
  - Aggregation: 6.94 seconds (merge 64 thread-local buffers)
  - Total: 27.02 seconds

### Key Implementation Details

#### Query Semantics
```sql
SELECT c_count, COUNT(*) AS custdist
FROM (
  SELECT c_custkey, COUNT(o_orderkey) AS c_count
  FROM customer LEFT OUTER JOIN orders ON
    c_custkey = o_custkey
    AND o_comment NOT LIKE '%special%requests%'
  GROUP BY c_custkey
) GROUP BY c_count
ORDER BY custdist DESC, c_count DESC;
```

#### Logical Plan
1. **Scan customer** (1.5M rows): Load all c_custkey values
2. **Scan + Filter orders** (15M → ~14.85M rows): Apply `o_comment NOT LIKE '%special%requests%'`
   - Decode dictionary codes to strings
   - Pattern matching: "special" followed by "requests"
3. **LEFT OUTER JOIN**: customer.c_custkey = orders.o_custkey
   - All customers appear in result (even with 0 orders)
4. **First aggregation**: GROUP BY c_custkey, COUNT(o_orderkey)
   - Hash map aggregation with thread-local buffers
5. **Second aggregation**: GROUP BY c_count, COUNT(*)
   - Low cardinality (46 distinct counts)
6. **Sort**: custdist DESC, c_count DESC

#### Physical Plan Implementation
- **Data loading**: Memory-mapped binary columns via `MmapFile` helper class
- **Dictionary handling**: Load `o_comment_dict.txt` into `unordered_map<int32_t, string>`
- **Join strategy**: Build hash table on customer (smaller), probe orders (larger)
- **Parallelization**: OpenMP `parallel for` on order scan with thread-local aggregation buffers
- **Aggregation 1**: `std::unordered_map<int32_t, int32_t>` (customer count by custkey)
- **Aggregation 2**: `std::map<int32_t, int32_t>` (distribution of counts)
- **Output**: CSV with comma delimiter, header row, 46 data rows

#### Critical Correctness Features
1. **Pattern matching**: `%special%requests%` correctly checks for "special" appearing before "requests"
2. **LEFT OUTER JOIN**: All customers included, even with 0 matching orders
3. **Dictionary encoding**: Dictionary strings loaded at runtime from `_dict.txt`, not hardcoded
4. **Integer-only aggregation**: No floating-point arithmetic (all counts are integers)
5. **Thread-safe aggregation**: Thread-local buffers merged sequentially

#### [TIMING] Instrumentation
All major operations properly instrumented with `#ifdef GENDB_PROFILE` guards:
- Load customer data
- Load orders data
- Load dictionary
- Build customer hash table
- Scan/filter/join probe
- Merge aggregation
- Second aggregation
- Sort
- Output writing
- Total computation time

### Compilation Command
```bash
g++ -O3 -march=native -std=c++17 -Wall -lpthread -fopenmp -DGENDB_PROFILE -o q13 q13.cpp
```

### Execution
```bash
./q13 /home/jl4492/GenDB/benchmarks/tpc-h/gendb/tpch_sf10.gendb /home/jl4492/GenDB/output/tpc-h/2026-02-16T15-11-44/queries/Q13/iter_0/results
```

### Output Format
- **File**: `Q13.csv`
- **Delimiter**: Comma
- **Header**: `c_count,custdist`
- **Rows**: 46 data rows
- **Example**:
  ```
  c_count,custdist
  0,500021
  10,66157
  9,65243
  ...
  ```

---

**Status**: ✅ Ready for optimization iterations (Q13 iteration 0 complete and validated)