Now let me print a brief summary:

---

## Q6 Iteration 2 Evaluation & Analysis Summary

### **Status: FAIL** (Critical Data Bug)

**Compilation**: ✅ Pass  
**Execution**: ✅ Pass (126 ms, 1 row returned)  
**Validation**: ❌ **FAIL** — Expected 1230113636.0101, Got 0.0000

### Critical Finding

**Root Cause: GenDB Data Bug (Not Code Bug)**

The discount column in GenDB binary storage (`lineitem_l_discount.col`) is **entirely zeros** (239MB of 0x00000000). This is a data generation failure:
- **Text source** (lineitem.tbl): Contains valid discount values (0.04-0.10)
- **Binary conversion**: Corrupted — all 60M rows have discount = 0
- **Impact**: All rows fail the `BETWEEN 0.05 AND 0.07` filter (encoded as 5-7) → 0 matching rows → revenue = 0.0

### Code Quality Assessment

The Q6 code **is structurally correct**:
- ✅ Proper mmap binary columnar access (unlike iter 1's text parsing bug)
- ✅ Correct encoding assumptions (discount × 100, dates as days since epoch)
- ✅ Proper filter predicate logic
- ✅ Correct revenue calculation (price × discount / 10000)
- ✅ Thread-local aggregation structure (though unused in single-threaded mode)

### Performance vs Baseline

- **Current**: 126 ms (single-threaded scan)
- **GenDB baseline**: 29.3 ms
- **Difference**: 4.3x slower despite correct algorithm

**Why slower?**
1. Single-threaded (64 cores unused) → -40-50x potential parallelism
2. No zone map filtering on shipdate → scanning all blocks
3. Sequential if-statements in filter chain → branch mispredictions
4. No SIMD acceleration for quantity comparisons

### Recommendations

**Immediate**: Fix GenDB's discount column binary conversion  
**After fix**: Implement in order:
1. **Parallelization** (64 threads) → 40-50x speedup
2. **Zone map filtering** (shipdate range skip) → 1.1x
3. **SIMD + branch-free filtering** → 1.3-1.5x

**Target after all optimizations**: <3ms (vs 29.3ms baseline)

---

Evaluation JSON written to: `/home/jl4492/GenDB/output/tpc-h/2026-02-14T05-14-58/queries/Q6/iter_2/evaluation.json`