## Summary: Q17 Optimization – Iteration 2

### **Optimization Applied: Plan-Level Restructuring (Predicate Pushdown)**

**Bottleneck Identified:**
- Iteration 1 spent **37,164 ms (99.8%)** computing thresholds for ALL partkeys in lineitem (60M rows)
- Only ~8K partkeys actually match the part filter (brand='Brand#23' AND container='MED BOX')
- Result: Computing stats for 2M irrelevant partkeys

**Root Cause:**
Wrong execution order. The code computed thresholds FIRST, then filtered the part table. This violates **Rule 1 of logical planning: Filter Before Everything**.

**Optimization:**
Reordered phases to apply **predicate pushdown**:
1. **Phase 1 (now FILTER PART FIRST):** Load part table, apply brand & container filters → ~8K rows (~7ms)
2. **Phase 2 (now PRECOMPUTE THRESHOLDS):** Scan lineitem but only aggregate for the ~8K partkeys from Phase 1 → Expect **<100ms** (vs 37,164ms)
3. **Phase 3 (JOIN & AGGREGATE):** Unchanged (~59ms)

**Expected Impact:**
- **Phase 1 (filter_part):** 7ms → 7ms (no change, already fast)
- **Phase 2 (precompute_thresholds):** 37,164ms → **<100ms** (by skipping 99.6% of irrelevant partkeys)
- **Phase 3 (join_aggregate):** 59ms → 59ms (no change)
- **Total: 37,230ms → <200ms** (~185x speedup expected)

**Code Changes:**
- Moved part filtering to Phase 1
- Added filter check in lineitem scan (line 215-217): `if (filtered_partkeys.find(pk) == filtered_partkeys.end()) continue;`
- Preserved all [TIMING] lines inside `#ifdef GENDB_PROFILE` guards
- No encoding logic changes
- Compilation: ✅ Successful

The Executor will validate correctness and confirm the timing improvement.