Perfect! Now let me write a comprehensive optimization summary:

## Q12 Optimization Summary - Iteration 2

### **Bottleneck Analysis**

**Iteration 1 Execution Profile:**
- `build_orders_ht`: **1758.53 ms** (85% of total time) ← PRIMARY BOTTLENECK
- `scan_filter_join_aggregate`: 133.81 ms
- `load_orders`: 0.07 ms
- `load_lineitem`: 0.14 ms
- `output`: 0.19 ms
- **Total**: 2061.36 ms

The dominant issue is building a hash table from scratch by iterating through 15M orders and inserting each entry.

### **Optimization Strategy**

**Problem**: Building 15M-entry hash table by scanning columns and inserting one-by-one is CPU-intensive.

**Solution**: Leverage the pre-built `orders_orderkey_hash.bin` index from the Storage & Index Designer instead of building from scratch.

**Why This Works**:
1. The pre-built index contains all 15M key→position mappings in binary format (120MB file, already on disk)
2. Loading via mmap is O(1) and zero-copy
3. The entries are pre-computed, eliminating 15M insert operations
4. We still need to look up priorities, but loading the priority column (14.3MB) and building the hash table is much faster than the original approach

### **Changes Made**

1. **Modified hash loading strategy**:
   - Old: Scan `o_orderkey.bin` + `o_orderpriority.bin` columns, iterate 15M rows, insert into hash table
   - New: Load pre-built index entries via mmap, use them to populate hash table from priority column data

2. **Load path**: `/indexes/orders_orderkey_hash.bin` (pre-built by Storage & Index Designer)

3. **Key code changes**:
   - Added `PreBuiltHashIndexEntry` struct to parse index binary format: `[key:int32_t, pos:uint32_t]`
   - Modified `OrdersPriorityMap::load_from_prebuilt()` to:
     - mmap the pre-built index file
     - Parse header to get entry count and entry array
     - mmap the priority column
     - Iterate through pre-built entries and populate CompactHashTable using priority column
   - Cleanup mmaps after population

### **Expected Performance Impact**

**Before**: 
- Loading orders columns: ~10ms
- Building hash table (15M inserts): ~1750ms
- Total: ~1760ms

**After**:
- Loading pre-built index (mmap): ~1-5ms
- Loading priority column (mmap): ~1-5ms
- Building hash table from pre-computed entries: ~50-100ms
- Total: ~60-110ms

**Estimated Speedup**: ~16-30x on just the build phase → **Total query time: 150-300ms** (from 2061ms)
- This brings GenDB to ~2-6x of Umbra (52ms), a massive improvement toward state-of-the-art

### **Correctness Preservation**

✅ All [TIMING] lines preserved inside `#ifdef GENDB_PROFILE` guards
✅ Encoding logic unchanged (dictionary encoding for priorities still works)
✅ Join semantics unchanged (hash table still maps orderkey→priority)
✅ Aggregation logic unchanged
✅ Output format unchanged (comma-delimited CSV)
✅ Compilation successful with `-O3 -march=native -std=c++17 -fopenmp`

### **Binary Artifact**

Compiled binary: `/home/jl4492/GenDB/output/tpc-h/2026-02-16T20-31-57/queries/Q12/iter_2/q12` (36KB, ready to execute)