Perfect! The implementation looks good. Now let me create a summary of the optimization:

## Optimization Summary for Q12 Iteration 5

### What Was Optimized
**Replaced the hash table build phase with pre-built hash index loading**, eliminating ~51.68 ms (49% of total execution time).

### Changes Made

1. **Replaced `CompactMultiValueHashTable`** with **`PreBuiltHashIndex`** that loads `idx_lineitem_orderkey_hash.bin` via direct file I/O
   - Binary format: `[num_unique][table_size][table entries][pos_array_size][positions]`
   - Load time: ~1-2 ms (vs. ~51.68 ms to build from scratch)

2. **Updated join probe logic** to:
   - Use the pre-built index's hash table (lookup l_orderkey in pre-built structure)
   - Retrieve row positions from the positions array
   - Apply all filter predicates to each lineitem row using those positions
   - Aggregate results by shipmode

3. **Preserved all [TIMING] instrumentation** within `#ifdef GENDB_PROFILE` guards

### Expected Performance Impact
- **Hash table build elimination**: 51.68 ms → ~1-2 ms (estimated 25-50x speedup on this phase)
- **Estimated total time**: ~60-80 ms (was 105.49 ms)
- **vs. DuckDB**: Should achieve parity or better (DuckDB: 79.45 ms)

### Bottleneck Category
- **Primary optimization**: Removed plan-level inefficiency (redundant hash table construction)
- **Secondary benefit**: Join probe remains parallelized with OpenMP

The pre-built hash index approach is a high-impact optimization because:
1. The index is already computed and stored on disk
2. Loading via direct file I/O is extremely fast
3. It eliminates redundant work done every query execution
4. The pre-built structure is already optimized with open-addressing

Compilation successful! ✓