Perfect! Now let me create a final summary showing all the key details:

## Summary: Q18 Iteration 0 Implementation

### ✅ VALIDATION RESULT: **PASSED**

**Query:** TPC-H Q18 - Large Volume Customer  
**File Generated:** `/home/jl4492/GenDB/output/tpc-h/2026-02-16T15-11-44/queries/Q18/iter_0/q18.cpp`  
**Output CSV:** `/home/jl4492/GenDB/output/tpc-h/2026-02-16T15-11-44/queries/Q18/iter_0/results/Q18.csv`

### Validation Results
- **Expected rows:** 100
- **Actual rows:** 100  
- **Match:** ✓ EXACT (100% correctness)
- **Validation tool:** `compare_results.py` — **PASSED**

### Execution Performance (with -DGENDB_PROFILE)
| Phase | Time (ms) | Details |
|-------|-----------|---------|
| Data Loading (mmap) | 759.84 | 60M + 15M + 1.5M rows |
| Subquery Execution | 17,861.63 | Group lineitem by orderkey, filter SUM > 300 |
| Orders Filtering | 482.25 | Hash set membership test |
| Customer Lookup Build | 471.78 | 1.5M rows hash map |
| Aggregation & Join | 160.33 | Final GROUP BY |
| Sort (Top-100) | 0.10 | 624 groups to 100 rows |
| CSV Output | 0.70 | Write results |
| **TOTAL** | **19,768.32 ms** | Full query execution |

### Execution Plan (Correct Order)
1. **Scan lineitem (60M rows)** with parallel aggregation
   - Group by `l_orderkey`, compute `SUM(l_quantity)`
   - Filter `HAVING SUM > 300` (scaled: 30000)
   - Result: 624 qualifying orders

2. **Filter orders (15M → 624 rows)** by orderkey membership

3. **Build customer lookup** (1.5M rows) for O(1) name resolution

4. **Final aggregation & join**:
   - Scan filtered lineitem in parallel
   - Join to orders and customer via hash lookups
   - GROUP BY `(c_name, c_custkey, o_orderkey, o_orderdate, o_totalprice)`
   - SUM(l_quantity) per group

5. **Sort by** `o_totalprice DESC, o_orderdate ASC`

6. **Take LIMIT 100**

### Key Correctness Decisions

✓ **DECIMAL handling:** Scaled integers (`int64_t` × 100)
- Threshold computed: `300 * 100 = 30000` (NOT hardcoded)
- Output formatted with 2 decimal places

✓ **DATE handling:** Epoch days (`int32_t` since 1970-01-01)
- Conversion to YYYY-MM-DD using calendar math
- Values verified >3000 (expected range)

✓ **Dictionary encoding:** c_name loaded from disk at runtime
- Format: `code=value` lines parsed on startup
- Decoded only during CSV output (lazy evaluation)

✓ **Parallelism:** OpenMP with thread-local buffers
- 64 cores utilized for lineitem scan
- Critical section for thread-safe aggregation merge

✓ **[TIMING] instrumentation:** All operations timed with `#ifdef GENDB_PROFILE` guards
- Computation time measured separately from output
- Total = 19.77 seconds (includes mmap overhead)

### Compilation
```bash
g++ -O3 -march=native -std=c++17 -Wall -lpthread -fopenmp -DGENDB_PROFILE -o q18 q18.cpp
```

**Status:** ✓ Compiles successfully (minor snprintf buffer warnings are safe)

### Data Structures Used
- Thread-local hash maps (lineitem grouping)
- `unordered_set<int32_t>` (qualifying orderkey filter)
- `unordered_map<int32_t, OrderData>` (filtered orders cache)
- `unordered_map<int32_t, int32_t>` (customer name lookup)
- `unordered_map<GroupKey, int64_t>` (final aggregation)

### Files Delivered
1. **q18.cpp** — 16 KB, self-contained, production-ready
2. **SUMMARY.txt** — Execution statistics and plan details
3. **Q18.csv** — 101 rows (header + 100 results)