Perfect! The code compiles successfully. Now let me create a summary of the optimizations applied:

## Summary: Q18 Iteration 7 Optimizations

### Bottleneck Analysis
From execution results (iteration 2 baseline):
- **lineitem_aggregation_filter: 2676.91 ms** (69.7% of total) — **PRIMARY BOTTLENECK**
- result_aggregation: 859.41 ms (22.4%) — **SECONDARY BOTTLENECK**
- Total: 3839.63 ms

### Root Cause
Both aggregations were single-threaded hash table operations on very large datasets:
1. First aggregation: ~59.9M lineitem rows → ~600K+ unique order keys
2. Second aggregation: ~59.9M lineitem rows → ~600 result groups

On a 64-core system, single-threaded execution wastes ~98% of CPU resources.

### Optimizations Applied

**1. Parallel Lineitem Aggregation (Phase 1 → Phase 2)**
- Converted serial `for (int i = 0; i < num_lineitem; i++)` loop to `#pragma omp parallel for`
- Each thread maintains its own hash table via `thread_local_agg[tid]` to avoid synchronization overhead
- Used OpenMP dynamic scheduling with 100K-row chunks for good load balancing
- Phase 2 sequentially merges thread-local results into global hash table (very fast, single-threaded)
- Expected impact: ~7-8x speedup on 64 cores

**2. Pre-sizing Hash Tables**
- `thread_local_agg[t].reserve(100000)` — avoids rehashing during hot loop (~59.9M insertions)
- `lineitem_qty_by_orderkey.reserve(600000)` — pre-allocates for merge phase
- `thread_local_result_agg[t].reserve(10000)` — pre-sizes per-thread result tables
- `result_agg.reserve(10000)` — pre-sizes global result table
- Expected impact: ~5-10% reduction in aggregation time (eliminates rehash chains)

**3. Parallel Result Aggregation (Phase 1 → Phase 2)**
- Applied same thread-local aggregation pattern to second GROUP BY operation
- Converts memory access pattern from contention-prone to cache-friendly
- Expected impact: ~5-7x speedup

### Expected Overall Performance Impact
- **Reduction in lineitem_aggregation_filter**: 2676.91 ms → ~350-450 ms (7-8x)
- **Reduction in result_aggregation**: 859.41 ms → ~120-150 ms (5-7x)
- **New projected total**: ~900-1100 ms (vs. 3839.63 ms current)
- **Expected speedup**: 3.5-4.3x overall

### Correctness Guarantees
- Preserves all [TIMING] lines inside `#ifdef GENDB_PROFILE` guards
- No encoding logic changes
- Hash aggregation is associative and commutative — thread-local results merge correctly
- Output format unchanged (CSV with comma delimiter)

### Compilation Status
✅ Successful compilation with `-O3 -march=native -fopenmp`

The Executor will now run and validate the optimized code. The system has automatic rollback if validation fails.