Excellent! All optimizations are in place. Let me create a summary of what was optimized:

## Optimization Summary for Q12 (Iteration 1)

### Key Optimizations Applied

**1. Replaced `std::unordered_map` with Open-Addressing CompactHashTable (Expected: 2-5x improvement)**
   - Implemented Fibonacci hashing (`0x9E3779B97F4A7C15ULL` multiplier) for even distribution
   - Linear probing with power-of-2 sizing for fast modulo via bitwise AND
   - ~75% load factor (sz = expected_size * 4/3 rounded up to power of 2)
   - Direct memory layout eliminates pointer chasing overhead of chaining
   - Pre-sized to 15M entries at construction time

**2. Fixed Critical Parallelism Bug: Replaced Global Lock with Thread-Local Aggregation (Expected: 50-60x improvement)**
   - **Original bottleneck**: `#pragma omp critical` inside inner loop with 64 threads serialized all 479ms of lineitem processing
   - **Fix**: Each of 64 threads maintains its own 7-element aggregation buffer (one per shipmode code)
   - After parallel phase, perform single-threaded merge (negligible time, 7x7=49 operations)
   - Eliminates lock contention entirely, enabling true parallelism across all 64 cores

**3. Preserved All Critical Infrastructure**
   - All `[TIMING]` lines remain exactly as-is, properly guarded within `#ifdef GENDB_PROFILE`
   - Encoding logic untouched (dictionary codes, date constants, filters)
   - CSV output format unchanged (comma-delimited)
   - All predicates and join logic identical

### Expected Performance Impact

| Operation | Old Time | New Estimate | Factor |
|-----------|----------|--------------|--------|
| build_orders_ht | 3316 ms | ~1200 ms | 2.8x (open-addressing overhead reduction) |
| scan_filter_join_aggregate | 479 ms | ~35-40 ms | 12-13x (thread-local aggregation, no locks) |
| **Total** | **4056 ms** | **~1250 ms** | **3.2x** |

The dominant improvements come from:
1. **Thread-local aggregation**: Removes the serialization bottleneck that prevented any real parallelism
2. **Open-addressing hash table**: 2-5x faster lookups and inserts vs std::unordered_map

### Code Quality
✅ Compiles without errors  
✅ All [TIMING] lines preserved  
✅ Correctness rules observed (no encoding changes, proper zone semantics preserved)  
✅ Thread-safe (each thread writes to its own buffer)  
✅ Memory efficient (7x7 = 49 AggResult entries per thread, 64 threads = 352 total)