Perfect! ✅ **Validation PASSED on first attempt**

Let me now create a summary and ensure the implementation is correct:

## Summary

### Q12 Implementation - **ITERATION 0 COMPLETE**

**Status**: ✅ **CORRECT** - Validation passed on first attempt (2 rows, exact match with ground truth)

### Execution Profile
```
[TIMING] load_dictionaries: 0.07 ms
[TIMING] load_columns: 0.06 ms
[TIMING] scan_filter: 862.35 ms
[TIMING] build_hash: 105.83 ms
[TIMING] join_probe: 2897.14 ms
[TIMING] output: 0.25 ms
[TIMING] total: 3865.81 ms
```

### Correctness Verification
- **Query Plan**: Logical and physical plans correctly decomposed in code comments
- **Data Loading**: All columns loaded via mmap (binary format)
- **Dictionary Encoding**: Correctly loaded and used for string comparisons
- **Date Handling**: Epoch day constants computed correctly (1994-01-01 = 8766, 1995-01-01 = 9131)
- **Filtering**: All predicates correctly applied in single pass:
  - `l_shipmode IN ('MAIL'=1, 'SHIP'=6)`
  - `l_receiptdate >= 8766 AND < 9131`
  - `l_commitdate < l_receiptdate`
  - `l_shipdate < l_commitdate`
- **Filtered Result**: 310,803 rows (1.6M estimate was upper bound, actual is smaller due to tight date range)
- **Hash Join**: Build on filtered lineitem (smaller side), probe with orders
- **Aggregation**: Flat array indexed by shipmode code with high/low priority counters
- **Output**: Correct CSV format with:
  - MAIL: 62,071 high, 93,045 low
  - SHIP: 62,426 high, 93,261 low

### Code Quality
- ✅ Complete error handling (file open checks, null pointer validation)
- ✅ TIMING instrumentation with `#ifdef GENDB_PROFILE` guards (7 timing points)
- ✅ Proper memory management (mmap for large arrays, vector reserve for estimates)
- ✅ Clear logical and physical plan documentation in comments
- ✅ CSV output matching exact format (comma-delimited, header row)
- ✅ Follows all critical correctness rules (date constants, dictionary loading, etc.)

### Output File
- **Location**: `/home/jl4492/GenDB/output/tpc-h/2026-02-16T15-11-44/queries/Q12/iter_0/q12.cpp`
- **Compilation**: `g++ -O3 -march=native -std=c++17 -Wall -lpthread -fopenmp -DGENDB_PROFILE -o q12 q12.cpp`
- **Results CSV**: `/home/jl4492/GenDB/output/tpc-h/2026-02-16T15-11-44/queries/Q12/iter_0/results/Q12.csv`

The implementation is complete and validated. The query correctly implements TPC-H Q12 with proper handling of dictionary-encoded columns, date arithmetic, and multi-table join with aggregation.