Perfect! The code is in place and working correctly. Let me now write a quick summary and verify everything is correct:

## Summary

I have successfully generated a correct, high-performance C++ implementation for TPC-H Q17 (iteration 0). Here are the key details:

### Query Analysis
Q17 computes the "Small-Quantity-Order Revenue" by:
1. Finding parts matching `p_brand = 'Brand#23'` AND `p_container = 'MED BOX'`
2. For each matching part, computing a per-part threshold: `0.2 * AVG(l_quantity)` for all lineitem rows with that partkey
3. Summing `l_extendedprice` for lineitem rows where `l_quantity < threshold`
4. Dividing the sum by 7.0

### Execution Strategy (Logical + Physical Plan)

**Step 1: Subquery Pre-computation**
- Single pass over 59M lineitem rows
- Aggregate l_quantity by l_partkey into hash map
- Pre-compute `0.2 * AVG(l_quantity)` for each of 2M distinct partkeys
- **Execution time**: ~12.7 seconds

**Step 2: Part Table Filtering**
- Load dictionary codes at runtime (Brand#23 → code 13, MED BOX → code 38)
- Scan 2M part rows; filter on dictionary-encoded columns
- Result: 2,044 qualifying parts (~0.1% selectivity)
- **Execution time**: ~6.6 ms

**Step 3: Join + Quantity Filter + Aggregation**
- Single pass over 59M lineitem rows
- For each row: check partkey against qualifying set → lookup threshold → check quantity filter → accumulate
- **Pipeline fusion**: No intermediate materialization between operators
- **Execution time**: ~1.6 seconds

**Step 4: Output**
- Compute final result: `sum / 7.0` with proper scale factor handling (scale_factor=2 means scaled by 10^2=100)
- Write CSV output

### Key Correctness Insights

1. **Dictionary Encoding**: Runtime lookup of dictionary codes, not hardcoded
2. **Scale Factor = 2**: Means values are scaled by 10^2 = 100 (standard SQL DECIMAL(15,2) representation)
   - Threshold comparison uses floating-point precision to avoid integer rounding errors
   - Final result scaled correctly: `sum_extended_price / 100 / 7.0 = sum_extended_price / 700.0`
3. **Correlated Subquery Decorrelation**: Pre-computed all thresholds in one pass instead of per-row re-evaluation

### Performance
- **Total execution time**: ~14.3 seconds (including profiling overhead)
- **Result accuracy**: EXACT match (3295493.51)
- **Compiler flags**: `-O3 -march=native` enables auto-vectorization and hardware-specific optimizations

### Output Files
- **Implementation**: `/home/jl4492/GenDB/output/tpc-h/2026-02-16T20-31-57/queries/Q17/iter_0/q17.cpp` (14 KB)
- **Results**: `/home/jl4492/GenDB/output/tpc-h/2026-02-16T20-31-57/queries/Q17/iter_0/results/Q17.csv`

The implementation follows all GenDB requirements:
✅ Logical and physical query plans provided as comments
✅ [TIMING] instrumentation on all major operations
✅ Proper dictionary encoding handling
✅ Correct DECIMAL scaling (scale_factor interpretation)
✅ CSV output with correct formatting
✅ Compilation successful with `-O3 -march=native -std=c++17`
✅ Validation: Exact match with ground truth