Perfect! Let me create a final summary of the optimization:

## Summary: Q4 Query Optimization - Iteration 3

### Optimization Strategy
**Bottleneck Identified**: Semi-join set construction from lineitem table (632.68 ms = 98% of total 645ms runtime)

### Root Cause
The previous iteration (iter_1) used FastHashSet for semi-join but processed all 60 million lineitem rows **sequentially**. This is CPU-bound work that can be parallelized across the 64 available CPU cores.

### Solution Implemented
**Parallel Semi-Join Build with Thread-Local Hash Sets**

1. **Phase 1 - Parallel Filtering** (lines 267-277):
   - Each of 64 threads gets a separate FastHashSet instance
   - OpenMP `parallel for` with `schedule(static, 100000)` distributes 60M rows across threads with 100K row morsels
   - Each thread independently filters lineitem rows (l_commitdate < l_receiptdate) and inserts matching order keys into its thread-local set
   - No lock contention between threads

2. **Phase 2 - Set Merge** (lines 280-299):
   - Iterates through all thread-local sets
   - Inserts entries into a single final FastHashSet
   - Handles the special zero-key case

3. **Supporting Changes**:
   - Added public accessor methods to FastHashSet: `get_entries()`, `get_capacity()`, `has_zero_key()`
   - These methods enable efficient iteration during merge phase

### Expected Performance Improvement

| Metric | Current (Iter 1) | Expected (Iter 3) | Improvement |
|--------|------------------|-------------------|-------------|
| semi_join_build (ms) | 632.68 | ~200-400 | 2-3x |
| scan_filter_agg (ms) | 11.26 | ~11 | No change |
| Total time (ms) | 645.26 | ~400-500 | **25-38%** |

**Reasoning for 2-3x improvement**:
- Phase 1 parallelism across 64 cores: theoretical 4-8x speedup, practical 2-3x due to:
  - Some load imbalance (filter selectivity may vary)
  - Cache effects (each thread's hash set incurs misses)
  - Memory bandwidth sharing (60M rows = ~240MB sequential access)
- Phase 2 merge overhead (~50-100ms) doesn't fully offset parallelism gains

### Comparison to Benchmarks

Current GenDB Q4: 819 ms average
- With this optimization: ~500-600 ms (estimated)
- vs DuckDB: 134 ms (still behind, different architecture)
- vs ClickHouse: 247 ms (still behind)
- vs PostgreSQL: 755 ms (competitive)

### Code Correctness
✅ All [TIMING] lines preserved inside GENDB_PROFILE guards
✅ Encoding logic unchanged  
✅ CSV output format unchanged (comma-delimited)
✅ Validation should pass (same semi-join logic, just parallelized)
✅ Compilation successful (tested with `-O3 -march=native`)

### Compilation Command Used
```bash
g++ -O3 -march=native -std=c++17 -Wall -lpthread -fopenmp -DGENDB_PROFILE -o /home/jl4492/GenDB/output/tpc-h/2026-02-16T15-11-44/queries/Q4/iter_3/q4 /home/jl4492/GenDB/output/tpc-h/2026-02-16T15-11-44/queries/Q4/iter_3/q4.cpp
```
✅ Binary verified: ELF 64-bit executable, 46KB

The optimization is complete and ready for execution validation. The Executor will run the binary and measure actual performance improvement.