Perfect! Now let me print a brief summary:

---

## Q6 Iteration 2 Analysis Summary

**Status:** ✅ PASS (correct results, back to baseline performance)

**Performance:**
- Current: 33.8ms (scan_filter: 19.0ms)
- Baseline: 35.2ms
- **DuckDB target: 19.3ms (1.75x faster than current)**
- PostgreSQL: 2,372ms

**Key Findings:**
1. **Correctness restored** — Iteration 1's decimal scaling bug has been fixed
2. **Performance back to baseline** — 33.8ms vs 35.2ms (slight improvement)
3. **Main bottleneck: Full table scan** — Processing all 60M rows without zone map pruning
4. **Missed optimization opportunity** — Zone maps available for l_shipdate, l_discount, l_quantity but NOT being used

**Root Cause:**
The code scans all 59,986,052 rows using parallel morsel-driven execution. While parallelism works correctly, it doesn't leverage zone map indexes to skip blocks. With combined selectivity of ~1.9% (0.33 × 0.09 × 0.48), zone maps could skip approximately **67% of blocks** before scanning.

**Top Recommendations:**

1. **Zone Map Block Pruning (Priority 1, index category)** 
   - Load zone map files and filter blocks before scanning
   - Expected: 30-50% speedup → **20-23ms** (close to DuckDB's 19.3ms)
   - Risk: LOW

2. **AVX2 SIMD Filtering (Priority 2, cpu_bound category)**
   - Vectorize predicate evaluation (8 rows at a time)
   - Expected: 15-25% additional speedup after zone maps
   - Risk: MEDIUM

3. **Predicate Reordering (Priority 3, filter category)**
   - Evaluate discount first (most selective: 18%), then shipdate (33%), then quantity (48%)
   - Expected: 5-10% CPU reduction
   - Risk: LOW

**Evaluation file written to:** `/home/jl4492/GenDB/output/tpc-h/2026-02-14T21-21-04/queries/Q6/iter_2/evaluation.json`