Good! Code compiled successfully. Now let me create a summary of the optimizations made:

## Optimization Summary for Iteration 8

**Category Shift:** `cpu_bound` (from previous `io_bound` attempts which stalled)

**Optimizations Applied:**

1. **Loop Unrolling (2x)**: Process pairs of rows per iteration
   - Reduces loop overhead by 50%
   - Improves CPU pipeline efficiency
   - Each unroll allows better instruction reordering

2. **Increased Prefetch Distance**: From 32 rows → 64 rows ahead
   - Better memory latency hiding for larger caches (L3: 44 MB)
   - More time for prefetch to complete before data accessed

3. **Aggressive Prefetching Pattern**: Triple prefetch per unroll iteration
   - `shipdate_ptr` for filter check (L0 priority)
   - `qty_ptr` for data load (L1 priority - temporal)
   - `returnflag_ptr` for aggregation index (L0 priority)

4. **Eliminated Variable Reuse**: Inline `discount_factor` and `tax_factor` calculations
   - Removes register pressure
   - Allows compiler to better schedule independent operations
   - Reduces data dependencies in instruction window

5. **Tighter Conditional Paths**: No intermediate variable assignments before aggregation
   - Fewer memory stalls in critical path
   - Compiler can optimize branch prediction better

**Expected Impact:**
- **Loop overhead reduction**: ~10-15% speedup from unrolling + prefetching
- **Memory latency masking**: ~5-10% improvement from better prefetch patterns
- **Total target**: 47-50 ms (from 52.35 ms baseline, ~8-10% improvement)

**Correctness Preserved:**
- ✅ All [TIMING] lines intact
- ✅ Encoding logic unchanged
- ✅ Comma-delimited CSV output preserved
- ✅ Zone map pruning logic intact
- ✅ Aggregation arithmetic identical

The code is ready for execution validation. The Executor will run it and measure performance against the 52.35 ms baseline.