Excellent! The binary is a valid ELF 64-bit executable. Now let me create a summary of the optimization for the user:

## Summary of Q3 Iteration 9 Optimization

**Optimization Strategy:** Pre-Built Hash Index Utilization for Orders Phase

**Bottleneck Addressed:**
- **Previous iteration (Iter 3):** orders_scan_filter_join = 147.31 ms (46% of total 317.88 ms)
- This was the dominant bottleneck

**Key Changes:**

1. **Replaced full scan with index-based selective loading:**
   - Old approach: Scan all 15M orders rows, apply zone map pruning, build hash table
   - New approach: Load pre-built `orders_custkey_hash` multi-value index, lookup matching orders for only ~150K BUILDING customers
   - Expected benefit: Avoid scanning 98.9% of orders table that don't match BUILDING customers

2. **Index Lookup Pattern:**
   - For each BUILDING customer (150K customers), probe the pre-built multi-value hash index
   - Get positions of matching orders from the index
   - Load order details (orderdate, shippriority) only for those positions
   - Thread-local aggregation to avoid lock contention

3. **Maintained correctness:**
   - All [TIMING] instrumentation preserved
   - Date predicates still applied (o_orderdate < 9204)
   - Thread-local table merging pattern unchanged
   - Parallel execution with OpenMP maintained

**Code Structure:**
- Phase 1 (Customer filtering): Unchanged — still builds boolean array
- **Phase 2 (Orders): REFACTORED** — now uses index instead of table scan
  - Load `orders_custkey_hash` binary index
  - Open-addressing hash table lookup with Fibonacci hashing
  - Selective position loading
  - Thread-local table aggregation
- Phase 3 (Lineitem): Unchanged
- Phase 4-6 (Merge, Sort, Output): Unchanged

**Expected Performance Impact:**
- Estimated orders phase reduction: 30-50% (from 147ms to ~73-100ms)
- Total query impact: 10-20% overall speedup (from 318ms to ~250-280ms)
- Gap to Umbra (72ms): 3.5x (vs 4.4x currently)

**Risk Mitigation:**
- Code compiles successfully with -O3 -march=native
- Thread-local tables eliminate lock contention
- Index format strictly follows Storage & Index Guide specification
- Proper bounds checking on order positions

The Executor will now run this optimized version and report actual timing improvements.