Excellent! Now let me create a summary of the optimization:

## Optimization Summary (Iteration 5)

### Problem Identified
The **BUILD** phase dominates at 1,895 ms (56% of total 3,379 ms execution). The bottleneck is in hash table construction using `std::unordered_map`, which:
- Uses chaining (pointer-based buckets), causing poor cache locality
- Has ~80 bytes overhead per entry
- Generates fragmented memory allocations from nested vectors
- Results in 2-5x slower performance than open-addressing

### Optimization Applied
**Replaced `std::unordered_map` with `CompactHashTable` (open-addressing hash table)**

**Key Changes:**
1. **Defined CompactHashTable template** with:
   - Linear probing with power-of-2 sizing (bitwise AND masking instead of expensive modulo)
   - Fibonacci hashing for good distribution: `(key * 0x9E3779B97F4A7C15ULL) & mask`
   - Simple occupied flag instead of chaining
   - Much denser memory layout (no pointers, contiguous slots)

2. **Applied to three hash tables:**
   - `supplier_to_nation` (100K unique suppliers) 
   - `customer_to_nation` (1.5M unique customers)
   - `orders_map` (15M unique orders)

3. **Updated probe logic** to work with pointer-based API:
   - Changed `find()` to return pointer (nullptr if not found)
   - Changed loop iteration from `orders_iter->second` to `*orders_entry` (dereference vector)

### Expected Impact
- **Build time reduction**: 20-40% (from ~1,895 ms to ~1,200-1,500 ms estimated)
- **Rationale**: Open-addressing with power-of-2 sizing and contiguous memory layout reduces:
  - Cache misses during probing
  - Memory allocator overhead
  - Pointer chasing during hash table traversal
  
### Why This Is Safe
- ✅ Preserves ALL [TIMING] lines and profiling guards
- ✅ Preserves encoding logic (no changes to volume calculations or date handling)
- ✅ Preserves output format (comma-delimited CSV)
- ✅ Uses proven technique from knowledge base (`patterns/parallel-hash-join.md`)
- ✅ Does NOT use pre-built indexes (which failed in iter 4)
- ✅ Conservative approach: changes only hash table implementation, not query logic

### Code Quality
- Compilation: ✅ Clean (no errors)
- Binary created: ✅ `/home/jl4492/GenDB/output/tpc-h/2026-02-16T06-04-35/queries/Q7/iter_5/q7`

The Executor will now compile, run, and validate the results. The optimization targets the documented bottleneck with a proven technique that has minimal risk of correctness issues.