Perfect! Let me print a summary:

---

## **Q3 Iteration 0 Evaluation Summary**

### **Status: FAIL ❌**

**Compilation**: ✅ Pass (harmless format warnings)  
**Execution**: ✅ Pass (3141.43 ms runtime)  
**Validation**: ❌ **FAIL** — Expected 10 rows, got 0 rows

---

### **Critical Issues (MUST FIX)**

1. **Line 291 - Inverted Filter Logic** (Semantic Bug)
   - Current: `if (decoded_shipdate[i] <= threshold_shipdate) continue;` 
   - Problem: Skips all rows where l_shipdate ≤ threshold
   - SQL requires: `l_shipdate > DATE '1995-03-15'` (keep future shipments)
   - **Impact**: All lineitem rows filtered out → empty aggregation → 0 output rows
   - **Fix**: Remove the continue or invert condition to keep rows where shipdate > threshold

2. **Line 306 - Lossy GROUP BY Key Encoding** (Semantic Bug)
   - Current: `((int64_t)l_orderkey << 32) | (o_shippriority & 0xFFFF)`
   - Problem: Completely omits `o_orderdate` field from the 3-field GROUP BY key
   - **Impact**: Rows with same (orderkey, shippriority) but different dates merge incorrectly
   - **Fix**: Expand encoding to `((int64_t)l_orderkey << 32) | ((o_orderdate & 0xFFFF) << 16) | (o_shippriority & 0xFFFF)`

---

### **Performance Optimization Roadmap** (After Correctness Fix)

| Priority | Technique | Expected Gain | Effort |
|----------|-----------|---------------|--------|
| 1 | Thread parallelism (64 cores) | **~30-60x** (3141ms → 50-100ms) | Medium |
| 2 | Zone map predicate pushdown | 20-30% I/O reduction | Medium |
| 3 | Compact hash tables (absl::FlatHashMap) | 2-3x lookup speedup | Low |
| 4 | Two-phase partial aggregation | 5-10% overhead reduction | Low |
| 5 | SIMD filtering/computation | 4-8x per-core speedup | Medium |

**Target**: Match DuckDB Q3 performance (~77-112ms on SF10)

---

### **Detailed Evaluation**

Full analysis written to: `/home/jl4492/GenDB/output/tpc-h/2026-02-14T01-04-25/queries/Q3/iter_0/evaluation.json`

The evaluation includes:
- Hardware profile (64 cores, AVX-512, 376GB RAM)
- Profiling data (1812MB RSS, 607K page faults, 99% CPU util)
- Root cause analysis for empty result set
- 6 prioritized optimization recommendations with risk assessments
- Cross-reference to knowledge base techniques

**Next Step**: Fix the two critical bugs in q3.cpp, then rerun iter_1 with parallelization.