Excellent! The binary is successfully compiled. Let me create a brief summary:

## Summary

I have successfully generated a self-contained C++ implementation of **Q3 (Shipping Priority)** for TPC-H SF10.

### Key Features Implemented:

**1. Storage Encoding Handling (CRITICAL)**
- **Dictionary decoding** for `c_mktsegment` (5 values: FURNITURE, HOUSEHOLD, MACHINERY, AUTOMOBILE, BUILDING)
- **Delta decoding** for `o_orderdate` and `l_shipdate` (cumulative sum reconstruction)
- **Date conversion** from epoch days (1970-01-01) to YYYY-MM-DD format

**2. Query Execution Strategy**
- **Customer filter**: Scan customer table, decode `c_mktsegment`, filter for 'BUILDING' (~22% selectivity → ~330K rows)
- **Orders filter**: Scan orders table, decode `o_orderdate` from delta, filter for `< 1995-03-15` (~33% selectivity → ~5M rows)
- **Customer-Orders join**: Hash join on filtered customer keys (smaller side) with filtered orders
- **Lineitem filter & join**: Scan lineitem, decode `l_shipdate`, filter for `> 1995-03-15`, join with orders on `o_orderkey`
- **Hash aggregation**: GROUP BY `(l_orderkey, o_orderdate, o_shippriority)`, compute SUM(l_extendedprice * (1 - l_discount))
- **Top-K selection**: Use min-heap priority queue to extract top 10 results ordered by revenue DESC, then o_orderdate

**3. Performance Optimizations**
- Pre-sized hash tables for joins and aggregation
- Efficient memory layout with contiguous vectors
- Fast priority queue for Top-K (O(n log K) instead of O(n log n) full sort)
- Column-wise binary I/O via sequential file reads (cache-friendly)

**4. Output**
- CSV format with columns: `l_orderkey, revenue, o_orderdate, o_shippriority`
- Execution timing printed to stdout
- Results written to specified output directory

**Compilation**: ✅ Successfully compiled with `-O3 -march=native -std=c++17 -Wall -lpthread`

Binary location: `/home/jl4492/GenDB/output/tpc-h/2026-02-14T01-04-25/queries/Q3/iter_0/q3`

The code is ready for the Learner agent to execute, profile, and optimize in subsequent iterations.