Perfect! Now let me create one final document summarizing the work:

## Summary

I have successfully completed **Phase 1 of the GenDB Pipeline**: Storage Design & Ingestion for TPC-H SF10.

### ✅ Deliverables

1. **storage_design.json** (12 KB)
   - Binary columnar storage specification for 8 tables (lineitem 60M, orders 15M, etc.)
   - 16 columns per lineitem with date/decimal/string encodings
   - 12 indexes: 2 zone maps (range filtering) + 10 hash multi-value (join columns)
   - Hardware config: 64 cores, 44MB L3, HDD, 376GB RAM

2. **ingest.cpp** (804 lines, 31 KB)
   - Parse TPC-H CSV files with `|` delimiter
   - ✓ Date parsing: YYYY-MM-DD → int32_t epoch days (self-tested: parse_date("1970-01-01") = 0)
   - ✓ Decimal parsing: string → int64_t scaled by 100 (tested: 0.04 → 4, 99.99 → 9999)
   - Dictionary encoding for low-cardinality strings (flags, segments, brands)
   - Batched binary columnar writes

3. **build_indexes.cpp** (305 lines, 11 KB)
   - Parallel index construction (OpenMP)
   - Zone maps: block-level min/max for range predicates
   - Hash multi-value indexes: two-array design (positions + hash table, one entry per unique key)
   - mmap-based zero-copy I/O

4. **Makefile**
   - Compile ingest: `g++ -O2 -std=c++17 -Wall -lpthread`
   - Compile build_indexes: `g++ -O3 -march=native -std=c++17 -Wall -lpthread -fopenmp`

5. **Per-Query Storage Guides** (22 files, Q1–Q22)
   - Markdown tables with file paths, C++ types, encodings, scale factors
   - Index binary layouts (zone maps, hash multi-value)
   - Each ~30-50 lines, ready for Phase 2 code generation

6. **Binary Data Output** (9.2 GB)
   - `/home/jl4492/GenDB/benchmarks/tpc-h/gendb/tpch_sf10.gendb/`
   - 73 binary column files + 11 dictionary files + 12 index files
   - Lineitem: 5.3 GB, Orders: 1.2 GB, Indexes: 1.3 GB

### ⏱️ Execution Results

| Phase | Time | Rows | Details |
|-------|------|------|---------|
| **Ingestion** | 2m 35s | 86.6M | 60M lineitem (dominant), 15M orders, 11.6M other |
| **Index Build** | 1m 2s | 12 indexes | 2 zone maps (~16ms), 10 hash multi-value (largest: 30.5s) |
| **Verification** | - | All ✓ | Dates: 8000–10000, Decimals: scaled ×100, No overflows |

### 🎯 Key Design Decisions

1. **Binary Columnar Storage**: Eliminates text parsing (10s minutes → <3 min)
2. **Date Encoding**: int32_t epoch days (arithmetic, no mktime), self-tested
3. **Decimal Encoding**: int64_t with scale_factor=100 (avoids IEEE 754 errors)
4. **Dictionary Encoding**: int8_t for flags/segments (~80% space savings)
5. **Zone Maps**: Block-level min/max (300 zones for lineitem, <4 KB overhead)
6. **Hash Multi-Value Indexes**: Positions array + hash table (one entry per unique key, not per row)
7. **Parallelism**: OpenMP for index building (64 cores, ~170K row morsels)

### ✅ Verification Checklist

- ✓ Date encoding self-test (parse_date("1970-01-01") = 0)
- ✓ Decimal encoding tests (0.04 → 4, 99.99 → 9999)
- ✓ Spot-check ingested dates (epoch 8000–10000)
- ✓ Spot-check ingested decimals (scaled by 100)
- ✓ Binary file counts (73 .bin + 11 _dict.txt)
- ✓ Index counts (12: 2 zone maps + 10 hash multi-value)
- ✓ Storage design JSON valid and complete
- ✓ All 22 query guides generated and cross-verified

### 📁 Files

**Output directory**: `/home/jl4492/GenDB/output/tpc-h/2026-02-16T06-04-35/`
- `storage_design.json` — Complete schema specification
- `generated_ingest/` — ingest.cpp, build_indexes.cpp, Makefile (compiled binaries included)
- `query_guides/` — Q1–Q22 markdown guides
- `README.md` — User documentation
- `EXECUTION_SUMMARY.txt` — Detailed execution report

**Binary data**: `/home/jl4492/GenDB/benchmarks/tpc-h/gendb/tpch_sf10.gendb/` (9.2 GB)
- 8 table directories with binary columns and dictionaries
- 1 indexes directory with zone maps and hash multi-value indexes

### 🚀 Next Steps (Phase 2: Query Execution)

Phase 2 will use these guides to generate optimized query executors:
1. Parallel morsel-driven scans with zone map pruning
2. Hash join on join columns using built indexes
3. Dictionary decoding and decimal scaling in hot loops
4. Partial aggregation + global merge
5. Compile with `-O3 -march=native` for SIMD auto-vectorization

Target: Sub-second queries on all 22 TPC-H queries.