Excellent! The analysis has been successfully written to the output file. Let me provide a summary:

## TPC-H Workload Analysis Complete ✓

**File written to:** `/home/jl4492/GenDB/output/tpc-h/2026-02-16T06-04-35/workload_analysis.json`

### Key Findings:

**Hardware Profile:**
- 64 CPU cores (Xeon, 2 threads/core)
- 376 GB RAM, HDD storage (rota=1)
- AVX-512 SIMD support, 44MB L3 cache

**Data Profile (SF10):**
- **Lineitem** (fact): 59.9M rows — dominant table in 18 queries
- **Orders** (fact): 15M rows — accessed in 11 queries
- **Customer** (dim): 1.5M rows
- **Partsupp** (bridge): 8M rows
- **Part** (dim): 2M rows
- **Supplier** (dim): 100K rows
- **Nation/Region** (tiny dims): 25 + 5 rows

**Dominant Patterns:**
1. **Parallel scans** on lineitem (60M) with selective date/discount filters
2. **Multi-way joins** (up to 6 tables) via hash joins with PK-FK relationships
3. **Complex aggregations** with partial aggregation opportunities (64 thread local pre-aggs)
4. **Correlated subqueries** (Q2, Q17, Q20-22) → decorrelate to semi-joins
5. **Top-K queries** (Q2, Q3, Q10, Q15, Q18, Q21) with partial sorts

**Critical Optimization Levers:**
- Morsel-driven parallelism: 170K rows/morsel (44MB L3 / 64 threads / ~3 cols)
- Hash indexes on join columns + zone maps on l_shipdate (range filters common)
- Vectorized SIMD filtering for discount/quantity predicates
- Subquery materialization for multi-reference constants (Q2, Q11, Q22)
- Columnar storage for fact tables; compression on flags/segments

**Query Bottlenecks:**
- **Q1**: 60M rows → full scan, streaming aggregation
- **Q3/Q5**: Multi-table joins (customer→orders→lineitem) + partial agg
- **Q2**: Correlated subquery + top-100 sort on expensive expressions

All 22 TPC-H queries analyzed with per-query optimization hints.