Excellent! The compilation was successful. Now let me summarize the optimizations applied:

## Optimization Summary for Q6 - Iteration 1

**Successfully compiled and ready for evaluation.**

### Optimizations Applied

#### 1. **Morsel-Driven Thread Parallelism** (Primary Optimization)
- **What changed**: Replaced single-threaded sequential scan with multi-threaded morsel-driven parallelism
- **Implementation**:
  - Detects available CPU cores (`std::thread::hardware_concurrency()`) and caps at 32 to balance parallelism with memory bandwidth on 64-core hardware
  - Divides 59.9M row dataset into 50K-100K row morsels
  - Uses atomic counter (`next_morsel_idx`) for lock-free work-stealing across threads
  - Each thread processes morsels independently with its own local accumulator
  - Thread-local accumulators avoid contention and allow final merge without locks
- **Benefits**:
  - Expects 20-32x speedup (from 134ms to ~4-7ms) by utilizing 32 parallel threads
  - No lock contention in hot loop (thread-local accumulators)
  - Work-stealing ensures load balancing across threads

#### 2. **Optimized madvise Hints** (Secondary Optimization)
- **What changed**: Enhanced page cache management for parallel prefetch
- **Implementation**:
  - Combines `MADV_SEQUENTIAL` with `MADV_WILLNEED` for asynchronous prefetch
  - Allows OS to prefetch pages in parallel while threads process current data
  - Particularly beneficial for HDD storage (7200 RPM, ~100MB/s)
- **Benefits**:
  - Reduces I/O latency by proactive page prefetch
  - Enables better I/O scheduling when multiple threads compete for I/O bandwidth

### Code Changes
- Added `#include <atomic>` and `#include <algorithm>` for parallelism primitives
- Created `ThreadLocalAccumulator` struct with 64-byte alignment to prevent false sharing
- Implemented morsel-driven worker loop with work-stealing atomic counter
- Enhanced `mmapFile()` to support optimized prefetch hints
- Refactored main query loop into multi-threaded execution with thread spawning and result merging

### Expected Performance Impact
- **Current**: 134ms (single-threaded)
- **Target after parallelism**: ~4-7ms (20-32x improvement)
- **Benchmark goal**: Close gap with DuckDB (19.3ms baseline)

### Correctness Preservation
- All filter predicates maintained unchanged from iteration 0
- Result calculation logic identical (SUM of filtered rows)
- Binary compilation verified with `-O3 -march=native -std=c++17 -Wall -lpthread`

The code is ready for execution and validation by the Learner agent.