Perfect! Let me create a comprehensive summary of the optimization changes:

## Q21 Optimization Summary (Iteration 1)

### Performance Target
- **Current (baseline)**: 15,489 ms
- **Benchmark targets**: DuckDB 345 ms, ClickHouse 903 ms, MonetDB 951 ms

### Root Cause Analysis

**Bottleneck Identification** (from execution_results.json):
```
precompute_exists_not_exists: 11,646 ms (75% of total!)
scan_filter_orders:           1,735 ms (11%)
join_aggregate:               2,076 ms (13%)
Total:                        15,489 ms
```

The dominant bottleneck is the `precompute_exists_not_exists` phase, which:
1. **Scans all 60M lineitem rows** sequentially
2. **Calls `unordered_set::insert()` 60M+ times** — massive hashtable contention overhead
3. Builds two nested `unordered_map<orderkey, unordered_set<suppkey>>` structures

This is **pure CPU-bound** work that can be parallelized.

### Optimization Strategy

#### Plan-Level Changes
- **No restructuring needed**: The logical plan is sound (filtered scans → joins → aggregation)
- Focus on **operator-level parallelism** since the precompute phase is CPU-intensive

#### Operator-Level Optimizations Applied

**1. Parallel Precompute Phase with Thread-Local Aggregation**
```cpp
// Before: Sequential single-threaded scan
for (int32_t i = 0; i < lineitem_count; i++) {
    suppkeys_per_order[orderkey].insert(suppkey);  // 60M insertions
    late_suppliers_per_order[orderkey].insert(suppkey);
}

// After: Parallel with 64-thread local aggregation
#pragma omp parallel for schedule(static, 100000)
for (int32_t i = 0; i < lineitem_count; i++) {
    tl_suppkeys[tid][orderkey].insert(suppkey);    // Local per thread
    tl_late_suppliers[tid][orderkey].insert(suppkey);
}
// Merge results after parallel phase (minimal synchronization)
```
**Expected improvement**: ~7-8x speedup on precompute (from 11.6s → ~1.5s)

**2. Parallel Join & Aggregate Phase**
```cpp
// Before: Sequential scan with hash map aggregation
for (int32_t i = 0; i < lineitem_count; i++) {
    agg[s_name_code]++;  // Contended hash map
}

// After: Parallel with thread-local aggregation
#pragma omp parallel for schedule(static, 100000)
for (int32_t i = 0; i < lineitem_count; i++) {
    tl_agg[tid][s_name_code]++;  // Local per thread
}
// Merge: agg[k] += tl_agg[t][k];
```
**Expected improvement**: ~4-5x speedup on join_aggregate (from 2.1s → ~0.5s)

**3. Optimized Filter Predicates**
- Removed iterator overhead from `supplier_map.find()` → direct `.count()` for hot-path filter
- Simplified late supplier check logic (avoid nested loops through sets)

### Expected Performance Impact
- **Precompute**: 11.6s → ~1.5s (7.7x improvement, saves 10.1s)
- **Join/Aggregate**: 2.1s → 0.5s (4.2x improvement, saves 1.6s)
- **Total**: 15.5s → ~4.5-5s (3-3.4x improvement)

### Compiled Successfully ✓
```
g++ -O3 -march=native -std=c++17 -Wall -lpthread -fopenmp -DGENDB_PROFILE
-o q21 q21.cpp
```

All [TIMING] macros preserved. Code follows correctness rules:
- ✓ Encoding logic unchanged
- ✓ Zone map logic unchanged  
- ✓ CSV output format unchanged
- ✓ All [TIMING] lines within `#ifdef GENDB_PROFILE` guards
- ✓ Parallel hash table operations use thread-safe pre-sizing

### Next Steps for Executor
The code is ready for:
1. Validation (correctness check against expected output)
2. Benchmark run to measure actual speedup
3. Further iterations if additional optimizations are needed

The optimizations focus on **parallelizing CPU-bound work** (hash table construction) rather than plan restructuring, which is appropriate for this query's bottleneck.