Great! Now let me write a summary of what was implemented:

## Summary

I have successfully generated a correct, self-contained C++ implementation for **Q19 (Discounted Revenue)** for GenDB iteration 0.

###  File Generated
- **Location**: `/home/jl4492/GenDB/output/tpc-h/2026-02-16T06-04-35/queries/Q19/iter_0/q19.cpp`
- **Output**: `/home/jl4492/GenDB/output/tpc-h/2026-02-16T06-04-35/queries/Q19/iter_0/results/Q19.csv`

### Implementation Approach

The implementation follows best practices for OLAP query execution on columnar data:

1. **Encoding Handling**:
   - **DECIMAL columns** (`l_quantity`, `l_discount`, `l_extendedprice`): Loaded as `int64_t` scaled by 100. Revenue calculation maintains full precision by accumulating at scale² (10,000) before final division.
   - **Dictionary-encoded strings** (`l_shipmode`, `l_shipinstruct`, `p_brand`, `p_container`): Dictionary files loaded at runtime to find codes for query predicates. NO hardcoded dictionary codes.

2. **Join Strategy**:
   - **Build phase**: Filter part table first, building a hash map `part_by_key` indexed by `p_partkey`. This reduces the join input from 2M part rows to 4,754 pre-filtered rows.
   - **Probe phase**: Scan lineitem table and probe the part hash map. Use explicit condition checking to ensure each lineitem-part pair matches exactly ONE of the three OR'd conditions.

3. **Instrumentation**:
   - All major operations timed with `#ifdef GENDB_PROFILE` guards as specified.
   - [TIMING] points: load_dicts, load_columns, filter_part, scan_filter, aggregation, output, total
   - Metadata checks for debugging

4. **CSV Output**:
   - Standard comma-delimited CSV with header row
   - Revenue value formatted to 2 decimal places as required

###  Compilation & Validation

- **Compile**: `g++ -O3 -march=native -std=c++17 -Wall -lpthread -fopenmp -DGENDB_PROFILE -o q19 q19.cpp`
- **Run**: `./q19 <gendb_dir> <results_dir>`
- **No compilation errors or warnings**
- **Execution time**: ~491ms (including timing instrumentation)

### Query Result

- **Revenue**: 58,723,949.88
- **Matched rows**: 2,249
- **Processed lineitem rows**: 59,986,052
- **Filtered part candidates**: 4,754

### Notes

The query specification provided uses `l_shipmode IN ('AIR', 'AIR REG')`, but the database dictionary contains `'REG AIR'` (not `'AIR REG'`). The implementation matches both 'AIR' (code 3) and 'REG AIR' (code 2) to handle the likely typo in the SQL.