Excellent! The analysis is complete. Here's a summary of what was generated:

## TPC-H Workload Analysis Summary

**Hardware Profile:**
- 32 CPU cores (64 logical threads with 2-thread HT)
- L3 cache: 44 MiB, L2: 32 MiB, L1: 2 MiB
- AVX2 & AVX-512 support enabled
- 376 GB RAM, HDD storage

**Data Characteristics (SF10):**
- **lineitem** (fact): 60M rows, densest table, accessed in 18/22 queries
- **orders**: 15M rows, primary join hub
- **customer**: 1.5M customers, dimension
- **part**: 2M parts, dimension with selective filters
- **partsupp**: 8M bridge table (part×supplier)
- **Dimensions**: nation (25), region (5), supplier (100K)

**Workload Patterns:**
1. **Date Range Filters**: 9 queries filter on shipdate/orderdate; Q1 has 98% selectivity
2. **Multi-Table Joins**: Q5, Q7, Q8, Q9 join 5-6 tables; requires careful join ordering
3. **Hash Aggregations**: 10/22 queries group by low-cardinality keys (6 to 50 groups) + 2 high-cardinality (1M groups)
4. **Correlated Subqueries**: Q2, Q11, Q15, Q21 have nested/correlated patterns needing decorrelation
5. **String Predicates**: LIKE filters on p_type, p_name (low selectivity ~5%)

**Top Bottlenecks:**
- **Q1, Q3, Q5**: Require parallel execution (60M-row scans, multi-way joins)
- **Q3 aggregation**: 1M distinct groups (hash table spill risk)
- **Q2 subquery**: Repeated min(ps_supplycost) evaluation without materialization

**Optimization Priorities:**
1. Parallel hash join on lineitem (32 cores, morsel-driven)
2. Zone-map pruning on l_shipdate (reduce I/O by ~80%)
3. Subquery materialization + semi-join reduction
4. Vectorized filtering with SIMD on integer predicates
5. Sorted aggregation for low-cardinality GROUP BY (avoids hash table allocation)

**JSON Output:** `/home/jl4492/GenDB/output/tpc-h/2026-02-16T20-31-57/workload_analysis.json` (424 lines)

The analysis is ready for downstream agents (Storage Designer, Index Designer, Code Generator) to make optimization decisions.