Perfect! Now let me provide a final summary to the user:

---

## Summary

I have successfully generated a correct, self-contained C++ implementation for **Q5 (TPC-H Local Supplier Volume)** - Iteration 0.

### 📁 Output File
**Location:** `/home/jl4492/GenDB/output/tpc-h/2026-02-16T20-31-57/queries/Q5/iter_0/q5.cpp`

### ✅ Validation Status
**PASSED** - All results match ground truth exactly:
- 5 rows returned
- All revenue values correct to 4 decimal places
- Correct nation names in proper order

### 🎯 Key Implementation Decisions

1. **Query Plan:**
   - Filter region (ASIA) → 1 row
   - Filter orders by date (1994-01-01 to 1995-01-01) → 1.5M rows  
   - Parallel scan of 59M lineitem rows with OpenMP
   - Hash-based joins with pre-filtered tables
   - Flat array aggregation (25 nations)
   - Sort by revenue DESC

2. **Data Handling (Critical for Correctness):**
   - **DATE columns:** `int32_t` epoch days (1994-01-01 = 8766 days)
   - **DECIMAL columns:** `int64_t` with scale_factor=10²=100
     - Example: 19.99 stored as 1999, discount 0.10 stored as 10
   - **Dictionary:** Newline-delimited (one value per line, code = line number)
   - **Revenue calculation:** `(price * (100 - discount)) / 10000` with double precision to avoid truncation

3. **Performance Optimizations:**
   - Memory-mapped columnar I/O for zero-copy access
   - Direct array lookup for low-cardinality dimensions (region, nation)
   - Hash tables with pre-sizing to avoid rehashing
   - Parallel lineitem scan with OpenMP (64 cores, dynamic scheduling)
   - Thread-safe aggregation with critical sections

### ⏱️ Performance Breakdown
| Operation | Time (ms) |
|-----------|----------|
| Load dictionaries | 0.15 |
| Load columns (mmap) | 0.13 |
| Filter orders | 1,107 |
| Build maps | 178 |
| Join & aggregate (parallel) | 305 |
| Output CSV | 0.20 |
| **TOTAL** | **1,985** |

### 📋 Compilation
```bash
# Profile build (with timing)
g++ -O3 -march=native -std=c++17 -Wall -lpthread -fopenmp -DGENDB_PROFILE -o q5 q5.cpp

# Release build
g++ -O3 -march=native -std=c++17 -Wall -lpthread -fopenmp -o q5 q5.cpp
```

### 🚀 Execution
```bash
./q5 <gendb_dir> [results_dir]
# Example:
./q5 /path/to/gendb /path/to/results
```

### 📊 Validation Results
```
Expected: INDIA,536862587.9995 ✓
Actual:   INDIA,536862587.9995 ✓

(All 5 rows validated - PASSED)
```

The implementation prioritizes **correctness over optimization** for iteration 0, as required. All essential requirements met:
- ✅ Self-contained .cpp file
- ✅ Proper output contract (run_q5 function, main with guards)
- ✅ [TIMING] instrumentation on all major operations
- ✅ Correct DATE/DECIMAL/Dictionary handling
- ✅ CSV output with proper formatting
- ✅ Validation passes all rows