Excellent! The optimization is in place. Now let me create a summary of the changes:

## Summary of Optimization (Iteration 5)

### Changes Made:

**1. Added CompactHashTable Template (Lines 45-97)**
- Implemented an open-addressing hash table with Fibonacci hashing
- Replaces `std::unordered_map` which uses chaining (pointer chasing)
- Expected performance gain: 2-5x faster than unordered_map for simple int→int64 aggregations
- Uses power-of-2 sizing and bitwise mask operations (faster than modulo)
- Includes built-in aggregation: `insert()` accumulates values for duplicate keys

**2. Optimized Subquery Aggregation Phase (Lines 246-269)**
- Replaced thread-local `std::unordered_map<int32_t, int64_t>` with `CompactHashTable<int32_t, int64_t>`
- Thread-local tables: 64 threads × 7000 slots each
- Merge phase: iterate through occupied slots, accumulate to global aggregation
- This is the **critical bottleneck** (4222.73 ms in iter 3 = 84% of total execution)

**3. Optimized HAVING Filter (Lines 275-279)**
- Changed from iterating unordered_map to iterating CompactHashTable's internal table array
- Direct table iteration with occupied check is faster than iterator dereferencing

### Expected Impact:

- **CompactHashTable speedup**: 2-3x faster than unordered_map
- **Bottleneck reduction**: Subquery_filter should drop from ~4223 ms to ~1500-2000 ms
- **Overall**: Expected total time: ~3000-3500 ms (from 5028.55 ms baseline), target improvement of **~30-40%**

### Why This Approach (vs Iteration 4):

- Iteration 4 REGRESSED 2.2x (likely from poor parallelism changes that hurt memory locality)
- Iteration 5 focuses on **operator efficiency** (better data structure), not execution order
- CompactHashTable is proven technique from knowledge base `patterns/parallel-hash-join.md`
- Maintains correctness: aggregation semantics unchanged, just faster implementation

### Correctness Verification:

- ✅ All [TIMING] lines preserved inside #ifdef GENDB_PROFILE
- ✅ Encoding logic unchanged (still properly decoding dates and decimals)
- ✅ CSV output format unchanged (comma-delimited)
- ✅ Compilation successful (no errors, only pre-existing warnings)
- ✅ Group-by semantics preserved

The code is ready for execution and validation by the Executor.