Perfect! The code looks good. Let me create a summary of the optimization applied:

## Summary of Optimization (Iteration 4)

**Optimization Applied:** Replaced `std::unordered_map` with compact open-addressing hash table for aggregation

**Why This Works:**
- `std::unordered_map` uses chaining (linked lists), which causes poor cache locality and ~80 bytes overhead per entry
- Compact open-addressing stores all entries in a single contiguous array, enabling:
  - **Better cache locality**: Sequential probing keeps data in L1/L2/L3 cache
  - **Less memory overhead**: No per-entry pointers or allocations
  - **Faster lookups**: Fewer cache misses during probe sequences
  - **2-5x speedup expected** on hash table operations

**Changes Made:**
1. **Added `CompactHashTable<K,V>` template** (lines 70-127):
   - Uses open addressing with linear probing
   - Fibonacci hashing for good key distribution
   - Power-of-2 sizing with bitwise AND for fast modulo
   - `insert_or_update()` method for in-place aggregation
   - `to_pairs()` for iteration compatibility

2. **Replaced aggregation loop** (lines 247-289):
   - Changed from `std::unordered_map` to thread-local `CompactHashTable`
   - Pre-sized based on expected cardinality (2M groups / num_threads)
   - Merge phase combines thread-local tables with proper value accumulation
   - All [TIMING] lines preserved inside #ifdef guards
   - All encoding logic unchanged

3. **Updated HAVING clause** (lines 296-302):
   - Changed to use `to_pairs()` method from compact hash table
   - Maintains correctness of filtering by threshold

**Expected Impact:**
- Aggregation phase (58.82 ms baseline) → estimated **15-25 ms** (2.5-4x speedup)
- Total execution time from 91 ms → estimated **50-65 ms**
- Validates and maintains output correctness (8685 rows)

**Compilation:** ✅ Success (47KB binary, O3 optimization enabled)

The Executor will now run validation and confirm the optimization maintains correctness while improving performance.