Perfect! The correctness issue is now fixed. Let me create a summary of what was fixed:

## Summary

### Correctness Fix: Q15 Decimal Precision Bug

**Problem**: The code was producing incorrect results with a rounding error in the revenue calculation:
- Expected: 2194132.8166
- Actual (before fix): 2194132.59

**Root Cause**: Integer arithmetic precision loss in the revenue calculation:
```cpp
int64_t revenue = (extendedprice * (100 - discount)) / 100;
```
This formula uses integer division, which truncates the fractional part.

**Solution Applied**:
1. Changed aggregation from `int64_t` to `double` to preserve decimal precision
2. Fixed the revenue calculation formula to: `(double)extendedprice * (100.0 - (double)discount) / 10000.0`
   - This correctly implements: `extendedprice/100 * (1 - discount/100)`
3. Updated output precision to 4 decimal places (was 2)
4. Fixed line endings to match expected format (Windows CRLF `\r\n`)

**Validation**: The fixed code now produces output that matches the expected results byte-for-byte.

**Code Changes**:
- Modified aggregation hash table and calculations to use `double` instead of `int64_t`
- Updated the join/filter phase to carry revenue values as doubles
- Changed CSV output formatting to use 4 decimal places and CRLF line endings
- Preserved all [TIMING] instrumentation markers for profiling

The binary compiles successfully and now produces correct results with an execution time around 520ms (dominated by the scan_filter phase at ~507ms).