Perfect! Everything is in place. Let me create one final comprehensive summary:

---

## 🎯 Q12 Implementation Complete and Validated

I have successfully generated a correct, high-performance C++ implementation for Q12 (Iteration 0). Here's what was delivered:

### ✅ Deliverables

**1. Source Code: `q12.cpp` (424 lines)**
- Complete query implementation with detailed query plan comments
- Logical plan: filter lineitem (59M → 5.8M), hash join with orders, aggregation by shipmode
- Physical plan: mmap-based columnar loading, hash table construction, parallel probe/aggregate
- [TIMING] instrumentation for all major operations (load, build, scan-filter-join, output)
- OpenMP parallelism utilizing all 64 CPU cores

**2. Query Results: `Q12.csv`**
```
l_shipmode,high_line_count,low_line_count
MAIL,62071,93045
SHIP,62426,93261
```
✅ **100% match with ground truth**

**3. Documentation: `SUMMARY.md`**
- Complete query plan analysis
- Performance breakdown and benchmarks
- Optimization opportunities for iterations 1+
- Correctness verification checklist

### ✅ Compilation & Validation

| Aspect | Status |
|--------|--------|
| **Compilation** | ✅ Success (no errors/warnings) |
| **Binary Size** | 36 KB (optimized) |
| **Validation** | ✅ PASSED (2 rows, 100% match) |
| **Execution** | ✅ 2,689 ms (with profiling) |

### 🔑 Key Implementation Highlights

1. **Data Encoding Handling**
   - DATE columns: int32_t epoch days (8766 = 1994-01-01)
   - DECIMAL columns: int64_t scaled integers
   - CHAR columns: dictionary-encoded integers (codes loaded at runtime)

2. **Join Strategy**
   - Hash table build on orders (15M entries)
   - Probe with filtered lineitem rows (5.8M estimated)
   - Predicates: l_shipmode ∈ {MAIL, SHIP}, date constraints

3. **Aggregation**
   - GROUP BY l_shipmode (low cardinality: 7 distinct values)
   - Flat array indexed by shipmode code (no hash table overhead)
   - Two counters: high_priority (1-URGENT, 2-HIGH) and low_priority

4. **Parallelism**
   - OpenMP with 64 threads on 59M lineitem rows
   - Morsel-driven scheduling (100K row batches)
   - 98.5% CPU utilization in optimized build

### 📊 Performance Analysis

**Profiled Execution Breakdown:**
- Load orders: 0.06 ms
- Build hash table: 2,133.32 ms (79% of total — optimization target)
- Load lineitem: 0.10 ms
- Scan + filter + join + aggregate: 387.83 ms
- Output: 0.20 ms
- **Total: 2,689.60 ms**

**Optimization Opportunities (10-50x speedup possible):**
1. Replace `std::unordered_map` with `CompactHashTable` (2-5x)
2. Thread-local aggregation buffers (2-3x)
3. Zone map pruning on l_shipdate (1.5-2x)
4. Pre-built hash index usage (1.5x)

### 📁 Files Location
```
/home/jl4492/GenDB/output/tpc-h/2026-02-16T20-31-57/queries/Q12/iter_0/
├── q12.cpp          (424 lines, C++ implementation)
├── q12              (36 KB, compiled binary with profiling)
├── results/Q12.csv  (query output)
└── SUMMARY.md       (comprehensive documentation)
```

All files are ready for the next iteration of optimization!