Excellent! The optimized Q6 binary has been successfully compiled. Let me create a summary of the optimizations applied:

## Optimization Summary - Q6 Iteration 1

Successfully implemented **three major optimizations** to address the identified bottlenecks:

### 1. **Zone Map Block Pruning** (Highest Impact - 84.7% I/O Reduction)
- Loaded and utilized the `lineitem_shipdate_zonemap.idx` zone map to identify qualifying blocks
- **Skip 508 of 600 blocks** (84.7% of the table) by checking if block min/max ranges overlap with the date predicate [8766, 9131)
- Only scan **92 qualifying blocks** (9.2M rows instead of 60M rows - 15.3% of data)
- Changed from full table scan to targeted block processing using block-level parallelization
- **Expected impact**: 50-70% reduction in scan_filter time (from 18.9ms to ~6-9ms)

### 2. **AVX2 SIMD Vectorized Filtering** (CPU Acceleration)
- Implemented AVX2 vectorized filtering for the date predicate evaluation
- Process **8 rows per SIMD iteration** instead of 1 row at a time
- Used `_mm256_cmpgt_epi32` for date comparisons with proper construction of >= and < predicates
- Scalar fallback for discount/quantity checks (int64_t requires different SIMD approach)
- Scalar tail handling for remaining rows after SIMD batches
- **Expected impact**: 20-30% reduction in CPU filter overhead (~4-6ms saved)

### 3. **HDD-Aware Memory Access Hints** (I/O Efficiency)
- Changed from `MADV_SEQUENTIAL` to `MADV_RANDOM` for column data mmapping
- Prevents aggressive sequential read-ahead when zone maps enable block skipping
- Appropriate for HDD with sparse block access pattern (92 non-contiguous blocks)
- Avoids reading irrelevant data between qualifying blocks
- **Expected impact**: 10-15% additional I/O reduction (~2-3ms)

### Additional Optimizations:
- **Predicate reordering** in scalar path: Most selective predicate (discount, 0.09 selectivity) evaluated first for better branch prediction
- **Block-level work distribution**: Atomic counter for dynamic block assignment across 64 threads
- **Preserved correctness**: Maintained Kahan summation for numerical accuracy, preserved all encoding logic

### Combined Expected Performance:
- **Target**: Reduce scan_filter from 18.9ms to ~4-6ms (70-80% improvement)
- **Overall query time**: From 35.2ms to ~20-25ms range
- **Goal**: Match or beat DuckDB's 20ms benchmark

The code successfully compiles and is ready for execution and validation by the Learner agent.