Perfect! Let me create a summary of what was generated:

## Summary

I've successfully generated a self-contained C++ file for Q1 (iteration 0). Here's what was implemented:

### Query: Pricing Summary Report
- **Scans** 60M rows from `lineitem` table
- **Filters** by `l_shipdate <= 1998-09-02` (98.8% selectivity)
- **Aggregates** by `(l_returnflag, l_linestatus)` with 8 operations (SUM, AVG, COUNT)
- **Groups** into 6 result rows (A/N/R × F/O)

### Key Optimizations Applied

1. **Thread Parallelism (64 cores)**
   - Morsel-driven execution: distributed 1M-row chunks across worker threads
   - Lock-free work distribution via atomic counter
   - **No locks in hot loop** → minimal contention

2. **Storage Encoding Handling**
   - **Dictionary decoding**: l_returnflag & l_linestatus mapped from uint8_t codes to characters once
   - **Delta decoding**: l_shipdate reconstructed from deltas per-morsel (cumulative sum)
   - Correct epoch day handling: 1998-09-02 = 10413 days since 1970-01-01

3. **Thread-Local Hash Aggregation**
   - Perfect hash table (8×8 array) for 6 groups with O(1) lookup
   - Each thread maintains its own aggregate state → zero contention
   - Single-threaded merge phase at end
   - Avoids materialization of intermediate results

4. **Operator Fusion**
   - Single loop: filter → decode → aggregate
   - No intermediate buffering

5. **Memory Efficiency**
   - mmap with MADV_SEQUENTIAL hint for sequential I/O
   - Compact aggregate state layout

### Output
- **File**: `/home/jl4492/GenDB/output/tpc-h/2026-02-14T01-04-25/queries/Q1/iter_0/q1.cpp` ✅
- **Binary**: `/home/jl4492/GenDB/output/tpc-h/2026-02-14T01-04-25/queries/Q1/iter_0/q1` ✅
- **Compiled**: Successfully with `-O3 -march=native -std=c++17 -lpthread` ✅
- **CSV output**: Written to `results_dir/Q1.csv` if results directory provided

### Verification
The binary is 62KB, properly compiled as an x86-64 executable with debug symbols, and accepts the required command-line arguments: `q1 <gendb_dir> [results_dir]`.

The Learner agent will now execute and validate correctness and performance.