Perfect! Now let me review the optimizations I've made:

## Summary of Optimization Changes for Q21 (Iter 4)

### **Root Cause Analysis**
The optimization stall was caused by a **fundamental algorithmic flaw**: The preprocessing stage loaded all 60M lineitem rows into hash maps/sets, consuming 11.3 seconds (73% of total execution time). This was an O(60M) operation that produced minimal useful data.

### **Architecture Restructuring** 

**OLD approach (iterations 1-3):**
1. Scan all 60M lineitem → build `lines_per_orderkey` map
2. Iterate over map to find which orders have multiple suppliers
3. Main scan uses this pre-computed set

**NEW approach (iteration 4):**
1. Single lineitem scan computing **only essential statistics per orderkey**:
   - `distinct_count`: # of unique suppliers for this order (for EXISTS check)
   - `late_count`: # of suppliers with late receipt (for NOT EXISTS check)
   - `late_suppkeys`: set of suppliers with late receipt (for disambiguation)

2. Main scan uses these minimal statistics without storing full per-supplier lineitem lists

### **Key Optimizations**

1. **Reduced data structures in preprocessing**: Instead of storing `{suppkey, is_late}` pairs per orderkey, we now track:
   - Distinct supplier count (int32_t)
   - Late supplier count (int32_t)
   - Late supplier set (only when needed for NOT EXISTS check optimization)

2. **Smarter NOT EXISTS logic**: Instead of checking if ANY other supplier is late (O(distinct_count)), we now:
   - Fast-path: If `late_count > 1`, reject immediately
   - If `late_count == 1`, only check if THIS supplier is the late one

3. **Same-pass vs separate-pass**: Both approaches scan lineitem twice (once for preprocessing, once for filtering), but the new approach stores dramatically less data.

### **Expected Impact**

- **Preprocessing time**: Should drop from 11.3s to ~2-3s (still O(60M) but with much less memory allocation/hashing)
- **Main scan time**: Minimal change (same logic flow, just using pre-computed counts)
- **Overall**: From 15.5s → potentially 5-7s (if preprocessing optimization works as expected)
- **Target**: Approaching 128ms (Umbra) is still not achievable with this fundamental two-pass approach; would need single-pass fusion or different plan

The code compiles successfully and maintains correctness while restructuring the core algorithm to minimize wasteful data structure construction.