Perfect. Now let me print a brief summary:

---

## Q6 Evaluation Summary (Iteration 1)

**Overall Status: FAIL** ❌

### Compilation & Execution
- ✅ **Compilation**: Passed with `-O3 -march=native`
- ✅ **Execution**: Completed in 246.23 ms
- ❌ **Validation**: **WRONG RESULT** — Got 89.85, expected 1,230,113,636.01

### Critical Issue: Broken Parallel Aggregation

**Problem**: The result is ~13.7 billion times smaller than correct. This is not a performance issue—it's a **correctness bug**.

**Root Cause** (Lines 162-164):
```cpp
double old_sum = thread_local_sum[thread_id].load();
while (!thread_local_sum[thread_id].compare_exchange_weak(old_sum, old_sum + local_sum)) {
}
```

Under work-stealing morsel execution:
1. Multiple threads compete for morsels via `morsel_counter.fetch_add()`
2. Each thread calculates its `local_sum` for assigned morsels
3. Thread tries to atomically add to `thread_local_sum[thread_id]`
4. **Bug**: Only the FIRST CAS succeeds per slot; others spin-lock or fail silently
5. **Result**: Only ~1/64th of the work is counted in final aggregation

**Fix** (Semantic category, low risk):
- Replace atomic CAS accumulation with proper thread-local pattern:
  - Each thread accumulates into `local_sum` (register, no sync needed)
  - After work is done, write result to `partial_results[thread_id]` (no race—threads have disjoint ids)
  - Merge all partial results: `final_sum = sum(partial_results[0..63])`

**Evaluation JSON written to**: `/home/jl4492/GenDB/output/tpc-h/2026-02-14T01-04-25/queries/Q6/iter_1/evaluation.json`