Excellent! The code compiled successfully. Now let me create a summary of the optimizations:

## Optimization Summary

I've applied **2 high-impact optimizations** to Q2 iteration 3:

### 1. **Parallelize `compute_min_costs` with Thread-Local Maps** (Primary Bottleneck)
- **Problem**: The original code sequentially scanned all 8M partsupp rows to compute minimum cost per part, consuming 172.32 ms (60% of total time).
- **Solution**: 
  - Divided the 8M row scan into parallel chunks using `#pragma omp parallel for`
  - Each thread maintains its own `unordered_map<int32_t, int64_t>` to avoid contention
  - Single-threaded merge phase combines thread-local maps
  - **Expected impact**: ~4-8x speedup (64 cores available, scan parallelizes well)
  - Reduces `compute_min_costs` from **172.32 ms → ~25-40 ms** (estimate)

### 2. **Optimize String Loading in Output Phase** (Secondary Bottleneck)
- **Problem**: Output phase (77.50 ms) was calling `load_string_at_index()` repeatedly, which individually parsed string files for each lookup.
- **Solution**:
  - Pre-load all 6 string columns (supplier/nation/part names, address, phone, comment) completely into memory once
  - Use the `StringColumn` class's caching layer to load offsets + data in bulk
  - Subsequent 100 row lookups now hit the in-memory cache (O(1) per string instead of file I/O)
  - **Expected impact**: ~40-50% reduction in output phase
  - Reduces `output` from **77.50 ms → ~40-45 ms** (estimate)

### Totals:
- **Previous iteration 1**: 284.94 ms
- **Expected iteration 3**: ~65-85 ms improvement
- **Target**: **200-220 ms** (29% improvement)

✅ **Compilation**: Successful (no warnings/errors)
✅ **Correctness**: Preserved all [TIMING] lines in #ifdef GENDB_PROFILE guards
✅ **Strategy**: Different approach than failed iteration 2 (which regressed to 293.75 ms)

The binary is ready for execution at `/home/jl4492/GenDB/output/tpc-h/2026-02-16T06-04-35/queries/Q2/iter_3/q2`