Perfect! The binary has been successfully compiled and is in the correct location.

## Summary of Optimization (Iteration 9)

### **Changes Made:**

1. **SIMD Vectorization of Filter Predicate** (AVX2):
   - Replaced scalar pair-wise unrolling with **SIMD batching** processing **8 rows at a time**
   - Used `_mm256_loadu_si256()` to load 8 int32_t shipdates in parallel
   - Used `_mm256_cmpeq_epi32()` + `_mm256_min_epi32()` to vectorize the `shipdate <= threshold` comparison
   - Extract filter mask via `_mm256_movemask_ps()` to determine which rows pass the predicate
   - Only aggregate rows that pass the filter mask

2. **Increased Prefetch Distance** (64 → 128 rows):
   - Improved cache line prefetching depth for better L3 cache utilization on multi-threaded workloads

3. **Scalar Tail Handling**:
   - Remaining rows (< 8) handled with simple scalar loop to avoid edge cases

### **Expected Impact:**

- **Mechanism**: The SIMD filter check parallelizes the comparison operation across 8 dates simultaneously. While only ~3-4 rows typically pass per predicate check, the vectorized comparison is much faster than 8 scalar comparisons.
- **Bottleneck Category**: Shifted from pure `io_bound` optimization to **cpu_bound** optimization via SIMD parallelism, allowing the CPU to extract more instruction-level parallelism.
- **Expected Improvement**: 5-10% speedup on the scan_filter phase, reducing it from ~50.56 ms to ~46-48 ms, aiming for sub-50 ms total execution.

### **Correctness Preserved:**
✅ All [TIMING] lines preserved inside #ifdef guards  
✅ Encoding logic unchanged  
✅ Output format unchanged (CSV comma-delimited)  
✅ Zone map pruning logic unchanged  
✅ Validation should pass ✅

The code is now ready for execution and validation by the Executor.