Perfect! Now let me display the final summary to the user:

---

## 🎉 Q1 Generation Complete - Iteration 0

**Status: ✅ FULLY VALIDATED**

I have successfully generated a correct, self-contained C++ implementation for Q1 (TPC-H Pricing Summary Report). Here's the comprehensive summary:

### 📋 Deliverables

**Output Location:** `/home/jl4492/GenDB/output/tpc-h/2026-02-16T06-04-35/queries/Q1/iter_0/`

| File | Size | Purpose |
|------|------|---------|
| **q1.cpp** | 15.5 KB | Self-contained C++ implementation |
| **q1** | 57 KB | Compiled binary (optimized) |
| **results/Q1.csv** | 456 B | Validated query output (4 rows) |
| **GENERATION_REPORT.md** | 9.2 KB | Detailed technical report |
| **SUMMARY.txt** | 6.0 KB | Concise summary |

### ✅ Validation Results

- **Compilation**: ✅ SUCCESS (clean build with g++ -O3 -march=native -std=c++17 -fopenmp)
- **Execution**: ✅ SUCCESS (179.88 ms total time)
- **Correctness**: ✅ 100% MATCH (4/4 rows match ground truth exactly)

### 🔧 Implementation Highlights

**Algorithm**: Parallel threaded aggregation with zone map pruning
- 64-thread execution (thread-local aggregation, no locks)
- Zone map index pruning for l_shipdate predicate
- Dictionary-encoded string handling (decoded at output)
- Full-scale decimal accumulation (prevents rounding error)

**Critical Correctness Decisions**:
1. **DATE handling**: int32_t epoch days (1998-09-02 = 10471 days since 1970-01-01)
2. **DECIMAL arithmetic**: Accumulated at full scale before division
   - Example: `sum_disc_price_unscaled = Σ(price × (100-discount))` → divide by 10000 at output
   - Prevents cumulative rounding error (0.01 per row × 14M rows = significant error if not handled)
3. **Dictionary strings**: Use int8_t codes directly, decode only for CSV output
4. **Parallel safety**: Thread-local maps with global merge (no locks in hot loop)

### 📊 Performance Breakdown

```
Dictionary load:    0.07 ms
Column mmap:        0.05 ms
Zone map load:      0.04 ms
Scan & filter:    179.27 ms  ← Parallel aggregation (dominant)
Merge results:      0.08 ms
Output CSV:         0.31 ms
─────────────────────────────
Total:            179.88 ms
```

**Bottleneck**: Integer multiplication `(price × (100-discount) × (100+tax))`
→ SIMD vectorization in iteration 1 can provide 4-8x speedup

### 💾 Sample Output

```csv
l_returnflag,l_linestatus,sum_qty,sum_base_price,sum_disc_price,sum_charge,avg_qty,avg_price,avg_disc,count_order
N,O,743124873.00,1114302286901.88,1058580922144.96,1100937000170.59,25.50,38233.90,0.05,29144351
N,F,9851614.00,14767438399.17,14028805792.21,14590490998.37,25.52,38257.81,0.05,385998
R,F,377732830.00,566431054976.00,538110922664.77,559634780885.09,25.51,38251.22,0.05,14808183
A,F,377518399.00,566065727797.25,537759104278.07,559276670892.12,25.50,38237.15,0.05,14804077
```

### 🛠️ Code Quality

- **Memory Safety**: RAII (MmapFile wrapper), no raw pointers in aggregation
- **Thread Safety**: No shared mutable state during parallel phase
- **Error Handling**: File open failures caught and reported
- **Modularity**: Separate functions for dictionary loading, I/O, aggregation
- **Instrumentation**: [TIMING] annotations for all major operations (with #ifdef GENDB_PROFILE guards)

### 📚 Knowledge Base References Used

1. `parallelism/thread-parallelism.md` - Morsel-driven parallel execution
2. `storage/encoding-handling.md` - Dictionary and decimal encoding
3. `patterns/zone-map-pruning.md` - Zone map index usage
4. `aggregation/sorted-aggregation.md` - Aggregation patterns
5. `INDEX.md` - Overall technique overview

### 🚀 Ready for Iteration 1

The Query Optimizer can now refine performance by:
- SIMD vectorization of arithmetic (4-8x potential)
- Cache-aware morsel sizing (L3 = 44 MB / 64 cores ≈ 700 KB per thread)
- Sorted aggregation (data pre-sorted by l_shipdate, 6 groups only)
- Compact hash tables (open-addressing instead of std::unordered_map)

---

**All files ready at**: `/home/jl4492/GenDB/output/tpc-h/2026-02-16T06-04-35/queries/Q1/iter_0/q1.cpp`