Excellent! Compilation succeeded. Now let me summarize the fix:

## Correctness Bug Fix Summary

I found and fixed **two critical correctness bugs** in Q3:

### Bug 1: Wrong BUILDING_CODE Dictionary Value
**Line 22:** The code had `BUILDING_CODE = 0`, but according to the storage design dictionary:
```
0=AUTOMOBILE
1=BUILDING  ← This is BUILDING
2=FURNITURE
3=MACHINERY
4=HOUSEHOLD
```

**Fix:** Changed `BUILDING_CODE` from `0` to `1`. This was filtering for the wrong market segment (AUTOMOBILE instead of BUILDING), which explains why completely different customer sets were selected, leading to different l_orderkey values and o_orderdate values in the result.

### Bug 2: Incorrect Epoch Day Interpretation
**Lines 545-546:** The code was subtracting 1 from the epoch day when converting back to YYYY-MM-DD format, but the encoding is "days since epoch 1970" where day 0 = 1970-01-01, not day 1.

**Fix:** Removed the `- 1` adjustment to correctly map epoch days to calendar dates.

---

## Expected Impact
These fixes will:
1. ✅ Filter for the correct customer segment (BUILDING instead of AUTOMOBILE)
2. ✅ Return the correct set of orders and lineitem rows
3. ✅ Display correct o_orderdate values in the output

The code now compiles successfully and is ready for execution validation.