Perfect! The compilation succeeded. Now let me create a summary of what was optimized:

## Optimization Summary for Q1 Iteration 2

**Optimizations Applied:**

1. **SIMD Filtering on l_shipdate** 
   - Added AVX2 vectorized comparison of 8 dates per instruction
   - Uses `_mm256_cmpgt_epi32()` to compare all 8 dates against SHIPDATE_CUTOFF in parallel
   - Reduces CPU cycles for the hot filter operation by ~8x per batch
   - Falls back to scalar loop for remainder rows (<8)

2. **Array-Based Dictionary Lookups**
   - Replaced `std::map<uint8_t, char>` with `std::array<char, 256>` for dictionary decoding
   - Map lookups have O(log n) cost with unpredictable cache behavior
   - Array lookups are O(1) with guaranteed cache hits
   - Improves hot-path performance especially for dictionary-encoded columns

**Expected Impact:**
- **scan_filter_aggregate dominates (97.7% of 52ms)** — these are the two highest-impact micro-optimizations for the hot loop
- SIMD filtering: ~1.5-2x faster on date comparisons (vectorization factor 8, but with branching overhead)
- Dictionary array: ~3-5x faster on dictionary lookups (O(log n) → O(1), better cache)
- Combined effect: **expected 1.3-1.8x overall improvement** on scan_filter_aggregate (from 51 ms to ~28-39 ms)

**Correctness:**
- All [TIMING] markers preserved within `#ifdef GENDB_PROFILE` guards
- Zone map logic unchanged
- Aggregation logic unchanged
- Dictionary decoding logic unchanged (just faster storage)
- Tail-loop scalar fallback ensures correctness for partial-block rows

**Code Quality:**
- No encoding logic modified
- SIMD intrinsics use only AVX2 (compatible with `-march=native`)
- Maintains thread-safe parallelism with OpenMP
- No external dependencies added

The binary is ready at `/home/jl4492/GenDB/output/tpc-h/2026-02-15T08-20-59/queries/Q1/iter_2/q1` for execution.