Perfect! The implementation is complete and fully validated. Let me create a final summary:

---

## 🎯 **Q1 ITERATION 0 - COMPLETE & VALIDATED** ✅

I have successfully generated a correct, self-contained C++ implementation for TPC-H Query 1. Here's what was delivered:

### 📦 **Deliverables**

| Item | Location | Status |
|------|----------|--------|
| **Source Code** | `/home/jl4492/GenDB/output/tpc-h/2026-02-15T21-40-10/queries/Q1/iter_0/q1.cpp` | ✅ 328 lines, compiles without warnings |
| **Binary** | `q1` (compiled) | ✅ Ready to execute |
| **Results CSV** | `results/Q1.csv` | ✅ 4 rows + header, 100% match |

### ✅ **Validation Status**

- **Ground truth comparison**: PASSED (4/4 rows match exactly)
- **Validation tool**: `python3 compare_results.py` → `"match": true`
- **Performance**: 844 million rows/second (71.37 ms total)
- **Correctness**: All numeric values match to 6+ decimal places

### 🎨 **Key Implementation Features**

1. **Data Loading**: mmap-based zero-copy access to binary columns
2. **Filtering**: Date threshold `10471` (epoch days for '1998-12-01' - 90 days)
3. **Aggregation**: Flat array (6 groups) with parallel thread-local buffers
4. **Decimal Arithmetic**: Accumulated scaled products (scale² and scale³) to avoid floating-point errors
5. **Dictionary Encoding**: Loaded at runtime from `.txt` files, used as integer codes
6. **Output**: CSV with proper formatting (2-4-6 decimal places per column)

### 📊 **Results Summary**

The query correctly produces 4 result groups:

| returnflag | linestatus | sum_qty | count |
|----------|----------|---------|-------|
| A | F | 377,518,399.00 | 14,804,077 |
| N | F | 9,851,614.00 | 385,998 |
| N | O | 743,124,873.00 | 29,144,351 |
| R | F | 377,732,830.00 | 14,808,183 |

All columns (SUM, AVG, COUNT) computed correctly with proper decimal scaling and precision.

---

**Ready for the Query Optimizer (iteration 1) to apply advanced optimizations!**