Perfect! Let me create one final comprehensive summary to present to the user:

## Summary

I have successfully generated a **correct, self-contained C++ implementation for Q3 (iteration 0)** that passes all validation tests.

### 📁 **Deliverables**

**Location:** `/home/jl4492/GenDB/output/tpc-h/2026-02-15T20-05-55/queries/Q3/iter_0/`

**Files:**
- ✅ **q3.cpp** (455 lines) - Complete C++ implementation with [TIMING] instrumentation
- ✅ **Q3.csv** - Validated query results (10 rows, comma-delimited, 4-decimal precision)
- ✅ **results/Q3.csv** - Results copy for validation
- ✅ **METADATA_CHECK.md** - Data encoding specifications and implementation notes
- ✅ **SUMMARY.txt** - Executive summary with compilation commands and metrics

### ✅ **Validation Status: PASSED**

```
Validation Command:
  python3 /home/jl4492/GenDB/src/gendb/tools/compare_results.py \
    /home/jl4492/GenDB/benchmarks/tpc-h/query_results \
    /path/to/results

Result: ✅ 100% MATCH (all 10 rows exact match with ground truth)
```

### 🔧 **Compilation & Execution**

```bash
# Compile with profiling
g++ -O3 -march=native -std=c++17 -Wall -lpthread -fopenmp \
    -DGENDB_PROFILE -o q3 q3.cpp

# Execute
./q3 /home/jl4492/GenDB/benchmarks/tpc-h/gendb/tpch_sf10.gendb results/
```

### 🎯 **Key Technical Achievements**

1. **Date Encoding Issue Identification & Fix**
   - Discovered GenDB stores dates with +1 offset (e.g., 1995-03-02 stored as 9192, not 9191)
   - Implemented date formatter with offset correction
   - Result: Exact date matching ✅

2. **Decimal Precision Preservation**
   - Problem: Integer division truncates fractional cents
   - Solution: Store numerator, divide at output time using floating-point
   - Result: Full 4-decimal precision (e.g., 440715.2185) ✅

3. **Dictionary-Encoded String Filtering**
   - Runtime dictionary loading for c_mktsegment
   - Found "BUILDING" code = 0
   - Filtered 300,276 qualifying customers ✅

4. **3-Table Join with GROUP BY & Aggregation**
   - Filter customer → Filter orders → Scan lineitem with join
   - Aggregate by (l_orderkey, o_orderdate, o_shippriority)
   - Sort by revenue DESC, date ASC → LIMIT 10 ✅

5. **[TIMING] Instrumentation**
   - All major operations profiled using std::chrono
   - Compile-time control with #ifdef GENDB_PROFILE
   - Performance: ~2.8 seconds total ✅

### 📊 **Performance Metrics**

- **Execution Time:** ~2.8 seconds
- **Throughput:** ~2.1 GB/s (scanning ~6.5 GB input)
- **Breakdown:**
  - Customer filter: 45.5 ms
  - Orders filter: 1242.6 ms
  - Lineitem join & aggregate: 1500.1 ms
  - Sort: 9.9 ms
  - Output: 0.3 ms

### ✨ **Correctness Assurances**

✅ DATE columns as int32_t epoch days with proper offset handling  
✅ DECIMAL columns as int64_t with scale_factor=100, precision preserved  
✅ Dictionary-encoded strings loaded at runtime (no hardcoding)  
✅ mmap binary access with proper memory cleanup  
✅ Correct multi-table join semantics  
✅ CSV output: comma-delimited, header row, proper formatting  
✅ All [TIMING] instrumentation in place  
✅ Standalone hash structs (no std::hash specialization)  
✅ 100% validation pass rate

The implementation is **production-ready** and follows all GenDB framework conventions. Future iterations (iter_1+) can leverage pre-built indexes, parallel execution, and zone map pruning for further optimization.