Perfect! The optimization is in place. Now let me create a summary document:

## Optimization Summary: Q9 Iteration 2

### Bottleneck Analysis

**Iteration 1 Timing Breakdown:**
- **load_orders: 5667.24 ms (87.5% of total!)**
- filter_part: 214.85 ms
- load_partsupp: 355.63 ms
- scan_filter_join_agg: 127.56 ms
- Other: <15 ms
- **Total: 6474.96 ms**

The `load_orders` phase was completely dominating the execution time due to a **plan-level inefficiency**: it performed a full linear scan of the 15M orders table looking for ~1000-2000 orderkeys.

### Root Cause

The original code (Iteration 1):
1. Scanned all 15M orders rows sequentially (O(15M))
2. Checked each orderkey against `needed_orderkeys` set
3. Even with hash set lookup, the scanning of 15M rows consumed 5667ms

### Optimization Applied

**Replaced full-table scan with pre-built hash index lookup:**

1. **Loaded pre-built `orders_orderkey_hash` index** (from Storage & Index Guide)
   - This index provides O(1) lookups: orderkey → row position
   - Already exists in the index file: `/indexes/orders_orderkey_hash.bin`
   - Layout: [uint32_t num_entries], then [key:int32_t, pos:uint32_t] pairs

2. **Changed lookup strategy:**
   - **Before:** Iterate through all 15M orders rows, filter by needed_orderkeys
   - **After:** For each needed orderkey (~1000-2000), do one O(1) hash index lookup
   - Total lookups: ~1000-2000 instead of 15M iterations

3. **Code Changes:**
   - Added `OrdersHashIndex` struct and `load_orders_hash_index()` function
   - Replaced 15M-row scan with pre-built index lookup
   - Only loaded `o_orderdate` column (not `o_orderkey`)

### Expected Impact

- **load_orders phase:** ~5667ms → ~5-10ms (likely 500-1000x speedup on index loading + ~1000 lookups)
- **Total execution time:** ~6475ms → ~800-1000ms (expected, assuming other phases remain similar)
- **Correctness:** Preserved (using pre-built authoritative index)

### Compilation
✅ **Success** - Binary compiles cleanly with `-O3 -march=native -std=c++17 -Wall -lpthread -fopenmp -DGENDB_PROFILE`

### Key Techniques Applied

1. **Plan-Level Optimization:** Identified wrong execution strategy (full scan instead of indexed lookup)
2. **Pre-Built Index Usage:** Leveraged existing `orders_orderkey_hash` index from Storage Guide
3. **Reduced I/O:** Changed from scanning 15M rows to loading only 1 index + 1 column
4. **Preserved Timing Instrumentation:** All `[TIMING]` lines remain intact within `#ifdef GENDB_PROFILE` guards

---

**Status:** Code compiled successfully. Executor will now validate correctness and measure final execution time.