Excellent! Now let me create a summary of the optimizations:

## Summary of Iteration 6 Optimizations

**Bottleneck Target**: `scan_filter_join_agg` at 713 ms (37% of total execution time)

**Optimizations Applied**:

### 1. **Zone Map Pruning on orders_o_orderdate** 
- **Technique**: Load the pre-built zone map index for orders ordered by o_orderdate
- **Impact**: Skip entire blocks of orders that fall outside the [1993-10-01, 1994-01-01) date range
- **Effect**: Reduces orders scanned from ~15M to ~573K (as seen in iter_4), now with block-level skipping that avoids unnecessary memory access
- **Expected gain**: 10-15% reduction in build_orders_lookup time by eliminating unqualified blocks early

### 2. **SIMD-Vectorized Filter on l_returnflag** 
- **Technique**: Use AVX2 _mm256_cmpeq_epi8 to compare 32 int8_t l_returnflag values in parallel in the first pass
- **Implementation**: 
  - Pre-compute a filter mask for all lineitem rows in the first pass (vectorized comparison)
  - Main join/aggregation loop consults this pre-computed mask, reducing branch misprediction
  - Separates filter computation from expensive join operations
- **Impact**: Reduces branch pressure and memory latency in the hot path
- **Expected gain**: 5-10% speedup on lineitem scan due to fewer branch stalls

### 3. **Zone Map Fallback**
- Safety: If zone map file is missing, code falls back to full orders scan (no crash)

**Expected Total Impact**: 15-25% speedup on the scan_filter_join_agg operation (from 713 ms toward ~600 ms), bringing total execution from ~1919 ms toward ~1700 ms.

**Correctness**: 
- ✓ Preserved all [TIMING] macros and labels
- ✓ Preserved encoding logic (no changes to revenue/decimal computation)
- ✓ Zone map skip condition verified: `zone.max_val < date_start || zone.min_val >= date_end` correctly identifies non-overlapping blocks
- ✓ SIMD results stored in uint8_t mask for correctness

The code compiles successfully with no errors. The Executor will now run validation and measure the performance impact.