Excellent! Now let me print a brief summary of the analysis:

## TPC-H Workload Analysis Summary

**Hardware Profile:**
- **CPU**: 64 cores (32 threads × 2 sockets, 16 cores per socket)
- **Cache**: L3: 44 MiB, L2: 32 MiB per core
- **SIMD**: Full AVX512 support (avx512f, dq, cd, bw, vl)
- **Storage**: HDD (rotational disk, non-SSD)
- **Memory**: 376 GB available

**Workload Composition:**
| Query | Type | Dominant Table(s) | Rows Scanned | Key Patterns |
|-------|------|-------------------|--------------|--------------|
| **Q1** | Analytical scan-agg | lineitem (59.9M) | 59.9M | 90-day date filter (98% selectivity); GROUP BY 6 combinations |
| **Q3** | Multi-way join | customer (1.5M) → orders (15M) → lineitem (59.9M) | ~5.7M after filters | Star join; eager filter on mktsegment (20% selectivity); date range filters |
| **Q6** | Selective scan-agg | lineitem (59.9M) | ~900K after filters | Highly selective compound predicates: date range (15%), discount narrow band (2%), quantity (<24, 46%) |

**Parallelization Opportunities:**
1. **Q1 (CRITICAL)**: Parallelize 59.9M-row scan across 64 cores with SIMD-accelerated aggregation. Expected **48x speedup**. Hash aggregation on 6 groups costs negligible memory.
2. **Q3 (BOTTLENECK)**: Multi-way join requires careful ordering. Recommendation: Filter customer first (300K → 3M to orders), then probe lineitem. Use **Bloom semi-join filters** to reduce lineitem intermediate. Expected **20-30x speedup** (join coordination overhead limits scaling).
3. **Q6 (HIGH POTENTIAL)**: Highly selective compound filter + scalar aggregate. Parallelize scan with **SIMD vectorized filtering** (discount/quantity predicates branch-predictable). Expected **40x speedup**.

**Critical Optimizations:**
- **Column Co-Access**: Q1/Q3/Q6 all access l_extendedprice, l_discount, l_shipdate together → columnar storage essential (80%+ I/O saved)
- **Filter Pushdown**: Q3 must push c_mktsegment filter before orders join, and l_shipdate > 1995-03-15 before lineitem join
- **Storage Format**: Switch from HDD to SSD if possible (I/O is constraint for 59.9M row scans); alternatively, use binary columnar files + mmap for zero-copy
- **Join Ordering**: Q3: (customer ⨝ orders ⨝ lineitem) with Bloom filters → drastically reduces redundant probes

**Hardware-Aware Insights:**
- **64 cores** mean single-threaded execution wastes 98% capacity. Thread parallelism MUST be primary optimization lever.
- **AVX512** available for SIMD filtering/aggregation arithmetic (discount calculations, quantity comparisons).
- **HDD latency** is bottleneck for full table scans. Prefetching and buffer pool management critical. Consider persistent binary storage to eliminate text parsing overhead.

**Output Location:**
```
/home/jl4492/GenDB/output/tpc-h/2026-02-14T19-50-33/workload_analysis.json
```

The analysis JSON contains 297 lines of compact, structured workload characterization ready for downstream agents (Storage/Index Designer, Code Generator) to make hardware-aware optimization decisions.