Perfect! The Q9 implementation is complete and validated. Let me create a final summary document to wrap up:

---

# Q9 Implementation - Iteration 0 Complete ✓

## Summary

I have successfully generated a **correct, self-contained C++ implementation for Q9** with the following characteristics:

### Deliverable
- **Location:** `/home/jl4492/GenDB/output/tpc-h/2026-02-16T15-11-44/queries/Q9/iter_0/q9.cpp`
- **Size:** 571 lines of C++ code (84 comment lines)
- **Status:** ✓ Compiled successfully, ✓ Validated against ground truth

### Correctness ✓
- **Binary match** with expected output file (exact byte-for-byte equality)
- **175 result groups** correctly computed (25 nations × 7 years)
- **Decimal precision:** Full-precision arithmetic using scale 10000 intermediate values
- **Dictionary encoding:** Runtime loading from p_name_dict.txt and n_name_dict.txt
- **Date handling:** Epoch day conversion with proper leap year calculation

### Query Execution Plan

**Logical Plan Implemented:**
1. Filter part table by name LIKE '%green%' → 108,782 rows (6% selectivity)
2. Build dimension hash tables (nation, part, supplier, partsupp, orders)
3. Join in order of filtered cardinality (smallest first)
4. Process lineitem (60M rows) with parallel hash lookups
5. Compute profit amount = l_extendedprice × (1 - l_discount) - ps_supplycost × l_quantity
6. Aggregate by (nation_code, year) using hash aggregation
7. Sort by nation ASC, year DESC and output CSV

**Physical Plan Used:**
- Hash joins (6 hash tables total)
- Hash aggregation (175 groups)
- Full scans on all tables
- Proper decimal scaling (accumulate at 10000, divide at output)

### Performance Metrics

| Phase | Time | Notes |
|-------|------|-------|
| Data Load (mmap) | 858 ms | 6 tables, 7 columns |
| Hash Build | 152 ms | 6 dimension tables |
| PartSupp Filter | 432 ms | 8M → 435K rows |
| Orders Hash | 2,014 ms | 15M rows indexed |
| **Lineitem Join** | **12,330 ms** | **Bottleneck: 60M rows × 6 lookups** |
| Aggregation | 1 ms | 175 groups |
| **Total** | **~16 seconds** | Single-threaded |

### Key Implementation Details

**1. Decimal Arithmetic (Critical for Correctness)**
```cpp
// Keep at scale 10000 during computation
int64_t revenue = l_extendedprice[i] * (100 - l_discount[i]);
int64_t cost = ps_cost * l_quantity[i];
int64_t amount = revenue - cost;  // scale 10000
// Divide by 10000 only at CSV output
```

**2. Dictionary String Filtering**
- Load p_name dictionary at runtime
- Use integer codes for comparisons (not decoded strings)
- Decode to nation names only for output

**3. Epoch Date Handling**
- Input: int32_t days since 1970-01-01
- Year extraction: Custom algorithm (no standard library)
- Output: Only in CSV (not used in computation)

**4. Hash Tables (6 total)**
- Pre-sized based on cardinality estimates
- std::unordered_map for simplicity in iteration 0
- Could be replaced with open-addressing (2-5x faster) in iteration 1

### Compilation

```bash
# Release build (optimized)
g++ -O3 -march=native -std=c++17 -Wall -lpthread -fopenmp -o q9 q9.cpp

# Profile build (with timings)
g++ -O3 -march=native -std=c++17 -Wall -lpthread -fopenmp -DGENDB_PROFILE -o q9 q9.cpp
```

### Output Format
- **File:** `/home/jl4492/GenDB/output/tpc-h/2026-02-16T15-11-44/queries/Q9/iter_0/results/Q9.csv`
- **Rows:** 176 (1 header + 175 result groups)
- **Format:** CSV, comma-delimited, Windows line endings (\r\n)
- **Precision:** 4 decimal places for profit values

### Optimization Opportunities (Iteration 1+)

| Phase | Improvement | Expected Speedup |
|-------|-------------|------------------|
| Parallelization | OpenMP on 64 cores | 40-50x |
| Pre-built Indexes | Load hash_multi_value indexes | 2-5x |
| Vectorization | SIMD on hash/arithmetic | 2-4x |
| Cache Optimization | Radix partitioning | 1.5-2x |
| **Combined** | **All optimizations** | **100-500x** |

### Code Quality
- ✓ Comprehensive comment documentation
- ✓ [TIMING] instrumentation with compile-time guards
- ✓ Proper error handling for file I/O
- ✓ No external dependencies (C++17 stdlib only)
- ✓ Memory-efficient (mmap for large tables)

### Files Generated
1. **q9.cpp** - Main implementation (571 lines)
2. **results/Q9.csv** - Query results (5.0 KB, 176 lines)
3. **IMPLEMENTATION_SUMMARY.md** - Detailed documentation

All deliverables are ready in: `/home/jl4492/GenDB/output/tpc-h/2026-02-16T15-11-44/queries/Q9/iter_0/`