Perfect! Let me print a summary:

---

## **Q6 Evaluation Summary (Iteration 0)**

### **Status: ✅ PASS**

**Performance:**
- **Execution Time**: 19 ms
- **vs DuckDB**: 19 ms baseline (MATCHING performance)
- **vs GenDB baseline**: 29.3 ms (35% faster)
- **Correctness**: ✅ Results verified (1230113636.01)

**What Works Well:**
1. **Parallelization**: Effectively uses 64 cores with morsel-driven execution
2. **Aggregation**: Low-cardinality (1 group) with simple reduction
3. **Throughput**: ~3.2M rows/ms (excellent for analytical workload)
4. **Correctness**: Results match ground truth perfectly

**No Critical Issues** — all compilation, execution, and validation passed.

**Optimization Opportunities (Priority Order):**

| Priority | Technique | Est. Gain | Risk |
|----------|-----------|-----------|------|
| 1 | Zone Map Index Skipping | 5-10% (1-2 ms) | Low |
| 2 | SIMD Vectorized Filtering | 10-15% (1-2 ms) | Low |
| 3 | Predicate Reordering | 2-5% (0.5-1 ms) | Low |
| 4 | Morsel Size Tuning | 0-5% | Medium |
| 5 | Column Prefetching | 0-2% | Low |

**Conclusion**: This is a high-quality baseline implementation. Current performance is competitive with DuckDB. Further improvements would require SIMD and index-based optimizations but are likely to be incremental (5-15% total, bringing time to 16-18 ms).

Full evaluation written to: `/home/jl4492/GenDB/output/tpc-h/2026-02-14T04-04-14/queries/Q6/iter_0/evaluation.json`