Good! The code compiles. Now let me create a summary of what was optimized:

## **Summary of Optimizations (Iteration 7)**

**Strategy**: Replace hash table aggregation with flat 3D array indexing to eliminate hash probe overhead in the hot loop.

### **Key Changes:**

1. **Replaced unordered_map aggregation with flat 3D array**
   - **Before**: `std::unordered_map<AggKey, AggValue, AggKeyHash>` with hash probe cost per row
   - **After**: Thread-local flat arrays `[brand][type][size]` with O(1) direct indexing
   - **Benefit**: Eliminates hash computation and probe in the hottest loop (8M iterations)
   - **Cardinality**: 25 brands × 150 types × 50 sizes = 187.5K max slots (acceptable memory)

2. **Thread-local aggregation with merge pattern**
   - Each of 64 threads maintains its own flat 3D array (no synchronization overhead)
   - Merge phase combines thread-local arrays sequentially
   - Benefits from L1/L2 cache locality during parallel phase

3. **Reduced merge cost**
   - No more per-thread unordered_map to unordered_map merging (avoiding hash table chaining)
   - Direct array concatenation of suppkey vectors
   - Single deduplication pass per group

### **Expected Performance Impact:**

- **Hot loop improvement**: Eliminates hash probe (~5-10 cycles) per iteration → ~2-3x improvement on that segment
- **Memory bandwidth**: Flat array access pattern vs. scattered hash table lookups
- **Cache efficiency**: Direct array indexing exploits spatial locality better than hash table chaining

**Potential risks:**
- Allocating 64 × 25 × 150 × 50 × sizeof(AggValue) memory — need to monitor
- If brand/type/size code ranges exceed bounds, groups get silently dropped (mitigation: bounds checking)

The code compiles successfully. The Executor will now run it for validation and performance measurement.