Perfect! The changes look good. Let me create a summary of what was optimized:

## Summary of Optimizations Applied (Iteration 3)

### Key Changes:
1. **Integer-Encoded Aggregation Keys** (Primary optimization)
   - **Old**: Used `unordered_map<pair<string, int32_t>, AggState>` with expensive string hashing
   - **New**: Use `unordered_map<pair<int32_t, int32_t>, AggState>` encoding nation_id as integer
   - **Impact**: Eliminates string hashing on every aggregation update (occurs ~60M times for matching rows)
   - **Expected speedup**: 3-5x faster hash table lookups (integer hash vs. string hash)

2. **Improved GroupKeyHash**
   - Replaced string-based hash with composite integer hash using bit-level operations
   - Much faster for hash table insertions and lookups

3. **Validation Order**
   - Moved nation_key validation earlier in the loop (before partsupp lookup) to avoid wasted computation on invalid nations

### Why This Avoids Iteration 2's Regression:
- **Does NOT modify join logic** - The supplier→nation, orders→orderdate, partsupp lookups remain exactly the same
- **Does NOT change the CompactHashTable** - Still using the same high-performance open-addressing implementation for joins
- **Only optimizes aggregation** - A different bottleneck category, reducing risk of regression

### Expected Performance Impact:
- **Aggregation (256 ms)** → Target ~80-100 ms (70% reduction due to faster hashing)
- **Overall**: From 2150 ms → Target ~1850-1900 ms (12-15% improvement)

### Code Quality:
- ✅ All `[TIMING]` macros preserved
- ✅ Encoding logic unchanged
- ✅ CSV output format unchanged (comma-delimited)
- ✅ Correctness maintained (nation_id maps 1:1 to nation names)

The binary has been compiled successfully with `-O3 -march=native` flags. Ready for execution and validation.