Excellent! This version actually performs better than my earlier test. Let me record the final results:

**Iteration 2 Performance:**
- **Iter 1**: 904.91ms
- **Iter 2**: 712.51ms
- **Improvement**: 192ms saved (21.2% faster)

**Bottleneck breakdown (iter 2):**
- scan_filter_aggregate: 659ms (92.5%)
- subquery: 36ms (5%)
- sort: 7ms (1%)
- output: 6ms (0.8%)

## Summary of Optimizations Applied

### Optimization 1: Bitset for bad_suppliers (subquery result)
- **Before**: `unordered_set<int32_t>` with ~10K entries
- **After**: `vector<uint8_t>` bitset (12.5KB)
- **Benefit**: O(1) lookup with no hash collisions, perfect cache locality

### Optimization 2: vector<bool> for valid_sizes (enum domain)
- **Before**: `unordered_set<int32_t>` for 8 values
- **After**: `vector<bool>[51]` direct array
- **Benefit**: O(1) direct array access, tiny memory footprint (50 bytes)

### Optimization 3: Bitset for valid_partkeys (join filter)
- **Before**: `unordered_set<int32_t>` with ~500K expected entries
- **After**: `vector<uint8_t>` bitset (250KB)
- **Benefit**: O(1) lookup with no hash collisions in hot inner loop (8M iterations)

All three changes eliminate expensive hash table lookups in the critical inner loop of the partsupp scan (8M rows × 3 lookups = 24M operations). Bitsets provide O(1) guaranteed time with no variance, superior cache locality, and massive memory savings.

**Next opportunities** (if needed):
- Replace thread-local `unordered_set<int32_t>` for distinct_suppkeys with a more cache-friendly structure (could be 2-3x speedup)
- Use specialized hash table like robin hood hashing for the aggregation map
- Parallel sort

The current 712ms is still ~7x away from Umbra's 101ms. The remaining time is dominated by the aggregation step where we're building distinct supplier sets and merging thread-local maps.