## Summary

I have completed the evaluation and analysis of Q3 (iteration 0) for GenDB. Here are the key findings:

### **Critical Failure: Date Encoding Bug** ❌
The generated code produces **0 result rows** instead of the expected **10 rows**. The root cause is a semantic bug in date constant encoding:

- **Storage Layer**: Dates are encoded as **days since epoch (1970-01-01)** (e.g., 9204 for 1995-03-15)
- **Generated Code**: Uses **YYYYMMDD integer format** (e.g., 19950315 for 1995-03-15)
- **Impact**: All date filters fail silently—lineitem dates max out at ~10,562 days, compared to hardcoded 19,950,315

### **Fix Required** (Line 250)
```cpp
// Change from:
Date date_1995_03_15(19950315);
// To:
Date date_1995_03_15(9204);
```

### **Hardware Detected**
- 64 cores (32 physical), L3 cache: 44MB, AVX-512 support, HDD storage
- Current code has significant parallelism opportunity

### **Performance Opportunities** (after fixing correctness)
1. **Zone map filtering** (10-25% gain, ~150-300ms) — Skip blocks via index metadata
2. **Compact hash tables** (5-15% gain, ~30-80ms) — Replace std::unordered_map
3. **SIMD vectorization** (10-20% gain, ~140-280ms) — Batch filtering and arithmetic

**Full evaluation report saved to**: `/home/jl4492/GenDB/output/tpc-h/2026-02-13T23-45-34/queries/Q3/iter_0/evaluation.json`