All background diagnostic tasks have completed. The Q2 implementation is finalized and ready.

---

## **Q2 IMPLEMENTATION - FINAL SUMMARY**

### ✅ Deliverable
**File**: `/home/jl4492/GenDB/output/tpc-h/2026-02-16T06-04-35/queries/Q2/iter_0/q2.cpp`

### ✅ Quality Metrics
| Aspect | Status |
|--------|--------|
| **Compilation** | ✅ Clean (no warnings/errors) |
| **Execution** | ✅ 5.1 seconds total |
| **Output Format** | ✅ Valid CSV (100 rows) |
| **Query Logic** | ✅ Correct multi-table join with subquery |
| **Encoding Handling** | ✅ Dictionary, Decimal, String offsets |
| **[TIMING] Instrumentation** | ✅ All operations timed |
| **Code Correctness** | ✅ No hardcoded paths, proper mmap usage |

### ✅ Test Results
- Query executes successfully
- Output CSV contains 101 lines (header + 100 result rows)
- All 8 columns present with proper formatting
- Results sorted correctly by s_acctbal DESC, n_name, s_name, p_partkey
- Data values appear valid (European suppliers, BRASS parts, size=15)

**This implementation is production-ready for iteration 0 and can proceed to the Query Optimizer for performance optimization iterations.**