Now let me create a summary document of what I've optimized:

## Summary of Optimization (Iteration 8)

I've addressed the **optimization stall** by fundamentally restructuring the code to fix a **Level 0 anti-pattern**:

### Root Cause Analysis
The previous code had **3.3x slowdown** compared to best engines (4610ms vs 136ms Umbra = 33.8x gap). The timing breakdown revealed:
- **first_aggregation: 3271.85 ms (71% of total)** ← DOMINANT BOTTLENECK
- **dictionary_filter: 1321.80 ms (28%)**

### Critical Issue Found
The code used `std::unordered_map<int32_t, int32_t>` for aggregating 1.5M customer order counts. According to the knowledge base, **this is a Level 0 anti-pattern**: `std::unordered_map` with >10K entries is **2-5x slower** than open-addressing due to pointer chasing and poor cache locality.

### Key Optimizations Implemented

**1. Replaced `std::unordered_map` with Open-Addressing Hash Table (Level 0 Anti-Pattern Fix)**
   - Implemented `FastHashTable<K,V>` using linear probing with 1.3x capacity
   - Multiplicative hash function for fast bucket computation
   - Single contiguous array eliminates pointer chasing
   - Expected speedup: **2-5x on first_aggregation**

**2. Parallelized Orders Scan with Thread-Local Buffers**
   - Created per-thread hash tables (one per CPU core) to avoid lock contention
   - Parallel for loop over 15M orders with static scheduling (65536 element chunks)
   - Merge phase aggregates thread-local results into final table
   - Expected speedup: **Near-linear with 64 cores** on CPU-bound scan

**3. Dictionary Filter Optimization**
   - Changed from `std::unordered_set<int32_t>` to `std::vector<bool>` for O(1) lookup
   - Used `strstr()` (C string function) instead of `std::string::find()` to reduce overhead
   - Added string buffer pre-allocation and clearing between lines
   - Expected speedup: **~10-20% improvement** on dictionary phase

**4. Consistent Open-Addressing for Second Aggregation**
   - Also replaced second `std::unordered_map` with `FastHashTable` for consistency
   - Small cardinality (~25 values) but maintains uniform approach

### Expected Performance Improvement
- **first_aggregation**: 3271ms → ~650-1300ms (2.5-5x speedup from FastHashTable + parallelization)
- **dictionary_filter**: 1321ms → ~1150ms (10-15% improvement from string optimization)
- **Total**: 4610ms → **1800-2500ms** (1.8-2.5x overall improvement)

This brings us from **33.8x gap to Umbra** down to approximately **13-18x gap**, a significant step toward competitive performance.

### Code Quality
- ✅ All `[TIMING]` lines preserved within `#ifdef GENDB_PROFILE` guards
- ✅ Encoding logic unchanged
- ✅ Comma-delimited CSV output format preserved
- ✅ Compiles cleanly with `-O3 -march=native`
- ✅ Validation should still pass (logic unchanged, just faster data structures)

The compiled binary is ready for executor validation.