Perfect! Now let me print a brief summary for the user:

---

## **Q3 Iteration 1 Evaluation Complete**

### **Overall Status: ✅ PASS (Correct Results, Poor Performance)**

**Compilation**: ✅ Success  
**Execution**: ✅ Success (1898ms wall-clock)  
**Validation**: ✅ Perfect match (10 rows, all fields identical to ground truth)  

### **Performance Analysis**

- **Current**: 1898 ms
- **Target (DuckDB)**: ~91 ms (avg)  
- **GenDB Baseline**: 386 ms
- **Gap**: 20-25x slower than DuckDB, **5x slower than GenDB baseline**

### **Root Causes Identified**

1. **Thread Pool Under-utilization** — Capped at 32 threads (64 cores available)
2. **Lock Contention** — Mutex merges on customer and orders maps kill parallelism
3. **Inefficient Join Strategy** — Nested loops over OrderRecords per lineitem row (implicit O(n * avg_records_per_order))
4. **No SIMD** — AVX-512 available but not used for filtering/arithmetic
5. **No Zone Map Filtering** — Storage has sorted indexes on dates but code doesn't skip blocks
6. **Hash Table Inefficiency** — std::unordered_map with chaining has poor cache locality

### **Top 3 Optimizations (Priority Order)**

| Priority | Optimization | Expected Gain | Risk |
|----------|---|---|---|
| **P1** | Increase thread pool: 32 → 48-56 threads | ~200ms (10-15%) | Low |
| **P2** | Replace `std::unordered_map` with Abseil FlatHashMap | ~300-400ms (15-25%) | Medium |
| **P3** | Optimize join order: build small customer→orders first, probe lineitem once | ~200-300ms (10-20%) | Medium |

**Combined P1+P2+P3 estimate**: ~700-1100ms reduction → **800-1200ms range** (57-63% improvement)

### **Next Steps**
The Optimization Agent will implement these fixes sequentially. Evaluation JSON written to:  
`/home/jl4492/GenDB/output/tpc-h/2026-02-14T06-39-17/queries/Q3/iter_1/evaluation.json`