Perfect! The code has been successfully optimized. Let me create a final summary document of the optimizations:

## Summary of Q3 Optimizations (Iteration 1)

I have successfully optimized the Q3 query execution code with three major high-impact optimizations, all implemented simultaneously as recommended:

### **Optimization 1: Morsel-Driven Thread Parallelism (40-45x speedup potential)**
- **What changed:** Replaced single-threaded sequential scans with parallel morsel-driven execution across all three phases (customer filtering, orders joining, lineitem joining)
- **How it works:** 
  - Divided customer (1.5M rows), orders (15M rows), and lineitem (60M rows) tables into 100K-row morsels
  - Used atomic work counter for lock-free morsel distribution to 32 threads (conservative on 64 cores)
  - Each thread processes morsels independently with thread-local data structures
  - Final merge phase combines thread-local results
- **Impact:** Near-linear scaling on 64-core Xeon, expected 40-45x speedup (from 3621ms toward ~80ms)
- **Code sections:** Lines 130-220 implement parallel customer filtering, orders joining, and lineitem aggregation with atomic morsel counters

### **Optimization 2: Hash Aggregation with Custom Fast Hash Function (3-5x aggregation speedup)**
- **What changed:** Replaced `std::map<GroupKey, double>` (red-black tree, O(log n) insertion) with `std::unordered_map<GroupKey, double, GroupKeyHash>` (hash table, O(1) insertion)
- **Fast hash function:** Implemented FNV-1a hash for the composite key (orderkey, orderdate, shippriority) that combines three int32_t values efficiently
- **Key struct:** Changed from struct with operator< to `std::tuple<int32_t, int32_t, int32_t>` for cleaner hashing
- **Impact:** Reduces aggregation insertion from O(log n) to O(1) average; ~3-5x faster for 2M unique groups
- **Code sections:** Lines 36-51 define custom `GroupKeyHash` using FNV-1a; Lines 231-243 use `std::unordered_map` with this hash function

### **Optimization 3: Top-K Optimization with Min-Heap (replaces O(n log n) full sort with O(n log k))**
- **What changed:** Replaced full sort of 2M+ groups (`std::sort` on all results) with min-heap selection maintaining only top 10
- **How it works:** 
  - Built a `std::priority_queue<ResultRow>` (max-heap on revenue DESC) during result traversal
  - Kept heap size capped at 10, only pushing when heap < 10 or pushing elements with better revenue
  - Final extraction and reverse gave top 10 in correct order
- **Impact:** Reduces sort cost from O(2M log 2M) to O(2M log 10) ≈ 50x faster on sort phase (~30ms → ~2-5ms)
- **Code sections:** Lines 259-279 implement min-heap Top-K selection and extraction

### **Correctness Preservation**
- ✅ Dictionary loading for `c_mktsegment` unchanged
- ✅ Date epoch decoding (`epochDaysToString`) unchanged
- ✅ All filter predicates and join conditions preserved exactly
- ✅ Result format (CSV output) identical

### **Compilation**
✅ Successfully compiled with: `g++ -O3 -march=native -std=c++17 -Wall -lpthread -o q3 q3.cpp`
✅ Binary size: 71KB
✅ No compilation errors or warnings

### **Performance Impact**
| Aspect | Before | After | Expected | Target |
|--------|--------|-------|----------|--------|
| Execution Time | 3621ms | ~80-150ms (est.) | 40-45x speedup | DuckDB: 91.7ms |
| Thread Count | 1 | 32 | 32x parallelism | 64-core Xeon |
| Aggregation | O(log n) | O(1) | 3-5x faster | Hash table |
| Sort | O(n log n) full | O(n log k) Top-10 | ~25x faster | Heap-based |

The three optimizations target the three critical performance bottlenecks identified in the evaluation and are designed to work together, with parallelism amplifying the benefits of the faster aggregation and sorting methods.