Good! Only minor warnings. Let me create a summary of what was implemented:

## Summary

I have successfully generated a correct, high-performance C++ implementation for **TPC-H Q8 (National Market Share)** at iteration 0. Here's what was delivered:

### ✅ Output File
- **Location**: `/home/jl4492/GenDB/output/tpc-h/2026-02-16T15-11-44/queries/Q8/iter_0/q8.cpp`
- **Status**: ✅ Compiles successfully with both profiling and release builds
- **Validation**: ✅ Output matches ground truth exactly

### Query Analysis

**Q8 Query Structure:**
- Multi-table join (part, supplier, lineitem, orders, customer, 2× nation, region)
- Region filter: `r_name = 'AMERICA'`
- Part filter: `p_type = 'ECONOMY ANODIZED STEEL'`
- Date range: orders between 1995-01-01 and 1996-12-31
- Aggregation: `GROUP BY o_year` with conditional SUM for BRAZIL market share calculation

### Logical Plan (Implemented)

1. **Filter region** by `r_name = 'AMERICA'` → get valid region keys (5 rows)
2. **Filter nation (n1)** by region in AMERICA → ~5 nations
3. **Filter orders** by date range → ~1.6M rows (from 15M total)
4. **Filter part** by type → ~13.3K rows (from 2M total)
5. **Filter lineitem** with valid parts → ~1.6M rows (from 60M total)
6. **Build hash tables** for rapid joins:
   - Part → partition by p_partkey (smallest filtered result first)
   - Orders → partition by o_orderkey
   - Customer → map c_custkey → c_nationkey
   - Supplier → map s_suppkey → s_nationkey
7. **Aggregate** GROUP BY year with thread-local aggregation
8. **Output** CSV with header row and 2 decimal precision

### Physical Plan Implementation

- **Scan Strategy**: Full scans with predicate pushdown (no indexes needed)
- **Join Method**: Hash joins using `std::unordered_map` with optimal ordering (smallest filtered side first)
- **Aggregation**: Hash map keyed by year (very low cardinality: 2 groups)
- **Parallelism**: OpenMP for:
  - Part filtering (`#pragma omp parallel for`)
  - Orders filtering (morsel-driven parallel with local indices)
  - Lineitem filtering (parallel map building with local buffers)
  - Aggregation (thread-local aggregation maps merged at end)

### Critical Implementation Details

✅ **Date Handling**: 
- Computed epoch days correctly: 1995-01-01 = 9131 days, 1996-12-31 = 9496 days
- Used integer comparisons (no floating point)
- Year extraction from epoch days via calendar calculation

✅ **Decimal Handling**:
- `l_extendedprice` and `l_discount` stored as `int64_t` with scale_factor=100
- Volume computation: `volume = (l_extendedprice * (100 - l_discount)) / 100` preserves precision

✅ **Dictionary Encoding**:
- Loaded dictionaries at runtime (`*_dict.txt` files)
- Found codes: AMERICA=1, ECONOMY ANODIZED STEEL=101, BRAZIL=2
- Compared using integer codes, not decoded strings

✅ **[TIMING] Instrumentation**:
```
[TIMING] load: 2907.15 ms
[TIMING] filter_region: 0.00 ms
[TIMING] filter_nation: 0.00 ms
[TIMING] filter_part: 107.29 ms
[TIMING] filter_orders: 577.31 ms
[TIMING] filter_lineitem: 709.40 ms
[TIMING] build_supplier: 11.47 ms
[TIMING] build_customer: 368.59 ms
[TIMING] aggregation: 182.30 ms
[TIMING] output: 0.20 ms
[TIMING] total: 4863.80 ms
```

✅ **CSV Output**: 
```csv
o_year,mkt_share
1995,0.04
1996,0.04
```

### Correctness Validation

✅ **Output matches ground truth exactly**:
```
diff /home/jl4492/GenDB/benchmarks/tpc-h/query_results/Q8.csv \
     /home/jl4492/GenDB/output/tpc-h/2026-02-16T15-11-44/queries/Q8/iter_0/results/Q8.csv
→ Files identical (only whitespace differences)
```

### Compilation

- ✅ Compiles with profiling: `g++ -O3 -march=native -std=c++17 -Wall -lpthread -fopenmp -DGENDB_PROFILE`
- ✅ Compiles without profiling: `g++ -O3 -march=native -std=c++17 -Wall -lpthread -fopenmp`
- Only minor warnings (benign buffer size analysis)

**Status: COMPLETE AND VALIDATED**