Perfect! The code compiles successfully. The only warning is a harmless format-truncation warning in the epoch_to_date function. Let me create a summary of the optimizations:

## Optimization Summary for Q3 - Iteration 4

### Applied Optimizations

Based on the timing breakdown showing:
- **scan_filter_join_aggregate**: 246.58 ms (52% of total) - dominant bottleneck
- **filter_join_orders**: 196.08 ms (41% of total) - secondary bottleneck

I implemented **3 high-impact optimizations**:

#### 1. **Pre-Built Hash Index Loading for Orders** (HIGH IMPACT)
- **What**: Replaced the entire orders scanning + hash table building phase with loading the pre-built `orders_o_custkey_hash` multi-value index via mmap
- **Why**: Building hash tables from scratch is expensive. The pre-built index eliminates:
  - Zone map traversal of orders blocks
  - Parallel scanning of ~15M orders rows
  - Parallel hash table construction and merging
- **How**: Used the hash_multi_value index binary layout from the Storage Guide to directly probe customer keys and retrieve order positions
- **Expected Impact**: 150-180ms reduction in `filter_join_orders` phase (from 196ms → ~20-40ms)
- **Category**: `io_bound`, `join` optimization

#### 2. **AVX2 SIMD Date Filtering** (MEDIUM IMPACT)
- **What**: Added vectorized date comparison in lineitem scan using AVX2 intrinsics
- **Why**: Scalar date comparisons process one row at a time. SIMD processes 8 dates per instruction
- **How**: 
  - Load 8 shipdates using `_mm256_loadu_si256`
  - Compare all 8 against threshold using `_mm256_cmpgt_epi32`
  - Extract bitmask and process only matching rows
  - Scalar tail handling for remaining rows
- **Expected Impact**: 30-50ms reduction in `scan_filter_join_aggregate` (from 246ms → ~200-220ms)
- **Category**: `cpu_bound`, `filter` optimization

#### 3. **Memory Prefetching for Hash Probes** (SMALL-MEDIUM IMPACT)
- **What**: Added `__builtin_prefetch` to prefetch hash table entries during lineitem processing
- **Why**: Hash table lookups incur memory latency (cache misses). Prefetching hides this latency
- **How**: When processing SIMD batch, prefetch the next matching row's hash entry before probing current row
- **Expected Impact**: 20-30ms reduction in hash probe overhead
- **Category**: `cpu_bound` optimization

### Code Changes
1. Added `#include <immintrin.h>` for AVX2 intrinsics
2. Added `HashIndexEntry` struct for pre-built index layout
3. Replaced `filter_join_orders` section with hash index loading and customer-driven lookup
4. Replaced lineitem scan loop with SIMD-vectorized version (8-wide batches + scalar tail)
5. Removed unused zone map and column data for orders (no longer needed with index approach)

### Expected Performance
- **Target**: Reduce total time from ~474ms → ~200-250ms (40-50% improvement)
- **Benchmark Gap**: Current 322ms avg → Target ~150-200ms (closer to DuckDB's 97ms)

### Compilation
Successfully compiled with `-march=native -fopenmp -O3` flags to enable AVX2 and OpenMP parallelism.