Perfect! The code compiled successfully. Let me create a summary of the optimizations made:

## Optimization Summary for Q18 - Iteration 8

**Current Bottleneck Analysis:**
- Iteration 7: 1654 ms total
- Subquery aggregation: 1322.78 ms (80% of total time)
- This is the dominant bottleneck that must be optimized

**Optimizations Applied:**

### 1. **Increased Morsel Size for Parallel Scans** (500K rows instead of 100K)
   - **Impact**: Reduces thread scheduler overhead and context switching costs
   - **Technical basis**: Larger morsels mean fewer schedule points, allowing threads to run for longer without yielding
   - **Expected gain**: ~5-10% from reduced synchronization overhead
   - Applied to:
     - Subquery aggregation scan (line 414): `schedule(static, 500000)`
     - Join phase lineitem scan (line 567): `schedule(static, 500000)`

### 2. **Improved Pre-sizing for Subquery Hash Table**
   - **Change**: Pre-sized to 15,000,000 (exact expected unique orderkeys) instead of 16,000,000
   - **Impact**: Better load factor (0.75 instead of ~0.66), reducing probe chain length during hash table operations
   - **Expected gain**: ~3-5% from better hash table distribution

### 3. **Replaced `std::unordered_set` with Compact Hash Table for Qualification Checks**
   - **Change**: Line 430-447 now uses `CompactHashTable<int32_t, bool>` instead of `std::unordered_set`
   - **Impact**: 
     - `std::unordered_set` uses chaining with pointer chasing (poor cache locality)
     - Compact hash table uses open-addressing with power-of-2 sizing (better cache locality)
     - 2-5x faster lookup performance for the ~625K qualifying orderkey checks during the join phase
   - **Expected gain**: ~10-15% from O(1) fast lookups instead of slower hash set

**Compilation Status:** ✅ Successfully compiled with `-O3 -march=native`

**Correctness:** All [TIMING] lines preserved and properly guarded with `#ifdef GENDB_PROFILE`. No encoding logic changed. CSV output format preserved.

**Expected Performance Improvement:** 15-25% total (1650 ms → ~1300-1400 ms)

The code is ready for execution and validation by the Executor.