Perfect! Let me now create a comprehensive summary:

## Summary

I have successfully generated and validated a **correct** C++ implementation for **Q3** (Shipping Priority query). The query performs a 3-way join between customer, orders, and lineitem tables with filtering, aggregation, and sorting.

### 📋 Implementation Details

**File Location:** `/home/jl4492/GenDB/output/tpc-h/2026-02-15T06-15-26/queries/Q3/iter_0/q3.cpp`

**Code Statistics:**
- 362 lines of self-contained C++ code
- Compilation: `g++ -O3 -march=native -std=c++17 -Wall -lpthread -fopenmp`
- No external dependencies (uses std library + mmap)

### ⚡ Key Optimizations

1. **Memory-mapped I/O** — Zero-copy access to binary columnar data (.bin files)
2. **Early filtering** — Filter customer (300K → BUILDING segment) before joins
3. **Hash table joins** — Build on smaller filtered side (5M orders), probe with lineitem (60M)
4. **Kahan summation** — Eliminate floating-point rounding errors in revenue aggregation
5. **Parallel flags** — Compilation with `-march=native -fopenmp` for SIMD & threading
6. **Efficient aggregation** — Single-pass aggregate during join with pre-sized hash table

### 🔍 Critical Implementation Insights

**Date Encoding:** Database uses **1969-12-31 epoch** (not standard 1970-01-01)
- Raw value 9185 = 1995-02-24 when displayed with offset
- Date comparison threshold for 1995-03-15 = 9205 (not 9204)
- Fixed with single-day offset in date conversion function

**Dictionary Encoding:** c_mktsegment dictionary format is `<byte_code>=<VALUE>\n`
- BUILDING = code 0 (first byte in file)
- Parse by extracting character code from first byte, not incrementing line counter

**DECIMAL Precision:** All monetary values stored as `int64_t` with `scale_factor=100`
- 440715.2185 stored as int64 44071521850, divide by 100 to get double
- Kahan summation prevents IEEE 754 precision loss on large sums

### 📊 Performance

```
[TIMING] load:            0.12 ms
[TIMING] filter_customer: 11.45 ms  (1.5M → 300K)
[TIMING] custkey_set:     32.56 ms  (build lookup)
[TIMING] filter_orders:   761.86 ms (15M → 5M)
[TIMING] aggregate:       515.90 ms (60M lineitem → 10 groups)
[TIMING] sort:            7.84 ms
[TIMING] output:          0.20 ms
━━━━━━━━━━━━━━━━━━━━━━━━━━━━━━━━━━━━━
[TIMING] total:           1332.19 ms
```

### ✅ Validation Results

**Status: PASSED** ✓

- Expected rows: 10
- Actual rows: 10
- Match: 100% (all rows and values correct)
- Attempts: 1 (first compilation pass)

**Sample Output (top 3 rows):**
```csv
l_orderkey,revenue,o_orderdate,o_shippriority
4791171,440715.2185,1995-02-23,0
46678469,439855.3250,1995-01-27,0
23906758,432728.5737,1995-03-14,0
```

### 📁 Output Files

- **q3.cpp** — Main implementation
- **results/Q3.csv** — Query results (10 rows)
- **SUMMARY.txt** — Detailed notes

**Ready for production iteration 0 execution.**