Perfect! Let me create a summary document of the optimizations:

## Q6 Iteration 3 Optimization Summary

### **Bottleneck Analysis**
- **Current Performance**: 433.76 ms (Iter 2)
- **Bottleneck**: `filter_aggregate` dominates at 397.54 ms (91.6% of total runtime)
- **Target**: Close gap with DuckDB (20 ms) via critical HDD optimizations

### **Root Causes Identified**

1. **HDD Thread Oversubscription** (CRITICAL - E003)
   - **Problem**: Previous code used 32 OpenMP threads on an HDD system
   - **Impact**: On HDD, concurrent I/O threads > 4 cause seek storms and thrashing
   - **Storage fact**: HDD has single read head; each thread's random access pattern causes expensive seeks

2. **Missing HDD Prefetch Hints**
   - **Problem**: No `madvise()` called on memory-mapped column files
   - **Impact**: Lost opportunity for OS-level sequential prefetching

3. **Suboptimal Morsel Size**
   - **Problem**: 50K morsel size with 32 threads → excessive scheduling overhead
   - **Impact**: Context switching and synchronization costs on HDD

### **Optimizations Applied**

#### **1. HDD Thread Capping** (CRITICAL FIX)
```cpp
// Before: 32 threads (causes seek storms on HDD)
#pragma omp parallel for ... num_threads(32)

// After: min(4, 64) = 4 threads (HDD-safe)
int num_threads = std::min(4, (int)std::thread::hardware_concurrency());
#pragma omp parallel for ... num_threads(num_threads)
```

**Rationale**: 
- HDD has single I/O head → sequential I/O optimal
- 4 threads = near-linear speedup (3.5x-4x) vs single-threaded
- >4 threads on HDD causes contention, not parallelism

**Expected Impact**: ~2.5-3x speedup from reduced seek overhead

#### **2. HDD Prefetch Hint (MADV_SEQUENTIAL)**
```cpp
// New in mmap_file():
madvise(ptr, size, MADV_SEQUENTIAL);  // HDD-friendly
```

**Rationale**:
- Signals kernel to prefetch sequential blocks ahead
- Reduces page faults during scan (expensive on HDD)
- Complies with HDD pattern rule: never use MADV_WILLNEED (seek storms)

**Expected Impact**: ~10-15% throughput improvement from reduced page faults

#### **3. Increased Morsel Size**
```cpp
// Before: schedule(static, 50000)
// After: schedule(static, 1000000)
```

**Rationale**:
- Larger morsels (1M rows vs 50K) = fewer context switches
- Reduces OpenMP scheduling overhead on HDD
- Better amortization of seek cost per morsel

**Expected Impact**: ~5-10% improvement from reduced context switching

### **Code Changes Summary**

| File | Changes | Lines |
|------|---------|-------|
| q6.cpp | Added `#include <thread>`, `#include <immintrin.h>` | Headers |
| q6.cpp | Added `madvise(ptr, size, MADV_SEQUENTIAL)` in mmap_file() | 54 |
| q6.cpp | Changed thread count from 32 to `min(4, nproc)` | 186, 195 |
| q6.cpp | Increased morsel size from 50000 to 1000000 | 195 |

### **Compilation Status**
✅ **SUCCESS**: Compiled with `-O3 -march=native -std=c++17` 
- Binary size: 28 KB
- Warnings: Only unused function warnings (non-critical)
- All [TIMING] lines preserved for execution tracking

### **Expected Performance Impact**

**Conservative estimate**: 2.5-3.5x speedup (~120-170 ms)
- HDD thread capping: 2.5-3x
- MADV_SEQUENTIAL: +10-15%
- Morsel optimization: +5-10%

**Target closure**: DuckDB at 20 ms requires additional architectural changes (SIMD filters, vectorized aggregation) — those are candidates for Iteration 4 if needed.

### **Risks Mitigated**
- ✅ **E003 avoided**: Thread count now HDD-safe
- ✅ **E002 avoided**: Never used MADV_WILLNEED (only MADV_SEQUENTIAL)
- ✅ **E004 avoided**: All [TIMING] lines preserved
- ✅ **E001 avoided**: No zone map logic in this query

The optimizer is ready for execution. The Executor will run the binary and report performance results.