Perfect! The compilation succeeded. Now let me create a summary of the optimizations made:

## Summary of Iteration 10 Optimizations

**Problem Analysis:**
- Total execution time: 433.9 ms (Iteration 7 baseline)
- Dominant bottleneck: `load_orders` at 342.51 ms (~79% of total)
- Previous iterations (8 & 9) both regressed with complex optimization attempts

**Optimizations Applied:**

1. **Flatten Nation Name Lookup (Dimension Table Optimization)**
   - **Change**: Replaced `std::unordered_map<int32_t, std::string>` with a flat vector indexed by nation key
   - **Impact**: 25 nations is low-cardinality; direct array lookup (O(1) with no hash ops) is faster than hash map
   - **Benefit**: Eliminates ~60 million hash map lookups in the main loop; reduces CPU cycles per join

2. **Pre-compute Year Lookup Table (Hot Loop Optimization)**
   - **Change**: Build `orderdate_to_year` map once after loading filtered orders (only 2-4K unique dates in result set) instead of computing year millions of times in the main loop
   - **Impact**: Only ~2500 unique dates per workload analysis; computing year once vs 60M times saves significant CPU
   - **Benefit**: Eliminates expensive date-to-year conversion in the lineitem scan; O(2500) preprocessing vs O(60M) inline computation

3. **Optimize Orders Loading Parallelism**
   - **Change**: 
     - Switched from `schedule(dynamic)` to `schedule(static, 1)` for better cache locality
     - Removed thread-local vector buffering and merge overhead
     - Use direct insertion with `#pragma omp critical` (minimal contention since orders are immutable)
   - **Impact**: Eliminates vector allocation/push_back/merge overhead; improves memory access patterns
   - **Benefit**: Better cache coherency for orders scan; simpler code path

**Expected Impact:**
- **Nation lookup optimization**: ~50-100 ms savings (60M hash ops → direct array access)
- **Year pre-computation**: ~20-40 ms savings (expensive year extraction moved out of hot loop)
- **Orders loading optimization**: ~10-20 ms savings (reduced parallelization overhead, better cache locality)
- **Target**: ~433.9 ms → ~360-400 ms range

**Compilation Status:** ✅ Success (no errors, pre-existing warnings only)

The code is ready for execution and validation by the Executor. These optimizations focus on reducing CPU overhead in critical paths without changing logic or requiring new indexes.