## ✅ TPC-H Workload Analysis Complete

**Analysis written to:** `/home/jl4492/GenDB/output/tpc-h/2026-02-15T05-31-00/workload_analysis.json`

### Summary

**Hardware Profile:**
- 64-core CPU with AVX-512 support
- 376 GB RAM, HDD storage (ROTA=1)
- L3 cache: 44 MiB (2 instances)

**Workload Characterization:**

1. **Q1 (Pricing Summary):** Parallel scan + low-cardinality aggregation
   - 60M lineitem rows filtered by `l_shipdate <= 1998-09-01` (98% selectivity)
   - Only 6 output groups (l_returnflag × l_linestatus)
   - **Strategy:** Partial aggregation with SIMD filtering

2. **Q3 (Shipping Priority):** Star join + selective aggregation
   - 3-way join: customer → orders → lineitem
   - Date predicates: `o_orderdate < 1995-03-15` (36% selectivity), `l_shipdate > 1995-03-15` (64% selectivity)
   - Market segment filter on customer (20% selectivity)
   - Top-10 by revenue DESC
   - **Strategy:** Hash join with date pushdown, heap-based top-K instead of full sort

3. **Q6 (Revenue Forecast):** Single-table range scan with compound predicates
   - ~11% of lineitem rows: `l_shipdate >= 1994-01-01 AND < 1995-01-01` ∩ discount ∈ [0.05,0.07] ∩ quantity < 24
   - Scalar aggregation output
   - **Strategy:** SIMD-vectorized filtering, no materialization needed

**Key Optimization Levers:**
- Thread parallelism (64 cores) for all full scans/aggregations
- SIMD filtering on l_shipdate and numeric predicates
- Sorted indexes on l_shipdate for Q6 range query (optional but effective)
- Partial aggregation framework for parallel GROUP BY
- Hash join on customer/orders with predicate pushdown