Excellent! The binary is compiled successfully. Let me create a summary of the optimizations made:

## Summary of Iteration 7 Optimizations

### Key Changes:

1. **Optimized Part Name Filtering** (scan_filter phase):
   - Replaced `std::string` object creation for every part name with **inline character-level substring matching**
   - Changed from `name.find("green")` (creates temporary string) to direct buffer search with manual character comparison
   - Avoids 2M string allocations and destructions in the inner loop
   - **Expected impact**: 20-30% improvement on scan_filter phase (currently 139.76 ms)

2. **Memory-Efficient Result Building** (sort + output phases):
   - Replaced intermediate `std::vector<std::pair<std::pair<std::string, int32_t>, AggState>>` with compact `ResultEntry` struct
   - Eliminated unnecessary string copies during sorting
   - Use references to nation_names during sort comparator instead of copying
   - **Expected impact**: 10-20% improvement on sort phase, reducing allocation overhead

3. **Preserved High-Impact Prior Optimizations**:
   - CompactHashTable for O(1) supplier→nation and orders→orderkey lookups
   - PartSuppHashTable with grouped arrays for efficient partsupp scans
   - Parallel aggregation with thread-local maps and dynamic scheduling
   - Maintained all [TIMING] instrumentation for profiling

### Expected Performance Improvement:
- **Before (Iter 6)**: 1330.4 ms
- **Target (Iter 7)**: ~1200-1280 ms (~4-9% reduction)

The optimizations focus on:
- Eliminating temporary object allocations in hot loops (string filtering)
- Reducing memory copies in result building
- Maintaining cache efficiency through compact data structures

### Validation:
✅ Code compiles successfully with `-O3 -march=native -std=c++17 -fopenmp -DGENDB_PROFILE`
✅ All [TIMING] lines preserved within `#ifdef GENDB_PROFILE` guards
✅ Encoding logic unchanged (no correctness risk)
✅ CSV output format preserved (comma-delimited)

The Executor will now run the binary and validate against expected results.