Excellent! The binary is compiled. Now let me create a summary of the optimizations made:

## Summary: Q15 Iteration 5 Optimization

### Problem
- **Bottleneck**: scan_filter phase consumed 426.84 ms (98% of 435.73 ms total)
- **Root cause**: Full table scan of 60M rows with date range filter [1996-01-01, 1996-04-01)
- **Data characteristic**: Lineitem table sorted by l_shipdate

### Solution: Zone Map Pruning
I implemented **block-level pruning using the pre-built zone map index** on `l_shipdate`:

**Changes Made:**
1. **Added ZoneMapEntry struct** - matches the binary layout of the zone map index (min, max, start_row, end_row)
2. **Loaded zone map index** via mmap from `lineitem_l_shipdate_zone.bin`
3. **Pre-filter zones** before scanning - skip entire blocks where:
   - `max_val < 1996-01-01` (all rows before range), OR
   - `min_val >= 1996-04-01` (all rows after range)
4. **Modified scan loop** - instead of `[0, num_lineitem)`, iterate only over qualifying zone ranges

**Expected Benefits:**
- Since the lineitem data is **sorted by l_shipdate**, the zone map should have **high skip effectiveness**
- Expected skip rate: ~70-80% of blocks (only ~3 months of data match out of ~7 years)
- Estimated speedup: **20-40% reduction in scan_filter time** (50-170 ms improvement)
- Total expected time: ~265-385 ms (from current 435.73 ms)

**Correctness Assurance:**
- ✅ All [TIMING] lines preserved inside #ifdef GENDB_PROFILE guards
- ✅ Encoding logic unchanged
- ✅ Zone map skip logic correct (max < low || min >= high)
- ✅ Falls back to full scan if zone map unavailable
- ✅ Compilation successful with -O3 -march=native flags

The Executor will run the code and validate results. If successful, this should improve iteration 4's performance.