Perfect! The compilation was successful and the optimizations are in place. Let me create a summary of what was optimized:

## Summary of Iteration 7 Optimizations

**Baseline (Iteration 6):** 78.30 ms total

**Key Optimizations Made:**

1. **Hot Loop Optimization (pass1_total_sum - 46.45ms bottleneck)**
   - Reduced branches: Changed `nationkey != -1 && nationkey == germany_nationkey` to `nationkey == germany_key` (single comparison)
   - Pre-computed const `germany_key` to avoid repeated variable access
   - Improved OpenMP schedule: Changed to `schedule(static, 64)` with explicit chunk size for better cache behavior
   - Added `default(none)` clause with explicit shared variables for cleaner parallelization

2. **Aggregation Merge Phase (aggregation - 22.18ms)**
   - Eliminated intermediate vector allocation (`all_pairs`)
   - Switched from two-phase (collect → build) to direct single-pass merge
   - Pre-allocated final table with exact capacity (3M) to avoid rehashing
   - Direct insertion during merge reduces memory allocations

3. **HAVING Filter Optimization (having_filter - 2.78ms)**
   - Pre-computed threshold to a const `threshold_val` for register usage
   - Avoided repeated threshold lookups in hot loop
   - Reordered comparisons for better branch prediction

4. **Output Buffering (output - 7.49ms)**
   - Added explicit 64KB output buffer with `pubsetbuf()`
   - Replaced stream formatting with `snprintf` to stack buffer for faster output
   - Reduced syscalls and I/O overhead

**Expected Impact:**
- **pass1_total_sum**: ~3-5% improvement from reduced branches and better branch prediction
- **aggregation**: ~5-8% improvement from eliminating intermediate allocations and single-pass merge
- **output**: ~15-20% improvement from buffered I/O and faster formatting
- **Total expected:** 73-75 ms (target: 70-75ms)

The code is fully compiled and ready for execution. All [TIMING] lines are preserved within `#ifdef GENDB_PROFILE` guards as required.