Excellent! Let me print a final summary for the user:

---

## Summary: Q1 Iteration 1 Evaluation Complete

### **Overall Status: PARTIAL (Execution OK, Correctness BROKEN)**

**Compilation & Execution:**
- ✅ **Compiled successfully** with `-O3 -march=native -std=c++17 -Wall -lpthread`
- ✅ **Executed in 49ms** (vs. 48ms baseline) — excellent speed
- ✅ **4 result rows returned** (expected: 4)

**Validation Result: ❌ WRONG RESULTS**
- **1 of 4 rows has precision error:**
  - Row: (N, O) group
  - Column: `sum_disc_price`
  - Expected: `1058580922144.9638`
  - Actual: `1058580922144.9651`
  - **Error: 0.0013 (4 decimal places)**

### **Root Cause Analysis**

**Bottleneck Category:** `semantic` (correctness)

The generated code uses **double-precision floating point** accumulation across 59M rows. When summing large numbers (~10^15) in doubles, rounding errors accumulate:

1. Each row computes: `price * (1.0 - discount)` 
2. Result accumulated into `sum_disc_price += result`
3. After 59M rows, accumulated error manifests as ±0.0013

Double precision (53-bit mantissa) cannot guarantee exact TPC-H result precision for such large sums.

### **Hardware & Implementation Observations**

✅ **Excellent Design:**
- 64-thread parallel aggregation (using all cores)
- Compact Robin Hood hash table (3x faster than std::unordered_map)
- Memory-mapped columnar I/O with `MADV_SEQUENTIAL` hints
- Dictionary encoding for low-cardinality strings
- Thread-local aggregation + global merge (reduces contention)

⚠️ **Issue:** Precision loss in floating point arithmetic

### **Critical Fix Required**

**Kahan Summation Algorithm** (low risk, ~2-3% overhead):
- Maintains a running compensation term for rounding errors
- Reduces error from O(n·ε) to O(ε)
- Apply to all SUM operations: sum_qty, sum_base_price, sum_disc_price, sum_charge, sum_discount
- **Location:** Lines 235-240 (per-thread accumulation) and 271-276 (merge)

### **Secondary Performance Optimizations** (after correctness fix)

1. **SIMD Filtering (15-25% speedup):** Vectorize date predicate checks with AVX2/AVX-512
2. **Prefetching (5-10% speedup):** Explicit cache prefetching in hot loop
3. **Sorted Aggregation (5-15% speedup):** For 6 groups, stream aggregation beats hash table
4. **Loop Unrolling (3-7% speedup):** Reduce loop overhead, improve cache prefetching
5. **Zone Map Skipping (1-2% I/O):** Skip entire blocks with shipdate > threshold (requires metadata)

### **Evaluation JSON**

Complete analysis written to:
```
/home/jl4492/GenDB/output/tpc-h/2026-02-14T06-39-17/queries/Q1/iter_1/evaluation.json
```

**Next Steps for Optimizer Agent:**
1. Fix floating point precision (Kahan summation) — **BLOCKING**
2. Re-run validation to confirm correctness
3. Apply secondary optimizations in priority order