Perfect! The pre-built index file exists and is 275MB. Now let me create a summary of the optimization:

## Optimization Summary

**Iteration 9 - Pre-Built Hash Index Optimization**

### Problem Analysis
Iteration 4 (best run) took **26,652.61 ms**, dominated by:
- **`build_lineitem_index`: 16,902.18 ms (63% of total)** ← BOTTLENECK
- `compute_avg_quantity`: 9,733.10 ms (37%)

The bottleneck was constructing the partkey → row indices hash table from scratch at runtime, iterating through 59.9M rows and inserting into an open-addressing hash table.

### Solution
**Load pre-built hash index via mmap** instead of building at runtime.

**Key Changes:**
1. **Replaced** `CompactHashTableWithVectors` with `PrebuiltHashIndex` struct
   - Uses mmap to load the pre-built binary index from `/indexes/lineitem_l_partkey_hash.bin`
   - Implements efficient multi-value hash lookup via open-addressing probe
   - Layout: `[num_unique][table_size][hash_entries...][pos_count][positions...]`

2. **PHASE 2** now loads the pre-built index (~0.1 ms) instead of building (~16.9 s)
   - Expected speedup: **~170x faster** for this phase

3. **PHASE 4** uses `partkey_index.find()` to query pre-built index
   - Contiguous position reads from pre-built positions array
   - Same filtering logic preserved (no correctness changes)

### Expected Impact
- **`build_lineitem_index` phase**: ~16.9 seconds → ~0.1 seconds (16,900x faster)
- **Total execution time**: ~26.6 seconds → **~10-11 seconds** (2.4-2.7x speedup)
- Validation: No logic changes, only eliminates redundant runtime construction

### Code Quality
- ✅ Preserves all [TIMING] blocks inside `#ifdef GENDB_PROFILE` guards
- ✅ No encoding logic changed
- ✅ Comma-delimited CSV output preserved
- ✅ Binary layout matches Storage & Index Guide specification
- ✅ Graceful degradation if index unavailable (warning message)
- ✅ Compiled successfully with `-O3 -march=native`

The compiled binary is ready at `/home/jl4492/GenDB/output/tpc-h/2026-02-16T06-04-35/queries/Q17/iter_9/q17`.