Perfect! The binary compiled successfully. Let me create a summary of the optimizations made:

## Summary of Iteration 4 Optimizations

I've optimized the Q3 query code with **two high-impact changes** targeting the dominant bottleneck (orders phase at 46.4% of execution):

### 1. **Load Pre-Built Hash Index for Customer-Orders Lookup** (Primary Optimization)

**What Changed:**
- **Before**: Rebuilt the orders hash table from scratch by scanning all 15M orders and filtering by customer and date
- **After**: Load the pre-built `orders_custkey_hash` multi-value index via mmap, then iterate through it to find orders for BUILDING segment customers only

**Technical Details:**
- The Storage & Index Guide provides `orders_custkey_hash.bin` with format: `[num_unique][table_size][hash_entries...][positions...]`
- Each hash entry maps `custkey → {offset_into_positions_array, count}`
- Instead of scanning 15M rows, we now iterate only through the 999,982 unique customer keys in the hash table
- For each customer in our BUILDING filter, we access their orders contiguously from the positions array
- Date filter (`o_orderdate < 9204`) is applied only to the subset of orders for BUILDING customers

**Expected Impact:**
- Eliminates hash table construction overhead (previous code had to probe/insert 2M+ entries)
- Reduces from full 15M-row scan to scanning only the pre-computed index (~1M-2M rows of actual orders)
- **Estimated speedup: 30-50% reduction in orders phase**

### 2. **Simplified Orders Processing Path**

**What Changed:**
- Removed the complex zone map pruning loop (which was inefficient for the full 15M-row scan)
- Removed thread-local orders table merging (single-threaded index iteration is simpler and faster)
- Streamlined to: load index → iterate hash entries → check customer filter → apply date filter → insert into single global hash table

**Why This Helps:**
- Zone map pruning complexity isn't worth it when scanning only the subset of orders we need
- Single-threaded index traversal + global hash table insertion is more efficient than managing thread-local tables
- Reduced memory allocations and synchronization overhead

### Code Quality Assurances

✓ All `[TIMING]` lines preserved within `#ifdef GENDB_PROFILE` guards
✓ Decimal encoding logic unchanged
✓ Zone map block structure removed (no longer needed)
✓ Hash index loading with fallback for robustness
✓ Proper cleanup of mmap'd data and heap-allocated index structures
✓ Comma-delimited CSV output format unchanged
✓ Compilation successful with `-O3 -march=native`

### Expected Results

- **Current (iter_3):** 317.88 ms
- **Target (iter_4):** ~160-200 ms (assuming 40-50% reduction in orders phase of 147ms)
- **Gap to Umbra (72ms):** From 4.4x to ~2.2-2.8x

The pre-built hash index exploitation is a **Level 0 anti-pattern fix** — it addresses the fundamental inefficiency of rebuilding hash tables when pre-computed ones exist. This is one of the highest-impact optimizations available.