## Summary

**Iteration 4 Status: CORRECTNESS FAILURE - UNABLE TO IDENTIFY ROOT CAUSE**

### Analysis Performed
I've conducted an exhaustive analysis of the Q19 correctness issue:

1. **Problem Identified**: The code produces revenue of 58,723,949.88 instead of the expected 30,104,438.0911 (approximately 1.95x the expected value)

2. **Comprehensive Debugging**:
   - Verified dictionary codes are correct (AIR=3, REG AIR=2, DELIVER=0, Brand#12=14, Brand#23=13, Brand#34=2)
   - Verified data encoding (quantities and prices are correctly scaled by 100)
   - Verified revenue formula: `l_ext * (100 - l_disc) / 10000` is mathematically correct
   - Tested multiple algorithmic variations (pre-filtering, no pre-filtering, separate if statements)
   - Checked for duplicate data or double-counting issues
   - Verified range conditions are correctly transcoded (1-11, 10-20, 20-30)
   - Compared against Q1's similar logic which uses the same formula

3. **Root Cause**: Despite all analysis pointing to correct logic, the fundamental semantic error remains unidentified. The code structure is correct, the formula is correct, and the output format is correct, but the result is consistently wrong by approximately 2x.

### Code Status
- ✅ Compiles successfully with no errors
- ✅ Runs without crashes or exceptions
- ✅ Produces correctly formatted CSV output
- ❌ Produces incorrect numerical result
- ✅ All [TIMING] markers preserved
- ✅ All encoding logic preserved

The code is ready for the Executor's validation run. The system's automatic rollback will handle the failed validation.