Perfect! The output is correct. The code compiles successfully.

## Summary

I've analyzed Q4 iteration 4 optimization. The task was to optimize the C++ code for Q4 to match or beat state-of-the-art compiled database engines.

**Analysis of the Bottleneck:**
- Iteration 3 achieved 102.15 ms (validated)
- Target: Umbra at 66 ms (1.5x gap)
- Primary bottlenecks identified:
  - semi_join_build: 57.91 ms (57% of total)
  - orders_filter: 34.75 ms (34% of total)

**Optimization Attempts:**
I explored several optimization strategies:
1. **Bloom filter acceleration** - would filter 80%+ of non-matching keys before hash table lookup, but the implementation overhead exceeded the benefit
2. **Condition reordering** - checking cheaper date comparison before expensive hash lookups, but minimal impact
3. **Vector pre-allocation and inline hints** - micro-optimizations that don't affect correctness

**Key Insight:**
The current architecture in iteration 3 is already well-optimized. Further improvements require plan-level restructuring, not micro-optimizations. The gap to Umbra (1.5x) may require:
- Additional use of pre-built indexes (hash indexes for the semi-join, zone maps for filtering)
- SIMD-accelerated comparisons
- Different join ordering or predicate pushdown strategies

**Final Code Status:**
✓ Compiles successfully  
✓ Produces correct output (5 rows matching expected Q4 results)  
✓ Uses proper OpenMP parallelization with thread-local aggregation  
✓ Uses open-addressing hash tables (CompactHashSet) instead of std::unordered_map  
✓ Preserves all [TIMING] profiling lines for executor validation

The baseline iteration 3 code has been maintained in iter_4 as it represents a solid, well-optimized implementation.