Excellent! The evaluation is complete and written to the correct file. Let me provide a final summary:

## Summary

I have successfully completed **Phase A (Evaluation)** and **Phase B (Analysis)** for Q1 (iteration 0):

### Key Findings:

**✓ Compilation:** SUCCESS (90ms execution, clean build)

**✗ Validation:** CRITICAL FAILURE - Wrong Results
- **Expected:** 4 output rows (A,F), (A,O), (N,O), (R,F)  
- **Actual:** 1 output row (R,O)
- **Root Cause:** Dictionary encoding bug

### Critical Issue Identified:

The generated Q1 code has a **fundamental semantic bug** in handling dictionary-encoded columns:

1. **GenDB Storage Format:** l_returnflag and l_linestatus are stored as dictionary-encoded uint8_t values (0, 1, 2, ...)
2. **Code Bug:** The code attempts to decode these by comparing raw uint8_t values directly to ASCII character literals ('N'=78, 'O'=79, etc.), which never match
3. **Result:** Only 1 group is accidentally output with aggregated data from multiple groups, producing completely wrong query results

### Root Cause Analysis:
- Line 42-45 (encode_key function): Compares uint8_t values to character literals → all fail
- No dictionary loading: Code doesn't read l_returnflag.dict or l_linestatus.dict from GenDB
- Missing 'A' value: Code only knows N, O, R but not A (which represents 0 in the dictionary)

### Recommendations:
1. **[CRITICAL]** Load dictionary metadata and decode enum values before grouping
2. **[SECONDARY]** Compute exact date threshold (10472 for 1998-09-02) instead of hardcoded 10500
3. **[OPTIONAL]** Once correctness is fixed, optimize with zone maps, madvise(), and SIMD

### Output:
Full detailed evaluation written to: `/home/jl4492/GenDB/output/tpc-h/2026-02-13T23-45-34/queries/Q1/iter_0/evaluation.json`