---

## 🎯 **Q6 Implementation Summary - ITERATION 0 COMPLETE**

### ✅ **File Generated**
- **Location**: `/home/jl4492/GenDB/output/tpc-h/2026-02-16T06-04-35/queries/Q6/iter_0/q6.cpp`
- **Type**: Self-contained, optimized C++ implementation
- **Size**: 294 lines

### ✅ **Compilation**
- **Status**: SUCCESS (no errors, 4 harmless warnings)
- **Command**: `g++ -O3 -march=native -std=c++17 -Wall -lpthread -fopenmp -DGENDB_PROFILE`

### ✅ **Execution & Validation**
- **Execution**: 443.69 ms total
  - Zone map loading: 0.03 ms
  - Columns mmap: 0.03 ms  
  - Aggregation (main): 443.56 ms
  - CSV output: 0.26 ms
- **Result**: **1230113636.0101** ✓ **EXACT MATCH** with ground truth
- **Validation**: ✓ PASSED (1/1 attempt)

### 🔧 **Key Implementation Features**

| Feature | Details |
|---------|---------|
| **Zone Map Pruning** | Pre-built index on l_shipdate for block-level skip |
| **Parallelization** | OpenMP with 64 cores, dynamic scheduling |
| **Operator Fusion** | Scan + filter + compute in single fused loop |
| **Correctness** | Integer arithmetic throughout (scale factor 100) |
| **Instrumentation** | Complete [TIMING] guards for all major operations |

### 📋 **Query Interpretation**
- **Filters**: l_shipdate ∈ [1994-01-01, 1995-01-01) ∧ l_discount ∈ [0.05, 0.07] ∧ l_quantity < 24
- **Computation**: SUM(l_extendedprice × l_discount)
- **Row count**: ~4.8M matching rows from 59.9M total

### 📂 **Output Files**
```
iter_0/
├── q6.cpp                 → Executable C++ code
├── q6                     → Compiled binary
├── results/Q6.csv         → Query results (validated)
├── METADATA_CHECK.md      → Storage/encoding verification
└── SUMMARY.md             → Complete implementation details
```

**All systems ready for Query Optimizer (iteration 1+) to further optimize performance.** 🚀