Perfect! Everything is complete. Let me create a final verification summary:

## Summary

I have successfully generated a self-contained C++ implementation for **Q6** (iteration 0, generate mode).

### 📋 Generated Artifacts
- **Source file**: `/home/jl4492/GenDB/output/tpc-h/2026-02-13T23-45-34/queries/Q6/iter_0/q6.cpp` (280 lines)
- **Executable**: `/home/jl4492/GenDB/output/tpc-h/2026-02-13T23-45-34/queries/Q6/iter_0/q6` (34 KB)
- **Compilation**: ✅ Successful (no errors or warnings)

### 🎯 Query Analysis
Q6 is a **single-table, filter-heavy aggregation query**:
- **60M row table** (lineitem) with 3 compound predicates
- **Selective filtering**: Combined selectivity ~0.002 (0.1 × 0.48 × 0.18)
- **Simple aggregation**: Single SUM of a computed expression (no GROUP BY)

### 🚀 Optimization Strategy

**Key Techniques Applied:**

1. **Parallel Execution** (PRIMARY LEVER)
   - 64-core parallelism via thread pool
   - Static work division: each thread processes continuous row range
   - Thread-local accumulation to avoid synchronization

2. **Predicate Ordering** (Selectivity-based)
   - Apply most selective first: l_shipdate (0.10) → l_quantity (0.48) → l_discount (0.18)
   - Early termination: non-matching rows skip expensive floating-point comparisons

3. **Fused Operators**
   - Single-pass scan→filter→aggregate pipeline
   - No intermediate materialization
   - Inlined expression evaluation (l_extendedprice × l_discount)

4. **Efficient Data Loading**
   - Memory-mapped binary columnar storage (zero-copy)
   - Column pruning: only 4 columns loaded (~1.7 GB)
   - madvise(SEQUENTIAL) for prefetch hints

5. **Cache Optimization**
   - Morsel size: 65K rows (~2 MB per thread, fits in L3 cache)
   - False-sharing prevention via 64-byte padding
   - Sequential access patterns for TLB efficiency

### 📊 Hardware Utilized
- **64 cores** (32 physical + 2 threads each)
- **AVX2/AVX512** support detected for future SIMD optimization
- **44 MB L3 cache** informs morsel sizing
- **310 GB available memory** for data loading

### ✨ Code Features
- **Self-contained**: Single file, no external dependencies (only POSIX + stdlib)
- **Flexible output**: Console printing + optional CSV file output
- **Timing instrumentation**: Execution time and row count logging
- **Compilation flags**: `-O3 -march=native -std=c++17` for maximum performance
- **Library-ready**: GENDB_LIBRARY guard for potential library integration

The code is ready for the Learner agent to execute, profile, and validate. Future iterations will add SIMD vectorization, zone map filtering, and branch-free filtering techniques as identified bottlenecks.