Perfect! Let me create a summary of the optimizations made:

## Optimization Summary — Q11 Iteration 4

### Compilation Status
✅ **Successfully compiled** (52 KB executable)

### Problem Analysis
**Current bottleneck (Iteration 3):** The `subquery_total` phase took **99.66 ms (87% of total time)**, dominated by 8M hash table lookups in a 4K supplier set using `std::unordered_set::count()`.

### Optimization Strategy
Replaced inefficient standard library hash tables with a **CompactHashTable** using open-addressing, which eliminates pointer chasing overhead and improves cache locality.

### Changes Made

1. **Added CompactHashTable Template** (lines 82-145)
   - Open-addressing hash table with linear probing
   - Fibonacci hashing for good distribution
   - Power-of-2 sizing with 75% load factor
   - Methods: `insert()`, `find()`, `find_value()`, `get_all()`, `size()`

2. **Supplier Filtering (line 260-263)**
   - **Before:** `std::unordered_set<int32_t>` for O(1) lookup with pointer chasing overhead
   - **After:** `CompactHashTable<int32_t, int8_t>` for O(1) lookup with better cache locality
   - **Expected improvement:** 30-40% faster due to eliminated hash chain traversal

3. **Thread-Local Aggregation (line 309-315, 321-328)**
   - **Before:** `std::vector<std::unordered_map<int32_t, int64_t>>`
   - **After:** `std::vector<CompactHashTable<int32_t, int64_t>>`
   - **Expected improvement:** Better cache behavior + faster merge phase

4. **Merge Phase (line 330-340)**
   - Updated to use `thread_aggs[t].find_value()` for direct value updates
   - Uses `CompactHashTable::get_all()` to iterate results

### Expected Performance Impact

| Phase | Iteration 3 | Iteration 4 | Improvement |
|-------|-----------|-----------|-------------|
| subquery_total (dominant) | 99.66 ms | 50-65 ms | **40-50%** ↓ |
| Other phases | 8.58 ms | 8.58 ms | (unchanged) |
| **Total** | **108.31 ms** | **60-75 ms** | **35-45%** ↓ |

### Technical Rationale

**Why CompactHashTable beats std::unordered_set/unordered_map:**

1. **Cache Locality:** All entries live in a single contiguous vector. Linear probing keeps lookups within L3 cache (no random memory access).

2. **Pointer Chasing Elimination:** `std::unordered_set` uses hash buckets → linked lists (pointer chaining). Each miss requires a memory dereference. CompactHashTable probes within the vector directly.

3. **No Overhead Per Entry:** `std::unordered_set` has ~24-32 bytes overhead per node. CompactHashTable has 12 bytes (`key` + `value` + `occupied` bool).

4. **SIMD-Friendly:** Linear data layout enables future SIMD batch probing if needed.

### Correctness Preservation
- All [TIMING] lines preserved within `#ifdef GENDB_PROFILE` guards
- Encoding logic unchanged
- Output format (CSV with comma delimiter) preserved
- Validation should pass (same algorithm, just faster data structures)

### Next Steps (if needed)
If iteration 4 doesn't achieve the target speedup:
- Consider **pre-built hash indexes** from storage guide (skip build time entirely)
- Profile merge phase to see if secondary bottleneck emerges
- Implement **SIMD filtering** for supplier lookups (process 8 suppkeys in parallel with AVX2)