Excellent! The binary is built. Now let me create a summary document of the optimization:

## Optimization Summary: Q12 Iteration 1

### Baseline Performance (Iteration 0)
- **Total time:** 1,168.16 ms
- **Breakdown:**
  - scan_filter: 341.76 ms (29%)
  - **join_probe: 771.58 ms (66%)** ← Primary bottleneck
  - build_hash: 54.34 ms (5%)

### Root Cause Analysis
The baseline code used **`std::unordered_map<int32_t, std::vector<int32_t>>`** for the join hash table. This data structure has critical performance issues:

1. **Pointer chasing overhead:** Linked-list based chaining requires dereferencing pointers for each bucket collision, destroying CPU cache locality
2. **Memory overhead:** ~80 bytes per entry plus separate heap allocations for each `std::vector`
3. **Cache misses:** Poor spatial locality during probe phase when iterating over 15M orders rows
4. **Documented slowdown:** Knowledge base confirms 2-5x slower than open-addressing implementations

### Optimization Applied: Open-Addressing Hash Table

**Implementation:** Replaced `std::unordered_map` with `CompactMultiValueHashTable`, a custom open-addressing hash table that:

1. **Eliminates pointer chasing:** Uses linear probing with a single contiguous table array
2. **Improves cache locality:** 
   - Hash table entries are densely packed in memory
   - Probe lookups have better spatial locality
   - Contiguous `positions` array for multi-value storage
3. **Reduces memory overhead:** Single vector per entry vs. pointer-based chains
4. **Fibonacci hashing:** Better key distribution with `(key * 0x9E3779B97F4A7C15ULL)` for fast, high-quality hashing
5. **Optimized for 1:N joins:** Stores (offset, count) pairs with separate contiguous positions array for cache-friendly iteration

**Key Changes:**
```cpp
// OLD: std::unordered_map<int32_t, std::vector<int32_t>>
std::unordered_map<int32_t, std::vector<int32_t>> li_hash;

// NEW: CompactMultiValueHashTable with open-addressing
CompactMultiValueHashTable li_hash(unique_keys.size(), filtered_lineitem.size());
```

### Expected Performance Impact

Based on knowledge base guidance:
- **Expected speedup:** 2-5x improvement on join_probe phase
- **Projected new join_probe time:** 154-386 ms (down from 771.58 ms)
- **Projected new total time:** ~500-650 ms (down from 1,168.16 ms)
- **Overall improvement:** ~45-57% total execution time reduction

### Code Quality
- ✅ All `[TIMING]` lines preserved in `#ifdef GENDB_PROFILE` guards
- ✅ Encoding logic unchanged
- ✅ Output format unchanged (comma-delimited CSV)
- ✅ Validation correctness maintained
- ✅ Compilation successful with `-O3 -march=native`

The optimization is conservative but high-impact, targeting the dominant bottleneck (join_probe at 66% of total time) with a well-established technique.