Perfect! Now let me print a summary for the user:

---

## **Q3 Iteration 0 Evaluation Complete**

### **Status: CRITICAL FAILURES** 🔴

#### **Compilation**: ✅ Pass
- Code compiled successfully with `-O3 -march=native -std=c++17`

#### **Execution**: ✅ Pass (but results wrong)
- Query executed and returned 10 rows
- **Execution time: 3222.54 ms** (8.3x SLOWER than baseline 386ms)

#### **Validation**: ❌ FAIL
- **Results are completely incorrect**: Only 1 out of 10 rows match expected output
- Expected top result: order 4791171 (revenue 440715)
- Got: order 55954913 (revenue 442425)

---

### **Root Causes Identified**

**1. SEMANTIC BUG (Wrong Results)** 🔴
- Both `o_orderdate` and `l_shipdate` columns use **delta encoding** (per `storage_design.json`)
- Code reads raw delta-encoded values and compares them directly to absolute date constants (e.g., `9204` = 1995-03-15)
- **Delta values are NOT absolute**—they're relative differences. Comparing them to absolute constants produces garbage
- **Fix Required**: Decode via cumulative sum before filtering

**2. PERFORMANCE CRISIS (8.3x Slower)** 🔴
- **Single-threaded execution** on 60M lineitem rows with 64 available cores
- Wastes 98% of CPU capacity
- **Hardware available**: 64 cores, 44 MiB L3 cache, 376 GiB RAM
- **Workload analysis correctly identifies**: Parallelism on lineitem scan is "critical optimization lever"
- **Fix Required**: Implement morsel-driven thread parallelism

**3. Inefficient Hash Tables** 🟡
- Uses `std::unordered_map` (slow) for 3 tables
- Compact hash tables (Swiss Tables) provide 2-5x speedup

---

### **Priority Fixes**

| Priority | Issue | Technique | Expected Gain |
|----------|-------|-----------|----------------|
| **1 CRITICAL** | Wrong results | Decode delta-encoded dates before filtering | Correctness restored |
| **1 CRITICAL** | 8.3x slowdown | Morsel-driven parallelism (64 threads) | 6-8x speedup → ~400-500ms |
| **2** | Hash table overhead | Swiss Tables/Robin Hood hashing | 2-3x on aggregation (200-300ms) |
| **3** | I/O inefficiency | Zone map-based block skipping | 1.2x on I/O (150-300ms) |
| **4** | Filter cost | SIMD date filtering (AVX2) | 1.1-1.15x (50-100ms) |

---

### **Evaluation Output**
✅ Written to: `/home/jl4492/GenDB/output/tpc-h/2026-02-14T04-04-14/queries/Q3/iter_0/evaluation.json`

The evaluation JSON contains:
- Detailed failure analysis
- Root cause explanations
- 4 ranked performance optimizations with risk assessments
- Code-specific recommendations referencing actual lines and columns

**Recommendation**: The Orchestrator should immediately flag the semantic bug as a blocker. Both critical issues (correctness + parallelism) must be addressed before next iteration.