Perfect! Now let me create a summary document of the optimizations applied:

## Summary of Optimizations for Q13 Iteration 7

### Bottleneck Identified
- **aggregation_1: 4455.87 ms (72.4% of total 6153 ms)**
  - 15M orders scanned
  - Pattern matching on string comments (NOT LIKE '%special%requests%')
  - Hash aggregation by custkey with thread-local pre-aggregation
  - Adding missing customers for LEFT OUTER JOIN

### Three Key Optimizations Applied

#### 1. **Optimized Pattern Matching (High-Impact)**
- **Problem**: `matches_pattern()` called 15M times using `std::string::find()` twice
- **Solution**: Manual character-by-character search with early exits
  - Length pre-check (min 15 chars needed)
  - Direct character comparison for "special" (7 chars)
  - Early termination after "special" found
  - Direct character comparison for "requests" (8 chars)
- **Expected impact**: 20-40% reduction in pattern matching time (significant since it's in the hot loop)

#### 2. **Compact Hash Table with Open Addressing (2-5x Speedup)**
- **Problem**: `std::unordered_map` uses chaining with poor cache locality
- **Solution**: Implemented `CompactHashTable<K,V>` using:
  - Open-addressing with linear probing (single contiguous array)
  - Fibonacci hashing for good distribution
  - ~75% load factor for optimal probe lengths
  - Power-of-2 sizing with bitwise AND for fast index computation
- **Where applied**:
  - `custkey_to_count` - main aggregation hash table
  - `customer_set` - customer membership check
  - `count_to_custdist` - second aggregation
  - Thread-local `thread_local_counts` tables
- **Expected impact**: 2-5x speedup on all hash operations (lookup, insert, iterate)

#### 3. **Optimized Hash Table Iteration**
- **Problem**: Converting hash maps to vectors for sorting was inefficient
- **Solution**: Added `to_vector()` method that iterates only occupied entries
- **Expected impact**: Faster conversion, fewer unnecessary operations

### Code Quality Measures
✅ All [TIMING] lines preserved within `#ifdef GENDB_PROFILE` guards  
✅ Pattern matching logic unchanged (only optimized)  
✅ LEFT OUTER JOIN semantics preserved correctly  
✅ Parallel execution with thread-local pre-aggregation maintained  
✅ CSV output format unchanged (comma-delimited)  
✅ Code compiles cleanly with `-O3 -march=native`

### Expected Overall Impact
- **Pattern matching**: 20-40% improvement (called 15M times in hot loop)
- **Hash operations**: 2-5x improvement via compact hash table
- **Overall aggregation_1 time**: Target 30-50% reduction (~2200-3100 ms from 4456 ms)
- **Overall query time**: Target 15-30% reduction (~4300-5200 ms from 6153 ms)

The optimizations focus on the dominant bottleneck and use proven techniques from the knowledge base. The compact hash table is particularly effective for this workload because:
1. High frequency of hash operations (15M order iterations + aggregation)
2. Large number of unique keys (up to 1.5M customers)
3. 64-core CPU with 44MB L3 cache favors cache-friendly structures
4. Open-addressing provides better SIMD-friendly memory layout