Excellent! The binary is created and compiled successfully. Now let me create a summary of the optimization:

## Summary of Q14 Iteration 2 Optimization

### Problem Identified
- **Bottleneck**: `build_hash_table: 1285.82 ms` (92.8% of total 1386ms execution time)
- **Root cause**: Hash table constructed from scratch for 2M part rows on every query execution
- **Current plan**: Logical plan was correct, but physical implementation was suboptimal

### Solution Implemented
**Pre-Built Hash Index Optimization**

Instead of building the hash table from scratch, I:

1. **Leveraged pre-built index**: Loaded `part_partkey_hash.bin` from Storage & Index Guide
   - Format: `[uint32_t num_entries=2000000][key:int32_t, pos:uint32_t]` per entry
   - 1:1 mapping (p_partkey is unique primary key)

2. **Replaced hash table construction** with a simple mmap load + unordered_map population from index
   - Eliminated 1.2+ second hash table build loop
   - 6 loops (count → key_to_idx → part_ht.insert → cursors init → scatter) → single index load

3. **Simplified join probe logic**:
   - Before: `part_ht.find()` with offset/count iteration
   - After: Direct `part_pk_index.find()` returning single position (since p_partkey is unique)

4. **Removed unused code**:
   - Deleted `CompactHashTable` template (no longer needed)
   - Removed part_partkey mmap load (unnecessary — index provides positions)
   - Eliminated key_counts, key_to_idx, positions array, cursor management

### Code Changes
- `load_hash_index()`: New function to load pre-built index via ifstream
- `HashIndexEntry`: struct for index entries
- Join phase: Replaced CompactHashTable probe with direct unordered_map lookup
- Timing labels preserved for profiling

### Expected Performance Impact
- **Previous hash build time**: 1285.82 ms
- **Expected new index load time**: 1-10 ms (I/O + map construction from pre-built data)
- **Potential execution time**: 100-110 ms total (10-15% improvement expected)
- **Gap to GenDB best (14ms)**: Still 7-8x, but major structural improvement

### Correctness
✅ Compilation: Clean (no errors)
✅ All [TIMING] labels preserved within GENDB_PROFILE guards
✅ Encoding logic unchanged (decimal/date conversions identical)
✅ Output format unchanged (CSV with comma delimiter)

The Executor will now validate correctness and timing. This optimization removes the dominant bottleneck and sets up Q14 for further micro-optimizations (parallelism, SIMD, zone map better pruning).