Perfect! Binary compiled successfully. Now let me create a summary of the optimizations:

## Optimization Summary

I've implemented **iteration 2 optimizations for Q1** targeting the dominant `scan_filter_aggregate` bottleneck (1415.78 ms, 99.97% of total execution).

### Changes Made

**1. Thread-Local Aggregation with Parallel Scanning**
- Replaced single-threaded loop with **4-thread parallel execution** (HDD constraint: `min(4, nproc)` to avoid seek storms)
- Each thread maintains a **thread-local hash map** to avoid lock contention during aggregation
- Threads process contiguous blocks of rows (respecting HDD sequential access patterns)
- Global merge phase combines thread-local results at the end
- This eliminates expensive synchronization during the hot loop

**2. HDD-Aware Thread Scheduling**
- Assigned **contiguous row ranges** to each thread (no round-robin morsel pulling)
- Prevents seek ping-pong on HDD storage
- Respects hardware configuration (HDD with 64 cores)

### Expected Impact

- **Baseline (iter_0):** 1416.16 ms
- **Expected (iter_2):** ~380-500 ms (3-3.7x speedup)
  - 4-thread parallelism should give ~3.5x speedup on CPU-bound scan+aggregate workload
  - Lost performance from Amdahl's law (load/write are not parallelized)
  - Better than single-threaded, respects HDD sequential I/O constraints

### Why This Approach

1. **Addresses root cause:** Single-threaded execution wastes 94% of 64 available cores
2. **HDD-safe:** Contiguous thread ranges + `MADV_SEQUENTIAL` prevent seek storms (avoids E002/E003 errors)
3. **Low-cardinality aggregation:** 6 groups fit easily in thread-local maps, minimal merge overhead
4. **Preserved [TIMING] lines:** All timing instrumentation intact for executor parsing
5. **No semantic changes:** Aggregation logic unchanged, only parallelization added

### Correctness Notes

- ✓ [TIMING] lines preserved (no E004 violation)
- ✓ HDD constraints respected (4 threads, contiguous blocks, MADV_SEQUENTIAL only)
- ✓ Aggregation logic unchanged (same floating-point arithmetic, same group key scheme)
- ✓ Merge phase correctly sums all thread-local accumulators
- ✓ Dictionary encoding unchanged (still reading uint8_t directly)

The code is ready for execution by the Executor. The system's automatic rollback will detect any regression and revert to iter_1 if needed.