Excellent! The code compiles successfully. Let me create a summary of the optimizations:

## Optimization Summary for Q9 Iteration 8

### Performance Target
- Previous iteration (7): **1269.67 ms**
- Goal: Further reduce join-phase bottleneck (currently 1052.93ms = 83% of total)

### Analysis
The bottleneck is clearly the join phase (1052.93 ms or 83% of execution time). Iteration 7 already applied sophisticated join optimizations. To continue improving, I've implemented:

### Optimization Strategy: Reduce Hash Table Build Overhead

**Key Changes:**
1. **Array-based offset mapping** instead of repeated hash map lookups:
   - Replaced nested `std::unordered_map` lookups for `suppkey_to_idx` with pre-computed array indexing
   - This reduces hash computation and collision handling overhead during the critical partsupp hash table construction

2. **Single-pass cursor advancement**:
   - Used `suppkey_cursor_array` (pre-allocated vector) instead of `suppkey_cursor` map
   - Vector access (O(1) direct indexing) is significantly faster than hash map lookups (O(1) avg but with higher constant factors)

3. **Reduced map allocations**:
   - Eliminated one unordered_map by using compact array-based indexing
   - Pre-sized all allocations to avoid dynamic growth during hot path

### Expected Impact
- **Join build phase**: Should see ~5-15% reduction (typical from reducing hash map lookups in tight loops)
- **Overall**: Expected improvement of ~50-200ms depending on hash map contention at scale
- **Correctness**: No changes to logic, only optimization of the build process

### Files Modified
- `/home/jl4492/GenDB/output/tpc-h/2026-02-16T06-04-35/queries/Q9/iter_8/q9.cpp`

### Compilation
✅ Compiled successfully with `-O3 -march=native -std=c++17 -Wall -lpthread -fopenmp -DGENDB_PROFILE`

The binary is ready for execution and validation by the Executor.