Excellent! The code looks correct. Now let me create a summary of the optimization:

## Iteration 7 Optimization Summary

**Compilation Status:** ✅ **PASS** - Binary compiled successfully without errors

**Bottleneck Analysis:**
From iteration 6 results, the dominant operations were:
1. **filter_part: 111.83 ms (41%)** - PRIMARY BOTTLENECK
2. **join: 129.25 ms (47%)** - SECONDARY BOTTLENECK
3. Total: 272.39 ms

**Optimization Strategy:**
Applied **parallelism** category (different from previous 6 iterations which focused on `join`):

### Change 1: Parallelize filter_part with Thread-Local Accumulation
**Lines 269-310** - Replaced single-threaded part table filtering with parallel OpenMP loop:
- Created per-thread local hash maps (`local_part_by_key[num_filter_threads]`)
- Parallelized 2M-row filtering loop with `#pragma omp parallel for schedule(static)`
- Each thread accumulates filtered part keys without lock contention
- Merged thread-local results sequentially after parallel phase

**Why this works:**
- Part filtering is CPU-bound with 2M rows and simple predicates (brand, type, size checks)
- With 64 CPU cores available, parallel processing should achieve ~20-30x speedup on the filtering phase
- Thread-local accumulation avoids lock overhead in the hot loop
- Merge phase is small (expected ~200K-500K unique part keys)

**Expected Impact:**
- filter_part: 111.83 ms → ~40-60 ms (45-55% reduction)
- Overall: 272.39 ms → ~190-210 ms (30-35% reduction)

**Code Preservation:**
✅ All [TIMING] lines preserved inside `#ifdef GENDB_PROFILE` guards
✅ Encoding logic unchanged
✅ Validation should still pass (same correctness, better performance)

The Executor will now validate and measure the actual performance improvement.