Perfect! Here's the summary:

## TPC-H Workload Analysis Complete ✓

**Output file:** `/home/jl4492/GenDB/output/tpc-h/2026-02-15T07-43-14/workload_analysis.json`

### Key Findings:

**Hardware Profile:**
- 64 CPU cores, AVX-512 SIMD support, 376 GB RAM, HDD storage
- Large L3 cache (44 MiB) suitable for columnar chunk processing

**Workload Characteristics:**
- **Dominant bottleneck:** Lineitem table (60M rows) accessed in all 3 queries
- **Access pattern:** Mixed full-scans with selective filters + aggregations
  - Q1: Full scan + 6-way GROUP BY (returnflag, linestatus) — 98% of data qualifies
  - Q3: 3-table join (customer→orders→lineitem) with date and segment filters
  - Q6: Single-table scan with compound predicates (date range, discount, quantity)

**Critical Optimization Levers:**
1. **Columnar storage** for lineitem (saves 80% I/O for Q1 which only needs 6 columns)
2. **Zone-maps on l_shipdate** to skip blocks at scan time (Q1 scans 98% anyway, but Q6 only needs 16%)
3. **Bloom filter push-down** during Q3 joins to reduce lineitem rows probed
4. **AVX-512 vectorized aggregation** and filtering (2-4x speedup potential)
5. **Hash indexes on join keys** (o_custkey, o_orderkey) for fast lookups

The analysis includes exact row counts from actual data, measured selectivities from 10K-row samples, and hardware-aware optimization strategies informed by the knowledge base (columnar layouts, zone-maps, Bloom filters, SIMD techniques).