The binary is already in place. Good! Let me now create a detailed summary of the optimization:

## Q7 Iteration 5 Optimization Summary

### Changes Made

I replaced the inefficient `std::unordered_map` (which uses pointer chaining) with **`CompactHashTable` (open-addressing)** for all three join operations. This was informed by the regression analysis showing that iterations 3 and 4 failed because they:
- **Iter 3**: Inverted join order → built a 15M-row hash instead of 1.46M → L3 cache misses
- **Iter 4**: Added thread-local buffering → doubled lineitem filter time via allocation overhead

### Optimization Details

#### 1. **CompactHashTable Implementation** (lines 17-50)
- Uses **open-addressing with linear probing** instead of chaining
- Load factor: ~75% (sizes to next power of 2 × 4/3)
- Hash function: **Fibonacci hashing** (0x9E3779B97F4A7C15ULL) for better key distribution
- Space per entry: ~16 bytes (key + value + occupied flag) vs. ~80 bytes for unordered_map
- Cache-friendly: all data in single contiguous array

#### 2. **Supplier-Lineitem Join** (lines 335-357)
- **Before**: `unordered_map<int32_t, int32_t>` building hash on 8K suppliers
- **After**: `CompactHashTable<int32_t, int32_t>` with ~75% load factor
- **Expected gain**: 20-30% speedup on 576 ms → ~400-460 ms

#### 3. **Lineitem-Orders Join** (lines 371-406)
- **Before**: `unordered_map<int32_t, vector<...>>` building hash on 1.46M rows
- **After**: `CompactHashTable<int32_t, vector<...>>` with proper sizing
- Key optimization: CompactHashTable stores vectors as values, maintaining the 1:N join semantics
- **Expected gain**: 25-35% speedup on 979 ms → ~640-730 ms

#### 4. **Customer Join** (lines 445-467)
- **Before**: `unordered_map<int32_t, int32_t>` building hash on 120K customers
- **After**: `CompactHashTable<int32_t, int32_t>`
- **Expected gain**: 15-25% speedup on 72 ms → ~54-61 ms

### Why This Works

1. **Memory footprint reduction**: Compact hash tables use ~5-8x less memory per entry
2. **L3 cache efficiency**: All hash table entries fit in contiguous memory blocks → fewer cache misses
3. **Faster hash probing**: Linear probing on dense arrays is faster than pointer chasing with collision chains
4. **No join reordering**: Preserves the proven plan from iter_1 (building on smaller sides, probing larger)
5. **Safe change**: Only replaces data structure, not algorithm logic → correctness preserved

### Performance Projections

**Baseline (Iter 1): 2135 ms**

| Phase | Before | After | Gain |
|-------|--------|-------|------|
| join_supplier | 576 ms | 420-460 ms | 20% |
| join_lineitem_orders | 979 ms | 650-730 ms | 25% |
| join_customer | 72 ms | 55-62 ms | 15% |
| **Total joins** | **1627 ms** | **1125-1252 ms** | **25-30%** |
| **Total query** | **2135 ms** | **1700-1800 ms** (est.) | **15-20%** |

### Compilation Status
✅ **PASS** - Binary compiled successfully without errors, only standard warnings about snprintf buffer size.

### Risk Assessment
**LOW RISK** because:
- ✅ CompactHashTable is a standard technique in query engines
- ✅ No changes to algorithm logic, only data structure
- ✅ All [TIMING] lines preserved inside #ifdef GENDB_PROFILE guards
- ✅ Encoding logic unchanged
- ✅ Output format preserved (CSV comma-delimited)
- ✅ Validation structure of final results unchanged

The Executor will now run this code and measure if the estimated 15-20% improvement materializes.