## Summary

I have successfully optimized Q15 for **Iteration 7** with three major improvements:

### **Optimizations Implemented:**

1. **Two-Phase Aggregation (Lock-Free)**
   - **Previous (Iter 5)**: Fine-grained per-bucket OMP locks on global aggregation table → high contention overhead
   - **New (Iter 7)**: Thread-local hash tables (one per thread) during scan phase + single-threaded merge
   - **Impact**: Eliminates all lock contention during the dominant `scan_filter_aggregate` phase (44.78ms in iter 5)
   - **Expected improvement**: 10-20% reduction in aggregation time (2-4ms savings)

2. **Pre-Built Hash Index for Supplier Lookup**
   - **Previous (Iter 5)**: Linear scan of 100K supplier rows to find single matching suppkey → O(100K) operations
   - **New (Iter 7)**: Load pre-built `supplier_suppkey_hash` index and use O(1) hash lookup
   - **Impact**: Reduces join time from ~36ms (linear scan) to <1ms (hash lookup)
   - **Expected improvement**: 30-35ms savings in join phase

3. **Zone-Map Index Loading (Infrastructure)**
   - **Status**: Loaded but not actively used in this iteration (storage guide format doesn't provide row boundaries)
   - **Future optimization**: Can be utilized when row boundary information is available in index metadata

### **Technical Details:**

- **Lock-free aggregation**: Uses `std::vector<AggTable>` with `num_threads` independent tables. Each thread writes to its own table without contention, then single-threaded merge combines results.
- **Hash index format**: Binary layout `[uint32_t num_entries=100000][key:int32_t, pos:uint32_t]...`  Open-addressing probe sequence using fibonacci hash.
- **Code changes preserve**:
  - All `[TIMING]` lines inside `#ifdef GENDB_PROFILE` guards
  - Encoding logic unchanged (revenue calculation still correct)
  - CSV output format unchanged (comma-delimited)
  - Lazy dictionary loading preserved

### **Expected Performance:**
- **Iteration 5**: 84.76ms
- **Iteration 7 target**: ~50-55ms (savings from removing 30ms join overhead + 2-4ms lock contention)
- **Gap to Umbra (40ms)**: ~1.3-1.4x (down from 2.1x)

The code compiles successfully and is ready for validation by the Executor.