Perfect! The changes look good. Let me create a summary of the optimization:

## Summary of Optimization (Iteration 3)

**Optimization Applied: Eliminate Redundant Orders Scan**

### The Problem
The previous code (Iter 2) had a major inefficiency in the `build_order_index` phase:
1. **filter_orders**: Scanned all 15M orders to find those matching customer set and date filter → extracted orderkeys only
2. **build_order_index**: Scanned all 15M orders AGAIN to collect order info (date, priority) for the filtered orderkeys
   - This was a redundant full table scan costing **535.75 ms** (58% of total time)

### The Solution
**Collect order metadata during the first pass instead of doing a second scan:**

1. Modified `filter_orders` phase to collect `OrderInfo` struct (orderkey, orderdate, shippriority) in addition to just orderkeys
2. Eliminated the second orders table scan in `build_order_index`
3. Now directly populate `orderkey_set` and `order_info` map from the already-filtered orders in a simple O(n) loop with no hash lookups

### Expected Impact
- **Bottleneck reduction**: Eliminate ~535 ms redundant scan
- **Expected time**: ~922 ms → ~400 ms (50%+ improvement)
- **No correctness changes**: Same filtering logic, same output format

### Code Changes
- **filter_orders**: Now collects full `OrderInfo` during parallel scan (minimal overhead)
- **build_order_index**: Now simple O(n) population from filtered_orders instead of another full scan
- **Preserved**: All [TIMING] markers, encoding logic, validation, parallel structure

The optimization is conservative (low risk) since:
- No changes to filtering logic or correctness
- Uses same parallel approach
- Merely reuses data collected during first orders scan
- Compilation successful with no errors