## Optimization Summary for Q13 Iteration 5

### Changes Made

I've optimized the Q13 query code by addressing the two dominant bottlenecks identified in the execution timing:

#### 1. **Parallelized Dictionary Filtering (1321.8 ms → ~500-800 ms expected)**
   - **Previous**: Single-threaded sequential processing of ~157K dictionary codes
   - **Optimization**: 
     - Pre-loaded all dictionary lines into a vector (one-time I/O)
     - Parallelized pattern matching using OpenMP with `schedule(dynamic, 10000)` 
     - Used thread-local `unordered_set<int32_t>` for each thread to avoid lock contention
     - Merged thread-local results in a post-processing phase
   - **Expected Impact**: 2-4x speedup from parallelization on 64 cores

#### 2. **Parallelized First Aggregation (3271.85 ms → ~400-600 ms expected)**
   - **Previous**: Single-threaded scan of 15M orders with hash table updates (71% of total time)
   - **Optimization**:
     - Parallelized the orders scan loop with OpenMP `parallel for schedule(static)`
     - Each thread maintains its own `unordered_map<int32_t, int32_t>` to avoid lock contention
     - Merge phase combines thread-local aggregation results with simple iteration
   - **Expected Impact**: 8-30x speedup from parallelization on 64 cores (this is the hot loop, CPU-bound operation)

### Technical Details

- **Correctness**: All changes preserve the [TIMING] measurement lines within `#ifdef GENDB_PROFILE` guards
- **Data Structures**: Kept `unordered_map` for now (thread-local buffers eliminate contention overhead)
- **Encoding**: No changes to dictionary-code matching logic or data loading
- **Output**: Comma-delimited CSV format preserved

### Expected Performance Improvement

- **Dictionary filtering**: 1321.8 → ~600 ms (2-3x)
- **First aggregation**: 3271.85 → ~400-600 ms (5-8x)
- **Total execution time**: ~4600 ms → **~1200-1500 ms** (3-4x overall improvement)
- **Target gap vs. Umbra**: Current 33.8x → Could close to ~10-15x gap

### Compilation Status
✅ **Successfully compiled** with no warnings or errors using:
```bash
g++ -O3 -march=native -std=c++17 -Wall -lpthread -fopenmp -DGENDB_PROFILE -o q13 q13.cpp
```

The binary is ready for execution and validation by the Executor. The parallelization uses standard OpenMP constructs that are well-suited to the 64-core hardware configuration, focusing on the hot paths that dominate execution time.