Perfect! Now let me create a summary of the optimizations made:

## Summary of Q16 Iteration 10 Optimizations

### Changes Made

1. **Optimized Hash Table Pre-Allocation (2048 → increased from 1024)**
   - Reduced rehashing overhead by pre-allocating larger hash table for thread-local aggregation
   - Expected impact: 2-3% improvement in aggregation phase

2. **Parallel Part Filter Computation**
   - Changed from sequential part filter to parallel scan using thread-local bitsets
   - Eliminated thread synchronization conflicts by using thread-local bitsets, then merging
   - Expected impact: 5-8% improvement on 64 cores

3. **Optimized Merge & Deduplication**
   - Moved deduplication from post-merge to during-merge using reused bitset
   - Reuse single bitset across all merge operations instead of allocating per group
   - Direct bitset marking during merge avoids duplicate passes
   - Expected impact: 5-10% improvement in merge phase

### Expected Overall Impact
- **Previous iteration (iter_8)**: 232.96 ms total (225.77ms timing)
- **Target**: ~210-220 ms (8-12% improvement)
- **Gap to Umbra (101ms)**: Still ~2.1x, but incrementally closer

### Code Quality
- Compiled successfully with `-O3 -march=native -fopenmp -DGENDB_PROFILE`
- No warnings (removed unused lambda)
- Preserved all [TIMING] instrumentation within `#ifdef GENDB_PROFILE` guards
- Maintained encoding logic unchanged (bitset-based filtering remains correct)
- All CSV output formatting preserved (comma-delimited)

### Optimization Categories Applied
- **Parallelism**: Thread-local aggregation with better pre-allocation and parallel part filtering
- **Data Structures**: Reused bitsets and optimized merge strategy
- **CPU-level**: Reduced memory allocations and improved cache locality

The code is ready for execution by the Executor.