Perfect! The code compiled successfully. Let me create a summary of the optimization:

## Optimization Summary for Q1 - Iteration 10

**Problem Identified:**
- Current baseline (iter 8): **50.89 ms** 
- Iteration 9 regressed to 52.95 ms (io_bound approach)
- Bottleneck: `scan_filter` dominates at 50.56 ms (99% of execution time)
- All previous optimizations focused on `io_bound` category and hit diminishing returns

**Root Cause:**
The hot loop performs individual branch predictions on the date filter (`if (shipdate_ptr[offset] <= EPOCH_DAYS_1998_09_02)`) for every qualifying row. With ~60M rows and 90% selectivity, branch misprediction penalty accumulates significantly.

**Optimization Applied:**
Switched to **CPU-bound strategy using SIMD vectorization**:

1. **SIMD Date Comparison**: Process 8 dates simultaneously using AVX2:
   - Load 8 int32_t dates with `_mm256_loadu_si256`
   - Compare all 8 against threshold with `_mm256_cmpgt_epi32`
   - Extract results as bitmask with `_mm256_movemask_ps`

2. **Branch Reduction**: Replace per-row conditional branch with a single vectorized comparison + mask extraction, reducing mispredictions from ~54M to ~7M.

3. **Maintains Correctness**: 
   - Preserves all [TIMING] instrumentation inside #ifdef guards
   - Preserves encoding logic and output format
   - Fallback scalar tail for remaining rows ensures no data loss

**Expected Impact:**
- Vectorized comparison: ~1-2 instructions per 8 rows vs. 8 mispredicted branches
- Estimated speedup: **8-15% improvement** (from 50.89ms → ~43-47ms)
- This is a different optimization category than failed iter 9, reducing regression risk

The binary has been successfully compiled and is ready for execution and validation.