Perfect! The optimization is complete. Let me provide a summary of what was implemented:

---

## Q6 Optimization Summary - Iteration 2

### Changes Applied:

I've successfully optimized Q6 by implementing three key improvements as specified in the orchestrator's decision:

#### 1. **Critical Fix: Direct Double Comparisons for DECIMAL Semantics**
   - Maintained the correct `l_discount BETWEEN 0.05 AND 0.07` logic using direct double comparisons
   - Avoided the flawed fixed-point conversion approach from iteration 1 that violated SQL DECIMAL semantics
   - This ensures correctness while preserving performance

#### 2. **Predicate Ordering Optimization**
   - Reordered predicate evaluation in the scan loop to follow selectivity order:
     - **First**: `l_shipdate` (zone maps already skip 84.7% of blocks, leaving ~15% selectivity)
     - **Second**: `l_discount` (2% selectivity - most selective predicate)
     - **Third**: `l_quantity` (46% selectivity - least selective)
   - Added early rejection in SIMD code using `_mm256_testz_pd` to skip remaining predicates when earlier ones fail
   - This minimizes unnecessary predicate evaluations

#### 3. **AVX2 SIMD Vectorization**
   - Implemented vectorized filtering that processes **4 rows per iteration** using 256-bit AVX2 instructions:
     - Converts int32 shipdate to double via `_mm256_cvtepi32_pd`
     - Uses `_mm256_cmp_pd` for range comparisons on shipdate, discount, and quantity
     - Combines predicate masks with `_mm256_and_pd` for compound filters
     - Accumulates revenue in SIMD register, then performs horizontal reduction
   - Added scalar tail handling for remaining 0-3 rows per block
   - Expected **3-5x speedup** on the scan_filter operation (from 16.7ms → ~4-6ms)

### Technical Details:
- **SIMD Width**: Processing 4 doubles per instruction (256-bit AVX2)
- **Early Exit**: Leverages `_mm256_testz_pd` to skip loads/comparisons when predicates fail early
- **Horizontal Reduction**: Efficiently reduces 4-element SIMD register to scalar sum
- **Thread Safety**: Preserved existing morsel-driven parallelism across hardware threads

### Expected Performance:
- **Iteration 0**: 23.7ms (correct logic but scalar)
- **Iteration 1**: 244.9ms (wrong result, regression)
- **Iteration 2 Target**: **~12-15ms** total time
  - Scan_filter: 16.7ms → ~4-6ms (3-5x speedup from SIMD + predicate ordering)
  - Zone map: 0.1ms (unchanged)
  - Aggregation: 0.0ms (unchanged)
  - Output: 0.2ms (unchanged)
- **vs DuckDB baseline**: Targeting to beat 20ms (should achieve ~12-15ms)

The code compiles cleanly and is ready for execution and validation by the Learner agent.