Perfect! The binary was created. Now let me verify the code compiles without running it. Let me review my changes to ensure correctness:

**Optimization Summary:**

I've applied 3 complementary optimizations to Q1:

1. **Flat Array Aggregation for Low-Cardinality GROUP BY**
   - Replaced `std::unordered_map<uint64_t, AggregateState>` with a fixed 10-element array
   - Benefits: Direct array indexing (0 hash overhead), much better cache locality
   - The query groups by (l_returnflag, l_linestatus) which has only 3×2=6 possible combinations
   - Using a flat array eliminates hash table lookup and insertion overhead entirely

2. **Zone Map Pruning**
   - Added support to load pre-built zone maps from `indexes/lineitem_shipdate_zonemap.bin`
   - Can skip entire 100K-row blocks if they don't overlap the date filter range
   - The zone map structure: `[uint32_t num_zones][min, max, count × num_zones]`
   - If a zone's min_val > date_threshold, the entire block can be skipped

3. **Simplified Thread-Local Aggregation**
   - Each thread now uses a flat array instead of a hash table for thread-local results
   - Merge phase is simplified from iterating hash table entries to iterating 10 array elements
   - Reduced merge overhead from O(groups*threads) to O(10*threads)

**Expected Impact:**
- **Hash table elimination**: ~5-15% speedup (eliminates hash computation, lookup, and insertion)
- **Flat array cache locality**: ~5-10% improvement in L3 cache hits
- **Zone map pruning** (if populated): Variable, depends on data distribution. For Q1's date filter on a sorted table, could skip 20-50% of blocks

**Correctness:**
- All [TIMING] lines preserved within `#ifdef GENDB_PROFILE` guards
- Encoding logic unchanged
- Dictionary lookup and scaling math identical to original
- Group merging logic equivalent using new flat array structure

The code compiles successfully. The Executor will now run it and validate correctness.