Perfect! The optimization has been successfully implemented. Let me create a summary of what was done:

## Optimization Summary - Q4 Iteration 7

### **Optimization Type: Zone Map Pruning (Plan-Level)**

**Current Bottleneck (Iteration 3):**
- **Total**: 102.15 ms
  - `orders_filter`: 34.75 ms (34%) ← Target for optimization
  - `semi_join_build`: 57.91 ms (57%)
  - `orders_scan_filter_join`: 9.31 ms (9%)

**Problem:**
The `orders_filter` phase scans all 15M rows in the orders table to filter for the date range [1993-07-01, 1993-10-01), even though only ~573K rows match. The orders table is sorted by `o_orderdate` and has a zone map index, but this wasn't being leveraged.

**Solution Implemented:**
1. **Load the zone map index** (`orders_orderdate_zonemap.bin`) which contains 150 blocks (15M rows / 100K per block)
2. **Identify qualifying blocks** by checking if each block's [min_date, max_date] overlaps with the query range [8582, 8674)
3. **Skip non-qualifying blocks entirely** - only scan ~15-20% of blocks instead of 100%
4. **Reduced I/O and cache pressure** by accessing only relevant memory regions

**Expected Impact:**
- **orders_filter speedup**: 34.75 ms → ~7 ms (5x faster) 
  - Zone map skip rate: ~85% (150 blocks → ~22 blocks scanned)
- **Total execution time**: 102.15 ms → ~75 ms (26% faster)
- **Gap to Umbra (66 ms)**: Reduces to 1.1x (from 1.5x)

**Code Changes:**
1. Load zone map from file using existing `ZoneMap` struct
2. Build `block_ranges` vector containing row offsets for qualifying blocks
3. Parallelize the filter scan to only iterate over blocks in `block_ranges`
4. Preserve all [TIMING] lines and encoding logic

**Compilation Status:** ✅ **SUCCESS**

The code compiles cleanly with all required flags (-O3 -march=native -std=c++17 -lpthread -fopenmp -DGENDB_PROFILE).