Perfect! Compilation successful. Now let me create a summary of the optimizations:

## Summary of Optimizations for Iteration 8

### Bottleneck Analysis
**Iteration 7 Performance:**
- Total: 856.6 ms
- `build_semijoin_set`: 832.74 ms (97% of execution time) ← **PRIMARY BOTTLENECK**
- `filter_and_group`: 23.78 ms
- Other operations: negligible

### Optimizations Applied

**1. Single-Pass Semi-Join Construction (Iter 7 → Iter 8)**
   - **Problem**: Original code counted matching rows first (full scan), then collected them (second scan)
   - **Solution**: Removed the counting phase. Pre-allocate hash set to `LINEITEM_ROW_COUNT * 2/5` based on domain knowledge (~40% of lineitem rows match the `l_commitdate < l_receiptdate` condition)
   - **Impact**: Eliminates ~1 full scan of 60M rows, saves ~400+ ms
   - **Correctness**: Maintains exact semantics — still deduplicates via hash set insertion

**2. Zone Map Pruning for Orders Date Filter**
   - **Problem**: Filter phase scans all 15M order rows even though only ~3-4% fall in the date range [1993-07-01, 1993-10-01)
   - **Solution**: Load zone map index (`orders_o_orderdate_zone.bin`), build block ranges excluding blocks that don't overlap with date predicate before main filter loop
   - **Impact**: Reduces orders scan by ~95%, estimated ~10-15 ms additional savings in filter phase
   - **Zone Map Structure**: [uint32_t num_zones] followed by [min:int32_t, max:int32_t, row_count:uint32_t] per zone
   - **Pruning Logic**: Skip blocks where `max_val < DATE_START` or `min_val >= DATE_END`

**3. Maintained Optimizations**
   - Open-addressing hash set (`CompactHashSet`) for O(1) lookups with better cache locality than `unordered_map`
   - Thread-local aggregation with flat array for low-cardinality GROUP BY (5 priority values)
   - Parallel data collection with batch merging to avoid lock contention
   - OpenMP schedule hints for load balancing

### Expected Performance Improvement
- **Estimated savings**: 400+ ms (single-pass) + 10-15 ms (zone map) = **~415+ ms**
- **Target**: ~440 ms execution time (from 856.6 ms → ~47% of current time)

### Compilation Status
✅ **Successful** — No errors, clean warning-free build