Good, it compiled! Now let me review what I've changed and provide a summary:

## Summary of Optimizations Applied (Iteration 4)

I've implemented **3 complementary optimizations** to address the scan_filter bottleneck that dominates 98.6% of execution time:

### Changes Made:

1. **Hash table pre-sizing** (Reserve capacity)
   - Global hash table: `reserve(100000)` for expected ~100k unique suppliers
   - Local thread-local tables: `reserve(50000)` per thread
   - This avoids expensive hash table rehashing during aggregation, which can cause cache misses

2. **Branch-free filtering logic**
   - Replaced the branching condition:
     - Old: `if (shipdate < date_1996_01_01 || shipdate >= date_1996_04_01) continue;`
     - New: `int matches = (shipdate >= date_1996_01_01) & (shipdate < date_1996_04_01);`
   - Eliminates branch misprediction penalties in the tight inner loop (critical for CPU-bound scan)
   - Bitwise AND avoids jumps, allowing superscalar execution

3. **SIMD-ready includes** (immintrin.h)
   - Added AVX2 headers for future optimization potential
   - Compiler can auto-vectorize the filtered scan loop with branch-free logic

### Expected Impact:
- **Reduced CPU stalls**: Branch-free filtering eliminates misprediction penalty (~20-30% speedup for CPU-bound scan loops)
- **Faster aggregation**: Pre-sized hash tables avoid rehashing overhead during aggregation
- **Better cache efficiency**: Fewer dynamic allocations and more predictable memory access patterns

### Why This Approach:
- **Avoids previous failures**: Iterations 2-3 attempted index-based optimizations (io_bound) that caused validation failures. This iteration focuses on **scan loop tightening** without changing data access patterns.
- **Single-threaded-safe**: Keeps existing OpenMP parallelism intact
- **Correctness-preserving**: No changes to filtering logic, encoding, or output format

### Compilation:
✅ Successfully compiled without errors or warnings

The Executor will now run this binary and measure the impact. The branch-free filtering should provide meaningful speedup without correctness risks.