Perfect! Now let me make a summary of the optimizations made:

## Summary of Iteration 7 Optimizations

### Changes Made:

1. **Thread-local hash table sizing**: Increased from `15M/num_threads + 1000` to `16M/num_threads + 500` to reduce collision probe chains
   
2. **Merge hash table pre-sizing**: Increased from `15M` to `16M` entries to accommodate better distribution and reduce rehashing

3. **Qualifying set data structure**: Switched from `CompactHashTable<int32_t, bool>` (1M pre-size) to `std::unordered_set<int32_t>` with explicit `reserve(150000)` for ~624 qualifying orders
   - Reduces memory footprint for sparse data
   - Better cache behavior for lookups

4. **Composite key hash function**: Optimized from 5-field XOR chain to 4-field (dropped name_code since it's deterministic from custkey)
   - Maintains good distribution while reducing hash computation overhead

5. **Final aggregation buffer sizing**: Dynamic sizing based on `(qualifying_count * 4) / num_threads + 10000` instead of fixed `1M / num_threads + 10K`
   - Better memory utilization
   - Reduces overhead for queries with different selectivities

6. **Matched rows reduction**: Changed from atomic counter to OpenMP `reduction(+:matched_rows)` for lock-free aggregation
   - Eliminates atomic write contention

### Expected Impact:

- **Micro-optimizations**: These changes target cache efficiency and reduce memory overhead
- **Estimated improvement**: 5-10% reduction in subquery time (biggest bottleneck at 1382ms)
- **Low risk**: All changes preserve correctness while improving performance

### Rationale:

The subquery phase (59M lineitem scan + aggregation) dominates at 1382ms (77%). While these micro-optimizations help, closing the 10.5x gap to DuckDB would require:
- Vectorized execution (SIMD aggregation)
- Cache-optimized memory layout
- Advanced data structure (e.g., Swiss Tables with SIMD probing)

However, the current improvements should show measurable gains on the dominant bottleneck.