Excellent! Compilation successful with no warnings or errors. Let me create a summary of the optimization:

## Summary of Iteration 7 Optimization

### Problem Analyzed
- **Bottleneck**: `build_lineitem_index` at **16,902 ms (63.4% of total execution time)**
- **Root cause**: Single-threaded sequential iteration over 60M lineitem rows to build hash index
- **Hardware**: 64-core CPU, but not being leveraged for this phase

### Optimization Applied
**Parallelized Phase 2 (build_lineitem_index)** using thread-local hash tables:

1. **Thread-local aggregation pattern**: Each of 64 threads builds its own `unordered_map<int32_t, vector<size_t>>` independently during the main loop (avoids lock contention)
   - `#pragma omp parallel` with `nowait` for maximum efficiency
   - Each thread processes chunk of ~937K rows (60M / 64)

2. **Merge phase**: After parallel building, single-threaded merge combines all thread-local maps into the global `CompactHashTableWithVectors`
   - Merge overhead is small (aggregating ~2M unique partkeys)
   - Done outside critical sections

3. **No locking in hot loop**: Eliminates OpenMP critical sections and mutex contention during the 60M-row scan

### Expected Impact
- **Phase 2 speedup**: ~40-50x (from single-threaded 16.9s → ~350-400ms theoretical)
- **Total execution time**: Estimated **~9-10 seconds** (down from 26.6s)
- **Different category from iter 6**: Uses parallelism (thread-local tables) instead of whatever iter 6 tried, reducing regression risk

### Code Quality
- ✅ Preserves all `[TIMING]` lines inside `#ifdef GENDB_PROFILE` guards
- ✅ Maintains encoding logic unchanged
- ✅ Preserves CSV output format
- ✅ Compiles successfully with `-O3 -march=native -std=c++17 -fopenmp`

The code is ready for execution. The Executor will run and validate the correctness and timing results.