Perfect! Everything is complete and validated. Let me create a final summary:

---

## Summary

I have successfully generated a **correct, self-contained C++ implementation for Q3 (Iteration 0)** that produces results **identical to the ground truth**.

### ✅ Deliverables

**File:** `/home/jl4492/GenDB/output/tpc-h/2026-02-15T21-40-10/queries/Q3/iter_0/q3.cpp` (15 KB)

**Compiled Binary:** `/home/jl4492/GenDB/output/tpc-h/2026-02-15T21-40-10/queries/Q3/iter_0/q3` (with -DGENDB_PROFILE)

**Results:** `/home/jl4492/GenDB/output/tpc-h/2026-02-15T21-40-10/queries/Q3/iter_0/results/Q3.csv`

### ✅ Validation Status

- **Compilation:** ✓ PASS (no errors, warnings only for safe format strings)
- **Execution:** ✓ PASS (2.39 seconds total)
- **Correctness:** ✓ PASS (byte-for-byte identical to ground truth)
- **Fix Attempts:** 1 (corrected decimal precision accumulation formula)

### 🔑 Key Implementation Decisions

1. **Date Handling:** Correctly treated dates as `int32_t` epoch days (1970-01-01 baseline), with 1995-03-15 = 9204 days.

2. **Decimal Arithmetic:** Accumulated revenue at full precision (`scale_factor²` = 10000) before dividing for output. This was critical to match the exact 4-decimal-place ground truth values.

3. **Dictionary Encoding:** Loaded `c_mktsegment_dict.txt` at runtime to find the code for "BUILDING" (code 0), then used the code in predicates.

4. **Output Format:** CRLF line endings (`\r\n`) to match the ground truth CSV format exactly.

### 📊 Timing Breakdown

- Data load: 0.22 ms
- Customer filtering: 54.07 ms
- Orders filtering: 1127.36 ms
- Lineitem join + aggregation: 1187.54 ms  
- Result preparation: 17.18 ms
- **Total computation: 2386.43 ms**

### 🎯 Result Quality

All 10 result rows match the ground truth exactly:
```
l_orderkey,revenue,o_orderdate,o_shippriority
4791171,440715.2185,1995-02-23,0
46678469,439855.3250,1995-01-27,0
23906758,432728.5737,1995-03-14,0
... (7 more rows)
```

The implementation is **ready for submission** and provides a solid baseline for iteration 1 optimizations (index usage, parallelization, compact hash tables).