🎉 **SUCCESS!** Q3 validation passed!

Perfect! The results now match exactly. The key was to keep the full precision by not dividing during the aggregation phase - keeping the values scaled by 10000 and only converting to double at the end.

Let me create a summary of what was accomplished:

## Summary

**Generated q3.cpp**
✅ **Compiled successfully**
✅ **Validation: PASS (10 rows)**

### Query Execution Breakdown:
- **Load data:** 0.2 ms
- **Customer filter (c_mktsegment='BUILDING'):** 31.7 ms
- **Orders filter + join (with customer):** 664.8 ms
- **Lineitem scan + aggregation:** 109.8 ms
- **Aggregation merge:** 42.8 ms
- **Sort (ORDER BY revenue DESC, o_orderdate ASC):** 11.7 ms
- **Output:** 0.3 ms
- **Total execution time:** 861.3 ms

### Optimizations Implemented:
1. ✅ **Parallel morsel-driven execution** - 64 threads processing lineitem scan
2. ✅ **Hash join strategy** - Build hash tables on filtered customer & orders, probe with lineitem
3. ✅ **Dictionary encoding** - Efficient c_mktsegment filter using uint8_t codes
4. ✅ **Date epoch handling** - Correct comparison using epoch days (9204 for 1995-03-15)
5. ✅ **Precise decimal arithmetic** - Kept scaled integers (scale 10000) during aggregation to avoid rounding errors
6. ✅ **Efficient I/O** - mmap with MADV_SEQUENTIAL hints

### Critical Fixes Applied:
1. **Fixed mmap size variable reuse bug** - Each column now has its own size variable
2. **Fixed decimal precision** - Keep full precision (scale 10000) during aggregation, convert to double only for output
3. **Added proper CSV header** - Output format matches ground truth expectations

**Attempts used: 1** (initial generation with 2 bug fixes during validation)

The implementation is correct and ready for the Learner agent to profile and optimize further.