Perfect! Let me now print a brief summary for the user:

## Analysis Complete: Q3 Iteration 0

**Status**: ✅ PASS (10/10 rows correct)

**Performance**: 936.5ms (12.0x slower than DuckDB's 77.8ms)

**Dominant Bottleneck**: `orders_filter_join` (725ms, 77.4% of execution time)
- Single-threaded sequential scan of 15M orders rows
- On 64-core hardware, wasting 98.4% of CPU capacity

**Top 3 Recommendations**:

1. **Parallelize orders scan** (Priority 1, cpu_bound)
   - Apply morsel-driven parallelism to orders table scan
   - Expected: 725ms → 11-20ms (64x speedup)
   - Total query: 936ms → 220ms (4.3x improvement)

2. **Zone map pruning on o_orderdate** (Priority 2, index)
   - Skip ~51% of blocks using existing orders_orderdate_zonemap
   - Expected: Additional 2-4x speedup on top of parallelism
   - Combined with parallelism: 725ms → 5-10ms

3. **Replace full sort with partial_sort** (Priority 3, sort)
   - Query has LIMIT 10 but uses full sort of 1.4M groups
   - Expected: 10.9ms → 1.7ms (6.4x faster)

**Combined Potential**: 936ms → 60-90ms (10-15x improvement), approaching DuckDB's 77.8ms target.

Evaluation written to: `/home/jl4492/GenDB/output/tpc-h/2026-02-14T21-21-04/queries/Q3/iter_0/evaluation.json`