[METADATA CHECK] Q3 Query
  - DATE_THRESHOLD (1995-03-15): 9204 epoch days
  - c_mktsegment='BUILDING' code: 0
  - Decimal scale_factor: 100
[TIMING] load: 0.13 ms
[METADATA CHECK] Loaded 1500000 customers, 15000000 orders, 59986052 lineitems
[TIMING] filter_customer: 290.51 ms
[METADATA CHECK] Filtered customers: 300276
[TIMING] filter_orders: 7465.75 ms
[METADATA CHECK] Filtered orders: 7289442
[TIMING] join1: 2366.57 ms
[METADATA CHECK] Orders after join with customer: 1461923
[TIMING] filter_lineitem: 34216.15 ms
[METADATA CHECK] Filtered lineitem: 32334250
[TIMING] join2: 2286.63 ms
[METADATA CHECK] Joined lineitem-orders: 302114
[TIMING] aggregation: 16.59 ms
[METADATA CHECK] Aggregation groups: 114003
[TIMING] sort: 11.46 ms
[TIMING] output: 0.16 ms
[TIMING] total: 46655.04 ms
Output written to ./results/Q3.csv
Results: 10 rows
