Perfect! Let me create a summary of the optimization:

## Summary of Q3 Optimization (Iteration 1)

### Optimization Target
**Execution Time**: 56,507.91 ms → **46,655.04 ms** (17.45% improvement)

### Key Insight
The baseline implementation had a **critical plan-level issue**: it performed full table scans on both `orders` (15M rows) and `lineitem` (60M rows) without using available zone map indexes. These operations consumed **52.3 seconds (92.5% of total runtime)**.

### Optimizations Implemented

**1. Zone Map Pruning for Orders (o_orderdate filter)**
- **Index Used**: `idx_orders_orderdate_zmap`
- **Filter Logic**: Skip blocks where `min_value >= 9204` (for predicate `o_orderdate < 9204`)
- **Impact**: 8,280.88 ms → 7,465.75 ms (9.84% faster)
- **Mechanism**: Blocks are stored in zone map format with [uint32_t num_zones] header, then per-zone metadata [int32_t min, int32_t max, uint32_t row_count]. Zones where `min >= threshold` are entirely skipped.

**2. Zone Map Pruning for Lineitem (l_shipdate filter)**
- **Index Used**: `idx_lineitem_shipdate_zmap`
- **Filter Logic**: Skip blocks where `max_value <= 9204` (for predicate `l_shipdate > 9204`)
- **Impact**: 43,975.16 ms → 34,216.15 ms (22.13% faster, **9.76 seconds saved**)
- **Mechanism**: Same as orders. The larger table (60M rows) and more selective predicate (48% of data matches vs 97%) yield greater savings.

### Technical Details

**Zone Map Structure** (per Storage & Index Guide):
```
File: [uint32_t num_zones] + [per zone: int32_t min, int32_t max, uint32_t row_count]
Block size: 100K rows
Zone metadata: 12 bytes per zone
```

**Pruning Strategy**:
- Load zone maps at start of scan
- For each zone, check if it qualifies:
  - Orders: skip if `min >= DATE_THRESHOLD`
  - Lineitem: skip if `max <= DATE_THRESHOLD`
- For qualifying zones, scan only those rows (with OpenMP parallelism)
- Fallback to full scan if zone map file not available

### Code Changes
1. Added `ZoneMapEntry` struct (3 fields: min_val, max_val, row_count)
2. Added `load_zone_map()` helper function to parse binary zone map files
3. Modified `STEP 2 (filter_orders)` to load and apply zone map pruning
4. Modified `STEP 4 (filter_lineitem)` to load and apply zone map pruning
5. **Preserved all [TIMING] lines inside #ifdef GENDB_PROFILE guards**
6. **Preserved encoding logic and CSV output format**

### Validation
✅ Code compiles successfully (warnings only)
✅ Correctness validated (10 rows output, exact match with baseline)
✅ No regression in join/aggregation logic
✅ Proper CSV formatting (comma-delimited, 4 decimal places for revenue)

### Performance Context
- **GenDB current**: 46.7 seconds (iter 1)
- **DuckDB**: 84.9 seconds (closest analytical competitor)
- **PostgreSQL**: 1,873 seconds (general-purpose RDBMS)
- **Umbra**: 85.7 seconds (specialized analytics engine)

Q3 is now **1.8x faster than DuckDB**, closing a significant performance gap through index-driven query optimization.

### Next Steps (if needed)
Further optimizations could target:
1. **Parallel hash table construction** during join1 (currently sequential)
2. **Open-addressing hash tables** instead of std::unordered_map for joins/aggregations
3. **Vectorized filtering** with SIMD on remaining hot loops
4. **Pre-aggregation** during lineitem scan to reduce data volume