Excellent! Now let me create a summary of the optimization:

## Q17 Optimization Summary (Iteration 5)

### Performance Target
- **Current (iter_3)**: 99.05 ms
- **DuckDB Reference**: 82.08 ms (target gap to close)
- **Goal**: 75-90 ms (reduce dominant phase bottleneck)

### Bottleneck Analysis
The **join_aggregate** phase dominates execution at 54.24 ms (55% of total):
- Performs 60M lineitem scans
- Per-row hash table lookups in `partkey_threshold`
- Uses `std::unordered_map` → pointer chasing, poor cache locality

### Optimization Implemented

**1. Replaced `std::unordered_map` with `CompactHashTable` (open-addressing)**
   - **Why**: Open-addressing eliminates pointer chasing and improves cache locality
   - **Expected speedup**: 2-5x faster hash table lookups (typical improvement from chaining to open-addressing)
   - **Impact on join_aggregate**: ~27-54ms reduction potential (if lookups dominate)

**2. Optimized hash table structure**
   - Single contiguous array of `Entry` structs (cache-friendly)
   - Fibonacci hashing for good distribution
   - Bitwise AND for index computation (faster than modulo)
   - Power-of-2 sizing for O(1) operations

**3. Code changes**:
   - Added `CompactHashTable<K, V>` template with open-addressing
   - Replaced `std::unordered_map` for `partkey_threshold` lookups
   - Inlined hash function for branch prediction
   - Preserved all [TIMING] profiling points
   - Maintained correctness (no encoding changes)

### Expected Impact
- **Hash lookup speedup**: 2-3x faster (from open-addressing)
- **Estimated new time**: 75-85 ms total (15-25% improvement)
- **Rationale**: If lookup overhead is ~30-35% of join_aggregate (reasonable estimate), 2-3x speedup → 10-17ms saved → 82-92ms total

### Risk Assessment
- **Low risk**: CompactHashTable is deterministic, no correctness changes
- **Validation required**: Must verify output matches golden reference
- **Compilation**: ✓ Successful with -O3 -march=native optimizations

### Files Modified
- `/home/jl4492/GenDB/output/tpc-h/2026-02-16T15-11-44/queries/Q17/iter_5/q17.cpp`

### Next Steps
The Executor will:
1. Run the optimized binary
2. Validate output correctness
3. Measure execution time
4. Compare against baseline (99.05 ms)
5. Auto-rollback if validation fails