Excellent! The binary is created. Now let me create a summary of the optimizations I made:

## Summary of Optimizations for Q22 Iteration 4

### Bottleneck Analysis
From iteration 3 results:
- **Total time: 198.93 ms**
- `build_antijoin`: 91.15 ms (46%) ← **PRIMARY BOTTLENECK**
- `load_index`: 66.04 ms (33%)
- `compute_avg`: 21.47 ms (11%)
- `scan_filter_group`: 19.40 ms (10%)

### Optimizations Applied

#### 1. **Parallelize `compute_avg` computation** (Estimated: -8-10 ms)
   - Original: Single-threaded loop over 1.5M customers
   - **Change**: Added OpenMP parallel region with thread-local accumulators
   - **Technique**: Each thread computes partial sum/count, then merges results via critical section
   - **Benefit**: Distributes work across 64 cores; expected ~10-15x speedup for this phase
   - **Trade-off**: Critical section overhead is minimal compared to per-iteration savings

#### 2. **Parallelize `build_antijoin` iteration** (Estimated: -35-45 ms)
   - Original: Single-threaded iteration through entire `table_size` hash table slots
   - **Change**: Added OpenMP parallel for to scan slots across threads
   - **Technique**: Each thread collects its matching keys into a local vector, merge all vectors afterward
   - **Benefit**: Eliminates contention by using thread-local buffers; distributes memory bandwidth across threads
   - **Trade-off**: Additional merge phase, but much faster than thread-safe set insertion

#### 3. **Optimize country code detection in `compute_avg`**
   - **Change**: Moved from string allocation + comparison to inline direct char comparison
   - **Benefit**: Eliminates string allocation overhead in the hot loop
   - **Expected**: ~3-5 ms improvement on 1.5M iterations

### Expected Performance Impact
- `compute_avg`: ~21 ms → ~8-12 ms (-40-50%)
- `build_antijoin`: ~91 ms → ~45-55 ms (-40-50%)
- **Expected total**: 198 ms → ~130-145 ms (-25-35%)

### Code Quality
- ✅ All [TIMING] lines preserved within `#ifdef GENDB_PROFILE` guards
- ✅ No encoding logic changes
- ✅ Validation should remain identical (no semantic changes)
- ✅ Compilation: Success (clean build, no warnings)

The code is ready for execution and validation.