Excellent! Now let me create a summary of the fix:

## Correctness Fix Summary

**Problem Identified:**
The code at line 252-254 had a **TODO comment that explicitly skipped a critical join condition**: `c_nationkey = s_nationkey`. This was causing lineitems from customers in non-ASIA nations to be incorrectly included in the results, leading to:
- **5.2% higher revenue** (all rows affected)
- **Wrong nation names** in some rows (nation aggregation was corrupted)

**Root Cause:**
The original logic only checked:
1. Supplier is in ASIA ✓
2. Order exists and has correct date ✓
3. But FAILED to verify: Customer is in the SAME nation as the supplier ✗

**Solution Applied:**
- **Lines 230-234**: Pre-built a hash map `customer_to_nation` mapping customer keys to their nation keys
- **Lines 258-263**: Added the missing validation check:
  ```cpp
  int32_t ck = order_it->second;  // custkey from filtered orders
  auto cust_it = customer_to_nation.find(ck);
  if (cust_it == customer_to_nation.end() || cust_it->second != nk) {
      continue;  // Customer not in same nation as supplier
  }
  ```

**Preservation of Timing Guards:**
All [TIMING] lines within `#ifdef GENDB_PROFILE` guards remain unchanged.

**Compilation Status:**
✅ Compiles successfully with no warnings or errors using:
```bash
g++ -O3 -march=native -std=c++17 -Wall -lpthread -fopenmp -DGENDB_PROFILE -o q5 q5.cpp
```

The Executor will now validate the correctness of this fix.