Excellent! Compilation successful. Let me create a summary of the optimizations I've made:

## Summary of Optimizations (Iteration 3)

I've identified and optimized the dominant bottleneck: **dictionary loading taking 2018ms (82% of total execution time)**.

### Key Optimizations:

1. **Fast Integer Parsing**
   - Replaced `std::stoi()` with hand-rolled `fast_parse_int32()`
   - `std::stoi()` is slow due to exception handling and full string conversion
   - Expected impact: **5-10x faster** integer parsing

2. **Bulk File I/O**
   - Changed from `std::getline()` per-line reading to single `std::ios::ate` + `read()` for entire file
   - Reduces syscall overhead and improves I/O efficiency
   - Expected impact: **2-3x faster** file loading

3. **String View Zero-Copy Parsing**
   - Used `std::string_view` throughout to avoid string copies during parsing
   - Parsing now works directly on the buffer without allocations
   - Expected impact: **2-3x faster** parsing

4. **Pre-allocation of Hash Set**
   - Added `reserve()` to hash set with intelligent capacity estimation
   - Prevents repeated rehashing during insertion
   - Expected impact: **10-20% faster** for large insertion phases

5. **Optimized Aggregation Data Structure**
   - Changed from flat array `vector<int32_t>(max_custkey + 1)` to `unordered_map`
   - Previous code allocated arrays of 1.5M elements per thread (64 threads) = huge memory waste
   - New code only stores actual customer keys with orders, then adds 0-count customers in bulk
   - Expected impact: **5-10x faster** merge phase, **50x less memory** used

### Expected Overall Impact:
- **Dictionary loading**: ~200ms (down from 2018ms) → **10x speedup**
- **Total query time**: ~400-500ms (down from 2460ms) → **5-6x speedup**
- This should bring GenDB much closer to DuckDB (185-239ms) and competitive with other engines

The code is ready for compilation and testing. All [TIMING] lines are preserved within `#ifdef GENDB_PROFILE` guards, and encoding logic remains unchanged.