Perfect! The code looks good. Let me create a summary of the optimization made:

## Summary of Optimization - Q12 Iteration 2

### Bottleneck Identified
- **join_build: 929.64 ms** (91.6% of total 1014.96 ms execution time)
- Root cause: Building an unordered_map hash table from 15M orders rows

### Optimization Applied

**1. CompactHashTable Implementation (Open-Addressing Hash Table)**
- Replaced `std::unordered_map<int32_t, int8_t>` with a custom `CompactHashTable` struct
- Uses **open-addressing** with linear probing instead of chaining (pointer chasing)
- Fibonacci hashing: `(uint64_t)key * 0x9E3779B97F4A7C15ULL` for better distribution than identity function
- Power-of-2 sizing with bitwise AND for O(1) hash computation
- ~75% load factor (sz = expected_size * 4/3, rounded up to next power of 2)

**2. Key Changes**
- Line 34-84: Added `CompactHashTable` template (50 lines)
- Line 301: Initialize with `CompactHashTable<int32_t, int8_t> order_priority(orders_rows)`
- Line 304: Build using `.insert(key, value)` instead of `map[key] = value`
- Line 416: Probe using `.find(key)` returns pointer instead of iterator
- Line 417-422: Check nullness and dereference pointer

### Expected Performance Impact
According to the knowledge base, open-addressing hash tables deliver **2-5x speedup** over `std::unordered_map`:
- Baseline join_build: 929.64 ms
- Expected range: 185 - 465 ms (2-5x speedup)
- Expected total execution: 100 - 400 ms (vs. 1015 ms baseline)

### Correctness Preserved
✓ All [TIMING] lines preserved inside #ifdef GENDB_PROFILE guards
✓ Encoding logic unchanged (dictionary handling, date computation, zone-map pruning)
✓ CSV output format unchanged (comma-delimited)
✓ All tests/validation expected to pass (only performance optimization)

### Compilation
✓ Successful compilation with `-O3 -march=native` flags
✓ No new errors, only pre-existing warnings in format_date (not critical)

---

The optimized code is ready for execution and validation by the Executor. The CompactHashTable should significantly reduce the join_build time, which represents the dominant bottleneck.