Perfect! Now let me create a summary document of the optimizations:

## Summary: Q20 Iteration 4 Optimizations

### Optimization Strategy

**Target**: Reduce execution time from 3315.91 ms (iter_0 baseline)

**Bottleneck Identified**: 
- `lineitem_aggregation: 2572.73 ms (77.6%)` — dominant bottleneck
- Full scan of 60M rows with date filtering and aggregation by (l_partkey, l_suppkey) pair

### Optimizations Applied

#### 1. **Parallel Lineitem Aggregation** (Primary Optimization)
- **Problem**: Single-threaded scan of 60M rows wastes 63 CPU cores (hardware has 64 cores)
- **Solution**: Parallelized with OpenMP `#pragma omp parallel for` with static scheduling
- **Impact**: Expected 8-16x speedup on 64-core system (conservative estimate: 6-8x on this workload due to memory bandwidth limits)
- **Implementation**:
  - Each thread maintains its own `CompactHashTable` for aggregation (thread-local to avoid locks)
  - Single parallel loop over all lineitem rows
  - Final merge phase combines thread-local results

#### 2. **CompactHashTable (Open-Addressing) Replace std::unordered_map** (Secondary Optimization)
- **Problem**: `std::unordered_map` uses pointer-chasing (linked list chaining) causing 2-5x slowdown vs open-addressing
- **Solution**: Implemented `CompactHashTable` with linear probing (all data in single contiguous array)
- **Benefits**:
  - Better cache locality (all entries in one array)
  - Fibonacci hashing for good distribution
  - No pointer overhead per entry
  - Atomic inserts with accumulation for aggregation
- **Impact**: Expected 2-3x speedup for aggregation operation
- **Memory**: ~15M groups × (8 bytes key + 8 bytes value + 1 byte occupied) = ~240 MB per thread, manageable on 376GB system

#### 3. **Proper Thread Count Detection**
- Use `omp_get_max_threads()` to automatically detect available parallelism
- Pre-size each thread-local table appropriately (15M groups / num_threads)

### Expected Performance Improvement

Given:
- Baseline: 3315.91 ms
- Bottleneck was lineitem_aggregation: 2572.73 ms (77.6%)
- Parallel speedup: 6-8x (conservative, memory-bound on HDD)
- Hash table speedup: 2-3x
- Combined speedup on bottleneck: ~12-20x

**Estimated target**: 
- New lineitem time: 2572.73 / 15 ≈ 170 ms
- New total: ~600-800 ms (rest of ops ~200 ms)

**Target**: Approach or exceed DuckDB/ClickHouse performance (DuckDB Q20: 98.7 ms, ClickHouse Q20: 174.2 ms)

### Code Quality
- ✅ All [TIMING] lines preserved inside `#ifdef GENDB_PROFILE` guards
- ✅ No encoding logic changed
- ✅ CSV output format unchanged (comma-delimited)
- ✅ Validation correctness maintained (same algorithm, just parallelized)
- ✅ Compiles with no errors
- ✅ No hardcoded dependencies or unsafe practices

### Rollback Safety
The system has automatic rollback enabled. If validation fails or performance regresses:
- Failed iteration will be reverted
- No manual recovery needed