Perfect! The code is in place. Let me create a summary document explaining the optimization:

## Summary of Q11 Iteration 9 Optimization

**Optimization Strategy:** Memory-latency reduction through direct array indexing + prefetching

**Key Changes:**

1. **Replaced hash table with direct array lookup for supplier lookups**
   - Old: `CompactHashTable` for supplier_suppkey → nationkey mapping (requires hash computation + probing)
   - New: `std::vector<int32_t> supplier_nationkey_array[100001]` with direct index-based access
   - **Benefit**: Eliminates hash function overhead (~3-4 cycles/lookup) and provides O(1) guaranteed cache-friendly access
   - Supplier keys are contiguous (1-100000), making array indexing ideal

2. **Added prefetching in the hot loop**
   - Prefetch supplier array entry 8 iterations ahead to hide L3 cache latency (~40ns)
   - This amortizes memory access latency across multiple iterations
   - **Benefit**: Reduces memory stall cycles in the 8M-row scan

3. **Used `__restrict__` pointers for hot loop arrays**
   - Informs compiler that arrays don't alias, enabling aggressive optimization
   - Allows vectorization and better instruction reordering
   - **Benefit**: Better auto-vectorization, instruction-level parallelism

4. **Preserved all [TIMING] instrumentation**
   - All timing measurements remain intact within #ifdef GENDB_PROFILE guards
   - No encoding logic changed

**Expected Impact:**
- **Dominant bottleneck (pass1_total_sum: 46.45ms)** can improve by 15-25% through:
  - Direct array access is 2-3x faster than hash table probing
  - Prefetching hides memory latency
  - Compiler optimizations from __restrict__ pointers
- **Estimated new time**: 65-75ms (target: match 30ms but realistically 15-20% improvement here)

**Compilation:** ✅ Successful (no warnings/errors)

The code is ready for execution. The Executor will run it and report if this optimization improves performance or needs rollback.