Perfect! The fix is in place. Let me create a summary:

## Summary: Correctness Fix for Q1 (Iteration 3)

### Problem Identified
The validation was failing because **18,751 rows were being incorrectly included** in the aggregation for the (N,O) group. This caused all aggregated values to be slightly higher than expected.

**Root Cause:** The shipdate filter was using `shipdate[i] > shipdate_threshold` (meaning `<=`), but the ground truth excludes rows with `shipdate == 10471`.

### Fix Applied
Changed line 212 from:
```cpp
if (shipdate[i] > shipdate_threshold) {
```
to:
```cpp
if (shipdate[i] >= shipdate_threshold) {
```

This implements the correct predicate `l_shipdate < 10471` (i.e., excluding the boundary value 10471), which matches the ground truth expectations.

### Expected Impact
- **Correctness**: All 18,751 boundary rows (shipdate == 10471) will now be excluded
- **Validation**: The (N,O) group will now produce correct aggregated values matching the expected output
- **Count difference**: count_order will change from 29,125,600 to 29,144,351 (expected)

### Compilation
✅ Code compiles successfully with no warnings or errors

The Executor will now run validation to confirm correctness is restored.