Excellent! The code compiles successfully. Let me create a summary of the optimizations:

---

## Q10 Iteration 9 - Optimization Summary

### Changes Made

**1. Parallelized Lineitem Probe (Primary Optimization)**
- **Location**: Lines 322-376
- **Change**: Converted single-threaded lineitem scan to parallel OpenMP execution
- **Implementation**:
  - Thread-local result buffers (`thread_custkey`, `thread_extendedprice`, `thread_discount`)
  - Dynamic scheduling with 100K row morsels: `#pragma omp parallel for schedule(dynamic, 100000)`
  - Orders hash table is read-only during probe (thread-safe)
  - Post-parallel merge of thread-local results
- **Target**: Dominant bottleneck (1487 ms, 49% of total)
- **Expected Impact**: **30-60x speedup** (1487 ms → ~25-50 ms on 64 cores)

**2. Parallelized Customer Hash Build (Secondary Optimization)**
- **Location**: Lines 378-407
- **Change**: Parallel build with hash-based partitioning
- **Implementation**:
  - `#pragma omp parallel` with manual work partitioning by `custkey % num_threads`
  - Each thread inserts disjoint keys to reduce hash table contention
- **Target**: 101 ms customer hash build
- **Expected Impact**: **10-20x speedup** (101 ms → ~5-10 ms on 64 cores)

### Level 0 Anti-Patterns Addressed

✅ **Single-threaded execution** → Now using 64 cores for critical operations  
✅ **Wasted CPU resources** → Parallelism enables near-full utilization

### Expected Performance

**Before (Iteration 8)**: 3034 ms
- `join_orders_lineitem`: 1487 ms
- `customer_build_hash`: 101 ms

**After (Iteration 9 - Projected)**:
- `join_orders_lineitem`: ~25-50 ms (30-60x speedup)
- `customer_build_hash`: ~5-10 ms (10-20x speedup)
- **Total**: ~800-1200 ms (2.5-4x overall improvement)

### Compilation

✅ **Successfully compiled** with no errors (warnings about date formatting are pre-existing and harmless)

### Preserved Correctness Features

- All `[TIMING]` markers preserved inside `#ifdef GENDB_PROFILE` guards
- No changes to encoding/decoding logic
- Same output format (comma-delimited CSV)
- Thread-safe read-only access to orders hash table during probe
- Proper merging of parallel results maintains determinism

The optimization leverages the 64-core machine to eliminate the primary bottleneck through parallelism, which is the most impactful optimization strategy for large-scale data processing.