Good! Now let me create a summary of what was optimized:

## Summary of Optimization (Iteration 3)

I've successfully compiled a new optimized version of Q17 with **vector pre-allocation optimization** for Phase 2 (building the partkey → lineitem rows index).

### What Changed:

**Phase 2 Optimization** - Three-stage approach instead of single-pass build:

1. **Phase 2a (Parallel Count)**: Count occurrences of each partkey in a parallel loop with thread-local aggregation, avoiding lock contention in the hot path
2. **Phase 2b (Pre-allocation)**: Create all hash table entries upfront and pre-reserve vector capacity based on counts from Phase 2a
3. **Phase 2c (Fill)**: Single-threaded insertion pass where each vector already has capacity reserved, eliminating dynamic allocations in the hot loop

### Expected Impact:

- **Phase 2a** (counting): ~3-5ms additional parallel scan (minor overhead)
- **Phase 2c** (filling): Avoids vector reallocations by pre-allocating exact capacity. In Phase 1 (baseline), `CompactHashTableWithVectors::find_or_create()` creates a new empty vector and calls `push_back()` repeatedly, which triggers reallocations as vectors grow. With pre-allocation, all inserts are memcpy operations into already-allocated space.
  - Expected speedup: **5-15% reduction in Phase 2 time** (from ~16,852ms, potentially to ~14,300-16,000ms)

### Why This Approach (vs. Iteration 2 regression):

- Iteration 2 regressed to 47,397ms (unknown cause). This optimization is different:
  - **Not using parallel hash table build** (which has high merge overhead)
  - **Focuses on allocation pattern**, a proven database optimization
  - **Preserves all existing logic** and only improves memory efficiency
  - **Similar to DuckDB's approach** where small tables are pre-sized

### Code Preservation:

✅ All `[TIMING]` lines preserved inside `#ifdef GENDB_PROFILE` guards  
✅ Encoding logic unchanged  
✅ Output format unchanged (comma-delimited CSV)  
✅ Correctness preserved (algorithm identical to baseline)

The binary is ready at: `/home/jl4492/GenDB/output/tpc-h/2026-02-16T06-04-35/queries/Q17/iter_3/q17`