Perfect! Now let me print a summary:

---

## **Q3 Iteration 0 Evaluation Summary**

### **Overall Status: FAIL** ❌

**Compilation & Execution**: ✅ Success  
**Result Correctness**: ❌ **CRITICAL FAILURE**  
**Performance**: 3594ms (Target: 386ms) - **9.3x slower**

---

### **Critical Issues Found**

The Q3 query produces **completely wrong results** due to three fundamental semantic errors in date handling:

1. **Date Interpretation Mismatch**: Dates are stored as epoch days (int32_t, 9000+ range for 1990s), but code treats them as year-only integers (1992-1998 range).

2. **Wrong Filter Constants**: 
   - `orderdate_cutoff = 1996` (should be ~9204 for 1995-03-15 in epoch days)
   - `shipdate_cutoff = 1994` (should be ~9204 for 1995-03-15 in epoch days)
   - These year integers allow wrong data through, inflating revenue by 20-40%

3. **Output Format Bug**: `dateFormatToString()` outputs hardcoded `1994-01-01` and `1995-01-01` instead of converting epoch days to actual YYYY-MM-DD dates.

**Result**: Validation fails with 3/10 rows mismatched. Revenue values are 20-40% too high due to improper filtering.

---

### **Performance Gap Analysis**

- **Execution Time**: 3594ms vs 386ms benchmark = **9.3x slower**
- **Root Causes**:
  1. Single-threaded on 64-core system (32 cores + HT) - massive parallelism potential
  2. Hash table lookups in hot loop for 7.3M orders_map entries
  3. Single-threaded aggregation into 100K-group map
  4. Sequential date filter comparisons (no SIMD, no early termination)

---

### **Next Steps**

1. **MUST FIX**: Semantic errors in date handling (high priority, blocks all optimization)
2. **After Fix**: Parallelize with morsel-driven approach (expected 8-15x speedup to reach ~390ms)
3. **Optimizations**: Partitioned joins, compact hash tables, two-phase aggregation

**Evaluation JSON written to**: `/home/jl4492/GenDB/output/tpc-h/2026-02-14T05-14-58/queries/Q3/iter_0/evaluation.json`