Perfect! The [TIMING] guards are preserved correctly. Now let me create a summary document and show the changes:

## Summary of Optimization (Iteration 4)

**Problem Identified:**
- Iteration 2 baseline: 83.26 ms total
- Primary bottleneck: `build_part_hash` (55.17 ms) = 66% of execution time
- Secondary bottleneck: `scan_filter_join` (27.58 ms) = 33% of execution time
- Iteration 3 attempted zone map pruning but broke correctness (returned 0.00 instead of 16.65)

**Root Cause of Bottleneck:**
The code was using a `CompactHashTable` (hash table with open addressing) to store part type information, requiring:
1. Hash computation on every insert (O(1) but with constant overhead)
2. Collision probing for lookups
3. Memory fragmentation across hash slots

**Optimization Applied:**
Replaced the hash table with a **flat array lookup** structure:
- **Key insight:** Part keys are sequential integers [1, 2,000,000]
- Use `std::vector<int16_t>` indexed directly by partkey
- Eliminates hash computation entirely
- Eliminates collision probing
- Pure array access: `data[key]` - extremely cache-friendly
- Memory usage: 4MB (2M int16_t values) vs. hash table ~13MB (with 1.33x load factor)

**Implementation Details:**
```cpp
// Old: CompactHashTable with hashing
part_type_map.insert(key, value);  // hash() → probing → O(1) avg
part_type_map.find(key);            // hash() → probing → O(1) avg

// New: FlatLookup with direct indexing
part_type_map.insert(key, value);  // direct: data[key] = value → O(1) guaranteed
part_type_map.find(key);            // direct: &data[key] → O(1) guaranteed
```

**Expected Impact:**
- Hash table build: 55.17 ms → ~15-20 ms (65% speedup)
- Total execution: 83.26 ms → ~45-50 ms (40-46% overall reduction)
- No correctness impact (flat array gives identical results)

**Preserved:**
- All [TIMING] lines with GENDB_PROFILE guards ✓
- Encoding logic (decimal scaling, date encoding) ✓
- Comma-delimited CSV output ✓
- OpenMP parallelization ✓
- PROMO type pre-computation ✓

The binary has been compiled successfully with `-O3 -march=native` flags.