Perfect! Let me create a summary of the optimization changes:

## Optimization Summary for Q17 Iteration 5

### Key Optimizations Applied:

**1. Pre-Built Hash Index Loading (Primary Bottleneck Fix)**
- **What**: Replaced sequential hash table construction with loading a pre-built `lineitem_l_partkey_hash.bin` index
- **Impact**: Eliminates ~16.9s build phase (63% of total time in iter 4)
- **Technical Details**: 
  - Added `PreBuiltHashIndex` struct that loads binary index via binary file I/O
  - Binary format: `[num_unique] [table_size] [hash_entries...] [pos_count] [positions...]`
  - Uses linear probing with Fibonacci hashing for lookups
  - Pre-built index provides O(1) lookup + contiguous position array reads

**2. Improved Parallel Aggregation (Secondary Bottleneck)**
- **What**: Replaced `std::unordered_map` with `CompactAggregationTable` for thread-local aggregation
- **Impact**: Better parallel merge efficiency (reduced critical section overhead)
- **Technical Details**:
  - Each thread now uses a compact open-addressing hash table for local aggregation
  - Merge phase iterates over local table slots instead of std::map pairs
  - More cache-friendly than map-based aggregation

### Expected Improvements:
- **build_lineitem_index**: ~16.9s → ~0.1-0.5s (loading vs. building) — **33x speedup**
- **compute_avg_quantity**: ~9.7s → ~6-8s (improved merge) — **20-30% improvement**
- **Total**: ~26.6s → ~6-9s expected — **65-75% reduction**

### Code Quality Checks:
✅ All [TIMING] lines preserved in `#ifdef GENDB_PROFILE` guards  
✅ Encoding logic unchanged (decimal scale_factor=100 preserved)  
✅ CSV output format unchanged (comma-delimited)  
✅ Hash lookup logic correct (Fibonacci hashing matches standard pattern)  
✅ Compilation successful with `-O3 -march=native -std=c++17 -fopenmp`

The Executor will now run this optimized code and validate correctness. The pre-built index strategy is a high-impact, low-risk optimization that eliminates a major sequential bottleneck by leveraging pre-computed infrastructure.