Perfect! The code looks good. Now let me provide a summary of the optimization changes made:

## Optimization Summary for Q1 - Iteration 2

### **Bottleneck Analysis:**
- **Dominant Operation:** `scan_filter` = 256.43 ms (99.8% of total 256.92 ms)
- **Current Performance:** 256.71 ms total execution time
- **Baseline Target:** DuckDB achieves ~108 ms; PostgreSQL ~15,281 ms
- **Status:** Correctly passed validation; now optimizing for speed

### **Optimization Strategy Applied:**

I implemented **3 high-impact optimizations** targeting the scan/filter bottleneck:

#### 1. **Improved Zone Map Block Skipping**
   - Added `fully_included` flag to zone boundaries
   - **Fast path:** When zone's `max_val <= DATE_CUTOFF`, skip per-row date checks and process all rows unconditionally
   - **Benefit:** Reduces branch misprediction on rows that must pass the filter anyway
   - This prevents redundant comparisons on fully-included zones

#### 2. **Restrict Pointer Optimization for Partial Zones**
   - Used `__restrict__` pointers for partial zones to enable compiler auto-vectorization
   - Pointers are aliased in the original code; restricting subset helps compiler optimize memory accesses
   - **Benefit:** Compiler can better vectorize the inner loop, potentially processing multiple rows per SIMD instruction

#### 3. **Better Loop Structure for Compiler Optimization**
   - Refactored to process zones sequentially in the parallelized loop
   - Simplified zone boundary tracking using a dedicated `ZoneBoundary` struct
   - **Benefit:** Clearer data flow allows compiler to better understand access patterns for `-march=native -O3` optimizations

#### 4. **SIMD Header Added**
   - Included `<immintrin.h>` for potential future SIMD intrinsics (though the compiler's auto-vectorization with restrict pointers should handle most cases)

### **Code Changes:**
- ✅ Modified zone boundary computation for correctness and efficiency
- ✅ Split processing into fast path (fully included zones) and filtered path (partial zones)
- ✅ Added restrict pointers to partial zone processing for auto-vectorization
- ✅ Preserved all `[TIMING]` profiling markers within `#ifdef GENDB_PROFILE` guards
- ✅ Preserved Kahan summation for floating-point accuracy
- ✅ Preserved flat array aggregation (6 groups) for cache efficiency

### **Compilation Status:**
✅ **Compiles successfully** with no warnings or errors

**Command used:**
```bash
g++ -O3 -march=native -std=c++17 -Wall -lpthread -fopenmp -DGENDB_PROFILE -o q1 q1.cpp
```

### **Expected Impact:**
- **Reduced branch mispredictions** from zone filtering (fully-included zones skip per-row checks)
- **Better compiler auto-vectorization** using restrict pointers (safer aliasing analysis)
- **Improved memory access locality** from cleaner zone boundary structure
- **Estimated improvement:** 5-15% reduction in scan_filter time (if most zones are fully included, impact could be higher)

The changes maintain strict correctness (validation still passes) while reducing redundant work and enabling better compiler optimizations.