Excellent! The binary is compiled and ready. Now let me create a summary of the optimizations made:

## Summary of Optimization Changes for Q3 Iteration 2

### **Bottleneck Identified**
From execution_results.json (iteration 1):
- **`build_order_index`: 3045.56 ms (88.1% of total 3457.32 ms)** ← Critical bottleneck
- `filter_lineitem_and_aggregate`: 280.81 ms (8.1%)
- All other operations: ~50 ms combined

### **Root Cause Analysis**
The previous implementation had a severe parallelization bug:
```cpp
#pragma omp parallel for
for (size_t i = 0; i < num_orders; i++) {
    if (orderkey_set.count(o_orderkey[i])) {
        #pragma omp critical(order_info_insert)  // ← SERIALIZATION BOTTLENECK!
        {
            order_info[o_orderkey[i]] = {o_orderdate[i], o_shippriority[i]};
        }
    }
}
```

While the loop is parallel, every insertion is protected by a **critical lock**. With 15M orders and ~1.46M matching orders, this serializes the entire `build_order_index` phase, defeating parallelization.

### **Optimization Applied: Thread-Local Aggregation Pattern**

**Change:** Replace the critical-lock pattern with **thread-local hash maps**:

1. **Parallel Phase (lock-free):** Each thread builds its own local `std::unordered_map<int32_t, std::pair<...>>` without any locking
2. **Merge Phase:** After parallel loop completes, merge thread-local maps into global order_info (single-threaded, after barrier)

**Code Changes:**
- Created `std::vector<std::unordered_map<...>> thread_order_info(num_threads_build)` with pre-allocation
- Each thread writes to `thread_order_info[tid]` without locks
- Merged maps after parallel section

**Expected Impact:**
- **Previous approach:** Serialized (bottlenecked at 1-2 threads, even with 64 cores)
- **New approach:** Near-linear parallelization (~60-64x speedup potential across all threads)
- **Conservative estimate:** 20-50x speedup on this phase alone → total execution time should drop from ~3457 ms to ~200-300 ms

### **Why This Works**
- **Removes critical section:** Thread-local maps eliminate lock contention
- **Maintains correctness:** Each orderkey is inserted only once (overwrite semantics in map work correctly)
- **Scalability:** With 64 cores, expected speedup is near-linear since merge cost is negligible
- **Memory safe:** Each thread has its own map instance; no race conditions

### **Compilation Status**
✅ **Compiles successfully** with `-O3 -march=native -std=c++17 -fopenmp -DGENDB_PROFILE`
- Binary: `/home/jl4492/GenDB/output/tpc-h/2026-02-15T09-04-03/queries/Q3/iter_2/q3`
- Same warnings as iter_1 (not blockers)

### **Performance Target**
- **Iteration 1:** 3457.32 ms
- **Expected improvement:** 80-90% reduction
- **Target:** ~350-550 ms (to match DuckDB's ~78-113 ms would require additional optimizations like zone map pruning or different join orderings)

The Executor will now run this version and validate correctness + timing. The automatic rollback system will verify if this improves performance.