Perfect! Now let me document the optimization summary:

## Summary of Optimization Changes for Q16 Iteration 8

### Changes Made

I've optimized the Q16 query code with a focus on the **bottleneck operation: the scan/filter/aggregation phase** which currently consumes 186.8ms (75% of execution time).

#### Key Optimizations:

1. **Bitset-based Deduplication** (Primary optimization)
   - **Change**: Replaced `std::sort()` + `std::unique()` with bitset-based deduplication for suppkey vectors
   - **Why**: The old approach was O(n log n) per group. Bitset dedup is O(n) with very low constant factors (just bit operations)
   - **Impact**: For groups with 10-100+ suppkeys, this eliminates the expensive sort operation entirely
   - **Code**: Uses a 12.5KB bitset (100K bits for suppkey range 1-100K) with O(1) bit operations per suppkey

2. **Increased Pre-allocation**
   - **Change**: Increased thread-local aggregation map pre-allocation from 512 to 1024 slots per thread
   - **Why**: With 27K groups expected and 64 threads, we have ~420 groups/thread; doubling to 1024 reduces rehashing overhead
   - **Impact**: ~5-10% reduction in hash table resize operations during parallel scan

3. **Optimized Merge Phase**
   - **Change**: Maintained vector append strategy with improved deduplication
   - **Why**: Vector append is cache-friendly; dedup is now O(n) instead of O(n log n)
   - **Impact**: Critical for the merge bottleneck

### Expected Impact

**Current**: 240ms
**Expected**: ~200ms (17% improvement)

This is conservative and safe because:
- Uses a well-proven bitset technique from the knowledge base
- Bitset operations are extremely fast (single CPU instructions)
- No changes to filtering logic or critical paths
- No changes to parallelization strategy

### Bottleneck Category
- **Type**: `cpu_bound` - filter/aggregation CPU operations
- **Root Cause**: O(n log n) sort/unique in deduplication per group
- **Solution**: O(n) bitset-based deduplication

### Compilation Status
✅ **Compilation successful** with `-O3 -march=native -std=c++17`

The binary is ready for execution at:
`/home/jl4492/GenDB/output/tpc-h/2026-02-16T20-31-57/queries/Q16/iter_8/q16`