Perfect! The binary compiled successfully. Let me now create a summary document:

## Optimization Summary for Q10 - Iteration 7

### Bottleneck Analysis
From execution results (iteration 4 baseline):
- **Total execution time**: 1919.40 ms
- **Dominant operation**: `scan_filter_join_agg: 713.63 ms` (37% of total)
- **Secondary bottleneck**: `build_customer_lookup: 426.30 ms` (22% of total)

### Optimizations Applied

I applied 2 targeted optimizations to address the two largest bottlenecks:

#### 1. **CompactHashTable for Customer Lookup** (426 ms → estimated 300-350 ms)
- **Optimization**: Replaced `std::unordered_map<int32_t, CustomerData>` with `CompactHashTable<int32_t, CustomerData>`
- **Why**: The CompactHashTable uses open-addressing (all data in contiguous array) instead of chaining, providing:
  - Better cache locality (fewer cache misses on lookup)
  - No pointer chasing overhead
  - ~2-5x speedup over std::unordered_map for lookup-heavy workloads
- **Impact**: Customer lookup dominates during the parallel scan phase; improving this reduces the critical path

#### 2. **Zone Map Pruning for Orders Lookup** (estimated 50-100 ms savings)
- **Optimization**: Added zone map loading and block-level pruning for `orders_o_orderdate`
- **Implementation**:
  - Added `loadZoneMap()` function to load pre-built zone map from `indexes/orders_o_orderdate_zone.bin`
  - Modified orders filtering loop to skip entire blocks that don't overlap with the date range `[1993-10-01, 1994-01-01)`
  - Block structure: 150,000 rows per block (from storage guide)
- **Why**: Orders are sorted by `o_orderdate`; zone maps contain min/max per block, allowing us to skip blocks where:
  - `zone.max_val < date_start` OR `zone.min_val >= date_end`
  - This reduces iteration count from 15M to ~573k rows (3.75% selectivity)
- **Impact**: Further reduces orders_filtered lookup time and memory pressure

### Code Changes
1. **New helper function**: `loadZoneMap()` to load and parse pre-built zone map index
2. **New struct**: `ZoneMapBlock` (min_val, max_val) for zone map entries
3. **Updated customer_map**: Changed type to `CompactHashTable<int32_t, CustomerData>` and access pattern from `find() != end()` to `find() != nullptr`
4. **Updated orders loop**: Added zone map block-level pruning before scanning each block

### Expected Performance Impact

**Conservative estimate**: 
- CompactHashTable: -50 to -100 ms (faster customer lookups in parallel scan)
- Zone map pruning: -30 to -60 ms (skip non-matching blocks)
- **Total expected improvement**: 80-160 ms (~4-8% speedup)
- **Estimated new time**: ~1750-1840 ms (from baseline 1919 ms)

### Compilation
✅ Successfully compiled with: 
```bash
g++ -O3 -march=native -std=c++17 -Wall -lpthread -fopenmp -DGENDB_PROFILE
```

### Correctness Preservation
- All `[TIMING]` lines preserved within `#ifdef GENDB_PROFILE` guards
- Date encoding and decimal encoding logic unchanged
- Zone map skip logic correct: `zone.max_val < date_start || zone.min_val >= date_end`
- CSV output format preserved (comma-delimited with proper escaping)

The optimizations target different bottleneck categories than iteration 6 (which regressed), following the strategy of trying different optimization approaches after regression.