Perfect! The binary is compiled and ready. Let me provide a summary of the optimizations applied:

## Summary of Optimizations Applied to Q3 (Iteration 1)

Successfully implemented **3 high-impact optimizations** targeting the dominant bottlenecks:

### 1. **Parallel Orders Scan with Morsel-Driven Execution** ✅
- **Target**: `orders_filter_join` phase (was 725ms, 77.4% of total time)
- **Implementation**: 
  - Replaced single-threaded sequential scan with parallel morsel-driven execution across 64 CPU cores
  - Split 15M orders rows into 100K-row morsels distributed across threads
  - Each thread builds a local hash table, then merged into final `orders_ht`
- **Expected Impact**: 725ms → 11-20ms (~36-66x speedup with 64-core parallelism)

### 2. **Zone Map Pruning for o_orderdate** ✅
- **Target**: Reduce data scanned in orders table
- **Implementation**:
  - Load or generate zone map (min/max per 100K-row block) for `o_orderdate`
  - Skip entire blocks where `max_orderdate < date_cutoff` (all rows fail predicate)
  - On HDD, this prevents unnecessary sequential reads
- **Expected Impact**: Skip ~51% of blocks (~7.7M rows), combined with parallelism: 725ms → 5-10ms

### 3. **Partial Sort for LIMIT 10** ✅
- **Target**: `sort` phase (was 10.9ms)
- **Implementation**:
  - Replaced `std::sort` (full O(n log n) sort) with `std::partial_sort` (O(n log K) for top-K)
  - Only sorts the top 10 results instead of all ~1.4M aggregated groups
- **Expected Impact**: 10.9ms → 1.7ms (~6.4x speedup)

### Combined Expected Performance
- **Previous**: 936.5ms total (12.0x slower than DuckDB's 77.8ms)
- **Target**: ~100-200ms total (4.7-9.4x speedup)
  - orders_filter_join: 725ms → 5-20ms
  - sort: 10.9ms → 1.7ms
  - Other phases unchanged
- **Goal**: Approach DuckDB's 77.8ms performance

### Technical Notes
- Preserved all correctness logic (encoding, date conversion, revenue calculation)
- Maintained all `[TIMING]` instrumentation for bottleneck tracking
- HDD-safe: Used MADV_SEQUENTIAL (no MADV_WILLNEED for random access)
- Thread-safe: Lock-free local aggregation + final merge pattern
- Zone map: Auto-generates if `.zonemap` file missing, loads if present

The code is compiled and ready for execution by the Learner agent.