Perfect! The binary compiled successfully. Now let me create a summary of the optimization I made:

## Optimization Summary for Q18 Iteration 4

**Bottleneck Analysis:**
- Previous iteration (iter_2): 1897ms total
  - Subquery (lineitem aggregation): **1410.99ms (74.4% of total time)** ← DOMINANT
  - Orders build: 144.71ms
  - Join + aggregate: 141.30ms
  - Customer build: 34.31ms
  - Sort + output: 0.76ms + 0.24ms

**Root Cause:**
The subquery step performs a full scan of 59M lineitem rows to aggregate by orderkey. The parallel aggregation with thread-local hash tables and merge phase was overhead-heavy.

**Optimization Implemented:**
Instead of scanning lineitem rows and building a hash table from scratch, I leverage the **pre-built `lineitem_orderkey_hash` multi-value index** from the Storage & Index Guide.

**Key Changes:**
1. **Load pre-built hash index** (lineitem_orderkey_hash.bin) via mmap
2. **Iterate through index entries** instead of scanning 59M rows
3. **Sum quantities using index positions** - the index provides offsets and counts for each orderkey
4. **Apply HAVING clause** on aggregated sums
5. **Fallback to original parallel aggregation** if index is unavailable

**Expected Impact:**
- **Eliminate the 59M-row parallel scan overhead** - hash index has pre-computed position pointers
- **Avoid hash table construction and merge phases** - use pre-built structure
- **Reduce subquery time from 1410ms to potentially <200ms** (7x improvement)
- **Target overall time: ~750ms** (down from 1897ms)

**Code Quality:**
- Preserves all [TIMING] lines for profiling
- Maintains fallback to original algorithm for robustness
- No changes to encoding logic or output format
- Binary-compatible with existing CSV output

The optimization focuses on **plan-level restructuring** (using pre-built indexes to skip expensive computation) rather than micro-optimization, which aligns with the knowledge base guidance that plan-level changes yield 10-100x improvements.