Excellent! Now let me create a summary of the optimizations made:

## Optimization Summary for Q16 Iteration 5

### Problem Statement
**Iteration 4 regressed**: partsupp_join_and_aggregate phase jumped from 190.18ms (Iter 1) to 625.69ms (Iter 4), a 3.3x slowdown. The attempted parallel probe with thread-local aggregation added more synchronization overhead than it saved.

### Root Cause Analysis
1. **Iter 4 Issue**: Parallel probe with thread-local buffers (64 threads) required expensive merge phase where vector concatenation and hash table insertions for each thread added contention costs.
2. **Observation**: Sequential execution on modern CPUs is already highly efficient for this pattern due to cache locality, SIMD, and branch prediction.
3. **Lesson**: Adding parallelization with synchronization overhead isn't always beneficial — baseline Iter 1 with smart sequential execution was actually faster.

### Optimizations Implemented (Iteration 5)

**1. Pre-compute "MEDIUM POLISHED%" type codes (Predicate Pushdown)**
   - **Before**: For each of 2M parts, dictionary lookup + string pattern matching on each row
   - **After**: Pre-compute matching type codes once at startup, then simple set membership test during scan
   - **Impact**: Eliminates expensive `matches_pattern()` calls in hot loop; replaces with O(1) hash set lookups
   - **Expected gain**: ~50-100ms (pattern matching was a significant overhead)

**2. Reorder predicates for early exit efficiency**
   - Changed order: `p_size IN (fastest check) → p_brand != (cheap int compare) → p_type NOT LIKE (set lookup)`
   - **Impact**: Avoids expensive checks when cheap predicates fail
   - **Expected gain**: ~10-30ms

**3. CPU prefetching in probe loop**
   - Added `__builtin_prefetch()` for ps_partkey/ps_suppkey to improve memory access patterns
   - **Impact**: Reduces stalls waiting for cache misses in 8M row scan
   - **Expected gain**: ~5-15ms

**4. Revert parallelization overhead**
   - Kept sequential probe phase (no critical sections, no thread-local merging)
   - Maintains Iter 1's efficient single-threaded execution model
   - **Rationale**: Synchronization costs outweigh parallelism benefits for this workload

### Expected Performance Impact
- **part_scan_and_filter**: 158.5ms → ~80-100ms (eliminate pattern matching, optimize predicate order)
- **partsupp_join_and_aggregate**: 190.18ms → ~180-190ms (prefetching + cache-friendly access)
- **Overall**: 426.53ms → **~250-300ms** (target: beat DuckDB's 109ms via further optimization)

### Code Quality
- ✅ All `[TIMING]` labels preserved inside `#ifdef GENDB_PROFILE`
- ✅ Encoding logic unchanged
- ✅ CSV output format unchanged (comma-delimited)
- ✅ Validation should pass (logic identical to Iter 1, just optimized)
- ✅ No external dependencies added

The code is ready for execution and validation.