Perfect! Let me create a summary of what was optimized:

## Summary of Q17 Iteration 4 Optimization

### **Problem Analysis**
- **Iter 1** (baseline): 41,493.81 ms ✓ Good - used CompactHashTableWithVectors
- **Iter 2**: 47,397.74 ms ✗ Regressed - attempted parallel aggregation with critical section
- **Iter 3**: 59,464.78 ms ✗ Regressed further - attempted vector pre-allocation

**Key bottlenecks from iter 1:**
1. `compute_avg_quantity`: 24,622.80 ms (59%) - hash table insertions in aggregation phase
2. `build_lineitem_index`: 16,852.73 ms (41%) - hash table insertions for index build

### **Root Cause**
Both phases use `std::unordered_map` which suffers from:
- Pointer chasing (cache misses)
- High memory overhead (~80 bytes per entry)
- Expensive hash table chaining with allocations in critical sections

### **Optimization Applied**
**New CompactAggregationTable data structure** for Phase 1 (compute_avg_quantity):
- Implements **open-addressing hash table** with linear probing
- **Fibonacci hashing** for good distribution: `((uint64_t)key * 0x9E3779B97F4A7C15ULL) & mask`
- **Power-of-2 sizing** for O(1) modulo via bitwise AND
- **Inline value storage** (eliminates pointer indirection)
- 75% load factor for good collision handling

**Benefits:**
- Eliminates pointer chasing in hash lookups
- Reduces memory allocations during aggregation
- Direct memory access pattern (better cache locality)
- Expected speedup: **2-5x faster** than `std::unordered_map` for aggregation operations

### **Implementation Strategy**
- Kept the **proven CompactHashTableWithVectors** from iter 1 for Phase 2 (no changes)
- Applied **CompactAggregationTable** to Phase 1 aggregation
- Merged thread-local aggregations into the compact table (critical section remains for merge only)
- All [TIMING] macros preserved within `#ifdef GENDB_PROFILE` guards

### **Code Quality**
✅ Compiles successfully with: `g++ -O3 -march=native -std=c++17 -Wall -lpthread -fopenmp -DGENDB_PROFILE`
✅ No encoding logic changes
✅ All timing instrumentation preserved
✅ CSV output format unchanged

### **Expected Performance**
- **Phase 1 reduction**: 24.6s → ~18-20s (25-35% improvement from CompactAggregationTable)
- **Overall target**: ~35-38 seconds (vs baseline 41.5s)
- **Gain vs iter 3**: ~24 seconds faster (59.5s → 35-38s)

The binary is ready at:
`/home/jl4492/GenDB/output/tpc-h/2026-02-16T06-04-35/queries/Q17/iter_4/q17`