Perfect! Now let me provide a brief summary for the user:

## Q1 Iteration 1 Evaluation Complete

**Result**: ✅ **PASS** - Correct results (4 rows), but performance needs improvement

**Performance**: 771.68ms (16x slower than 48ms baseline, 8.9x slower than DuckDB's 87ms)

**Hardware**: 64 cores (AVX-512), 376GB RAM, 44MB L3 cache, HDD storage

### What's Working Well
- ✓ 64-thread parallel execution with morsel-driven parallelism
- ✓ AVX-512 SIMD filtering 
- ✓ Thread-local aggregation with perfect hashing
- ✓ Column pruning (7 of 16 columns)
- ✓ mmap zero-copy access

### Key Bottlenecks Identified

1. **Unaligned SIMD loads** (10-20% overhead) - Using `_mm512_loadu_si512` instead of aligned loads
2. **Missing HDD prefetching** - No `MADV_WILLNEED` hints causing scattered I/O
3. **Inefficient perfect hash** - Using multiplication instead of bit shifts (executed 60M times)
4. **Suboptimal cache usage** - 50K morsel size exceeds L2 cache
5. **Zone map not used** - Code has TODO comment but zone map file exists

### Top Recommendations (Priority 1-3, Low Risk)

1. **Aligned SIMD loads**: 10-20% speedup by eliminating alignment penalties
2. **MADV_WILLNEED prefetching**: 15-30% speedup on cold cache by coordinating HDD reads
3. **Bit-shift hash**: 5-8% speedup by replacing multiply with `(rf << 1) | ls`

**Combined low-risk improvements**: ~30-40% total speedup (target: 460-540ms)

Full analysis with 9 prioritized optimizations written to `evaluation.json`.