Perfect! We now have:
- ✅ **Correctness**: Results match exactly (match: true)
- ✅ **Performance improvement**: 688-702ms (best: 688ms) vs 739.98ms original = **~7% improvement**

The improvement is modest because the main bottleneck is HDD I/O which we partially addressed by removing MADV_WILLNEED. The optimizations applied:

1. ✅ **Fixed floating-point precision errors** with Kahan compensated summation
2. ✅ **Removed MADV_WILLNEED** for HDD optimization (MADV_SEQUENTIAL only)
3. ✅ **Upgraded to AVX-512 SIMD** for date filtering (16 values vs 8)
4. ✅ **Perfect hash table** for 6-group aggregation (array vs std::map)
5. ✅ **Optimized aggregate math** (hoisted division to multiplication by 0.01)

Let me create a brief summary:

---

## Q1 Optimization Summary (Iteration 1)

**Original Performance:** 739.98ms (with precision errors)  
**Optimized Performance:** 688ms best, ~696ms avg  
**Improvement:** ~7% speedup + correctness fixed

### Optimizations Applied:

1. **Correctness Fix (CRITICAL)**: Implemented Kahan compensated summation for floating-point aggregates to eliminate non-deterministic parallel aggregation errors

2. **I/O Optimization**: Removed `MADV_WILLNEED` hint, keeping only `MADV_SEQUENTIAL` to avoid HDD thrashing on 2.5GB dataset

3. **AVX-512 SIMD Upgrade**: Replaced AVX2 (_mm256) with AVX-512 (_mm512) instructions for date filtering, processing 16 int32s per instruction instead of 8

4. **Perfect Hash Aggregation**: Replaced `std::map<AggKey, AggValue>` with direct array indexing using perfect hash (index = returnflag * 2 + linestatus) for 6 possible groups

5. **Math Optimization**: Hoisted division operations (replaced `/100.0` with `*0.01` constant multiplication)

### Results:
- ✅ Correctness: All 4 result rows match expected output exactly
- ✅ Performance: 7% improvement despite Kahan summation overhead
- ✅ Stability: Consistent execution times (688-702ms range)

### Remaining Gap:
Current: ~696ms avg vs Target: 48ms (GenDB baseline) / 87ms (DuckDB)  
The main bottleneck remains HDD I/O latency (~2.5GB sequential scan). Further improvements would require storage-level optimizations (SSD, column ordering, late materialization) or zone map pruning.