Great! The code compiled successfully. Now let me create a quick summary of the optimization changes:

## Optimization Summary for Q2 Iteration 7

**Bottleneck Identified (Level 0 Anti-Pattern):**
The previous iteration used `std::unordered_set` for qualified suppkey and partkey lookups during the 8M-row partsupp scan. Hash set membership checks involve:
1. Hash computation (multiply-shift)
2. Bucket lookup
3. Collision chain traversal
This adds overhead per row.

**Optimization Applied:**
Replaced hash set lookups with **direct array-indexed boolean lookups**:
- `std::vector<bool> is_qualified_suppkey(100001)` → O(1) direct indexing by suppkey (1-100K)
- `std::vector<bool> is_qualified_partkey(2000001)` → O(1) direct indexing by partkey (1-2M)

**Expected Impact:**
- **Membership check overhead reduced ~5-10x** (hash computation + bucket lookup + chaining vs. direct array access)
- Applied to 8M inner loop iterations → ~10-20ms savings expected
- No change to algorithmic complexity; pure constant-factor improvement
- Memory overhead minimal (100K + 2M booleans ≈ 2.1 MB)

**What was NOT changed:**
- Partsupp data loading (still mmap-based)
- Thread-local aggregation pattern
- Parallel loop chunking
- Output row building
- [TIMING] profiling lines preserved

This is a **Level 0 anti-pattern fix** — replacing hash set operations with direct array indexing on small domains. The optimization is conservative and safe (no algorithmic changes, no correctness risk).