Perfect! Now let me print a brief summary for the user:

---

## Iteration 2 Analysis Complete ✓

**Result: SUCCESS - 16% improvement over baseline**

### Performance Summary
- **Iteration 0 (baseline)**: 164.4ms, PASSED validation
- **Iteration 1**: 153.9ms, FAILED validation (integer precision bug)  
- **Iteration 2**: 137.9ms, PASSED validation ✓

**Improvement**: 164.4ms → 137.9ms (16% faster, 26.5ms saved)

### Benchmark Comparison
- Current: 137.9ms
- DuckDB best: 86.4ms (60% faster than us, **51.5ms gap**)
- PostgreSQL: 15.3s (we're 111x faster)

### Bottleneck Analysis
**Dominant operation**: `scan_filter` at 64.5ms (46.8% of total)
- Improved 28% from baseline (89.4ms → 64.5ms)
- Root cause: HDD I/O with excessive thread parallelism (64 threads) causing random seeks

### Top 3 Optimization Recommendations

1. **HDD-optimized threading** (io_bound, LOW risk)
   - Reduce threads: 64 → 8-16
   - Increase morsel size: 100K → 500K rows
   - Expected gain: **15-25ms** (→ 113-123ms total)

2. **Remove MADV_SEQUENTIAL** (io_bound, LOW risk)
   - Conflicting read-ahead with parallel access on HDD
   - Expected gain: **5-10ms** (combined → 108-118ms)

3. **Upgrade to AVX-512** (cpu_bound, MEDIUM risk)
   - Hardware supports it, code uses AVX2
   - 2x wider SIMD (16 vs 8 int32 per instruction)
   - Expected gain: **3-8ms** (combined → 105-115ms)

**Combined potential**: Close gap to DuckDB from 51.5ms to ~20-30ms

Evaluation written to: `/home/jl4492/GenDB/output/tpc-h/2026-02-14T21-21-04/queries/Q1/iter_2/evaluation.json`