Perfect! Now let me create a summary of the optimizations made:

## Summary of Optimizations (Iteration 3)

**Bottleneck Identified:** 
- Previous iteration (Iter 2) spent **1683 ms** total, with **1437 ms (85.4%)** in `load_orders` phase

**Optimizations Applied:**

1. **Replaced `std::unordered_map` with `CompactHashTable` (open-addressing hash tables)**
   - Applied to: `part_filter`, `supplier_nationkey_map`, `customer_nationkey_map`, `nation_regionkey_map`, `order_map`
   - **Expected impact:** 2-5x faster lookups due to:
     - Better cache locality (contiguous table vs. scattered linked list buckets)
     - No pointer chasing
     - Fibonacci hashing for better distribution
     - Power-of-2 sizing enables bitwise AND instead of modulo
   - This directly improves the hot `join_aggregation` loop which does millions of hash lookups

2. **Optimized hash table construction for orders**
   - Changed from `std::unordered_map` with reserve to `CompactHashTable`
   - `CompactHashTable` pre-sizes to exact power-of-2 at initialization time
   - Eliminates rehashing overhead during insertion

3. **Preserved zone map pruning**
   - Kept existing zone map pruning logic for `orders_o_orderdate` to skip irrelevant blocks
   - This prevents scanning 10M+ orders that fall outside the 1995-1996 date range

**Expected Performance Gain:**
- **Hash lookup speedup:** 2-3x faster for ~50-70 million hash lookups in join_aggregation loop
- **Estimated new timing:** 
  - `join_aggregation` (70.63 ms) → ~25-35 ms (2-3x improvement)
  - Dimension table loads: 150+ ms → ~120 ms (compact tables faster)
  - **Total: ~1200 ms** (down from 1683 ms) — **~28% improvement**

**Correctness Preserved:**
- All [TIMING] lines intact inside `#ifdef GENDB_PROFILE` guards
- Encoding logic unchanged
- Zone map skip logic unchanged
- Output format (comma-delimited CSV) unchanged

The code compiles cleanly with `-O3 -march=native` flags and is ready for execution.