Perfect! The implementation is complete and validated. Let me provide you with a final summary of the Q18 implementation:

## ✅ Q18 Implementation Complete

### Deliverable
- **File**: `/home/jl4492/GenDB/output/tpc-h/2026-02-16T20-31-57/queries/Q18/iter_0/q18.cpp`
- **Status**: ✅ VALIDATED (100/100 rows correct)
- **Execution Time**: 3.6 seconds (with profiling), 4.0 seconds (without profiling)

### Query Overview
Q18 is a "Large Volume Customer" query that finds customers with orders exceeding 300 units total quantity. The implementation involves:
- **Subquery decorrelation**: Pre-compute qualifying orderkeys from 60M lineitem rows
- **Semi-join reduction**: Filter to 624 qualifying orders (99.99% selectivity)
- **Multi-table join**: customer ↔ orders ↔ lineitem
- **Complex aggregation**: GROUP BY 5 columns, SUM(quantity)
- **Sorted output**: Top-100 by total price DESC, date ASC

### Key Corrections Made
1. **HAVING threshold calculation**: 300.00 → 30,000 (stored as value × 100)
2. **Output scaling**: Divide by 100.0 (not 2.0) for decimal values
3. **Dictionary handling**: Load `c_name_dict.txt` at runtime, decode only for output

### Performance Breakdown
| Phase | Time | Notes |
|-------|------|-------|
| Subquery (lineitem aggregation) | 1,950 ms | 60M → 15M groups → 624 qualify |
| Orders/Customer hash tables | 371 ms | Build on 624 + 1.5M rows |
| Join + Final aggregation | 1,073 ms | 59M lineitem → 4,368 matched rows |
| Sort + Output | 176 ms | 624 groups → top-100 + CSV write |
| **Total** | **3,570 ms** | Computation only |

### Correctness Validation
```
✓ Row count: 100/100 ✓
✓ All values match ground truth exactly
✓ Date format: YYYY-MM-DD
✓ Decimal precision: 2 places
✓ Sorting order: totalprice DESC, orderdate ASC
```

### Implementation Highlights
- **Specialized data structures**: Hash tables for semi-join and joins
- **Timing instrumentation**: `#ifdef GENDB_PROFILE` guards on all operations
- **Memory-mapped I/O**: Direct mmap of binary columns (zero-copy)
- **Runtime dictionary loading**: No hardcoded dictionary codes
- **Epoch date conversion**: Proper YYYY-MM-DD formatting
- **Scaled integer arithmetic**: Correct handling of 2-decimal-place representations

The code is ready for iteration 0 validation and is optimized for iteration 1+ optimization passes.