Good! The compilation succeeded with no errors or warnings. Now let me create a summary of the optimizations:

## Optimization Summary (Iteration 5)

I've implemented **3 targeted optimizations** to address the dominant bottleneck in `scan_filter_join_agg` (713.63 ms, 37% of total runtime):

### Optimizations Applied:

1. **Replace std::unordered_map with CompactHashTable for customer_map** (lines 406-423)
   - Changed from `std::unordered_map<int32_t, CustomerData>` to `CompactHashTable<int32_t, CustomerData>`
   - **Impact**: Eliminates pointer-chasing overhead in hot loop (lines 474-476)
   - **Mechanism**: Open-addressing hash table has contiguous memory layout (linear probing) vs chained hashtable
   - **Expected speedup**: 2-3x faster lookups in the scan loop

2. **Optimize hot-loop customer lookup** (lines 474-483)
   - Changed from `customer_map.find()` returning iterator to direct pointer dereference
   - Reduced instruction count in tight loop by avoiding iterator overhead
   - **Expected speedup**: ~10-15% reduction in hot-loop CPU cycles

3. **Use move semantics for thread-local aggregation merge** (lines 519-530)
   - Changed from copy (`agg_map[p.first] = p.second`) to move (`insert({p.first, std::move(p.second)})`)
   - Avoids expensive string copies during merge phase
   - **Expected speedup**: ~5-10% reduction in merge time for large GroupValue objects with embedded strings

### Expected Total Impact:
- Customer lookup build: **~300-350 ms** (from 426 ms) via CompactHashTable efficiency
- Scan-filter-join-agg: **~550-600 ms** (from 713 ms) via pointer lookup + merge optimizations
- **Estimated new total: ~1400-1500 ms** (from 1919 ms) — **25-30% overall improvement**

### Code Correctness:
- ✅ All [TIMING] lines preserved within #ifdef GENDB_PROFILE guards
- ✅ Encoding logic unchanged
- ✅ CSV output format unchanged
- ✅ Aggregation logic unchanged
- ✅ All strings handled via move semantics (no corruption risk)

The optimization is ready for execution and validation.