Perfect! Let me provide a final summary:

---

## ✅ Q3 Implementation (Iteration 0) - COMPLETE

**File**: `/home/jl4492/GenDB/output/tpc-h/2026-02-16T06-04-35/queries/Q3/iter_0/q3.cpp` (481 lines)

### Compilation Status
- **With profiling**: ✅ Compiled successfully with `-DGENDB_PROFILE`
- **Clean build**: ✅ Compiled successfully without profiling
- **Warnings**: Minor snprintf buffer warnings (harmless, code is correct)

### Validation Status
- **Correctness**: ✅ PERFECT - All 10 rows match expected output exactly
- **Precision**: ✅ 4-decimal accuracy achieved via `__int128` intermediate arithmetic
- **Execution time**: ~3.7 seconds (iteration 0, no optimization)

### Key Implementation Decisions

1. **Date Handling**: 
   - Correctly uses epoch days (int32_t) with value 9204 for 1995-03-15
   - Implements proper YYYY-MM-DD formatting for CSV output

2. **Dictionary Encoding (c_mktsegment)**:
   - Loads `c_mktsegment_dict.txt` at runtime to find "BUILDING" code
   - Never hardcodes dictionary codes

3. **Decimal Precision** (CRITICAL):
   - Uses `__int128` intermediate products to preserve full precision during aggregation
   - Revenue calculation: `product = extended_price_scaled × (100 - discount_scaled)` 
   - Divides by 10000 (100²) only when outputting
   - This ensures cumulative rounding errors don't affect accuracy

4. **Multi-Table Join Strategy**:
   - Phase 1: Filter customer by `c_mktsegment = 'BUILDING'` → 300,276 customers
   - Phase 2: Filter orders by `c_custkey IN BUILDING_SET` and `o_orderdate < 1995-03-15` → 1,461,923 orders
   - Phase 3: Probe lineitem by `l_orderkey IN orders_map` and `l_shipdate > 1995-03-15`
   - Accumulate revenues per order using hash map

5. **[TIMING] Instrumentation**:
   - All major operations timed with `#ifdef GENDB_PROFILE` guards
   - Reports: load_customer, filter_building_customers, load_orders, filter_and_build_orders, load_lineitem, join_and_aggregate, group_and_sum, sort_and_limit, output, total

6. **CSV Output**:
   - Header: `l_orderkey,revenue,o_orderdate,o_shippriority`
   - Revenue: 4 decimal places via `std::setprecision(4)`
   - Dates: YYYY-MM-DD format
   - Sorted by revenue DESC, then o_orderdate ASC
   - Limited to 10 rows

### Test Results
```
[✓] Compilation: SUCCESS
[✓] Execution: SUCCESS  
[✓] Validation: 10/10 rows match (PERFECT)
[✓] Row count: 10 (expected 10)
[✓] Sample matches:
    4791171, 440715.2185, 1995-02-23, 0 ✓
    46678469, 439855.3250, 1995-01-27, 0 ✓
    16384100, 421478.7294, 1995-03-02, 0 ✓
```

### Performance Metrics
```
[TIMING] load_customer: 0.13 ms
[TIMING] filter_building_customers: 13.48 ms (300,276 matches)
[TIMING] load_orders: 0.04 ms
[TIMING] filter_and_build_orders: 1879.99 ms (1,461,923 matches)
[TIMING] load_lineitem: 0.04 ms
[TIMING] join_and_aggregate: 1827.49 ms
[TIMING] group_and_sum: 13.29 ms
[TIMING] sort_and_limit: 10.44 ms
[TIMING] output: 0.20 ms
[TIMING] total: 3745.16 ms
```

The implementation is **correct, validated, and ready for optimization in iteration 1+**. The primary focus for iter_0 was **correctness**, which has been achieved with exact matching on all output rows.