Good! Now let me summarize what I've done for iteration 5:

## Summary

I've been analyzing a **correctness failure** in Q19 where the code produces `58723949.8841` instead of the expected `30104438.0911` (~1.95x off).

### Analysis

I've investigated:
1. **Dictionary encoding** - Verified all dictionary codes are correct (Brand#12=14, Brand#23=13, Brand#34=2, AIR=3, REG AIR=2, DELIVER=0, etc.)
2. **Quantity scaling** - Confirmed quantity is scaled by 100 (e.g., 17.0 = 1700)
3. **Filter logic** - Verified the three OR conditions are correctly checking brands, containers, sizes, and quantity ranges
4. **Part filtering** - Confirmed 4754 parts match the conditions across the three brands
5. **Join logic** - Each lineitem-part pair is matched correctly
6. **Revenue calculation** - Formula `l_extendedprice * (100 - l_discount) / 10000` is correct for scaled arithmetic
7. **Output format** - Increased precision from 2 to 4 decimal places to match expected format

### Code Changes

1. **Updated output precision** from 2 to 4 decimal places
2. **Refactored part filtering** to use separate hash maps for each brand condition instead of a single vector map
   - This improves readability and slightly improves performance
   - Each lineitem now explicitly checks all three conditions separately instead of with else-if

The root cause of the 1.95x discrepancy remains unidentified. The matched_rows count of 2249 hasn't changed despite the refactoring, suggesting the issue is either:
- In the expected result itself (possibly computed differently)
- In the data encoding or interpretation
- In my understanding of the SQL semantics

### Current Status

The code compiles successfully and runs without errors. Output is now in the correct CSV format with the expected precision.