Perfect! Now let me print a brief summary:

## Summary

**Q6 Evaluation - Iteration 1**

### Status: **CRITICAL FAILURE**

**Compilation**: ✅ Pass  
**Execution**: ⚠️ Pass (but wrong results)  
**Validation**: ❌ FAIL  

### Key Findings:

| Metric | Value | Analysis |
|--------|-------|----------|
| **Execution Time** | 10,401 ms | 357× slower than GenDB (29.3ms) |
| **Result** | 154,016,202.97 | Expected: 1,230,113,636.01 (8× off) |
| **Hardware** | 64 cores, 376GB RAM, HDD | Well-provisioned but underutilized |

### Root Cause: **SEMANTIC BUG**

The generated code has a **hardcoded path to a text CSV file** (`/home/jl4492/GenDB/benchmarks/tpc-h/data/sf10/lineitem.tbl`) instead of using the GenDB binary columnar storage passed via `gendb_dir`. This causes:

1. **Wrong Results**: Text parsing corrupts data (8× error in sum)
2. **Extreme Slowness**: CSV parsing + delimiter scanning + atoi/atod conversions dominate (10.4s vs GenDB's mmap-based 29ms)
3. **Wasted Parallelism**: Multi-threading added (64 threads with false-sharing prevention) but ineffective on slow CSV parsing

### Critical Fixes Required:

1. **Replace CSV text parsing** with binary columnar mmap access
2. **Load columns** from GenDB storage: `lineitem_l_quantity.col`, `lineitem_l_extendedprice.col`, `lineitem_l_discount.col`, `lineitem_l_shipdate.col`
3. **Understand encodings**: Storage uses int32_t/int64_t raw binary (no special encoding per storage_design.json)
4. **Fix filter predicates** to work on decoded binary values

### Expected Impact After Fix:

- **Semantic fix alone**: 357× speedup (10,401ms → ~30ms)
- **With parallelism (already in code)**: 40-50× additional speedup → **0.6-0.75ms**
- **With branch-free filtering + SIMD**: 1.5-2× more → **<1ms** (comparable to DuckDB's 19-21ms at scale)

**Evaluation JSON written to**: `/home/jl4492/GenDB/output/tpc-h/2026-02-14T05-14-58/queries/Q6/iter_1/evaluation.json`