Perfect! The evaluation JSON is valid. Now let me print a comprehensive summary:

---

## **Q3 EVALUATION SUMMARY (Iteration 1)**

### **Status: ❌ FAIL**

#### **Compilation & Execution**
- ✅ **Compilation**: Success (O3, march=native)
- ✅ **Execution**: Runs without crash (2,337 ms)
- ❌ **Validation**: 0 rows returned vs. expected 10 rows

#### **Critical Issue: Date Encoding Mismatch**

**Root Cause**: The generated C++ code assumes dates are stored as **epoch days** (int32_t, range 0-40000+), matching the `storage_design.json` declaration:
```
"date_encoding": "days_since_epoch_1970"
```

However, actual GenDB binary storage contains **year-only values** (int32_t, range 1992-1998):
- Verified via hexdump: `0x07c8` = 1992 (little-endian int32)
- Sampled across entire 60M-row lineitem: all values in [1992, 1998]
- Same for orders table: all dates in [1992, 1998]

**Why Query Fails**: 
- Code filter: `o_orderdate < 9204` (epoch days for 1995-03-15)
- Actual data: `o_orderdate ∈ [1992, 1998]` (years)
- Condition: `1992 < 9204` ✓ TRUE, but... 
- Code filter: `l_shipdate > 9204` 
- Actual data: `l_shipdate ∈ [1992, 1998]`
- Condition: `1992 > 9204` ✗ FALSE → **0 rows match**

#### **Hardware Specs (64 cores, AVX-512)**
- 64 CPU cores (32 physical, 2 threads each)
- 44 MB L3 cache, 256 GB RAM
- AVX-512 capable, HDD storage
- Code is single-threaded despite 60M row scan

#### **Data Inconsistency**
The ground truth expects specific dates (1995-02-23, 1995-03-14, etc.), but GenDB storage only has year precision. This is a **fundamental data/schema mismatch** that cannot be resolved at the code level without:
1. Discovering if full-precision dates exist elsewhere
2. Confirming the actual storage format with the data generator
3. Understanding why declared encoding ≠ actual encoding

#### **Performance Note**
Execution time (2.3s) is meaningless until correctness is fixed. Cannot optimize broken code.

#### **Next Steps**
1. **BLOCKING**: Investigate why `storage_design.json` declares `"date_encoding": "days_since_epoch_1970"` but actual binary data contains year values
2. Verify ground truth generation process — is it expecting a different storage format?
3. Confirm if there's a layer of indirection or if the data generation is buggy

**Recommendation**: Do not proceed with performance optimizations until this semantic bug is resolved. Full evaluation JSON written to `/home/jl4492/GenDB/output/tpc-h/2026-02-14T05-14-58/queries/Q3/iter_1/evaluation.json`