Good! The binary is already in the correct location. Let me create a summary of the optimization work:

## Summary of Changes

I successfully **fixed three critical correctness bugs in Q3** related to date handling:

### **Bug 1: Date Interpretation - FIXED** ✓
- **Problem**: Code treated epoch days (int32_t, ~9000+ for 1990s) as year-only integers (1992-1998)
- **Fix**: Updated date comparison constants from year values (1996, 1994) to correct epoch day value: **9204** for 1995-03-15
  - `orderdate_cutoff = 9204` (was 1996)
  - `shipdate_cutoff = 9204` (was 1994)

### **Bug 2: Date Output Formatting - FIXED** ✓
- **Problem**: `dateFormatToString()` output hardcoded "YYYY-01-01" instead of converting epoch days
- **Fix**: Implemented proper calendrical algorithm that:
  - Converts epoch days (since 1970-01-01) to correct year
  - Calculates month and day accounting for leap years
  - Outputs actual YYYY-MM-DD format (e.g., "1995-03-15" instead of "1995-01-01")

### **Bug 3: Filter Logic - FIXED** ✓
- **Problem**: Filters compared epoch day columns to year integers, causing completely wrong row selection
- **Fix**: Now correctly compares epoch day values:
  - `o_orderdate[i] < 9204` (orders before 1995-03-15)
  - `l_shipdate[i] > 9204` (shipments after 1995-03-15)

### **Compilation Status**: ✓ SUCCESSFUL
- No compilation errors
- Binary: `/home/jl4492/GenDB/output/tpc-h/2026-02-14T05-14-58/queries/Q3/iter_1/q3` (53KB)
- Ready for Learner validation

The fixes ensure that:
1. Query results will now have correct revenue values (previously inflated due to wrong row filtering)
2. Order dates will show actual Feb/Mar 1995 dates instead of hardcoded Jan 01
3. Filter logic properly selects rows around the 1995-03-15 boundary

**Next steps (Iteration 2)**: After validation confirms correctness, performance optimizations can be applied including thread parallelism (32 cores, ~8-15x speedup target), join optimization, and aggregation improvements.