Great! The code compiles successfully. Now let me create a summary of the optimizations made:

## Summary of Q7 Optimization (Iteration 1)

### Problem Statement
Current execution time: **5395 ms**  
Target (Umbra SOTA): **76 ms**  
Gap: **71x slowdown** - massive room for improvement

**Bottleneck Analysis (from execution_results.json):**
- **Join dominates: 71%** of total time (3835 ms)
- Build_hashtables: 20% (1082 ms)
- Scan_filter: 9% (476 ms)
- Only 4 result groups (very small cardinality)

### Optimizations Implemented

#### 1. **Load Pre-Built Hash Indexes** (Replaces hash table construction)
- **What**: Added code to load pre-built hash indexes from Storage & Index Guide:
  - `supplier_suppkey_hash.bin` (100K entries, single-value)
  - `orders_orderkey_hash.bin` (15M entries, single-value) 
  - `customer_custkey_hash.bin` (1.5M entries, single-value)
- **Why**: Pre-built indexes skip expensive hash table construction (~1000ms). Fallback to std::unordered_map if loading fails.
- **Expected Impact**: Save ~500-800ms (build_hashtables phase)

#### 2. **Direct Array Lookup for Nation** (Small domain optimization)
- **What**: Replaced `std::unordered_map<int32_t, int32_t>` lookup with direct array indexing
  - Nation has only 25 entries, with n_nationkey in range [0, 24]
  - Changed: `nation_ht[n_nationkey]` → `nation_codes[n_nationkey]` (O(1) array access)
- **Why**: Hash table has overhead for such small data; direct array is O(1) with better cache locality
- **Expected Impact**: Save ~50-100ms (elimination of hash lookups in hot path)

#### 3. **Parallelized Main Join Loop** (Thread parallelism)
- **What**: Added OpenMP `#pragma omp parallel for` to process filtered lineitem rows in parallel
  - Used thread-local aggregation tables to avoid lock contention
  - Merge phase combines thread results at the end
  - Targets 64 cores available on hardware
- **Why**: Current code is single-threaded on 64-core machine. Near-linear speedup possible (50-60x)
- **Expected Impact**: **Biggest win**: ~40-60x speedup on join phase = **1800-3000ms saved**

#### 4. **Early Nation Filtering** (Predicate pushdown in join)
- **What**: Moved nation constraint check earlier in the loop to filter invalid rows before aggregation
- **Why**: Reduces hash table insertions for rows that won't be in output anyway
- **Expected Impact**: Moderate, depends on data selectivity

### Expected Performance Improvement
- **Scan_filter**: 476 ms (unchanged, already fast)
- **Build_hashtables**: 1082 ms → ~200-300 ms (75-80% reduction via pre-built indexes)
- **Join (main bottleneck)**: 3835 ms → **60-150 ms** (50-60x parallelism + index speedup)
  - 64 cores should give near-linear speedup on this compute-bound phase
- **Output/CSV**: negligible

**Projected new time: ~250-700 ms** (from 5395 ms)  
**Improvement: 7-20x** (still 3-10x away from SOTA due to remaining sequential phases)

### Critical Implementation Details
- ✅ Preserved all `[TIMING]` lines inside `#ifdef GENDB_PROFILE` guards
- ✅ Kept encoding logic unchanged
- ✅ Thread-local aggregation avoids lock contention
- ✅ Fallback to std::unordered_map if pre-built indexes missing (safety)
- ✅ Boundary checking for nation_nationkey range [0, 24]

The optimizations focus on **plan-level restructuring** (leveraging pre-built indexes, parallelization) which yields 10-100x gains, rather than micro-optimizations.