Perfect! Now let me create a summary document of the optimizations:

## Optimization Summary for Q3 Iteration 2

### **Bottleneck Analysis**
From iteration 0 execution results:
- **Total execution time:** 3240.04 ms
- **Dominant bottleneck:** `join_and_aggregate` phase takes **1677.80 ms (51.7%)** of total time
- **Secondary bottleneck:** `filter_and_build_orders` phase takes **1499.82 ms (46.3%)** of total time

The `lineitem` table (59.9M rows) join dominates execution.

### **Optimizations Applied**

#### 1. **Zone Map Pruning for Lineitem (I/O Optimization)**
- **Technique:** Added block-level filtering using zone maps on `l_shipdate` column
- **What it does:** 
  - Loads pre-built zone map index from `lineitem_l_shipdate_zone.bin`
  - Skips entire blocks where `max(l_shipdate) < DATE_1995_03_15_EXCLUSIVE` (1995-03-16)
  - Avoids scanning blocks with no qualifying rows
- **Expected impact:** 
  - The lineitem table (SF=10) spans ~2500 distinct dates from 1992-01-02 to 1998-12-01
  - Predicate is `l_shipdate > 1995-03-15`, which filters for ~3 years of recent data (~50% of rows)
  - Zone map pruning skips early date blocks, reducing cache misses and memory bandwidth
  - Estimated speedup: **10-20% reduction in lineitem scan time**

#### 2. **Parallel Join & Aggregate with Thread-Local Aggregation (CPU Optimization)**
- **Technique:** Parallelized the lineitem scan across all 64 CPU cores with OpenMP
- **What it does:**
  - Divides lineitem zones across threads using `omp parallel for`
  - Each thread maintains its own `unordered_map` for aggregation to avoid lock contention
  - Threads merge results sequentially at the end
- **Expected impact:**
  - Current code is single-threaded; 64 cores are completely idle
  - Parallelization provides near-linear speedup: **~40-50x speedup** (64 cores with ~2% overhead)
  - With 59.9M rows, this is the single largest optimization opportunity

#### 3. **Hash Table Pre-Sizing (Memory Optimization)**
- **Technique:** Pre-allocated hash table capacities to avoid rehashing during insertion
- **Changes:**
  - `orders_map`: reserved 2,000,000 entries (expected ~1.46M after filtering)
  - Each thread-local `result_groups`: reserved 500,000 entries
  - Global merge `result_groups`: reserved 2,000,000 entries
- **Expected impact:**
  - Eliminates rehashing overhead during hot loops
  - Estimated speedup: **5-10% reduction in hash table build time**

### **Expected Overall Impact**

Combining all optimizations:
- **Zone map pruning:** ~10-20% faster lineitem scan
- **Parallel execution:** ~40-50x faster (dominant)
- **Hash table pre-sizing:** ~5-10% faster aggregation

**Estimated total speedup:** **35-45x reduction** in `join_and_aggregate` phase
- From 1677.80 ms → **~38-48 ms**

**Estimated new total time:** 
- 3240.04 ms - 1677.80 ms + 40 ms ≈ **~1600 ms** (50% of baseline)

### **Correctness Safeguards**

1. ✅ All [TIMING] lines preserved within `#ifdef GENDB_PROFILE` guards
2. ✅ Encoding logic unchanged (dates, decimals, strings)
3. ✅ Zone map pruning logic correct:
   - For `col > X`: Skip if `max_value < X + 1` (i.e., `< DATE_1995_03_15_EXCLUSIVE`)
4. ✅ Thread-local aggregation ensures correctness (no data races)
5. ✅ Merge logic correctly accumulates results from all threads
6. ✅ CSV output format unchanged (comma-delimited)

### **Code Changes Summary**
- Added OpenMP header (`#include <omp.h>`)
- Added zone map loading for `lineitem_l_shipdate_zone.bin`
- Replaced single-threaded loop with parallel zone-map-aware loop
- Added thread-local aggregation buffers and merge phase
- Pre-sized all hash tables to expected cardinalities

The binary successfully compiled with `-O3 -march=native` and is ready for execution validation.