Perfect! Now let me print a brief summary for the user:

## Summary

**Q6 Iteration 0 Evaluation Complete**

### ✅ Results
- **Compilation**: ✅ Success
- **Execution**: ✅ Success (10ms)
- **Correctness**: ✅ Pass (matches ground truth)

### 🎯 Performance Analysis
- **Current**: 10ms
- **DuckDB**: 19.3ms (min)
- **PostgreSQL**: 2,372ms
- **Status**: **GenDB is already 2x faster than DuckDB!** 🚀

### 🔍 Key Findings

**Hardware Detected:**
- 64 cores (Intel Xeon Gold 5218)
- AVX512 + AVX2 support
- HDD storage (rota=1)
- 376GB RAM

**Current Implementation Strengths:**
1. ✅ Parallel execution with 64 threads
2. ✅ Zone map pruning on shipdate, discount, quantity
3. ✅ AVX2 SIMD predicate evaluation
4. ✅ Memory-mapped columnar storage

**Optimization Opportunities (6 identified):**

1. **Priority 1 - SIMD Aggregation Fix** (cpu_bound)
   - Issue: SIMD evaluates predicates but falls back to scalar for aggregation
   - Impact: 1.5-2x speedup (10ms → 5-7ms)
   - Risk: Medium

2. **Priority 2 - I/O Hint Optimization** (io_bound)
   - Issue: Uses MADV_SEQUENTIAL despite sparse access from zone map skipping
   - Impact: 10-20% speedup (10ms → 8-9ms)
   - Risk: Low

3. **Priority 3 - Thread Count Tuning** (cpu_bound)
   - Issue: 64 threads may be excessive for selective query
   - Impact: 5-15% speedup (10ms → 8.5-9.5ms)
   - Risk: Low

4. **Priority 4 - Data Prefetching** (io_bound)
   - Issue: No prefetching for HDD latency hiding
   - Impact: 10-20% speedup on HDD
   - Risk: Medium

5. **Priority 5 - Aligned SIMD Loads** (cpu_bound)
   - Issue: Using unaligned loads (~50% slower)
   - Impact: 5-10% speedup
   - Risk: Low

6. **Priority 6 - Predicate Reordering** (filter)
   - Issue: Can optimize short-circuit evaluation
   - Impact: 5-10% speedup
   - Risk: Low

**No critical fixes needed** - code is correct and already high-performance!

Detailed evaluation written to: `/home/jl4492/GenDB/output/tpc-h/2026-02-13T22-18-27/queries/Q6/iter_0/evaluation.json`