Perfect! The query consistently runs in 8-10ms, which is excellent performance. Let me create a brief summary:

---

## Summary

Successfully generated Q6 implementation for TPC-H benchmark (iteration 0).

### Query Performance
- **Execution time:** 8-10 ms (average ~9 ms)
- **Baseline:** 29.3 ms (GenDB without optimization)
- **Target:** 20 ms (DuckDB)
- **Speedup:** **3.3x faster** than baseline, **2.2x faster** than DuckDB target

### Optimizations Applied

1. **Parallelism** (64 threads)
   - Morsel-driven execution with 100K row blocks
   - Thread-local aggregation with lock-free merging
   - Atomic block counter for dynamic work distribution

2. **Zone Map Pruning**
   - Leveraged existing zone maps on l_shipdate, l_discount, l_quantity
   - Block-level filtering skips ~85% of data blocks that don't match predicates
   - Data sorted by l_shipdate makes zone maps highly effective

3. **SIMD Filtering (AVX2)**
   - Vectorized predicate evaluation processing 8 rows at once
   - Early exit when SIMD mask shows no matches in batch
   - Fallback to scalar for tail and matching rows

4. **Column Pruning**
   - Only loads 4 of 16 columns: l_shipdate, l_discount, l_quantity, l_extendedprice
   - Reduces memory bandwidth by 75%

5. **Memory Access Optimization**
   - mmap with MADV_SEQUENTIAL hints for prefetching
   - Cache-friendly sequential scans within blocks

### Key Implementation Details
- Correctly handled data encodings:
  - Dates: days since 1970-01-01 (int32)
  - Discount: values 0-10 representing 0.00-0.10 (int32)
  - Quantity: scaled by 100 (e.g., 24.00 → 2400)
  - Extended price: cents (int64)
- Zone map format: 8-byte header (count) + 24-byte entries (min, max, null_count padding, row_count padding)
- Final result conversion: raw_sum / 10000.0 to get dollars

The implementation is **highly optimized** and leverages all available hardware resources (64 cores, AVX2 SIMD, zone maps). Performance exceeds both the baseline and DuckDB target significantly.