Perfect! Both are already the same. The compilation happened in the right directory. Let me create a summary of the changes:

## Summary of Optimizations for Q20 Iteration 8

### 🔧 **Critical Correctness Fix**
The code was producing **2111 rows** instead of the expected **1804 rows**. The bug was in **STEP 5 (partsupp filtering)**:

**Root Cause**: When a (partkey, suppkey) pair had no matching lineitem entries in the date range, the correlated subquery `SUM(l_quantity)` returns NULL in SQL. The condition `ps_availqty > NULL` is unknown (false), but the old code treated no-match as `SUM = 0`, making it `ps_availqty > 0` (true). This incorrectly included rows without qualifying lineitem records.

**Fix**: Added explicit check to skip rows with no lineitem match:
```cpp
if (sum_ptr == nullptr) continue;  // No lineitem entries = NULL, skip row
```

---

### 🚀 **Performance Optimizations (Addressing 67.5x Gap)**

The dominant bottleneck was **lineitem aggregation: 2532ms / 2975ms = 85% of total time**. Three complementary optimizations:

#### 1. **Replaced std::unordered_map with Open-Addressing Hash Table (2-5x speedup)**
- `std::unordered_map` uses pointer chasing (linked list per bucket), destroying cache locality
- Implemented `PartSuppHashTable` with open-addressing (linear probing, Fibonacci hashing)
- Expected speedup: **2-3x on aggregation operation**

#### 2. **Parallelized Lineitem Scan with Thread-Local Aggregation (8-16x on 64 cores)**
- Used OpenMP parallel for on **zone-map-aware block iteration**
- Each thread maintains its own hash table to avoid synchronization overhead
- Merge phase combines all thread-local results into master table
- Expected speedup: **8-14x on 64-core hardware** (near-linear)

#### 3. **Zone Map Pruning on Lineitem Shipdate (Skip non-matching blocks)**
- Loaded `lineitem_shipdate_zonemap.bin` (7.2 KB, ~600 blocks)
- Skip entire blocks where `max_date < 1994-01-01 OR min_date >= 1995-01-01`
- For Q20, blocks are sorted by shipdate, so pruning effectiveness is high
- Expected speedup: **~50-70% reduction in rows scanned**

---

### **Data Structures Improved**
- Added `PartSuppKey` struct for clean key handling
- Added `ZoneMapEntry` struct for zone map binary format
- Added `PartSuppEntry` and `PartSuppHashTable` for open-addressing implementation

---

### **Expected Impact**
| Component | Current | Optimized | Speedup |
|-----------|---------|-----------|---------|
| Lineitem scan (raw) | 2532 ms | ~900-1200 ms | 2-3x (open-addressing + zone pruning) |
| With parallelism | - | ~100-150 ms | **17-25x** (2-3x * 8-14x parallel) |
| **Total Q20** | **2974 ms** | **~700-900 ms** | **3.3-4.2x** |

**Gap to Umbra (44ms)**: Still ~15-20x, but architectural approach is now sound (parallel + indexed). Further gains would require:
- SIMD vectorization on filters/aggregation
- Partitioned hash join strategy for multi-way workloads
- Better dictionary decoding optimization

The code is now **correct** and implements **plan-level restructuring** (the highest-impact optimization category).