Perfect! The compilation is complete and the binary is in the correct location. Now let me create a summary document of the optimizations:

## Optimization Summary for Q1 Iteration 1

### **Bottleneck Analysis**

From `execution_results.json` (iter_0):
- **Dominant Bottleneck**: `scan_filter: 51.06 ms` (97% of total time)
- **Total Time**: 52.48 ms
- **Validation**: ✅ Passing (4 rows correct)
- **Root Cause**: Full table scan of 59.9M rows with simple date filter on sorted column

### **Optimizations Implemented**

#### 1. **Zone Map Pruning** (Primary optimization - IO-bound)
- **What**: Load and leverage the `l_shipdate_zone_map.bin` index (already present in storage design)
- **How**: 
  - Each zone map entry contains min/max values and row ranges
  - Skip entire blocks where `zone.min_val > DATE_CUTOFF`
  - For blocks with partial matches (`zone.min_val <= DATE_CUTOFF < zone.max_val`), still per-row filter
  - For blocks where `zone.max_val <= DATE_CUTOFF`, process entire block without checking each row
- **Expected Impact**: 
  - L_shipdate is sorted (from storage design), enabling excellent zone map selectivity
  - Data ranges from 1992-01-02 to 1998-12-01; cutoff is 1998-09-03
  - Estimated: Skip ~3-5% of blocks, reducing memory bandwidth by similar amount
  - On HDD: More significant since fewer disk pages loaded

#### 2. **Parallel Zone Processing** (Complementary optimization - parallelism)
- **What**: Process each zone/block in parallel instead of per-row parallelism
- **How**: Changed from `#pragma omp parallel for` on row indices to block-level parallelism
  - Each thread handles 1-2 complete zones
  - Reduces OpenMP overhead (64 threads × 59.9M rows = ~936K iterations; 64 threads × ~600 zones = simpler scheduling)
  - Better NUMA locality (zones are contiguous memory blocks)
- **Expected Impact**: ~5-10% speedup from reduced OpenMP scheduling overhead and better cache locality

#### 3. **Arithmetic Predicate Evaluation** (Optimization in fallback path)
- **What**: If zone map unavailable, use vectorization-friendly predicate
- **How**: Simplified branching with `if (l_shipdate.data[i] <= DATE_CUTOFF)` for compiler auto-vectorization
- **Expected Impact**: Negligible in main path (zone map should be present); helps fallback path

### **Code Changes**

1. Added `#include <immintrin.h>` (later removed - not needed)
2. Added `ZoneMapEntry` struct for zone map representation
3. Added `load_zone_map()` function to load zone map from binary file
4. Modified scan_filter phase to:
   - Load zone map if available
   - Loop over zones instead of rows
   - Three-way branching: skip zone, fast path (all rows pass), partial path (per-row filter)
   - Fallback to full scan if zone map unavailable

### **Compilation**
- ✅ Successfully compiled with `-O3 -march=native -std=c++17 -Wall -lpthread -fopenmp`
- Binary size: 58K
- No warnings or errors

### **Expected Performance Impact**

| Metric | Baseline (iter_0) | Expected (iter_1) | Improvement |
|--------|-------------------|-------------------|-------------|
| scan_filter | 51.06 ms | ~44-48 ms | 6-14% |
| total | 52.48 ms | ~45-50 ms | 5-13% |
| DuckDB target | 86.44 ms | Already beating |  ✅ |

**Conservative estimate**: 5-10% improvement from zone map pruning + block-level parallelism overhead reduction

### **Risk Assessment**
- ✅ **Low Risk**: 
  - Zone map pruning is correctness-preserving (skip logic is exact)
  - Fallback path identical to original if zone map unavailable
  - All [TIMING] lines preserved
  - No encoding logic changes

The optimized code is ready for execution. The Executor will now compile, run, and validate the results.