Perfect! The code compiled successfully. Now let me create a summary of the optimization:

## Summary of Optimization Changes (Iteration 2)

### **Problem Identified**
The baseline (Iteration 0) took **985.91ms** with the bottleneck at `filter_orders: 552.96ms` (56% of total time). This operation was using `std::unordered_map` to build a hash table of filtered orders, which has poor cache locality and pointer chasing overhead.

### **Root Cause (Plan-Level Issue)**
The code was using `std::unordered_map` for all hash operations:
- Orders: 15M entries → hash table build time 552ms
- Customer: 1.5M entries → hash table build time 94ms  
- Supplier: 100K entries → hash table build time 6ms

According to the knowledge base (`patterns/parallel-hash-join.md`), `std::unordered_map` is **2-5x slower** than open-addressing hash tables due to:
- Pointer chasing through linked lists (poor cache locality)
- ~80 bytes overhead per entry
- Cache misses during lookup chains

### **Optimization Applied**
**Replaced `std::unordered_map` with `CompactHashTable<K,V>` (open-addressing hash table)**

Key improvements:
1. **CompactHashTable implementation**:
   - Open-addressing with linear probing
   - Fibonacci hashing: `hash(key) = key * 0x9E3779B97F4A7C15ULL`
   - Bitwise AND modulo: `idx & mask` (faster than %)
   - 75% load factor with power-of-2 sizing
   - Direct array storage (no pointers, excellent cache locality)

2. **Applied to three hash maps**:
   - `orders_map`: 1.5M filtered entries (expect 150-250ms → ~75-125ms)
   - `supplier_map`: 100K entries (expect 6ms → ~3ms)
   - `customer_map`: 1.5M entries (expect 94ms → ~47ms)

3. **Expected Total Speedup**:
   - Orders map: 552ms → ~276ms (2x faster)
   - Customer map: 94ms → ~47ms (2x faster)
   - Supplier map: 6ms → ~3ms (2x faster)
   - **New estimated total: ~250-300ms** (3-4x speedup vs. baseline 986ms)

### **Code Changes**
- ✅ Added `CompactHashTable` template struct (lines ~157-198)
- ✅ Replaced `std::unordered_map<int32_t, int32_t>` with `CompactHashTable<int32_t, int32_t>` for orders, supplier, and customer maps
- ✅ Updated lookup from `map.find()` → pointer-based to `table.find()` returning pointer
- ✅ Preserved all [TIMING] lines inside `#ifdef GENDB_PROFILE` guards
- ✅ Maintained correctness: same join logic, same aggregation, same output format

### **Compilation Status**
✅ Successfully compiled with: `g++ -O3 -march=native -std=c++17 -Wall -lpthread -fopenmp -DGENDB_PROFILE`

The optimized code is ready for execution. The Executor will now run and validate the results.