Perfect! Let me create a summary of the optimization:

## Summary: Q8 Optimization Iteration 3

### Bottleneck Analysis
The dominant bottleneck from iteration 1 (baseline: 300.27ms) was:
- **orders_scan_filter: 178.73 ms (59.5% of total)** ← CRITICAL

This involved scanning 15M orders rows and filtering by date range `[1995-01-01, 1996-12-31]`, a highly selective filter that should reduce the cardinality by ~93%.

### Optimization Strategy: Zone Map Pruning
I implemented **zone map pruning** on two critical scans:

1. **orders_orderdate**: The orders table is sorted by `o_orderdate` with pre-built zone maps (150 blocks of 100K rows each). The zone map stores `[min, max, row_count]` per block, enabling block-level skipping.
   - When `zone_max < 1995-01-01` OR `zone_min > 1996-12-31`, skip the entire block
   - Expected: Skip ~140 out of 150 blocks (~93% of the data)

2. **lineitem_shipdate**: Similarly, lineitem is sorted by `l_shipdate` with zone maps. Block skipping applies the same logic.

### Implementation Details
- Added `ZoneMapEntry` struct to parse zone map binary format: `[min, max, count]` (12 bytes per entry)
- Added `mmap_zonemap()` function for safe zone map loading
- Modified orders scanning loop: now iterates over zones first, skipping blocks entirely if their min/max falls outside the date range
- Modified lineitem aggregation loop: uses zone maps for iterative block processing instead of row-by-row iteration
- Fallback to full scan if zone maps are unavailable (graceful degradation)

### Expected Performance Impact
- **orders_scan_filter**: ~178.73ms → **~12-15ms** (14-15x speedup through block skipping)
- **lineitem aggregation**: Should improve due to better cache locality from zone-directed iteration
- **Overall**: Target **~200-220ms** (1.4-1.5x improvement from current baseline)

### Code Correctness
- All [TIMING] lines preserved inside `#ifdef GENDB_PROFILE` guards
- No changes to encoding logic or output format
- Zone map structure validated by file size: 1804 bytes / 150 blocks = 12 bytes per entry ✓
- Maintained parallel OpenMP structure with thread-local aggregation

The compilation succeeded without errors. The Executor will now run and validate correctness and timing.