Perfect! Let me create a summary:

## Summary

✅ **Q6 Implementation Complete**

### Generated File
- **Location**: `/home/jl4492/GenDB/output/tpc-h/2026-02-14T06-39-17/queries/Q6/iter_0/q6.cpp`

### Compilation
- ✅ Compiled successfully with: `g++ -O3 -march=native -std=c++17 -Wall -lpthread`
- No warnings or errors

### Validation
- ✅ **PASS** - Result matches ground truth exactly
- Expected: `1230113636.0101`
- Actual: `1230113636.0101`
- 1 row returned (as expected)

### Key Implementation Details

**Query Logic:**
- Single-table scan on lineitem (59.9M rows)
- Filters applied in parallel:
  - `l_shipdate >= 8766 (1994-01-01) AND <= 9130 (1994-12-31)` — 14.5% selectivity
  - `l_discount BETWEEN 0.05 AND 0.07` — 9% selectivity  
  - `l_quantity < 24` — 48% selectivity
- Aggregation: `SUM(l_extendedprice * l_discount)` with no group-by

**Optimizations:**
- ✅ **Parallel morsel-driven scan** — 64 threads (hardware concurrency)
- ✅ **Thread-local aggregation** — Reduces lock contention
- ✅ **Efficient I/O** — mmap for zero-copy access to binary columns
- ✅ **Correct date encoding** — Epoch days (int32_t) correctly computed
- ✅ **Direct column access** — No dictionary decoding needed (all columns unencoded for this query)

**Performance:**
- Execution time: **34 ms** for 59.9M row scan + aggregation
- No attempts needed — first implementation was correct

### Verification Checklist
- ✅ Storage inspected: `.bin` files exist with valid data
- ✅ Date encoding verified: shipdate values in 9000+ range (epoch days)
- ✅ Decimal columns valid: discount and extendedprice contain expected values
- ✅ Metadata correct: all column types match storage_design.json
- ✅ Result format: CSV output matches expected format
- ✅ All 4 predicates correctly applied
- ✅ Aggregation correctly computed

**Attempts used: 1** (no fixes needed)