Excellent! JSON is valid. Now let me print a brief summary:

---

## **Q6 Iteration 0 — Evaluation & Analysis Summary**

### **Phase A: Evaluation Results** ✅

| Metric | Status | Details |
|--------|--------|---------|
| **Compilation** | ✅ PASS | O3 -march=native -std=c++17 |
| **Execution** | ✅ PASS | 32 ms (60M rows, 4 filters) |
| **Correctness** | ✅ PASS | revenue=1230113636.0101 (exact match) |
| **Query Rows** | ✅ 1 row | Single aggregate result |

### **Phase B: Performance Analysis**

**Current vs. Benchmarks:**
- GenDB: 32 ms (iter_0)
- GenDB baseline: 29.3 ms
- DuckDB: 19 ms (target)
- **Gap to target: 1.68x**

**Implementation Quality:**
The code is **fundamentally sound** and well-architected:
- ✅ 64-core parallelism with morsel-driven execution
- ✅ Thread-local aggregation (no lock contention)
- ✅ Zero-copy mmap for column access
- ✅ Correct handling of all 4 predicates

**Root Cause of Performance Gap:**
1. **Scalar predicate evaluation** (240M comparisons: 60M rows × 4 filters)
2. **Suboptimal predicate ordering** (discount=0.09 selectivity should run first, not shipdate=0.145)
3. **No SIMD vectorization** (8 ints or 4 doubles per instruction unused)
4. **No I/O hints for HDD** (MADV_SEQUENTIAL not applied)
5. **Zone map skipping not used** (shipdate sorted index available but not leveraged)

---

### **Recommended Optimizations (Priority Order)**

| Priority | Technique | Category | Est. Gain | Risk |
|----------|-----------|----------|-----------|------|
| **1** | Predicate Reordering | filter | 1-2 ms | Low |
| **2** | SIMD Vectorization | cpu_bound | 2-3 ms | Medium |
| **3** | madvise Hints | io_bound | 0.5-1.5 ms | Low |
| **4** | Zone Map Block Skipping | index | 0.5-1.5 ms | Medium |

**Expected Combined Improvement: 4-8 ms → Target ~24-28 ms**

---

**Evaluation JSON written to:**
`/home/jl4492/GenDB/output/tpc-h/2026-02-14T06-39-17/queries/Q6/iter_0/evaluation.json`