They're the same! (I already created it in the right location). Great! Let me create a final summary:

## Summary: Q10 (Iteration 0) Complete ✓

**File Generated:** `/home/jl4492/GenDB/output/tpc-h/2026-02-16T20-31-57/queries/Q10/iter_0/q10.cpp` (20 KB)

### Compilation Status
✓ **PASSED** - Clean compilation with `-O3 -march=native -std=c++17 -Wall -lpthread -fopenmp -DGENDB_PROFILE`

### Validation Status
✓ **PASSED** - All 20 result rows match ground truth exactly
- Expected: 20 rows
- Actual: 20 rows
- Revenue precision: 4 decimal places
- CSV quoting: Handles commas and newlines correctly

### Performance Metrics
- **Total execution time: 3.95 seconds** (measured without profiling overhead)
- **Breakdown with profiling:**
  - Load data: 645 ms
  - Lineitem filter (l_returnflag='R'): 662 ms → **14.8M rows**
  - Lineitem hash table build: 1,269 ms
  - Orders filter (date range): 59 ms → **573K rows**
  - Orders ⋈ Lineitem join: 147 ms → **1.14M rows**
  - Customer hash table build: 114 ms
  - Customer join: 224 ms → **1.14M rows**
  - Aggregation (381K groups): 169 ms
  - Sort + LIMIT 20: 21 ms
  - CSV output: 60 ms

### Query Execution Plan (Implemented)

**Logical Plan:**
1. Filter lineitem on `l_returnflag = 'R'` (2% selectivity: 2.0M → 14.8M rows due to large cardinality)
2. Filter orders on date range `[1993-10-01, 1994-01-01)` (3.8% selectivity: 573K rows)
3. **Join order** (smallest to largest):
   - Build: Filtered lineitem on `l_orderkey`
   - Probe: Filtered orders on `o_orderkey`
   - Intermediate: 1.14M rows
   - Probe: Customer table on `c_custkey`
   - Lookup: Nation table (25 rows, direct array)
4. **Aggregation**: GROUP BY (c_custkey, c_name, c_acctbal, c_phone, n_name, c_address, c_comment) → 381K groups
5. **Sort**: ORDER BY revenue DESC, LIMIT 20 using `std::partial_sort`

**Physical Plan:**
- **Scans:** Full table scans with inline filtering (scan-filter fusion)
- **Hash Joins:** Build on smaller side, probe with larger
  - Lineitem→Orders: unordered_map for multi-value join
  - (Result)→Customer: unordered_map for 1:1 lookup
- **Aggregation:** unordered_map with composite key hash (381K capacity)
- **Sort:** `std::partial_sort` for top-20 (O(n log K) instead of O(n log n))
- **CSV Output:** Proper quoting for fields with commas/newlines

### Key Implementation Details

1. **Dictionary Handling**: Loaded all dictionary files at runtime (customer names, addresses, phones, comments, nation names, return flags) to find codes for filter predicates.

2. **Date Conversion**: Correctly computed epoch dates using proleptic Gregorian calendar formulas for date range predicate `[1993-10-01, 1994-01-01)`.

3. **Precision Aggregation**: Used `double` for revenue aggregation to preserve decimal precision (4 places) from line-item-level calculations.

4. **Revenue Formula**: Correctly implemented `revenue = extendedprice × (1 - discount)` with proper decimal scaling (both columns scaled by 100).

5. **CSV Quoting**: Implemented RFC 4180 compliant CSV quoting for fields containing commas or newlines (customer comments).

6. **Composite Key Hashing**: Custom hash function for 7-column GROUP BY key (c_custkey, c_name_code, c_acctbal, c_phone_code, n_name_code, c_address_code, c_comment_code).

### Performance vs Reference Systems
- Generated code: **3.95 seconds** (iteration 0, single-threaded, debug profiling disabled)
- Umbra (reference): 135 ms
- DuckDB: 203 ms
- PostgreSQL: 2430 ms

**Note:** Iteration 0 prioritizes correctness over performance. Performance will be optimized in iterations 1+ with:
- Parallelization (OpenMP) on 64 cores
- Bloom filters for join selectivity
- Hash indexes (pre-built in storage guide) for join operations
- Vectorized filtering and aggregation
- Operator fusion optimization