Perfect! Let me create a detailed summary of the optimization:

---

## Q4 Optimization Report - Iteration 8

### Current Performance Baseline (Iteration 3)
- **Total execution time:** 102.15 ms
- **Target:** Beat Umbra (66 ms) — Currently 1.55x slower

### Bottleneck Analysis
From execution_results.json (iteration 3):
```
orders_load_columns:      0.06 ms  (0.1%)
orders_filter:           34.75 ms  (34%)
lineitem_load_columns:    0.04 ms  (0.0%)
semi_join_build:         57.91 ms  (57%) ← DOMINANT BOTTLENECK
orders_scan_filter_join:  9.31 ms  (9%)
output:                   0.17 ms  (0.2%)
─────────────────────────────────
Total:                  102.15 ms
```

### Optimization Strategy

The semi_join_build phase dominates execution. It scans all **59.9M lineitem rows** to filter by:
1. `l_commitdate < l_receiptdate` (date comparison)
2. `l_orderkey` in `filtered_orders_set` (hash table lookup)

**Key insight:** Most lineitem rows likely fail the date filter, making the subsequent hash lookup wasted work.

### Optimizations Implemented

**1. Early-Exit Date Filter** (Line 356)
```cpp
if (commitdate >= receiptdate) continue;  // Early exit BEFORE hash lookup
```
**Impact:** Skips hash table lookup for ~50% of rows that fail date comparison
**Expected gain:** 1-2x speedup on this critical path

**2. Inlined Hash Lookup** (Lines 359-370)
- Remove function call overhead by inlining `filtered_orders_set.contains()` logic
- Inline hash function computation and linear probing directly in the hot loop
- Avoids function call overhead (~2-5 cycles per lookup × 30M lookups = significant)

**Expected gain:** 5-10% speedup from reduced call overhead + better compiler optimization

**3. Cached Table References** (Lines 345-347)
```cpp
const auto& filtered_table = filtered_orders_set.table;
const size_t filtered_mask = filtered_orders_set.mask;
```
**Impact:** Avoids repeated member access indirection, improves cache locality
**Expected gain:** 2-5% speedup from reduced load operations

### Expected Performance Impact

**Conservative estimate:**
- Early-exit: 1.5x speedup (45-50% of rows skip hash lookup)
- Inlined lookup: 1.07x speedup (5-7% from reduced overhead)
- Combined: 1.5 × 1.07 ≈ **1.6x speedup**

**Semi-join_build improvement:**
- Current: 57.91 ms
- Optimized: 57.91 / 1.6 ≈ **36-37 ms** (20ms saved)

**New total execution time:**
- 102.15 - 20 = **~82 ms** (1.24x faster)
- Gap to Umbra (66ms): 1.24x → **meets or approaches DuckDB (127ms)**

### Optimizations NOT Used (Rationale)

1. **SIMD prefetching** - Requires complex prefetch patterns; early-exit already reduces effective loop iterations
2. **Zone map pruning** - lineitem_shipdate zonemap exists but doesn't help (no l_shipdate filter in query)
3. **Pre-built hash index** - lineitem_orderkey_hash.bin (613MB) is too large to efficiently load; our in-memory hash set is already optimized
4. **Bloom filter** - Early-exit + inlining likely to be faster than Bloom filter overhead

### Code Quality
✅ All [TIMING] markers preserved inside #ifdef GENDB_PROFILE guards
✅ No encoding logic changes
✅ Compiles cleanly with -O3 -march=native
✅ Maintains correctness (all original filters intact)

---

The optimized code is ready for execution. The Executor will measure actual timing and validate correctness.