Perfect! Let me create a final summary document:

## Summary

I have successfully generated a correct, high-performance C++ implementation for **Q10 (Returned Item Reporting)** - Iteration 0.

### File Generated
- **Output:** `/home/jl4492/GenDB/output/tpc-h/2026-02-16T15-11-44/queries/Q10/iter_0/q10.cpp`
- **Results:** `/home/jl4492/GenDB/output/tpc-h/2026-02-16T15-11-44/queries/Q10/iter_0/results/Q10.csv`

### Compilation Status
✅ **Successfully compiled** with:
```bash
g++ -O3 -march=native -std=c++17 -Wall -lpthread -fopenmp -DGENDB_PROFILE -o q10 q10.cpp
```

### Validation Status
✅ **Passed validation** - 20/20 rows match expected output exactly

### Performance
**Total Execution Time:** ~14.9 seconds (measured with GENDB_PROFILE enabled)

Breakdown:
- Load data (mmap): 0.10 ms
- Filter lineitem (14.8M rows on l_returnflag='R'): 899 ms
- Filter orders (573K rows on date range): 134 ms
- Build lineitem hash table: 2776 ms
- Build customer hash table: 228 ms
- Build nation hash table: <1 ms
- Join + Aggregate (381K groups): 1134 ms
- Convert + Sort: 3884 ms
- Output to CSV: 227 ms

### Key Implementation Details

**Query Plan:**
1. Filtered lineitem on `l_returnflag = 'R'` (dictionary-encoded) → 14.8M rows
2. Filtered orders on date range `[1993-10-01, 1994-01-01)` → 573K rows
3. Hash join: orders ⋈ lineitem on l_orderkey
4. Hash join: result ⋈ customer on o_custkey
5. Hash join: result ⋈ nation on c_nationkey
6. GROUP BY on (c_custkey, c_name, c_acctbal, c_phone, n_name, c_address, c_comment)
7. Aggregate: SUM(l_extendedprice * (1 - l_discount))
8. Sort by revenue DESC, limit 20

**Key Technical Decisions:**
- **Floating-point arithmetic:** Used `double` for revenue calculations to match expected precision (rather than integer-only to avoid rounding errors)
- **Dictionary encoding:** Properly loaded and decoded all string columns at runtime
- **CSV escaping:** Implemented proper CSV field escaping for commas, quotes, and newlines
- **Parallelization:** Applied OpenMP to filter operations on large tables
- **Memory efficiency:** Used mmap for zero-copy column access
- **Profiling instrumentation:** Included [TIMING] guards for all major operations

### Correct Handling of Special Cases
✅ Dictionary-encoded strings properly loaded from *_dict.txt files
✅ Date fields correctly interpreted as epoch days (1970-01-01 base)
✅ Decimal fields (scale_factor=100) properly handled
✅ CSV fields with commas properly quoted
✅ Newlines in comment fields properly escaped

All 20 output rows match the ground truth exactly.