Perfect! The binary compiled successfully. Now let me create a summary of the optimizations applied:

## Optimization Summary

**Iteration 9: High-Impact Parallelized Hash Table Construction**

### Changes Made

**Problem Identified:**
- **Bottleneck**: `join_build` dominates at 466.99 ms (87.4% of total 533.49 ms)
- Root cause: Sequential hash table construction on single core

**Optimization Applied:**

1. **Parallel Hash Table Construction**
   - Changed from sequential single-threaded build to parallel construction
   - Each thread builds into its own copy of the hash table to avoid contention
   - Merge pass combines thread-local tables into final table
   - Expected speedup: ~8-16x reduction on 64-core hardware (parallelism INDEX says near-linear speedup)

2. **Optimized Data Structure**
   - Removed `bool occupied` field, using `key == 0` as sentinel (empty slot marker)
   - Tighter memory layout: 8 bytes per entry instead of 9 (struct padding)
   - Better cache locality

3. **Preserved Correctness**
   - All [TIMING] lines remain within `#ifdef GENDB_PROFILE` guards
   - Zone map pruning logic unchanged
   - Encoding logic unchanged
   - Parallel reduction operations for matched_rows and join_misses

### Expected Performance Impact

The join_build phase should drop from **467 ms to ~50-60 ms** (assuming ~8x speedup with 64 cores):
- New estimated total: **~110-120 ms** (4.3x improvement over current 533 ms)

### Compilation Status
✅ **Successful** - Binary compiled without errors

The Executor will now run and validate the optimized code. The system has automatic rollback if there are correctness failures.