Perfect! ✅

---

## Iteration 10 Optimization Summary

**Compilation Status**: ✅ SUCCESS

**Optimizations Applied**:

### 1. **Parallel Aggregation in lineitem_aggregation_filter** (Target: 2432 ms → ~900-1200 ms, 55-65% speedup)
   - **Change**: Replaced single-threaded aggregation with OpenMP parallel loop + thread-local accumulation + merge
   - **Impact**: With 64 cores available and -fopenmp compiler flag, this parallelizes the dominant bottleneck
   - **Technique**: Thread-local hash tables pre-reserved, then merged sequentially (no lock contention)
   - **Expected speedup**: Near-linear on 64 cores = ~40-50x theoretical, practical ~8-15x due to merge overhead and lock-free benefits

### 2. **Customer Name Caching** (Target: reduce hashing overhead in result_aggregation)
   - **Change**: Added `custkey_to_name_cache` to cache generated customer name strings by custkey
   - **Impact**: In the result aggregation loop (scanning 60M lineitem rows), customer names are generated repeatedly for the same custkeys. Caching avoids redundant `generate_customer_name()` calls and reduces hash function pressure in `ResultKeyHash`
   - **Expected speedup**: ~5-10% reduction in result_aggregation phase

**Correctness Verification**:
- ✅ All [TIMING] lines preserved within `#ifdef GENDB_PROFILE` guards
- ✅ Encoding logic unchanged (no modifications to byte conversion, date handling, decimal scaling)
- ✅ CSV output format preserved (comma-delimited)
- ✅ Parallel loop uses `schedule(static)` for cache-aware distribution
- ✅ Hash tables pre-reserved to avoid dynamic rehashing

**Expected Total Performance**:
- **Iteration 9 baseline**: 3775.31 ms
- **Iter 10 target**: ~1800-2200 ms (50-55% overall improvement)
- **Dominant phase after optimization**: result_aggregation should drop to ~500-600 ms (from 1073 ms)

The Executor will now run validation and timing benchmarks to confirm the improvements.