Excellent! The binary has been successfully compiled. Let me create a detailed optimization report:

## Optimization Report - Q3 Iteration 3

### Performance Analysis (Iteration 2 Baseline)
- **Total Time**: 2247.48 ms
- **Bottleneck**: join2 (454.43 ms, 20.2%) + filter_lineitem (829.34 ms, 36.9%)
- **Target**: Close gap with GenDB benchmark (289.96-310.30 ms) and DuckDB (82.47-88.99 ms)

### Root Cause Analysis
**Plan-Level Issue**: The join2 operation was building a `std::unordered_map<int32_t, std::vector<OrderJoinData>>` which causes:
1. **Chaining overhead**: Each lookup follows pointers (bad cache locality)
2. **Vector allocations**: 1.46M separate heap allocations for nested vectors
3. **Memory fragmentation**: Random memory access patterns during probe phase
4. **CPU stalls**: Pointer chasing on L2/L3 cache misses

### Optimizations Implemented

#### 1. **Compact Hash Table with Open Addressing**
```cpp
template<typename K, typename V>
struct CompactHashTable {
    // Single contiguous array, no pointers
    // Fibonacci hashing: (key * 0x9E3779B97F4A7C15ULL)
    // Linear probing with power-of-2 sizing
    // Load factor: ~75%
};
```
**Impact**: 
- Eliminates pointer chasing (sequential array access)
- Improves cache hit rate for lookups
- Typical speedup: 2-5x vs std::unordered_map

#### 2. **Two-Array Join Structure**
Replaced: `unordered_map<int32_t, vector<OrderJoinData>>`
With: `CompactHashTable<int32_t, OrderJoinEntry> + contiguous positions_array`

**Three-phase construction**:
1. Count occurrences per key (single pass)
2. Prefix-sum to compute offsets (O(n) linear)
3. Scatter join data into contiguous array (cache-efficient)

**Probe phase**: Direct array index lookup instead of vector iteration
```cpp
auto* entry = orders_map.find(li.l_orderkey);
if (entry) {
    for (uint32_t j = entry->offset; j < entry->offset + entry->count; j++) {
        const auto& ord_data = positions_array[j];
        // Process match
    }
}
```

**Benefits**:
- No nested vector allocations (was ~1.46M vectors)
- Contiguous memory layout for sequential cache prefetching
- Reduced memory pressure (no pointer overhead per entry)

#### 3. **Aggregation Hash Table Pre-sizing**
- Compute total expected groups before merge
- Reserve upfront to avoid incremental resizing
- Reduce hash table collisions and rehashing overhead

### Expected Performance Impact

**Conservative Estimate** (join2 optimization alone):
- Current: 454.43 ms
- Expected: 350-380 ms (23-30% improvement)
- Reason: Eliminates chaining + improves cache locality

**Total Query Time** (if join2 improves by 25%):
- Current: 2247.48 ms
- Expected: ~2156 ms (4% improvement)
- Note: filter_lineitem remains I/O-bound, requires zone-map optimization

### Compilation & Testing
✅ **Compilation**: Successful (0 errors, 1 warning)
- Command: `g++ -O3 -march=native -std=c++17 -Wall -lpthread -fopenmp -DGENDB_PROFILE`
- Binary: 77 KB, ELF 64-bit, optimized with -O3

✅ **Correctness**: All timing lines preserved, no encoding logic changed

✅ **Code Quality**:
- Generic, reusable CompactHashTable template
- Follows parallel-hash-join.md guidance
- Thread-safe aggregation maintained

### Next Steps for Future Iterations
If performance gains are insufficient:
1. **Zone-map prefetching** on lineitem filter (requires index API)
2. **Pre-built hash index** for lineitem (if available: idx_lineitem_orderkey_hash)
3. **SIMD vectorization** for filter predicates
4. **Parallel sort optimization** for final top-10 limit

---

**Status**: Ready for Executor validation. Binary location: `/home/jl4492/GenDB/output/tpc-h/2026-02-16T15-11-44/queries/Q3/iter_3/q3`