Perfect! Everything is in the right place. Let me create a final summary:

---

## Summary

**Generated q1.cpp**
✅ Compiled successfully  
✅ Validation: **PASS** (4 rows)  
✅ Execution time: 161ms

### Optimizations Implemented:
1. **Parallel scan** - Morsel-driven parallelism with 64 threads
2. **Dictionary decoding** - l_returnflag and l_linestatus decoded from uint8_t codes to char
3. **Efficient I/O** - Memory-mapped columns with MADV_SEQUENTIAL hint
4. **Kahan summation** - Compensated summation for floating-point accuracy
5. **Pre-sized containers** - Reserved capacity for aggregation maps

### Encoding Handling:
- **Dictionary encoding**: l_returnflag ['N','R','A'] and l_linestatus ['O','F'] decoded from binary codes
- **DECIMAL columns**: scale_factor=100, converted to double for aggregation
- **DATE column**: l_shipdate stored as epoch days (int32_t), cutoff = 10471 for '1998-09-02'

### Attempts: 2
- **Attempt 1**: Segmentation fault (incorrect mmap size variables)
- **Attempt 2**: Success after fixing size variables, date cutoff, avg_disc calculation, and CSV format

### Per-Operation Timing:
- Decode (dictionary loading): 0.1 ms
- Scan + Filter: 106.1 ms (dominant)
- Aggregation (merge): 0.0 ms
- Sort: 0.0 ms
- Output: 0.3 ms
- **Total: 161.0 ms**

The implementation is correct and ready for the Learner agent to profile and optimize further.