Perfect! Now let me print a concise summary for the user:

---

## Q1 Iteration 0 - Analysis Complete

**Status:** ✅ PASS (correct results, 4 rows)  
**Execution Time:** 164.4 ms  
**Target:** DuckDB 86.4 ms (min) / 108.8 ms (avg)  
**Gap:** 1.9x slower than DuckDB, but **93x faster than PostgreSQL** (15.0s)

### Performance Breakdown
- **scan_filter:** 89.4 ms (54.4%) ← **DOMINANT BOTTLENECK**
- aggregation: 0.0 ms (negligible)
- sort: 0.0 ms (4 groups only)
- decode: 0.1 ms
- output: 0.2 ms

### Current Implementation (Strengths)
✅ Thread parallelism (64 threads, morsel-driven)  
✅ Memory-mapped columnar I/O  
✅ Dictionary encoding (l_returnflag, l_linestatus)  
✅ Kahan summation (numerical accuracy)  
✅ Correct validation results

### Root Cause Analysis
The scan-filter phase dominates because:
1. **Scalar predicate evaluation** — processing one comparison per cycle instead of 8-16 with SIMD
2. **Decode-before-filter** — dictionary lookups happen for all 59.9M rows, including the 2% that fail the filter
3. **Unused zone map** — storage design specifies `lineitem_shipdate_zonemap` but code doesn't use it
4. **Per-row FP conversions** — 359M floating-point operations (div/mul) instead of integer arithmetic
5. **Hash table overhead** — using `std::unordered_map` for only 4 groups instead of perfect hashing

### Top 7 Optimization Recommendations (Cumulative ~45-47% speedup)

| Priority | Technique | Expected Gain | Risk |
|----------|-----------|---------------|------|
| **1** | **SIMD Vectorized Filtering** (AVX2/AVX-512) | 30-40 ms | Medium |
| **2** | **Filter-Before-Decode Pattern** | 5-10 ms | Low |
| **3** | **Zone Map Block Skipping** (HDD-aware) | 3-8 ms | Medium |
| **4** | **Integer-Domain Aggregation** | 10-15 ms | Medium |
| **5** | **Perfect Hash (6-entry array)** | 5-8 ms | Low |
| 6 | HDD-Aware madvise (already optimal) | 0-2 ms | Low |
| 7 | Thread/Morsel Tuning (32-48 threads, 200K morsel) | 2-5 ms | Low |

**Projected Final Performance:** 83-111 ms (matching or beating DuckDB's 108.8 ms average)

### Key Insights
- Hardware is well-suited: 64 cores, AVX-512 SIMD, 376 GB RAM
- HDD requires careful I/O strategy (zone maps help, but 98% selectivity limits gains)
- Low cardinality GROUP BY (4 groups) is perfect for array-based aggregation
- No critical fixes needed — implementation is correct, just needs performance tuning

**Evaluation file written to:** `evaluation.json` ✓