Perfect! The code compiled successfully. Let me create a summary of the optimization changes:

## **Optimization Summary for Q12 Iteration 4**

### **Bottleneck Analysis (Iteration 3 Baseline)**
```
scan_filter:  30.79 ms (29%)
build_hash:   51.68 ms (48%) ← DOMINANT BOTTLENECK
join_probe:   22.76 ms (21%)
output:        0.93 ms (1%)
─────────────────────────────
total:       105.49 ms
```

### **Root Cause**
The original code performed **redundant iterations**:
1. Filtered lineitem into a vector (30.79 ms)
2. Counted unique keys via `std::unordered_set` (part of build_hash)
3. Built hash table by iterating filtered_lineitem again (51.68 ms total)

This pattern wasted CPU cycles on:
- Vector materialization and memory allocations
- Duplicate iterations through filtered rows
- Hash set counting overhead

### **Optimization Applied**
**Fused the filter and hash table build phases** into a single combined operation:

1. **Modified filter phase**: Each thread now builds its own `CompactMultiValueHashTable` **directly during filtering**, eliminating the need to materialize filtered rows into a vector
2. **Eliminated vector materialization**: No intermediate `filtered_lineitem` vector
3. **Single-pass filtering**: Rows are processed once, added directly to thread-local hash tables
4. **Efficient merge**: Merge thread-local hash tables into global hash table with pre-computed cardinality

### **Expected Improvements**
- **Eliminate vector copy/allocation overhead** (~5-10 ms)
- **Eliminate redundant iteration** through filtered rows (~15-20 ms)
- **Eliminate `std::unordered_set` counting** (~5-10 ms)
- **Better CPU cache utilization** from avoiding intermediate materialization

**Expected total time**: ~80-90 ms (vs 105.49 ms) — **approximately 15-25% improvement**

### **Code Changes**
- Changed from: Filter → Count unique → Build hash
- Changed to: Filter + build thread-local hash → Merge
- Preserved all [TIMING] lines within GENDB_PROFILE guards
- Maintained correctness through thread-safe per-thread hash tables
- OpenMP parallel for with reduction for filtered_count tracking

The compilation is successful and the code is ready for execution and validation.