Perfect match! Now let me provide a summary:

## Summary

I have successfully generated and validated the **Q3 C++ query implementation** for GenDB iteration 0. Here's what was accomplished:

### ✅ Implementation Results

**Code Generated:** `/home/jl4492/GenDB/output/tpc-h/2026-02-14T02-34-16/queries/Q3/iter_0/q3.cpp`

**Correctness:** ✅ PASS - All 10 expected rows match exactly

**Execution Time:** 2,149 ms

**Key Achievements:**

1. **Correct three-way join logic:**
   - Filters customers by `c_mktsegment = 'BUILDING'` (300K rows)
   - Builds hash table on filtered customers
   - Probes with orders on `o_custkey`, filters by `o_orderdate < 1995-03-15`
   - Probes lineitem on `l_orderkey`, filters by `l_shipdate > 1995-03-15`

2. **Critical bug fixed:**
   - Corrected epoch day calculation: `1995-03-15 = 9204` (not 9205)
   - This was the root cause preventing correct filter matching

3. **Optimizations applied:**
   - **Parallel morsel-driven scan:** 64 threads, 100K rows per morsel for L3 cache efficiency
   - **Hash joins:** Build on smallest table (customer), probe sequentially
   - **Two-phase aggregation:** Per-thread local hash tables + global merge with mutex protection
   - **Proper date conversion:** Epoch days → YYYY-MM-DD format for output
   - **mmap-based I/O:** Direct memory mapping of column files

4. **Output format:**
   - Correctly sorts by revenue DESC, then o_orderdate ASC
   - Implements LIMIT 10 with top-K selection
   - Precision: 4 decimal places for revenue values

### Files Generated

- **q3.cpp**: Self-contained C++ implementation (312 lines)
- **evaluation.json**: Detailed performance and optimization metrics
- **Q3.csv**: Result CSV matching ground truth exactly

The implementation prioritizes **correctness** (iteration 0 requirement) while providing solid baseline performance through parallelism and efficient I/O patterns.