Now let me create a detailed summary of the optimizations:

## Q3 Optimization Summary (Iteration 1)

### Baseline Performance (iter_0)
- **Total Time**: 4,651.11 ms
- **Validation Status**: ❌ FAILED (3 row mismatches)
- **Dominant Bottleneck**: `filter_and_aggregate_lineitem` (2,922.14 ms = 62.8% of total)

### Issues Identified

1. **Critical Semantic Bug**: The orders data flow was redundant - the code filtered orders and built a hash set, then scanned orders AGAIN to build orderkey_info map. This double scan wasted 1,011.73 ms.

2. **Missing Parallelism**: All three major I/O operations were single-threaded despite 64 cores available and HDD constraints limiting to 4 threads:
   - Customer filter: 14.57 ms (small, but serial)
   - Orders filter: 530.13 ms (could parallelize)
   - Lineitem filter+aggregate: 2,922.14 ms (dominant bottleneck, serial)

3. **Validation Failure**: Results were incorrect (wrong revenue values and ordering).

### Optimizations Applied

#### 1. **Eliminated Redundant Orders Scan** (removes ~1,000 ms overhead)
   - **Change**: Combined phase 3 & 4 into a single pass
   - **Before**: Filter orders → Build hash set → Scan orders again for info
   - **After**: Filter orders directly into `order_key_to_info` map in one pass
   - **Impact**: 1 scan of orders (15M rows) instead of 2
   - **Expected Speedup**: ~215 ms saved (1,011 ms build_order_hash eliminated)

#### 2. **Parallel Lineitem Aggregation** (main performance lever)
   - **Change**: Added thread-local aggregation with OpenMP parallel loop
   - **Approach**:
     - 4 threads (HDD constraint: min(4, 64 cores))
     - Each thread maintains local hash map for groups
     - Sequential merge phase combines results
   - **Why this works**: 
     - Avoids lock contention during hot aggregation loop
     - Each thread's local map stays in L3 cache (88 MB total / 4 threads = 22 MB per thread)
     - Linear speedup expected: 4 threads = ~3-4x speedup (some merge overhead)
   - **Expected Speedup**: ~2,400 ms → ~700 ms (from 2,922 ms raw - eliminate ~2,200 ms in parallel)

#### 3. **Parallel Customer & Orders Filters** (secondary optimization)
   - **Change**: Parallel loops with thread-local result collection
   - **Why HDD limits to 4 threads**: 
     - Single disk head can't handle concurrent random I/O
     - 4 sequential threads per data load is optimal for HDD
     - Morsel-driven round-robin would cause seek ping-pong
   - **Expected Speedup**: Customer ~12 ms (already small), Orders ~130 ms (from 530 ms with contention)

#### 4. **Fixed Data Flow Logic** (correctness)
   - **Change**: Simplified order key info lookup
   - **Result**: Consistent access pattern with better cache locality

### Expected Total Performance Impact

| Phase | Original (ms) | Optimized Est. (ms) | Speedup |
|-------|--------------|------------------|---------|
| filter_customer | 14.57 | ~12 | 1.2x |
| build_customer_hash | 78.26 | ~50 | 1.6x |
| filter_orders | 530.13 | ~130 | 4.1x |
| build_order_hash | 1,011.73 | ~0 (eliminated) | ∞ |
| filter_and_aggregate_lineitem | 2,922.14 | ~700 | 4.2x |
| sort_and_limit | 35.04 | ~25 | 1.4x |
| **Total** | **4,651.11** | **~920** | **~5x** |

### Comparison to Benchmarks
- **PostgreSQL Q3**: 5,483 ms
- **DuckDB Q3**: 91 ms
- **Our Baseline**: 4,651 ms
- **Our Estimated After Optimization**: ~920 ms (5x faster than baseline)
- **Gap to DuckDB**: Still 10x slower (DuckDB uses columnar compression + vectorized execution)

### Code Modifications

✅ **Preserved**:
- All [TIMING] markers intact for executor parsing
- Storage encoding logic unchanged
- Date conversion and dictionary handling untouched
- Validation and output format

✅ **Changed**:
- Added OpenMP `#pragma omp parallel for` with `num_threads(4)` for HDD
- Thread-local aggregation maps for customer, orders, and lineitem filters
- Eliminated redundant orders scan (single pass builds both set and info map)
- Merge phases for combining local thread results

### Compilation
✅ Compiled successfully with flags:
```bash
g++ -O3 -march=native -std=c++17 -Wall -lpthread -fopenmp \
    -o q3 q3.cpp
```

**Note**: The Executor will run this code and validate correctness. If validation passes, this represents a ~5x speedup on the dominant bottleneck (lineitem aggregation) through thread parallelism and elimination of redundant I/O passes.