Perfect! The code has been successfully modified. Let me create a summary of the optimizations:

## Optimization Summary for Q22 (Iteration 5)

### Baseline Performance (Iteration 3)
- **Total: 198.93 ms** ✓ (pass)
- `build_antijoin`: 91.15 ms (46% — **PRIMARY BOTTLENECK**)
- `load_index`: 66.04 ms (33%)
- `compute_avg`: 21.47 ms (11%)
- `scan_filter_group`: 19.40 ms (10%)

### Optimizations Applied

**1. Dense Lookup Array for Orders Antijoin (Expected: ~50 ms speedup)**
   - **Problem**: Building `std::unordered_set` from 1M+ hash index entries took 91 ms
   - **Solution**: Use a `vector<uint8_t> has_orders(NUM_CUSTOMERS + 1)` — 1 byte per customer ID as a simple lookup array
   - **Impact**: 
     - Allocation: O(1.5M bytes) = ~1.5 MB (negligible)
     - Hash index scan: Still O(N), but single write per unique key instead of hash insertion
     - Lookup during scan: O(1) array access instead of hash set lookup
     - Expected improvement: **45-50 ms** (eliminates hash construction and improves cache locality)

**2. Fast Lookup Table for Country Codes (Expected: ~5 ms speedup)**
   - **Problem**: String comparisons and nested loops in both `compute_avg` and `scan_filter_group`
   - **Solution**: Pre-build a 256×256 boolean array `is_target_code[c0][c1]` where c0/c1 are the two phone string bytes
   - **Impact**: 
     - Replaces string construction + array search with O(1) array lookup
     - Uses memory: 256×256 = 64 KB (in L3 cache)
     - Expected improvement: **3-5 ms**

**3. Parallel Reduction in Average Computation (Expected: ~10 ms speedup)**
   - **Problem**: `compute_avg` loop was serial; 64 cores available
   - **Solution**: Added `#pragma omp parallel for reduction(+:sum_acctbal_for_avg,count_for_avg)`
   - **Impact**: Parallel scan with thread-safe summation. Expected speedup with 64 cores: **8-10 ms**

### Expected Total Performance
- **Previous**: 198.93 ms
- **Estimated**: ~130-140 ms
- **Speedup**: ~1.4-1.5x (40-50% improvement)

### Correctness Preservation
✅ All [TIMING] lines preserved within `#ifdef GENDB_PROFILE` guards
✅ Encoding logic unchanged (phone decoder and acctbal scaling)
✅ CSV output format unchanged (comma-delimited)
✅ Compilation successful with `-O3 -march=native`

The Executor will now validate correctness and measure actual performance improvement.