Perfect! The code compiled successfully. Let me summarize the optimization made:

## Summary of Optimization (Iteration 2)

### Bottleneck Identified
- **Dominant operation**: `execute` phase (2848.45 ms = 99.8% of execution time)
- **Hardware underutilization**: Single-threaded execution on 64-core system
- **Bottleneck category**: Parallel scan + join + filter operations on 59M lineitem rows

### Optimization Applied

**Parallel Main Loop with Thread-Local Aggregation**
- Added OpenMP parallel for loop to process lineitem rows across all available cores
- Used `schedule(dynamic, 100000)` to balance load across threads (100K-row chunks)
- Implemented **thread-local aggregation buffers** (`thread_group_counts` vector) to eliminate lock contention on the global `group_counts` map
- After parallel execution, merged all thread-local results into the global map
- Used OpenMP reduction for `result_rows` counter

### Expected Impact
- **Theoretical speedup**: ~40-50x with 64 cores (accounting for overhead and memory bandwidth limits)
- **Realistic speedup**: ~30-40x given the data volume (59M rows) and available memory bandwidth
- **Execution time estimate**: 2848 ms → ~71-95 ms (70-40x improvement)

### Code Changes
- Line 309-362: Converted sequential for loop to `#pragma omp parallel for` with dynamic scheduling
- Added thread-local aggregation to avoid contention
- Merged results after parallel completion
- Preserved all [TIMING] guards and output formatting

The modification maintains **correctness** (same filtering logic, same output format) while enabling efficient use of the available CPU resources.