Perfect! Now let me print a brief summary for the user:

## Q6 Iteration 2 Evaluation Summary

**Status:** ✅ PASS - Correct results, 6ms execution time (same as iteration 1)

**Hardware:** 64 cores (32 physical), AVX-512, 376GB RAM, HDD

**Performance:**
- Execution time: **6ms** (same as iter 1)
- Result: Correct (1 row, revenue matches ground truth)
- vs DuckDB: **3.2x faster** (6ms vs 19.3ms)
- vs PostgreSQL: **396x faster** (6ms vs 2377ms)

**Analysis:**
Iteration 2 applied multiple optimizations (24 threads, false sharing prevention, AVX-512VL multiplication, 2x SIMD unrolling, improved prefetching) but **no performance improvement** observed. This indicates we've hit a performance plateau.

**Root Cause:**
1. **Still underutilizing CPU:** Using only 24/64 cores (62.5% idle)
2. **Memory bandwidth saturation** or data in page cache masking I/O improvements
3. **Zone map effectiveness:** Highly effective pruning leaves minimal work
4. **Atomic contention:** At 24 threads with 600 blocks, fetch_add creates cache line bouncing

**Top Recommendations for Iteration 3:**

1. **Remove 24-thread cap → use all 64 cores** (Priority 1)
   - Expected: 2-2.5x speedup → **2.4-3ms**
   - Risk: Low

2. **Batch block assignment** to reduce atomic contention (Priority 2)
   - Fetch 4 blocks at a time instead of 1
   - Expected: 1.1-1.15x additional speedup
   - Risk: Low

3. **Huge pages (2MB) for TLB miss reduction** (Priority 4)
   - Reduces TLB misses from 70-80% to near-zero
   - Expected: 1.2-1.3x speedup
   - Risk: Low

4. **Full AVX-512 upgrade** (512-bit vectors) (Priority 5)
   - Double SIMD width (process 16 rows/iteration)
   - Expected: 1.3-1.6x (if no frequency throttling)
   - Risk: Medium (frequency throttling on older Xeons)

**Combined Potential:** 6ms → **1.5-2ms** (3-4x improvement), approaching hardware limits.

Evaluation JSON written to: `/home/jl4492/GenDB/output/tpc-h/2026-02-13T22-18-27/queries/Q6/iter_2/evaluation.json`