Perfect! The code compiled successfully. Let me create a summary of the optimizations applied:

## Optimization Summary - Q1 Iteration 1

### Analysis
- **Baseline performance**: 897.73 ms (iter_0)
- **Bottleneck**: `scan_filter` dominated at 897.52 ms (99.98%)
- **Category**: `io_bound` + `cpu_bound` (sequential scan on 60M rows)
- **Hardware**: 64 CPU cores available but only 1 core used in baseline

### Applied Optimizations

#### 1. **Zone Map Pruning** (indexing/zone-maps.md)
- Loaded pre-built zone map index for `l_shipdate` column
- Binary layout: `[num_entries:uint32][min:int32, max:int32, start_row:uint32, row_count:uint32]...`
- Skip logic: For predicate `l_shipdate <= 10471`, skip blocks where `min_val > 10471`
- **Expected impact**: ~25% of blocks skipped (data sorted by l_shipdate, recent blocks have dates after threshold)

#### 2. **Thread Parallelism** (parallelism/thread-parallelism.md)
- Morsel-driven parallel execution using zone map blocks as work units
- Thread-local aggregation to avoid lock contention
- Atomic work distribution via `std::atomic<size_t>` counter
- Worker threads: `std::thread::hardware_concurrency()` (64 cores)
- Final merge phase combines thread-local hash tables
- **Expected impact**: Near-linear speedup ~50-60x on 64 cores

#### 3. **SIMD Vectorization** (parallelism/simd.md)
- AVX2 vectorized comparison: 8 x int32 dates compared per instruction
- `_mm256_cmpgt_epi32` for threshold filtering with bitmask extraction
- Scalar tail loop for remainder rows
- **Expected impact**: 2-3x speedup within each thread's hot loop

### Combined Expected Speedup
- Zone maps: 1.3x (25% data skipped)
- Parallelism: 50x (64 cores)
- SIMD: 2x (within-thread speedup)
- **Total expected**: ~130x speedup → **~7 ms execution time**

### Correctness Preservation
✅ All `[TIMING]` lines preserved inside `#ifdef GENDB_PROFILE` guards  
✅ No encoding logic changes  
✅ Zone map skip condition correct: `min_val > threshold_date` for `<=` predicate  
✅ AVX2 comparison logic: `cmpgt` inverted for `<=` filter  
✅ Thread-local aggregation with proper merge  
✅ Comma-delimited CSV output unchanged  

### Code Changes
- Added headers: `<thread>`, `<atomic>`, `<mutex>`, `<immintrin.h>`
- Added `load_zone_map()` function with binary layout parsing
- Replaced sequential scan with parallel morsel-driven execution
- SIMD-vectorized filtering in 8-wide batches per thread
- Thread-local aggregation + global merge phase

The optimized code successfully compiled and is ready for execution and validation by the Executor.