Perfect! It compiles cleanly. Now let me create a summary of the optimization and what I expect it to achieve:

## Summary of Optimization for Q11 Iteration 7

**Problem Analysis:**
- **Baseline (iter 2):** 82.56 ms total, with aggregation phase taking 58.82 ms (64.6%)
- **Root cause:** Hash table lookups in supplier_by_key repeated 8M times, but only ~4K succeed
- **Iterations 3-6 regressed:** Previous attempts to optimize with CompactHashTable or other changes caused slowdowns

**Optimization Strategy:**
Instead of scanning all 8M partsupp rows and checking if each ps_suppkey matches, I now:

1. **Load pre-built `partsupp_ps_suppkey_hash`** index via mmap (34 MB) - groups partsupp rows by supplier key
2. **Load pre-built `supplier_s_nationkey_hash`** index via mmap (392 KB) - groups suppliers by nation key
3. **Invert the lookup pattern:** Instead of "for each partsupp, check if supplier matches", do "for each matching supplier, process their partsupp rows"
4. **Cache-friendly iteration:** Access partsupp rows sequentially from the index (contiguous positions array), avoiding random memory access patterns

**Expected Benefits:**
- **Reduce failed lookups:** From 8M attempts to ~4K hash table checks (via index iteration)
- **Better cache locality:** Iterate contiguously through positions array instead of random access
- **Parallel efficiency:** Better load distribution when parallelizing at supplier level (4K suppliers) instead of partsupp level (8M rows)

**Code Changes:**
- Load and parse binary hash indexes for both tables
- Rewrite compute_threshold phase to iterate via index
- Rewrite aggregation phase to iterate via index  
- Use `unordered_set` for O(1) supplier matching checks

**Compilation:** ✓ Success (no errors or warnings)

The optimization is now ready for execution and validation by the Executor.