Now let me document my optimization summary before running the test:

## **Optimization Summary for Q21 Iteration 3**

### **Problem Identified:**
- **Bottleneck**: `subquery_preprocessing` phase consuming **11,322 ms (72.7% of total 15,573 ms)**
- **Root Cause**: Building and storing all 60M lineitem rows in a map of vectors (`lines_per_orderkey`), then iterating repeatedly
- **Performance Gap**: 121.5x slower than Umbra (15,573 ms vs 128 ms)

### **Three Key Optimizations Implemented:**

**1. Restructured Data Flow (Plan-Level Fix)**
   - **Before**: Store all 60M lineitem rows in memory → iterate multiple times
   - **After**: Single pass build lookup maps, then apply in-place filters
   - **Impact**: Eliminates massive allocation overhead, ~2-3x speedup on preprocessing

**2. Added Parallelism (CPU Utilization)**
   - **Before**: Single-threaded main scan over 60M rows
   - **After**: Parallel for loop with thread-local aggregation buffers (64 cores available)
   - **Data Structure**: Flat array indexed by suppkey (0-100000) instead of hash map → O(1) access without hashing overhead
   - **Expected Impact**: ~30-50x speedup on scan phase (near-linear scaling on 64 cores)

**3. Changed Subquery Logic**
   - **Before**: Stored full suppkey+is_late pairs per order
   - **After**: Compute rejection pairs set during preprocessing, check during main scan
   - **Impact**: Reduced memory usage and lookup complexity

### **Expected Results:**
- Preprocessing: **11,322 ms → ~3,000-4,000 ms** (65-70% reduction)
- Scan/Aggregate: **2,291 ms → ~50-100 ms** (20-40x speedup with parallelism)
- **Total estimated: ~4,000-5,000 ms** (60-70% improvement vs current 15,573 ms)
- Still not matching Umbra (128ms) but moving toward state-of-the-art direction

The compilation succeeded, and the code is ready for validation. The Executor will run it and compare results.