Perfect! Let me print a brief summary for the user:

## Summary

**Q3 Iteration 0 Evaluation Complete**

### Critical Issue (MUST FIX)
- **Status**: FAIL - Returns 0 rows instead of expected 10 rows
- **Root Cause**: Zone map block size mismatch at line 338
  - Zone maps are built on 100K blocks
  - Code uses 50K morsels and calculates `block_idx = block_start / 100000`
  - This misalignment causes incorrect pruning that skips ALL matching lineitem rows
  
### Performance Baseline
- **Execution Time**: 251.57ms (but produces wrong results)
- **Target**: DuckDB achieves 78ms on same workload
- **Gap**: 3.2x slower (and broken)

### Top Optimizations Recommended (after correctness fix):
1. **Parallelize customer & orders scans** (currently single-threaded, wasting 63/64 cores)
2. **Optimize hash table design** - reduce allocations, improve probe locality  
3. **Zone map early-exit** - lineitem is sorted, skip checks after threshold
4. **Branch-free filtering** - eliminate 30M branch mispredictions
5. **SIMD revenue calculation** - AVX512 vectorization for 4-6x arithmetic speedup

### Hardware Detected
- 64 cores (32 physical + SMT), AVX512, 44MB L3 cache, 376GB RAM, HDD storage

Evaluation JSON written to: `/home/jl4492/GenDB/output/tpc-h/2026-02-14T01-28-16/queries/Q3/iter_0/evaluation.json`