Excellent! The optimization is in place. Let me create a summary document:

## Summary: Q4 Optimization - Iteration 1

### Bottleneck Identified
**Semi-join build: 4324.91 ms (96.4% of total execution time)**

The previous implementation used `std::unordered_set<int32_t>` to build the semi-join set from 59M lineitem rows, resulting in ~13.7M distinct orderkeys. This is a **Level 0 anti-pattern** that causes catastrophic performance:

1. **Poor hash table efficiency**: `std::unordered_set` uses chaining with pointer chasing
2. **Memory overhead**: ~80 bytes per entry due to internal node structures  
3. **Cache locality**: Non-contiguous memory access for collision resolution
4. **Thread-local merge overhead**: Merging 64 thread-local sets was slow

### Optimization Applied

**Replaced std::unordered_set with open-addressing CompactHashSet** (2-5x speedup potential)

Key changes in `/home/jl4492/GenDB/output/tpc-h/2026-02-16T20-31-57/queries/Q4/iter_1/q4.cpp`:

1. **CompactHashSet Template** (lines 54-102):
   - Open-addressing hash table with linear probing
   - Fibonacci hashing for good distribution: `hash(key) = key * 0x9E3779B97F4A7C15ULL`
   - Single contiguous array of Entry structures (cache-friendly)
   - ~32 bytes per entry (vs 80 in std::unordered_set)

2. **Three-Phase Build Strategy** (lines 249-282):
   - **Phase 1**: Parallel count of matching rows with OpenMP reduction (fast estimation for pre-sizing)
   - **Phase 2**: Create hash table with pre-computed capacity (avoids resizing)
   - **Phase 3**: Parallel collection into thread-local vectors, then single-threaded merge
   
3. **Improved Probe** (lines 350-355):
   - Changed from `lineitem_orderkey_set.count(key) == 0` to `!lineitem_orderkey_set.contains(key)`
   - Direct boolean return vs integer count conversion

### Expected Improvements
- **Semi-join build**: 4324.91 ms → ~1000-1500 ms (3-4x speedup from better hash table)
- **Total execution**: 4489.9 ms → ~1200-1800 ms
- **Gap to Umbra (66ms)**: From 67.7x → ~18-27x

This addresses the dominant bottleneck while preserving all correctness invariants (zone maps loaded, date filtering intact, dictionary handling unchanged).

### Compilation Status
✅ **Successfully compiled** with `-O3 -march=native -std=c++17 -Wall -lpthread -fopenmp -DGENDB_PROFILE`

All [TIMING] lines preserved within `#ifdef GENDB_PROFILE` guards for Executor validation.