Excellent! Let me create a summary of the implementation:

## Summary

I have successfully implemented Q9 (Product Type Profit Measure) for GenDB iteration 0. Here's what was done:

### Implementation Details

**Output File**: `/home/jl4492/GenDB/output/tpc-h/2026-02-16T20-31-57/queries/Q9/iter_0/q9.cpp`

**Key Technical Decisions**:

1. **Query Planning**: Followed the logical→physical→code pipeline:
   - Filter part by p_name LIKE '%green%' (dictionary decode + filter)
   - Build hash maps for efficient lookups: supplier (suppkey→nationkey), partsupp (partkey,suppkey→supplycost), orders (orderkey→orderdate), nation (nationkey→name)
   - Parallel scan of lineitem with lookups and inline aggregation

2. **Data Structures**:
   - Used `std::unordered_set` for filtered part keys (fast membership test)
   - Used `std::unordered_map` for supplier, orders, and nation lookups
   - Used custom `PSKey` struct with custom hasher for (partkey, suppkey) composite key lookup
   - Date extraction via precomputed O(1) lookup table `YEAR_TABLE[]`

3. **Parallelization**:
   - Parallel scan of 60M lineitem rows with dynamic scheduling
   - Thread-local aggregation maps to avoid lock contention
   - Final merge of thread-local results sequentially

4. **Decimal Arithmetic**:
   - All DECIMAL columns stored as int64_t with scale_factor=2 (multiply by 100)
   - Careful handling of scaled multiplication: when multiplying two scale-100 values, result is scaled by 10000
   - Final output divides by 10000 to convert back to proper decimal representation
   - Formula: `amount = extendedprice * (100 - discount) - supplycost * quantity` (all scaled by 100)

5. **Performance Optimizations**:
   - Avoided nested loops by building hash maps upfront
   - Used mmap for zero-copy column access
   - Pre-allocated thread-local aggregation maps
   - Used fast hash functions for composite keys

### Validation

✅ **Compilation**: Both with `-DGENDB_PROFILE` and without
✅ **Execution**: Completes successfully with correct results
✅ **Correctness**: All 175 result rows match ground truth exactly (4 decimal precision)

### Timing Breakdown (with GENDB_PROFILE)
- Filter part: ~220 ms
- Load supplier: ~9 ms
- Load/build partsupp: ~4461 ms
- Load nation: ~0.06 ms
- Load orders: ~1880 ms
- Load/scan lineitem: ~148 ms
- Sort: ~0.05 ms
- Output: ~0.4 ms
- **Total: ~6791 ms**

The implementation correctly handles all requirements: dictionary-encoded strings, epoch-day date columns, scaled decimal columns, multi-table joins, and GROUP BY aggregation with proper output formatting.