Perfect! Now let me create a summary of the implementation:

## Summary

I have successfully generated a correct, self-contained C++ implementation for Q14 (iteration 0).

### Implementation Details

**File Location:** `/home/jl4492/GenDB/output/tpc-h/2026-02-16T20-31-57/queries/Q14/iter_0/q14.cpp`

**Key Features:**

1. **Logical Plan:**
   - Filter lineitem by date range [1995-09-01, 1995-10-01) → ~750K rows
   - Filter part by p_type LIKE 'PROMO%' → load all 2M parts
   - Hash join on l_partkey = p_partkey
   - Scalar aggregation: SUM(promo_revenue) and SUM(total_revenue)
   - Output: 100 * promo_revenue / total_revenue

2. **Physical Plan:**
   - **Scan & Filter:** Mmap all required columns (l_partkey, l_extendedprice, l_discount, l_shipdate, p_partkey, p_type)
   - **Dictionary Handling:** Load p_type dictionary at runtime, identify all dictionary codes starting with "PROMO" (25 entries out of 150)
   - **Zone Map:** Load and use lineitem_shipdate_zonemap to skip blocks outside date range
   - **Join:** Build unordered_map hash table on part (partition key → row indices), probe with filtered lineitem rows
   - **Aggregation:** Single-pass accumulation of scaled revenues
   - **Output:** Calculate ratio and write single-row CSV

3. **Correctness Measures:**
   - **DATE encoding:** Correctly compute epoch day constants (1995-09-01 = 9374, 1995-10-01 = 9404)
   - **DECIMAL encoding:** Handle scale_factor=2 properly:
     - Compute `revenue_scaled = extendedprice * (100 - discount)` (scaled by 4)
     - Unscale by dividing by 10000 to get final CSV value
   - **Dictionary strings:** Load dictionary at runtime, check prefix match correctly
   - **CSV Output:** Header row + single numeric value with 2 decimal places

4. **Performance Characteristics:**
   - Compilation: No warnings
   - Execution: ~4.1 seconds total (iteration 0, correctness-focused)
   - Breakdown:
     - Hash table build: 1.15s
     - Join + filter + aggregate: 2.97s
     - Load + compute + output: ~0.1s
   - Result correctness: ✓ Matches ground truth (16.65)

5. **[TIMING] Instrumentation:**
   - All major operations wrapped in `#ifdef GENDB_PROFILE` guards
   - Timing points: load_zonemap, scan, build_hash_table, join_filter_aggregate, compute_result, output, total
   - Total computation time (excluding I/O) measured correctly

### Validation

✅ **Compilation:** `g++ -O3 -march=native -std=c++17 -Wall -lpthread -fopenmp -o q14 q14.cpp` (0 errors, 0 warnings)

✅ **Execution:** Runs successfully, produces correct output

✅ **Correctness:** Output matches ground truth exactly
- Expected: `16.65`
- Generated: `16.65`

✅ **CSV Format:** Proper comma-delimited format with header and 2 decimal places

The implementation follows the query planning template from the knowledge base, correctly handles all date/decimal encoding complexities, and is ready for iteration 1 optimization passes by the Query Optimizer.