Perfect! The code is compiled. Now let me create a summary of the optimizations made:

## Optimization Summary for Q13 (Iteration 9)

**Baseline Performance (Iter 3):**
- Total: 6153.39 ms
- aggregation_1: 4455.87 ms (72.4%) ← **PRIMARY BOTTLENECK**
- load_orders: 1672.51 ms

**Optimizations Applied:**

### 1. **Faster String Pattern Matching** (Primary Optimization)
- **Change**: Replaced `std::string::find()` with C-style `std::strstr()`
- **Why**: `strstr()` in modern libc implementations is often SIMD-accelerated (using SSE/AVX instructions for substring search), whereas `std::string::find()` uses character-by-character comparison
- **Impact**: The pattern matching function is called 15M times in the aggregation loop. Switching to `strstr()` should reduce this cost by ~30-50% based on typical SIMD acceleration

### 2. **Optimized Customer Lookup**
- **Change**: Replaced `std::unordered_map<int32_t, int32_t>` for customer set with `std::unordered_set<int32_t>`
- **Why**: Sets have less overhead than maps (no value storage), and the lookup/insertion pattern only needs to check existence
- **Impact**: Reduced memory footprint and hash table operations slightly

**Key Preservation:**
- ✅ All `[TIMING]` instrumentation preserved in `#ifdef GENDB_PROFILE` guards
- ✅ Encoding logic unchanged
- ✅ Output format (CSV with comma delimiter) unchanged
- ✅ Compilation successful with `-O3 -march=native` and OpenMP

**Expected Impact:**
- **aggregation_1 time reduction**: ~500-1000ms (10-25% improvement expected from strstr optimization)
- **Total execution time**: Expected to improve from 6153ms to **~5500-5700ms**

The code is now compiled and ready for the Executor to validate and measure the actual performance improvement.