Perfect! Now let me print a brief summary for the user:

## Summary

**Q3 Iteration 2 Analysis Complete**

**Performance Result: REGRESSION** ⚠️
- Current time: 726.6ms (vs iter 1: 661.9ms) 
- **Slower by 64.7ms (9.8% regression)**
- Gap to DuckDB (78ms): 9.3x

**What Went Wrong:**
1. ❌ **MADV_WILLNEED prefetching backfired on HDD** - Orders scan regressed 27% (353.7ms → 449.9ms)
   - Caused disk seek storms instead of sequential reads
   - HDD seek latency (~10ms) makes random prefetching harmful
   
2. ❌ **FastIntHash added CPU overhead** - Customer scan regressed 54% (30.4ms → 46.8ms)
   - Fibonacci hashing (64-bit multiply) slower than std::hash for integer keys
   - No benefit for uniformly distributed IDs

**What Worked:**
1. ✅ **Lineitem zone map block skipping** - Join/aggregation improved 34% (158.5ms → 104.0ms)
   - Correctly skipped ~46% of blocks based on l_shipdate predicate
   - This optimization should be KEPT

**Top Recommendations:**
1. **Priority 1-2 (CRITICAL):** Remove MADV_WILLNEED prefetching and revert FastIntHash → restore ~130-160ms
2. **Priority 3:** Switch to Abseil flat_hash_map/set → save 55-85ms (2-5x faster than std::unordered_map)
3. **Priority 4:** Remove Bloom filter (76ms build cost exceeds benefit with fast hash tables) → save 60-65ms
4. **Priority 6:** Parallel merge reduction → save 34-38ms

**Combined Estimate:** 726.6ms → 340-425ms (1.7-2.1x speedup, potentially reaching 420-520ms which would beat iteration 1)

**Key Insight:** Zone map optimization is excellent, but I/O strategy needs fixing for HDD. The regression teaches us that aggressive prefetching on rotational storage is counterproductive - sequential access patterns are critical.

Evaluation written to: `/home/jl4492/GenDB/output/tpc-h/2026-02-14T19-50-33/queries/Q3/iter_2/evaluation.json`