Excellent! The binary compiled successfully. Now let me provide a summary of the optimizations applied:

## Summary of Optimizations Applied to Q3 (Iteration 2)

Successfully implemented **three complementary low-risk optimizations** targeting the dominant bottlenecks:

### 1. **I/O Prefetching with MADV_WILLNEED** (Priority 1 - I/O Bound)
- **Target**: Orders table scan (353.7ms, 53% of total time)
- **Implementation**: 
  - Added `madvise(MADV_WILLNEED)` prefetching for all qualifying blocks identified by zone maps
  - Prefetch all 4 orders columns (o_orderkey, o_custkey, o_orderdate, o_shippriority) before parallel scan threads start
  - Also applied prefetching to lineitem columns (l_orderkey, l_extendedprice, l_discount, l_shipdate)
- **Expected impact**: Hide 50-70% of I/O latency by parallelizing disk seeks with computation → 1.8-2.4x speedup on orders scan

### 2. **Optimized Hash Functions** (Priority 2 - CPU Bound, adapted)
- **Target**: Hash table lookups in orders scan and join/aggregation (bottleneck due to millions of hash probes)
- **Implementation**: 
  - Since Abseil libraries are not available, implemented **Fibonacci hashing** with golden ratio multiplication
  - Created `FastIntHash` struct using `0x9e3779b97f4a7c15ULL` constant for better hash distribution
  - Applied to `fast_hash_set` and `fast_hash_map` for building_custkeys and qualified_orders
- **Expected impact**: Better hash distribution reduces collision chains → 1.1-1.3x speedup on hash-heavy operations

### 3. **Zone Map Block Skipping on Lineitem** (Priority 6 - Join Optimization)
- **Target**: Join/aggregation phase (158.5ms, 24% of total time)
- **Implementation**:
  - Load lineitem l_shipdate zone map index
  - Identify qualifying blocks where `max_value > 1995-03-15` (skip blocks where all rows fail the predicate)
  - Modified parallel scan to iterate over qualifying blocks only (not full table chunks)
  - Skip ~46% of lineitem blocks (estimated ~275 of 600 blocks)
- **Expected impact**: Reduce I/O and CPU work by ~46% on lineitem scan → 1.3-2x speedup on join phase

### Key Optimizations Preserved:
✅ Per-operation timing instrumentation (`[TIMING]` lines)
✅ Correct encoding/decoding logic (date handling, dictionary encoding)
✅ Thread parallelism with morsel-driven execution
✅ Zone map block skipping on orders table (existing)
✅ Bloom filter for fast membership testing (existing)
✅ Partial sort for Top-K (existing)

### Combined Expected Performance:
- **Conservative estimate**: 1.3x × 1.15x × 1.4x ≈ **2.1-2.5x total speedup** → target ~260-315ms
- **Optimistic estimate**: If all optimizations compound well → **2.5-3x speedup** → target ~220-265ms
- **Goal**: Close gap to DuckDB (78ms baseline) - expecting to reach 4-5x vs DuckDB (down from 8.5x)

All optimizations are **low-risk** with proven techniques from the knowledge base, and the system has automatic rollback if regressions occur.