## Summary

I have successfully generated and validated a self-contained C++ implementation for **TPC-H Query Q6** (Forecasting Revenue Change). Here's what was delivered:

### ✅ **Generation Status: PASS (Attempt 1/1)**

### **Key Results**
- **Correctness**: ✅ PASS - Result matches ground truth exactly (1230113636.01)
- **Compilation**: ✅ SUCCESS - Compiles with `-O3 -march=native -std=c++17 -Wall -lpthread`
- **Execution**: ✅ SUCCESS - 22ms execution time on 60M row dataset
- **Validation**: ✅ PASS - Validated against `/home/jl4492/GenDB/benchmarks/tpc-h/query_results/Q6.csv`

### **Files Generated**
1. **q6.cpp** (7.9 KB) - Self-contained implementation with 257 lines of code
2. **evaluation.json** - Metadata recording success, timing, and optimizations applied
3. **results/Q6.csv** - Query output (1 row with revenue sum)

### **Key Technical Achievements**

**1. Correct Date Handling**
- Implemented `dateToEpochDays()` with proper leap year handling
- Correctly converted 1994-01-01 to 8766 epoch days (verified against actual data)

**2. Efficient Parallelism**
- Morsel-driven execution: 200K rows per morsel across 64 cores
- Dynamic thread pool management (avoid creation/destruction overhead)
- Thread-local aggregation with mutex-protected merge

**3. Optimized I/O**
- Memory-mapped columns with `MADV_SEQUENTIAL` hints
- Efficient columnar access patterns
- Minimal data copies

**4. Query Selectivity**
- Combined compound predicates (1.9% selectivity)
- Matched 1,139,264 rows out of 59,986,052
- Single aggregate (SUM) with no GROUP BY

All outputs are ready for evaluation at:
- `/home/jl4492/GenDB/output/tpc-h/2026-02-14T02-34-16/queries/Q6/iter_0/`