Excellent! Now let me print a summary of the findings:

## TPC-H Workload Analysis Summary

**Hardware Profile:**
- **CPU:** 64 cores (2 sockets × 16 cores/socket, 2 threads/core), AVX-512 + AVX2 support
- **Cache:** L1 1MiB per core, L2 32MiB per core, L3 44MiB per socket
- **Memory:** 376GB available
- **Storage:** HDD (mechanical disk)

### Workload Characterization

**Dataset:** TPC-H Scale Factor 10 (SF10)
- **lineitem:** 60M rows (fact table, heaviest access)
- **orders:** 15M rows (fact table)
- **customer:** 1.5M rows (dimension)
- **partsupp, part, supplier, nation, region:** Bridge/dimension tables (minimal query access)

### Query Profiles

**Q1 (Pricing Summary):** 
- Single-table scan of lineitem with date filter (98.4% selectivity—broad time range)
- Aggregates over 59M rows into 6 groups (returnflag × linestatus)
- **Optimization:** Morsel-driven parallel scan (64 cores can process ~1M rows/core), thread-local hash aggregation, SIMD-accelerated arithmetic on numeric columns

**Q3 (Shipping Priority):**
- 3-way star join: customer → orders → lineitem
- Pre-filters: customer by mktsegment (20% selectivity), orders by orderdate (48.6% selectivity), lineitem by shipdate (51.4% selectivity)
- Intermediate sizes: customer → 300K, orders → 7.3M, lineitem → 30.8M after filters
- **Bottleneck:** lineitem scan + hash join phases
- **Optimization:** Partition-based parallel join (distribute by o_orderkey to fit L3 cache), pre-filter orders before join, partial sort for top-10

**Q6 (Forecasting Revenue):**
- Single-table scan with conjunctive range predicates (date range, discount band, quantity threshold)
- Combined selectivity: 0.157 × 0.11 × 0.48 ≈ 0.008 (99.2% filtered out → ~480K rows)
- Single aggregation (SUM of revenue)
- **Optimization:** Vectorized AND-chain filtering, parallel reduction pattern for final SUM

### Key Optimization Levers

1. **Parallelism (CRITICAL):** All three queries are highly parallelizable on 60M+ row scans. Target 64-core execution with morsel-driven work distribution.
2. **Memory Layout:** Use columnar format (SOA pattern) for hot columns (l_shipdate, l_extendedprice, l_discount, l_quantity) to maximize cache hit rates and enable SIMD.
3. **Predicate Pushdown:** Q3 benefits from filtering orders before join to reduce probe-side cardinality.
4. **Hash Join Strategy:** For Q3, partitioned hash join (multiple partitions by join key) avoids building entire hash table in one step, improving L3 cache locality.
5. **Aggregate Strategy:** Q1 uses thread-local hash tables (6 groups—trivial), Q3 uses hash aggregation on group-by keys (medium cardinality), Q6 uses parallel reduction (no grouping).

**Analysis file written to:** `/home/jl4492/GenDB/output/tpc-h/2026-02-14T05-14-58/workload_analysis.json`