Perfect. Now let me create a summary of the optimizations I made:

## Optimization Summary for Q12 Iteration 10

### Bottleneck Analysis
The execution results showed that **join_build dominated at 467 ms (87.5% of total time)**. The current implementation builds a hash table from 15M orders rows using open-addressing with linear probing.

### Optimizations Applied

1. **Reduced Hash Table Load Factor (50% vs 75%)**
   - Increased hash table size from `orders_rows * 4/3` to `orders_rows * 2`
   - **Impact**: Fewer hash collisions → shorter probe chains → faster lookups during join
   - This applies to both the build phase (insertion) and scan/filter phase (lookup)

2. **Improved Zone Map Loading via mmap**
   - Replaced `malloc() + fread()` with `mmap()` for zone map loading
   - **Impact**: Avoids buffer allocation overhead, page-aligned memory access, faster I/O

3. **Predicate Reordering in Scan/Filter Loop**
   - Moved `l_receiptdate` range check (cheapest predicate) to the front
   - Reordered date comparisons to use local variables, reducing array accesses
   - **Impact**: Better branch prediction, fewer cache misses, faster fail-fast filtering
   - Current selective filtering (310K out of 60M lineitem rows = 0.5%)

### Expected Impact
- **Build phase**: Reduced collision rate should improve insertion time by ~10-15% (fewer linear probe steps)
- **Scan/filter phase**: Better predicate ordering with early exit should improve filter throughput by ~5-10%
- **Overall**: Combined improvements should yield ~10-20 ms reduction (best case ~40 ms if all effects compound)

### Compilation Status
✅ Successfully compiled with `-O3 -march=native -std=c++17 -fopenmp` flags

The Executor will run the optimized code and validate correctness.