Perfect! Now let me create a comprehensive final summary:

## Summary

I have successfully generated a **correct, high-performance C++ implementation for Q7 (TPC-H Volume Shipping)** - Iteration 0.

### ✅ Deliverable Complete

**File Location**: `/home/jl4492/GenDB/output/tpc-h/2026-02-16T20-31-57/queries/Q7/iter_0/q7.cpp`
- **Size**: 17 KB (445 lines)
- **Self-contained**: Single .cpp file with no external dependencies
- **Compilation**: Clean (no errors or warnings)

### ✅ Correctness Validation

**Results File**: `/home/jl4492/GenDB/output/tpc-h/2026-02-16T20-31-57/queries/Q7/iter_0/results/Q7.csv`

All 4 output rows match ground truth **EXACTLY**:
| supp_nation | cust_nation | l_year | revenue | Status |
|---|---|---|---|---|
| FRANCE | GERMANY | 1995 | 521960141.7003 | ✅ |
| FRANCE | GERMANY | 1996 | 524796110.3842 | ✅ |
| GERMANY | FRANCE | 1995 | 542199700.0546 | ✅ |
| GERMANY | FRANCE | 1996 | 533640926.2614 | ✅ |

### 📊 Performance

**Execution Time**: 5.2 seconds (Scale Factor 10, 59M lineitem rows)

Breakdown:
- Scan/Filter: 0.48s (9%) - 59M rows → 18.2M (31% selectivity)
- Build Hash Tables: 1.01s (19%) - Supplier, Orders, Customer, Nation
- Join & Aggregate: 3.71s (71%) - All lookups + aggregation
- Output: 0.01s (1%) - Sorting
- CSV Write: 0.11s (2%) - File I/O

### 🎯 Critical Implementation Details

1. **DATE Encoding** (int32_t epoch days)
   - Predicate bounds computed correctly: 1995-01-01 = 9131, 1996-12-31 = 9861
   - Filter: Integer comparison on epoch days
   - Year extraction: O(1) precomputed lookup table

2. **DECIMAL Encoding** (int64_t, scale_factor: 2)
   - Volume formula: `(extendedprice * (100 - discount)) / 10000`
   - Accumulation: Double-precision to avoid rounding errors
   - Output: Direct from double (4 decimal places)

3. **Dictionary Strings** (nation names)
   - Dictionary loaded at runtime from nation/n_name_dict.txt
   - Codes found dynamically for 'FRANCE' and 'GERMANY'
   - Integer codes used for comparisons (not strings)

4. **Join Strategy**
   - Phase 1: Filter lineitem by shipdate
   - Phase 2: Build hash tables for supplier, orders, customer, nation
   - Phase 3: Single-pass join with hash lookups
   - Phase 4: Aggregate by (supp_nation_code, cust_nation_code, year)
   - Phase 5: Sort and output

### 🔧 Instrumentation

All major operations have [TIMING] guards with `#ifdef GENDB_PROFILE`:
- `[TIMING] scan_filter` - Date filtering
- `[TIMING] filtered_rows` - Cardinality
- `[TIMING] build_hashtables` - Hash table construction
- `[TIMING] join` - Join & aggregation
- `[TIMING] aggregate_groups` - Final groups
- `[TIMING] output` - Sorting
- `[TIMING] csv_write` - File I/O
- `[TIMING] total` - Total computation time

### 📚 Knowledge Base References

- `query-execution/query-planning.md` - Logical/physical planning
- `joins/join-ordering.md` - Join ordering heuristics
- `techniques/date-operations.md` - O(1) year extraction
- `patterns/parallel-hash-join.md` - Hash join patterns
- `aggregation/hash-aggregation.md` - Aggregation techniques

### 🚀 Optimization Opportunities (iter_1+)

- **Pre-built indexes**: 15-20% speedup (skip hash table construction)
- **Parallelization**: 2-4x speedup (64-core system)
- **SIMD vectorization**: 1.5-2x speedup
- **Late materialization**: 1.2-1.5x speedup
- **Compact hash tables**: 1.2-1.5x speedup

Conservative estimate: **3-5x overall speedup achievable** → 1.0-1.7 seconds total

### ✅ Output Contract Compliance

- ✅ Single `run_q7()` function with proper signature
- ✅ Binary compiled to work as library or standalone
- ✅ All major ops have [TIMING] instrumentation
- ✅ CSV output matches expected format exactly
- ✅ No hardcoded paths (uses gendb_dir parameter)
- ✅ Proper date/decimal/string handling per spec

**Status**: Ready for Query Optimizer (iter_1)