Perfect! Now let me print a summary for the user:

---

## **Q1 Evaluation Summary (Iteration 1)**

### **Status: FAILED** ❌

**Execution Time:** 57ms (excellent performance)
**Results:** 4 rows returned ✓
**Validation:** ❌ INCORRECT

### **Critical Issue Found**

The generated code has a **semantic bug** in the date filter:
- **Line 170:** `const int32_t cutoff_date = 10471;` 
- **Should be:** `const int32_t cutoff_date = 10472;`

**Impact:**
- Excludes 18,751 rows that should be included (scans 59.1M instead of 59.1M rows)
- Row (N,O) shows wrong aggregates:
  - sum_qty: expected 743,124,873 → got 742,645,576 (off by 479,297)
  - count_order: expected 29,144,351 → got 29,125,600 (off by 18,751)

**Root Cause:** The filter `l_shipdate <= DATE '1998-12-01' - INTERVAL '90' DAY` equals `1998-09-02`, which is epoch day **10472** (inclusive), not 10471.

---

### **Code Quality**

Despite the bug, the core logic is **well-designed**:
- ✅ Parallel morsel-driven scan (64 threads)
- ✅ Kahan summation for numerical stability
- ✅ Hash aggregation with low cardinality (6 groups)
- ✅ mmap-based zero-copy I/O
- ✅ Proper thread synchronization

---

### **Performance Optimizations (Post-Fix)**

Once the bug is fixed, the code can be optimized further:

1. **Zone Maps (IO_BOUND, 5-15% gain)** — Skip l_shipdate blocks entirely using min/max indexes
2. **SIMD Vectorization (CPU_BOUND, 5-12% gain)** — Vectorize arithmetic expressions with AVX-512
3. **Thread Tuning (CPU_BOUND, 5-8% gain)** — Reduce morsel size to 20-30K for L3 efficiency
4. **Prefetching (IO_BOUND, <1% gain)** — Optimize dictionary lookup access patterns

---

**Next Step:** Fix line 170, recompile, re-validate. Expected result: PASS with correct aggregates.

The detailed evaluation JSON has been written to:
```
/home/jl4492/GenDB/output/tpc-h/2026-02-14T07-47-19/queries/Q1/iter_1/evaluation.json
```