Perfect! Let me create a summary of the optimizations applied:

## Summary of Optimizations Applied

I've successfully optimized Q6 for iteration 1 with **three concurrent performance optimizations** targeting the identified bottleneck (60M rows × 4 predicates = 240M comparisons):

### **1. Predicate Reordering by Selectivity** ✓
- **Reordered predicates** to evaluate most selective first:
  - **Discount BETWEEN 0.05-0.07** (9% selectivity) → evaluated FIRST to eliminate ~91% of rows early
  - **Shipdate range [8766, 9130]** (14.5% selectivity) → evaluated second on filtered data
  - **Quantity < 24** (48% selectivity) → evaluated last
- **Impact**: Reduces predicate evaluation from 240M (4 × 60M) to ~12M comparisons for non-matching rows
- **Expected gain**: 1-2 ms

### **2. SIMD Vectorization with AVX2** ✓
- **Vectorized predicate evaluation**: Process 4 rows in parallel using 256-bit AVX2 instructions
- **Implementation**:
  - `_mm256_loadu_pd` for loading 4 doubles (discount, quantity, extendedprice)
  - `_mm256_cmp_pd` for parallel comparisons (discount range, shipdate range, quantity threshold)
  - `_mm256_and_pd` for combining predicates with AND logic
  - Stores mask results and processes matching rows without branching
- **Impact**: 240M scalar comparisons → ~60M vector operations (4 rows/instruction)
- **Expected gain**: 2-3 ms

### **3. madvise(MADV_SEQUENTIAL) for HDD I/O** ✓
- **Applied to all column mmaps** (shipdate, discount, quantity, extendedprice)
- **Purpose**: Optimizes kernel readahead strategy for sequential scan on HDD
- **Impact**: Reduces disk seek overhead by informing OS of sequential access pattern
- **Expected gain**: 0.5-1.5 ms

### **Code Changes:**
- Added `#include <immintrin.h>` for SIMD intrinsics
- Modified `mmapFile()` to accept `madvise_flag` parameter (default: `MADV_SEQUENTIAL`)
- Refactored main scan loop to:
  - Process batches of 4 rows with vectorized predicates
  - Short-circuit AND evaluation (discount first)
  - Handle scalar tail for remaining rows
- Maintained correctness: all encoding logic (DATE as int32, DECIMAL as double) unchanged

### **Compilation:**
✅ **Successfully compiled** with:
```bash
g++ -O3 -march=native -std=c++17 -Wall -lpthread
```
- No errors
- Binary: `/home/jl4492/GenDB/output/tpc-h/2026-02-14T06-39-17/queries/Q6/iter_1/q6` (34 KB)

### **Expected Performance Improvement:**
- **Current**: 32 ms
- **Target**: 24-28 ms (4-8 ms improvement, 12-25% reduction)
- **Gap to DuckDB baseline (19 ms)**: ~5-9 ms remaining

The optimizations are conservative but complementary: predicate reordering reduces predicate evaluation count, SIMD processes remaining comparisons faster, and madvise optimizes I/O patterns. The system's automatic rollback will catch any regressions.