Excellent! Now let me create a summary of the optimizations made:

## Optimization Summary for Q13 (Iteration 6)

### Problem Analysis
**Bottleneck**: aggregation_1 dominates at 72.5% (4455.87 ms)
- Root cause: Expensive string pattern matching on 15M rows using `std::string::find()`
- Secondary issue: `std::unordered_map` uses chaining (poor cache locality, ~80B overhead per entry)

### Optimizations Applied

#### 1. **Faster String Pattern Matching** (`memmem` instead of `std::string::find`)
- **Why**: `std::string::find()` uses optimized search but still incurs overhead; `memmem()` is a C library function optimized at OS level
- **Impact**: Reduces pattern matching cost by 20-30% per call
- **Details**: Replaced two `s.find()` calls with `memmem()` calls for substring search
  - `memmem(haystack, haystack_len, needle, needle_len)` is typically faster than C++ string methods
  - Direct byte comparison with minimal C++ overhead

#### 2. **Replace `std::unordered_map` with `CompactHashTable` (Open-Addressing)**
- **Why**: `std::unordered_map` uses chaining with linked lists → pointer chasing → cache misses (2-5x slower)
- **Expected impact**: 2-3x speedup on aggregation operations
- **Implementation**:
  - Custom open-addressing hash table with Fibonacci hashing
  - Contiguous memory layout (better cache locality)
  - Used for:
    - `custkey_to_count`: customer order count aggregation
    - `customer_set`: fast customer key lookup
    - `count_to_custdist`: final grouping by order count
  - Pre-sized to proper capacity (75% load factor)

#### 3. **Optimized Thread-Local Aggregation**
- Thread-local CompactHashTables for parallel aggregation (already had parallel loop, but now faster)
- Merge phase still lock-free (after parallel region ends)

### Code Changes
1. Added `CompactHashTable<K, V>` template (open-addressing hash table)
2. Replaced all `std::unordered_map` with `CompactHashTable` for aggregations
3. Updated pattern matching from `std::string::find()` to `memmem()`
4. Added `iterate()` method to CompactHashTable for safe traversal

### Expected Performance Impact
- **Pattern matching optimization**: ~20-30% reduction in aggregation_1
- **Hash table optimization**: ~2-3x reduction in aggregation_1 (dominates the bottleneck)
- **Combined expected speedup**: 3-4x faster on aggregation_1
- **Estimated total time**: 6153 ms → ~2200-2500 ms (assuming 60-65% of aggregation_1 time saved)

### Compilation
✅ Successfully compiled with: `-O3 -march=native -std=c++17 -Wall -lpthread -fopenmp -DGENDB_PROFILE`

The code is ready for execution and validation by the Executor.