Perfect! Let me print a brief summary for the user:

---

## Q6 Iteration 1 Evaluation Complete ✅

**Performance Results:**
- ✅ **Execution time: 11 ms** (excellent!)
- ✅ **Correctness: PASS** (revenue = 1230113636.01)
- 🏆 **2.66x faster than baseline** (29.3ms)
- 🏆 **1.8x faster than DuckDB** (20ms target)

**Hardware Detected:**
- 64 CPU cores (32 physical, AVX-512 support)
- 44 MiB L3 cache
- HDD storage (ROTA=1)
- 376 GB RAM

**Current Implementation Strengths:**
- AVX-512 SIMD (8-wide vectorization) ✅
- Zone map block skipping ✅
- 64-thread parallelism ✅
- HDD-optimized prefetching (MADV_WILLNEED) ✅
- Branch-free filtering with SIMD masks ✅
- Morsel-driven execution (10K rows) ✅

**Top Optimization Opportunities:**
1. **Reduce thread count for HDD** (64→16 threads) - likely 1.2-1.5x speedup by reducing I/O contention
2. **Asynchronous I/O with readahead** - overlap I/O with computation for 1.1-1.3x gain
3. **Predicate reordering** - evaluate most selective predicates first for 1.05-1.1x gain
4. **Loop unrolling with prefetching** - reduce overhead for 1.05-1.1x gain

**Evaluation JSON written to:**
`/home/jl4492/GenDB/output/tpc-h/2026-02-14T01-28-16/queries/Q6/iter_1/evaluation.json`