Excellent! The optimized Q6 binary has been successfully compiled.

## Summary

I've successfully optimized Q6 for iteration 1 with the following changes:

### **Implemented Optimizations:**

1. **AVX-512 Explicit SIMD (Priority 1 - CPU-bound)**:
   - Replaced compiler auto-vectorization (`#pragma GCC ivdep`) with explicit AVX-512 intrinsics
   - Process 8 doubles simultaneously using `__m512d` vectors
   - Implemented masked filtering: `_mm512_cmp_pd_mask` for double comparisons, `_mm512_cmp_epi64_mask` for date comparisons
   - Fused filtering and accumulation with `_mm512_mask_add_pd` for branch-free execution
   - Added horizontal reduction with `_mm512_reduce_add_pd` to sum all 8 lanes
   - Handles int32 dates by converting to int64 for AVX-512 comparison
   - Scalar tail loop for remaining elements not divisible by 8

2. **I/O Prefetching with MADV_WILLNEED (Priority 2 - I/O-bound)**:
   - Enhanced `MMapColumn::load()` with optional `prefetch` parameter
   - Enabled prefetching for all 4 columns (shipdate, discount, quantity, extendedprice)
   - Added `prefetch_range()` method for targeted zone-level prefetching
   - Issues `MADV_WILLNEED` hints for zone-map-qualified ranges before scanning
   - Overlaps I/O with computation on HDD to hide disk seek latency

### **Expected Performance Impact:**

- **Baseline**: 11ms (already beats DuckDB by 43%)
- **Expected after optimization**: ~7-8ms (25-40% improvement)
- **AVX-512 SIMD**: 15-30% speedup by processing 8 doubles per instruction
- **I/O Prefetching**: 10-20% speedup on HDD by eliminating page fault stalls

### **Technical Details:**

- AVX-512 vector width: 512 bits = 8 doubles or 16 int32s
- Predicate ordering: Quantity first (highest selectivity per workload analysis)
- Mask operations fuse all predicates without branching
- Zone map pruning maintained with ~2.4% selectivity
- Thread parallelism unchanged: 64 threads with morsel-driven execution

The code compiles successfully with `-O3 -march=native -std=c++17 -Wall -lpthread` and is ready for the Learner to execute and validate.