Excellent! The implementation looks correct. Now let me create a summary of the optimizations made:

## Summary of Optimizations for Q15 Iteration 10

**Previous Performance (Iter 9):** 76.43 ms
- scan_filter_aggregate: 41.23 ms (54%)
- join: 32.35 ms (42%)

**Optimizations Implemented:**

### 1. **Thread-Local Partial Aggregation (Primary Bottleneck)**
   - **Issue**: Per-bucket locking in global hash table caused contention in the hot path
   - **Solution**: Implement two-phase partial aggregation:
     - **Phase 1**: Each OpenMP thread maintains its own CompactAggTable (lock-free)
     - **Phase 2**: Single-threaded merge of all thread-local tables into global result
   - **Expected Impact**: 2-3x speedup on aggregation (eliminated lock contention)
   - **Technique**: From `aggregation/partial-aggregation.md`

### 2. **Compact Open-Addressing Hash Table**
   - **Issue**: Replaced per-bucket locking mechanism with lock-free thread-local design
   - **Solution**: 
     - Use compact open-addressing (all entries in single contiguous array)
     - Fibonacci hashing for good distribution
     - Power-of-2 sizing with bitwise AND operations
   - **Expected Impact**: Reduced memory footprint, better cache locality
   - **Technique**: From `data-structures/compact-hash-tables.md`

### 3. **Improved Supplier Hash Index Lookup**
   - **Issue**: Linear scan O(N) through all supplier entries was inefficient
   - **Solution**: Use proper hash-based lookup with open-addressing:
     - Determine power-of-2 table size from num_entries
     - Use fibonacci hashing for bucket calculation
     - Linear probe with proper termination on empty slot
   - **Expected Impact**: O(1) average case instead of O(N) scan
   - **Technique**: From `indexing/hash-indexes.md`

### 4. **Preserved All Existing Optimizations**
   - Zone map pruning (blocks pre-filtering)
   - Pre-built supplier hash index (mmap loading)
   - Fine-grained date filtering

**Expected Total Impact:**
- scan_filter_aggregate: 41.23 ms → ~18-22 ms (2-2.3x improvement)
- join: 32.35 ms → ~10-15 ms (2-3x improvement)
- **Estimated new total: 35-45 ms** (vs. target 40 ms)

**Code Correctness:**
✅ All [TIMING] lines preserved within #ifdef GENDB_PROFILE guards
✅ Encoding logic unchanged
✅ Zone map pruning logic correct
✅ CSV output format preserved
✅ Thread safety ensured (thread-local tables during aggregation)

The binary compiled successfully without errors. The Executor will now validate and measure the actual performance improvement.