Perfect! The binary was created successfully. Now let's create a summary of the optimizations I've made:

## Summary of Optimization (Iteration 4)

### Key Changes: Replaced `std::unordered_map` with Open-Addressing Compact Hash Tables

**Bottleneck Analysis from Iter 2:**
- Total time: 2247.48 ms
- `filter_lineitem`: 829.34 ms (36.9%) — Cannot easily reduce without pre-built indexes
- `join2`: 454.43 ms (20.2%) — **PRIMARY OPTIMIZATION TARGET**
- `filter_orders`: 311.21 ms (13.8%) — Zone maps already applied
- `aggregation`: 28.05 ms (1.2%) — Secondary optimization

### Optimizations Implemented

1. **CompactHashTable Template (Single Values)**
   - Replaced `customer_set` (std::unordered_map → compact hash table)
   - Uses open-addressing with Fibonacci hashing
   - ~75% load factor → better cache locality than chaining-based maps

2. **CompactHashTableMulti Template (Multi-Value Joins)**
   - Replaced `orders_map` for join2 build side
   - Stores unique keys with multiple values per key
   - Eliminates std::vector allocations per bucket
   - Expected 2-5x improvement on join probe

3. **CompactHashTableAggSum Template (Aggregation)**
   - Specialized for SUM aggregations with composite keys
   - Replaces thread-local and global aggregation hash tables
   - Direct in-place summation without wrapper objects
   - Better cache locality for hot aggregation loop

### Expected Performance Impact

- **join2 (454ms → ~340-380ms)**: 15-25% improvement via better hash table locality
- **customer filtering**: ~5-10% improvement via faster set lookups
- **Aggregation merge**: ~5-10% improvement via better iteration patterns
- **Total expected**: 2247ms → **~2000-2100ms** (10-15% overall improvement)

### Code Quality
- All [TIMING] lines preserved within `#ifdef GENDB_PROFILE` guards
- No changes to encoding logic
- Maintained parallelism structure (OpenMP `parallel for`)
- Compilation successful with -O3 -march=native

The compilation succeeded. The Executor will now validate correctness and measure the performance improvement. The optimization focuses on the second-largest bottleneck (join2) using a proven technique (open-addressing hash tables) that delivers consistent 2-5x speedups on join workloads.