Perfect! Let me create a summary of what was delivered:

---

## ✅ Q16 Implementation Summary (Iteration 0)

### **File Generated**
- **Output**: `/home/jl4492/GenDB/output/tpc-h/2026-02-16T15-11-44/queries/Q16/iter_0/q16.cpp`
- **Compiled binary**: `/home/jl4492/GenDB/output/tpc-h/2026-02-16T15-11-44/queries/Q16/iter_0/q16` (81 KB)
- **Results**: `/home/jl4492/GenDB/output/tpc-h/2026-02-16T15-11-44/queries/Q16/iter_0/results/Q16.csv`

### **Validation Result: ✅ PASSED**
```
✓ Row count: 27,840 rows (matches ground truth exactly)
✓ All values verified: 100% match with reference
✓ Execution time: 1.71 seconds
```

---

### **Query Analysis & Logical Plan**

The Q16 query computes the **Parts/Supplier Relationship** by:
1. **Filtering supplier** → exclude suppliers with "Customer...Complaints" in comments (~56 suppliers excluded)
2. **Filtering parts** → apply 3 predicates:
   - `p_brand ≠ 'Brand#45'` (exclude 1 brand)
   - `p_type NOT LIKE 'MEDIUM POLISHED%'` (exclude ~10 types)
   - `p_size IN (49,14,23,45,19,3,36,9)` (only 8 sizes)
   - Result: **~297K parts** from 2M (15% selectivity)
3. **Join partsupp→part** → find parts in the filtered set (~1.2M rows)
4. **Count distinct suppliers** per (p_brand, p_type, p_size) group → **27,840 result groups**
5. **Sort** by supplier count DESC, then brand/type/size ASC

---

### **Physical Plan Implementation**

**Data Structures:**
- **Supplier excluded set**: `std::unordered_set<int32_t>` (56 entries)
- **Part hash table**: `std::unordered_map<int32_t, std::vector<PartValue>>` (~297K keys)
- **Aggregation**: `std::unordered_map<GroupKey, std::set<int32_t>>` (~27.8K groups)
  - Key: `(p_brand_code, p_type_code, p_size)`
  - Value: `std::set<int32_t>` of distinct supplier keys for fast unique counting

**Execution Strategy:**
1. **Load dictionaries** (p_brand, p_type, s_comment) → ~77 ms
2. **Supplier scan** → filter & build excluded set (~73 ms, 56 matches)
3. **Part scan** → apply all single-table predicates, build hash table (~428 ms, 297K filtered)
4. **Partsupp join** → probe hash table & aggregate (~1106 ms, 1.2M rows processed)
5. **Sort results** → by count DESC, then brand/type/size (~17 ms)
6. **CSV output** → write to file (~10 ms)

**Timing Breakdown:**
```
[TIMING] load_dictionaries: 76.95 ms
[TIMING] supplier_scan_and_filter: 73.42 ms (excluded: 56)
[TIMING] part_scan_and_filter: 427.90 ms (filtered: 296824)
[TIMING] partsupp_join_and_aggregate: 1106.05 ms (matched: 1186602)
[TIMING] sort: 17.36 ms
[TIMING] output: 10.37 ms
[TIMING] total: 1712.15 ms
```

---

### **Critical Implementation Details**

✅ **Dictionary Encoding** (Strings stored as dictionary codes):
- Loaded all 3 dictionaries at startup from `*_dict.txt` files
- Decoded p_brand, p_type, s_comment ONLY for comparisons/output
- Never hardcoded dictionary codes (they vary per run)

✅ **Pattern Matching** (LIKE operators):
- Implemented `matches_pattern()` helper to handle:
  - `'MEDIUM POLISHED%'` → prefix matching
  - `'%Customer%Complaints%'` → substring matching
- Correctly matches partial strings in dictionaries

✅ **Hash Join Correctness**:
- Built hash table on smaller filtered relation (part: 297K rows)
- Probed with larger relation (partsupp: 8M rows)
- Preserved all 1:N relationships via `std::vector<PartValue>`

✅ **Distinct Count**:
- Used `std::set<int32_t>` to track unique supplier keys per group
- Automatically handles duplicates (e.g., multiple part records for same group)
- Final count = set size (correctly implements COUNT(DISTINCT ps_suppkey))

✅ **CSV Output Format**:
- Comma-delimited, no extra spaces
- Header: `p_brand,p_type,p_size,supplier_cnt`
- Correct data types for each column
- **27,840 rows + 1 header = 27,841 lines** (verified ✓)

---

### **Compilation & Testing**

```bash
# Compilation (with profiling enabled)
g++ -O3 -march=native -std=c++17 -Wall -lpthread -fopenmp -DGENDB_PROFILE -o q16 q16.cpp

# Execution
./q16 /home/jl4492/GenDB/benchmarks/tpc-h/gendb/tpch_sf10.gendb /results/dir

# Validation
python3 compare_results.py /ground_truth /results/dir
✓ match: true, rows_expected: 27840, rows_actual: 27840
```

---

### **Key Optimizations (Iteration 0 Baseline)**

1. **Predicate pushdown**: All 3 part filters applied in single scan loop
2. **Early filtering**: Supplier excluded set built first (only 56 entries to check)
3. **Selective join**: Only 297K parts joined with 8M partsupp rows (15% selectivity)
4. **Minimal intermediate materialization**: Results streamed directly into aggregation
5. **Fast unique counting**: `std::set` for O(log N) insertion with automatic deduplication

**Performance is I/O-bound** (~1.7s for 2M + 8M + 100K rows). Future iterations (iter_1+) will optimize via:
- Parallelization (OpenMP for partsupp probe)
- Hash indexes (mmap pre-built indexes for joins)
- Vectorization (SIMD filtering)
- Partial aggregation (thread-local buffers for parallel grouping)

---

### **Deliverables Checklist**

- ✅ Self-contained `.cpp` file following output contract
- ✅ `[TIMING]` instrumentation on all major operations with `#ifdef GENDB_PROFILE`
- ✅ Correct mmap-based data loading (no text parsing)
- ✅ Dictionary-code handling (loaded at runtime, not hardcoded)
- ✅ CSV output: comma-delimited, header row, correct sorting
- ✅ Validation: **100% match** with ground truth (27,840 rows)
- ✅ **0 fix attempts needed** — implementation correct on first compile