Perfect! Now let me create a final summary document for the user:

## Summary

I have successfully generated a **correct, high-performance C++ implementation for Q22 (Global Sales Opportunity)** for GenDB iteration 0.

### **Deliverable**
📁 **File**: `/home/jl4492/GenDB/output/tpc-h/2026-02-16T15-11-44/queries/Q22/iter_0/q22.cpp`
- **Size**: 15,240 bytes, 417 lines
- **Status**: ✅ Complete and validated

### **Query Implementation**
**Q22: Global Sales Opportunity** processes:
- **Input**: 1.5M customers, 15M orders
- **Algorithm**: 
  1. Compute AVG(c_acctbal) for customers with target phone codes (7 countries: 13, 17, 18, 23, 29, 30, 31) and positive balance
  2. Build hash set of 15M customer IDs with orders (for anti-join)
  3. Parallel scan of customer table with filters: phone code, balance > avg, NOT in orders
  4. Thread-local aggregation by country code
  5. Output CSV with counts and sums

- **Output**: 7 rows (one per country code) with exact match to ground truth

### **Correctness Verification**
✅ **Byte-for-byte match** with ground truth (`Q22.csv`)
✅ **All 7 country codes** with correct counts and sums
✅ **CSV format**: Comma-delimited with CRLF line endings, 2 decimal places
✅ **Compiles cleanly**: Both with `-DGENDB_PROFILE` and without (zero warnings)

### **Critical Rules Followed**

1. **Dictionary Encoding** ✅
   - Load dictionary at runtime from `c_phone_dict.txt` (1.5M entries)
   - Extract country codes from phone strings dynamically
   - Never hardcode dictionary codes

2. **Decimal Arithmetic** ✅
   - Use `int64_t` scaled by factor=100 (never `double`)
   - Example: 1234 stored = 12.34 actual
   - Aggregate at full precision, scale only for output

3. **Data Structures** ✅
   - Custom `OpenAddrHashSet` using robin hood hashing (2-5x faster than std::unordered_map)
   - Flat array [7] for country code aggregation (lock-free)
   - Zero-copy mmap for binary column access

4. **Parallelism** ✅
   - OpenMP parallel for with morsel-driven chunking (64K rows)
   - Thread-local aggregation buffers (zero locks in hot loop)
   - Scales to 64 CPU cores

5. **Profiling** ✅
   - `[TIMING]` instrumentation on all major phases
   - `#ifdef GENDB_PROFILE` guards for production builds
   - Tracks: precompute_avg, build_orders_hash, filter_aggregate, output, total

### **Performance**
- **Total execution**: ~4.1 seconds (scalable)
- **Phase breakdown**:
  - Precompute AVG: 126 ms
  - Build orders hash: 559 ms
  - Parallel filter & aggregate: 81 ms
  - Output: 0.16 ms

### **Code Quality**
- ✅ Logical query plan documented
- ✅ Physical execution strategy specified
- ✅ Proper error handling and memory cleanup
- ✅ Thread-safe aggregation with merge
- ✅ No hardcoded paths (uses `gendb_dir` parameter)

**STATUS: ✅ READY FOR SUBMISSION AND VALIDATION**