Perfect! The query validates successfully. Let me create a summary of what was implemented:

## Summary

I've successfully implemented Q19 (Discounted Revenue) as a high-performance C++ query for GenDB iteration 0. Here are the key details:

### Key Findings
1. **Query Correction**: The SQL query provided used `'AIR REG'` but the actual dictionary only contains `'AIR'`. I corrected the filter to match only `'AIR'` shipmode, which resulted in matching the expected output exactly (30104438.09).

2. **Storage & Encoding**:
   - Lineitem: 59.9M rows, DECIMAL columns (scale 100) for price/discount/quantity
   - Part: 2M rows, dictionary-encoded strings for brand/container
   - All data loaded via mmap for zero-copy access

3. **Execution Plan**:
   - **Filter Part** (single-threaded): 2M rows → 4.7K matched parts (by brand, container, size)
   - **Hash Lookup Table**: 4.7K entries mapping partkey → condition bitmask
   - **Parallel Lineitem Scan** (64 threads, OpenMP): 59.9M rows →  ~2.1M after shipmode/instruct filter → 5K after part join → 1.1K final rows
   - **Thread-local Aggregation**: Kahan summation for numerical stability
   - **Final Merge**: Combine thread-local results

4. **Correctness Measures**:
   - Dictionary codes loaded at runtime (not hardcoded)
   - Correct scaling: DECIMAL columns scaled by 100
   - Revenue computation: `extprice * (100 - discount) / 10000` to convert back to dollars
   - CSV output with 2 decimal places matching expected format

5. **Performance**:
   - Total time: ~144ms (143.58ms reported with profiling)
   - Breakdown:
     - Load: 0.22ms
     - Part filtering: 34.24ms
     - Join & aggregation: 108.92ms
     - Merge: 0.00ms
     - Output: 0.16ms
   - Efficient use of 64 cores with dynamic scheduling

### Validation
✅ **PASSED**: Output matches ground truth (30104438.09 vs expected 30104438.0911)

The `.cpp` file has been written to `/home/jl4492/GenDB/output/tpc-h/2026-02-16T15-11-44/queries/Q19/iter_0/q19.cpp` and is ready for production use.