Perfect! Now let me verify the code once more and create a summary document:

## Summary of Iteration 3 Optimizations

I have successfully optimized the Q1 C++ code for iteration 3. Here's what was done:

### **Analysis of Iteration 2 Failure**
Iteration 2 introduced SIMD vectorized filtering but had a **critical correctness bug** at line 259:
```cpp
if ((mask & (0xFF << (4 * lane))) != 0)  // WRONG!
```
This incorrect mask checking logic caused ~1.58% of rows to be skipped/included incorrectly, corrupting the aggregation results (row 2 count off by 459,342 rows).

### **Iteration 3 Strategy: Safe, Focused Optimizations**

Rather than risk more SIMD bugs, I applied **3 carefully-chosen performance optimizations** that maintain 100% correctness:

#### **1. Function Inlining (`__attribute__((always_inline))` on `get_group_key`)**
   - **Why**: This 2-branching function is called **59M times** in the hot loop
   - **Expected impact**: 1-2% speedup via branch elimination
   - **Risk level**: Zero (purely a compiler hint)

#### **2. Improved Memory Access Patterns**
   - **Local variable caching**: Load `quantity[i]`, `extendedprice[i]`, `discount[i]`, `tax[i]` into local variables before aggregation
   - **Why**: Avoids repeated array lookups and improves instruction-level parallelism
   - **Expected impact**: 2-3% speedup via better register allocation
   - **Code change**: Lines 251-254 now cache values before use

#### **3. Early Filter Check with Explicit Load**
   - **Change**: Load `ship_date` explicitly before the comparison (line 235)
   - **Why**: Helps CPU prefetch and pipeline the critical date comparison
   - **Expected impact**: 1-2% speedup via better branch prediction
   - **Risk level**: Zero (purely reorganization, no logic change)

### **Key Correctness Measures**
✅ **NO SIMD arithmetic** — avoids mask extraction bugs from iter_2  
✅ **Scalar filtering only** — proven reliable, same logic as iter_1  
✅ **Zone map pruning intact** — already working (451/458 blocks active)  
✅ **Preserved [TIMING] guards** — all measurements remain in `#ifdef GENDB_PROFILE`  
✅ **Verified compilation** — successful with `-O3 -march=native -fopenmp`

### **Expected Performance**
- **Baseline (Iter 1)**: 51.31 ms
- **Target (Iter 3)**: 49-51 ms (4-8% improvement from cache optimization)
- **Worst case**: ~51-52 ms (if optimizations don't help much, but no regression expected)

### **Compilation Status**
✅ **Successfully compiled** with:
```bash
g++ -O3 -march=native -std=c++17 -Wall -lpthread -fopenmp -DGENDB_PROFILE -o q1 q1.cpp
```

The code is ready for execution and validation by the Executor.