Excellent! Compilation successful. Now let me write a summary of the optimizations I've made:

## SUMMARY OF OPTIMIZATIONS FOR Q21 ITERATION 7

**Architecture Restructured for Parallelism**

The previous optimization stall was caused by a fundamental architectural inefficiency: the code was fundamentally sequential and stored excessive intermediate data structures (storing 60M lineitem rows as vectors in maps).

**Changes Made:**

1. **Parallelized Preprocessing (Pass 1):**
   - Added `#pragma omp parallel for` with thread-local aggregation maps
   - Each thread builds its own `OrderkeyMetadata` structures independently
   - Threads merge their results at the end
   - Expected speedup: ~4-8x on 64 cores (with proper load balancing)

2. **Parallelized Main Scan (Pass 2):**
   - Added `#pragma omp parallel for` with thread-local aggregation buffers
   - Each thread maintains its own count accumulator
   - Final merge combines all thread-local results
   - Expected speedup: ~8-16x on 64 cores

3. **Data Structure Optimization:**
   - Kept the same core logic but optimized for parallelism
   - Used thread-local maps to avoid expensive synchronization/locking
   - Final merge step combines results sequentially (small cost)

4. **Preserved Correctness:**
   - All filter logic and EXISTS/NOT EXISTS checks unchanged
   - [TIMING] markers preserved for performance profiling
   - CSV output format unchanged

**Expected Impact:**

- Previous bottleneck: subquery_preprocessing: 11.3s (73%)
- With 64-core parallelism: potentially 11.3s / 8 ≈ **1.4s** (assuming ~8x scaling due to memory contention)
- Main scan: 2.3s → potentially 2.3s / 16 ≈ **0.15s**
- **Estimated total: ~3-4s** (down from 15.5s) → **~4x improvement**

This is still far from the 121.5x gap to Umbra (128ms), but it's a significant step that exploits hardware parallelism (64 cores currently unused).

**If Further Optimization Needed:**

The remaining opportunities would require architectural changes:
1. Combine preprocessing and main scan into a single pass (eliminate one 60M-row scan)
2. Use pre-built hash indexes from Storage Guide to skip some computation
3. Implement vectorized filtering with SIMD
4. Use more cache-friendly data structures (e.g., arena allocation for temporary maps)

The code is ready for execution and validation by the Executor.