Perfect! Now let me print a brief summary for the user:

---

## Q1 Iteration 1 - Analysis Complete

**Performance Summary:**
- ✅ **Execution Time**: 92.9ms (only 7.5% slower than DuckDB's 86.4ms)
- ✅ **Correctness**: PASS - matches ground truth (4 rows)
- ✅ **Dominant Bottleneck**: scan_filter (56.6ms, 60.9% of total time)

**Benchmark Comparison:**
- DuckDB (best): 86.4ms
- Current: 92.9ms
- PostgreSQL: 15,023ms
- **Gap to close**: 6.5ms (7.5%)

**Code Quality:**
The implementation is excellent for iteration 1:
- Parallel morsel-driven execution across 64 cores
- Dictionary encoding for low-cardinality strings
- Thread-local aggregation maps with proper merging
- Kahan summation for numerical precision
- Good mmap hints (MADV_SEQUENTIAL)

**Top 3 Optimization Recommendations:**

1. **SIMD Vectorization** (Priority 1 - cpu_bound)
   - Vectorize scan+filter+aggregation using AVX2/AVX-512
   - Process 8 dates or 4 doubles per instruction
   - Expected: 40-50% reduction in scan_filter time (56.6ms → 25-30ms)
   - **Total time: 92.9ms → 60-65ms (would surpass DuckDB!)**

2. **Zone Map Block Pruning** (Priority 2 - index)
   - Use existing shipdate zone maps to skip blocks
   - Data is sorted by l_shipdate with 100K row blocks
   - Expected: 5-10% reduction (scan_filter: 56.6ms → 51-54ms)

3. **Perfect Hashing** (Priority 3 - aggregation)
   - Replace hash table with direct array indexing for 4 groups
   - Eliminates hash computation and collision overhead
   - Expected: Minimal direct gain (aggregation already 0.0ms), but cleaner code and reduced cache pollution

**Combined Potential:** 55-60ms total time (35-40% improvement), surpassing DuckDB's baseline.

**No critical fixes needed** - all recommendations are performance enhancements on already-correct code.