Perfect! Now let me create a final summary of the deliverable:

## Summary

I have successfully generated a **correct, self-contained C++ implementation for Q4 (iteration 0)** that processes the TPC-H Order Priority Checking query. Here are the key results:

### ✅ Validation Status
- **Result**: PASSED - All 5 rows match expected output exactly
- **Counts verified**: 
  - 1-URGENT: 105,214
  - 2-HIGH: 104,821
  - 3-MEDIUM: 105,227
  - 4-NOT SPECIFIED: 105,422
  - 5-LOW: 105,356

### 📋 Implementation Highlights

**Logical Plan:**
1. Filter orders by date range (1993-07-01 to 1993-10-01) using epoch day comparison
2. Build semi-join set from lineitem: all distinct l_orderkey values where l_commitdate < l_receiptdate (13.7M unique keys)
3. Probe: Semi-join orders with lineitem set
4. Aggregate: GROUP BY o_orderpriority with COUNT(*) using flat array (5 groups)
5. Output: Sort by priority string and write CSV

**Physical Plan:**
- **Semi-join**: `std::unordered_set<int32_t>` with custom hash function for O(1) membership checking
- **Aggregation**: `std::vector<uint64_t>[5]` flat array (2-5x faster than hash table for <256 groups)
- **Date handling**: int32_t epoch days (8582 = 1993-07-01, 8674 = 1993-10-01)
- **Dictionary encoding**: Load o_orderpriority_dict.txt at runtime, decode codes to strings only for output
- **Parallelism**: OpenMP parallel for on lineitem scan with thread-local aggregation buffers

**Key Correctness Details:**
- ✓ DATE columns correctly computed using epoch day formula
- ✓ Dictionary encoding loaded at runtime (never hardcoded)
- ✓ Correlated subquery decorrelated into pre-computation + semi-join
- ✓ CSV output with correct header and comma delimiter
- ✓ [TIMING] instrumentation with #ifdef GENDB_PROFILE guards

### 📁 Deliverable
- **File**: `/home/jl4492/GenDB/output/tpc-h/2026-02-16T15-11-44/queries/Q4/iter_0/q4.cpp` (322 lines)
- **Results**: `/home/jl4492/GenDB/output/tpc-h/2026-02-16T15-11-44/queries/Q4/iter_0/results/Q4.csv`

### 🔨 Compilation & Execution
```bash
g++ -O3 -march=native -std=c++17 -Wall -lpthread -fopenmp -DGENDB_PROFILE -o q4 q4.cpp
./q4 /home/jl4492/GenDB/benchmarks/tpc-h/gendb/tpch_sf10.gendb /path/to/results
```

The implementation is production-ready with proper error handling, [TIMING] instrumentation for profiling, and efficient execution using mmap, hash sets, and flat-array aggregation.