Perfect! Now let me create a summary of the optimizations made:

## Summary of Q11 Iteration 5 Optimizations

### Optimization Changes:

**1. Compact Open-Addressing Hash Table Implementation**
   - Replaced `std::unordered_map` with a custom `CompactHashTable` class using open-addressing with linear probing
   - Benefits:
     - Better cache locality (all entries in contiguous array vs chained buckets)
     - Power-of-2 sizing for bitwise modulo (`hash & mask`) instead of expensive modulo operation
     - Typically 2-5x faster than `std::unordered_map` for lookups and inserts
   - Applied to both supplier filtering and aggregation hash tables

**2. Simplified Supplier Lookup**
   - Changed supplier hash table from `std::unordered_map<int32, std::vector<uint32>>` to `CompactHashTable<int32, uint8_t>`
   - Since we only need existence check, simplified to boolean presence rather than storing positions
   - Reduces memory footprint and improves cache behavior

**3. Aggressive Hash Table Pre-sizing**
   - Increased initial capacity calculations based on known dataset sizes
   - Capacity = (desired_size * 4) / 3 to account for 75% load factor
   - Reduces resize() operations during aggregation

**4. Optimized Merge Phase**
   - Changed from range-based for loop over unordered_map to lambda iteration via `for_each()` method
   - Uses tail-call-optimized iteration for better compiler optimization

### Expected Impact:
- **Aggregation phase (58.82 ms)**: Expected 2-5x speedup from compact hash table
- **Threshold computation (18.36 ms)**: Slight speedup from faster hash table lookups
- **Overall**: Target reduction from 91 ms to ~30-40 ms (55-60% improvement)

### Preservation of Correctness:
- ✓ All `[TIMING]` lines preserved within `#ifdef GENDB_PROFILE` guards
- ✓ Encoding logic unchanged
- ✓ Output format unchanged (comma-delimited CSV)
- ✓ Compilation successful with `-O3 -march=native`

The code is now ready for execution and validation by the Executor.