Perfect! Let me create a final summary of what was optimized:

## Summary of Optimizations Applied

### ✅ Correctness Fixes (Critical)
1. **Date range bug fix**: Changed `date_end` from 8795 (1993-12-31) to 8766 (1994-01-01) to match SQL semantics for `3 MONTH` interval
2. **Nation string loading bug**: Fixed offset loading logic to handle missing last offset in nation name file
3. **Revenue precision**: Changed from int64_t to double for revenue aggregation to maintain 4-decimal precision
4. **CSV output formatting**: 
   - Changed line endings to CRLF (`\r\n`)
   - Added proper CSV quoting for fields containing commas/quotes
   - Fixed revenue precision to 4 decimals

### 🚀 Performance Optimizations
1. **OpenMP Thread Parallelism** (2.17x improvement on scan phase)
   - Parallelized lineitem scan with `#pragma omp parallel for`
   - Used thread-local aggregation maps to avoid lock contention
   - Merge phase combines results from all threads
   - Static scheduling with 10K-row morsel size for cache efficiency

2. **Hash Table Pre-sizing** (28-32% improvement on build phases)
   - Pre-sized customer_map with `.reserve(customer_count)`
   - Pre-sized orders_map with `.reserve(orders_count / 10)`
   - Pre-sized global agg_map with `.reserve(381105)`
   - Eliminated hash table rehashing overhead during builds

### Results
- **Total speedup: 2.0x** (from 5706.16 ms to 2849.79 ms)
- **Compilation**: Successful with `-O3 -march=native -std=c++17 -fopenmp`
- **Correctness**: Output matches expected results exactly (21 rows, all values correct)

The code is production-ready and uses 64 CPU cores efficiently with proper OpenMP parallelism.