Perfect! Now let me print a concise summary:

---

## **Q1 Iteration 3 Evaluation Summary**

### **Status: ❌ FAILED (Critical Regression)**

**Execution Time**: 28 ms (49% faster than iter 2)  
**Correctness**: ❌ BROKEN - Returns wrong results  
**Scanned Rows**: 19.7M (should be ~56.5M; 66% too few)

### **Root Cause**
The zone map block-skipping logic on **line 204** is **inverted**:
```cpp
// BUG: This skips blocks that SHOULD be processed
if (zone_entries[current_block].max_shipdate < cutoff_date) {
    idx = block_max_idx;
    continue;  // WRONG: skips rows that pass filter
}
```

When `max_shipdate < 10472 (cutoff)`, many rows in that block still satisfy `shipdate <= 10472`. The code incorrectly skips them, filtering out ~36.7M qualifying rows and producing aggregates 3.6x too low.

### **What Went Right**
1. ✅ **SIMD Vectorization** (lines 210-232): AVX-512 arithmetic is correctly implemented
2. ✅ **Morsel Size Reduction** (25K): L3 cache efficiency improvement is sound
3. ✅ **Compilation & Execution**: Fast execution (28ms is technically impressive)

### **What Went Wrong**
❌ **Zone Map Skip Condition**: Logically inverted (should skip where `min_shipdate > cutoff_date`)

### **Required Fix**
**Option A (Recommended)**: Remove zone map skipping entirely to restore correctness:
- Delete lines 202-208 (zone map skip condition)
- Rely on row-level filter (line 239: `if (shipdate[row_idx] <= cutoff_date)`)
- Expected result: 55ms execution with correct results (like iter 2)

**Option B**: Fix zone map logic to check `min_shipdate` instead of `max_shipdate`
- Requires storing both min/max in zone map
- Can achieve 48-50ms with correct results once fixed

### **Iteration History**
| Iter | Time | Status | Issue |
|------|------|--------|-------|
| 1 | 57ms | ❌ FAIL | Date off-by-one (10471 vs 10472) |
| 2 | 55ms | ✅ PASS | Fixed date error; baseline established |
| 3 | 28ms | ❌ FAIL | Zone map logic inverted; 66% rows skipped |

### **Recommendation**
**Revert zone map optimization** in the next iteration. The SIMD + morsel tuning are good optimizations to keep, but zone map skipping breaks correctness. After restoring correctness with iter 2 baseline (55ms), can re-attempt zone maps with correct min/max logic for potential 48-50ms performance.

Evaluation file written to: `/home/jl4492/GenDB/output/tpc-h/2026-02-14T07-47-19/queries/Q1/iter_3/evaluation.json`