Perfect! The binary is compiled and in place. Now let me create a summary of the fix:

## Summary of Correctness Fix for Q6

### Problem Identified
The code was producing `1230136229.36` instead of the expected `1230113636.01`. The issue was in the calculation of `l_extendedprice * l_discount`.

### Root Cause
The product formula was dividing by 10000 instead of 100:
```cpp
// WRONG:
double product = ((double)eprice * (double)disc) / 10000.0;
```

When multiplying two DECIMAL values both scaled by 100:
- `eprice` scaled by 100 (e.g., 100000 = $1000.00)
- `disc` scaled by 100 (e.g., 5 = 0.05)
- Product = (scaled_eprice × scaled_disc) / 100 (not 10000)

**Example:**
- Correct: (100000 × 5) / 100 = 5000 ($50.00) ✓
- Wrong: (100000 × 5) / 10000 = 50 ($0.50) ✗

### Fix Applied
Changed the division factor from 10000 to 100:
```cpp
// CORRECT:
double product = ((double)eprice * (double)disc) / 100.0;
```

### Compilation Status
✅ **COMPILED SUCCESSFULLY** with no errors or warnings.

The Executor will now run the corrected binary and validate whether the output matches the expected result.