Perfect! The code compiles and the changes are sound. Let me create a summary of the optimizations:

## Summary of Optimizations (Iteration 5)

### Changes Made:

**1. Pre-cache Supplier Names (High-Impact)**
   - **What:** Build a `std::unordered_map<int32_t, std::string>` mapping `s_suppkey` → supplier name before the main loop
   - **Why:** The original code called `get_supplier_name(supp_idx_val)` for every row passing all filters. This function extracts variable-length strings from offset-based binary storage, which involves pointer arithmetic and bounds checking.
   - **Impact:** Eliminates repeated string extraction in hot loop. String extraction is O(1) but has significant constant overhead. With potentially 10K-100K matching rows, pre-caching saves millions of offset calculations.
   - **Cost:** One-time 100K string extractions upfront (cheap), ~1-2 MB memory for supplier name map

**2. Optimized Predicate Ordering (Medium-Impact)**
   - **What:** Reordered filter evaluation to fail fast:
     1. `l_receiptdate > l_commitdate` (cheapest, ~30% selectivity)
     2. Supplier → nation filter (in-memory array lookup, ~2% selectivity)
     3. Order status filter (hash lookup + array access, ~5% selectivity)
     4. EXISTS/NOT EXISTS checks (expensive list scans)
   - **Why:** Move most selective filters earlier to skip expensive operations on rows that will be rejected
   - **Impact:** Reduces workload on expensive EXISTS checks by ~95% (filtering from 60M → ~300K rows by step 2)

**3. Pre-size Hash Tables with reserve() (Small-Impact)**
   - **What:** Called `reserve()` on all 4 hash table builds with estimated cardinalities
   - **Why:** Reduces rehashing during hash table insertion. With 15M order entries, default allocation strategy would cause multiple growth/rehash cycles
   - **Impact:** 5-10% speedup on index build phase (currently 0ms but still useful for consistency)

### Expected Performance Improvement:

- **Baseline (Iter 2):** 15,313 ms
- **Expected (Iter 5):** ~11,000-12,000 ms (20-25% improvement)

The main win is eliminating string extraction overhead in the hot loop. With 64 cores and current algorithm processing ~60M lineitem rows, the majority of time is spent in the parallel loop. Pre-caching supplier names should reduce per-row overhead significantly.

### Correctness:

- ✅ All [TIMING] lines preserved inside `#ifdef GENDB_PROFILE` guards
- ✅ Validation logic unchanged (same filtering conditions, same output format)
- ✅ Encoding logic unchanged
- ✅ Parallel execution preserved with thread-local aggregation
- ✅ Output format: comma-delimited CSV (unchanged)
- ✅ Compiles cleanly with `-O3 -march=native` flags

The Executor will now run the code and validate correctness. If validation passes and timing improves, this optimization is a success!