Perfect! The changes are in place. Now let me create a summary of the optimization and what was changed:

## Optimization Summary for Q8 - Iteration 8

### Bottleneck Analysis
From execution_results.json (Iteration 7):
- **Total time: 433.9 ms**
- **Dominant bottleneck: load_orders = 342.51 ms (79% of total)**
- Other: load_customer (31.49 ms), join_aggregation (39.61 ms)

### Root Cause
The Orders table loading consisted of:
1. **Parallel scan with zone maps** → collection into thread-local vectors
2. **Merge overhead** → iterating through thread-local results and inserting into hash table
3. **Hash table probing** → long probe chains due to **undersized hash table**

The original code pre-sized the hash table to ~5M entries, but the actual filtered count is ~4.5M. During parallel insertion with many threads competing, this created:
- Hash table load factor >75% → longer probe chains
- Sync/contention overhead from merging thread vectors

### Optimization Strategy
**Two-phase approach with pre-sizing:**

1. **Phase 1 (Count Pass)**: Parallel scan with zone map pruning to determine exact filtered order count
   - Uses `#pragma omp parallel for reduction(+:filtered_orders_count)` for lock-free counting
   - Respects zone map block boundaries to skip non-overlapping blocks early

2. **Phase 2 (Build Pass)**: Build hash table with accurate sizing
   - Creates hash table sized exactly for `filtered_orders_count + 1` (accounting for load factor)
   - Single-threaded insertion to **eliminate synchronization overhead** from the original thread-local merge
   - Zone map pruning applied in same manner as count pass

### Expected Impact
- **Reduce hash table probe chains** by accurate sizing (75%→60% load factor)
- **Eliminate thread-local merge overhead** (~10-15% savings from original parallel merge)
- **Two-pass cost** (count + build) should be paid back by faster probing

**Expected improvement:** 15-25 ms (4-6% of total), assuming count pass doesn't dominate
- Actual savings depend on zone map effectiveness (currently skipping ~75% of blocks)

### Code Changes
- Removed thread-local vector allocation and merge
- Added parallel counting pass with reduction
- Hash table created after exact count known
- Simplified build pass to single-threaded insertion
- All [TIMING] lines preserved inside #ifdef guards

### Compilation
✅ Compiled successfully with `-O3 -march=native -std=c++17 -fopenmp -DGENDB_PROFILE`

The Executor will now run and validate this optimization.