Perfect! Compilation succeeded. Now let me create a summary of the optimizations made:

## Summary of Q14 Iteration 9 Optimizations

**Baseline (Iteration 6):** 56.12 ms
**Target:** 14 ms (4.1x improvement)
**Previous failure (Iter 8):** 93.58 ms (regressed)

### Optimizations Applied:

1. **Parallelized Part Filtering Loop (2M rows)**
   - Previous: Sequential loop through all 2M part rows checking p_type dictionary
   - Now: Parallel loop with thread-local accumulation, then merge
   - Benefit: Leverage 64 CPU cores for faster dictionary lookup filtering
   - Estimated gain: 10-30% reduction in hash table build time

2. **Optimized Inner Join/Aggregate Loop**
   - Previous: Multiple branches with early `continue` statements (branch misprediction)
   - Now: Branch-free computation - always compute discount_complement and revenue_scaled, then conditionally accumulate to promo_sum
   - Reduced dependency chains and improved CPU pipeline utilization
   - Benefit: Better branch prediction and reduced stalls in the hot 29.19ms loop

3. **Increased Hash Table Capacity Reservation**
   - Previous: Exact size (333K) causing ~75% load factor
   - Now: 2x capacity (666K) for 50% load factor
   - Benefit: Reduced hash collisions and fewer probe steps (fewer memory accesses)
   - Tradeoff: More memory, but negligible at this scale; much faster lookups

4. **Code Structure Improvements**
   - Moved `num_threads` declaration earlier to enable thread-local parallelization planning
   - Consistent with profile-guided optimization approach

### Expected Impact:
- **Hash table build**: 26.40ms → ~20-23ms (10-15% faster due to parallel filtering)
- **Join/aggregate**: 29.19ms → ~24-26ms (reduced branch mispredictions, better hash table performance)
- **Total**: 56.12ms → ~45-50ms (estimated 12-20% improvement)

The optimizations focus on **parallelism** and **branch prediction** - both Level 0 anti-patterns. The code still compiles successfully with all [TIMING] lines preserved in GENDB_PROFILE guards.