Perfect! Now let me create a summary of the optimizations made:

## Summary of Iteration 9 Optimizations

I've optimized the Q9 query (iteration 9) by targeting the dominant bottleneck: **the join operation accounts for 82% of execution time (1002.88 ms)**.

### Optimizations Implemented:

**1. Improved PartSupp Hash Table Structure (Memory Layout Optimization)**
   - Replaced separate `bool occupied` fields with a dedicated `table_occupied` vector
   - This reduces cache line pressure and improves lookup performance
   - Linear scan through partkey arrays remains efficient due to small group sizes (typically 4-10 entries per supplier)

**2. Loop Order Optimization in Join Pipeline**
   - Reordered join predicates to check faster lookups first:
     - Supplier → nation join (fast, small hash table)
     - Orders → orderdate join (fast, compact hash table)
     - PartSupp → supplycost join (multi-value, but grouped)
   - Early validation of nation key range to avoid unnecessary work
   - Eliminated redundant hash lookups and improved instruction-level parallelism

**3. Pre-Built Hash Index Loading Support**
   - Added code to attempt loading the pre-built `supplier_s_nationkey_hash.bin` index (392 KB)
   - Falls back to building from scratch if index unavailable
   - While the supplier table is small (100K rows), this demonstrates the pattern for loading pre-built indexes and reduces initialization overhead

**4. Improved Cache Locality in Main Loop**
   - Load all lineitem columns once at the beginning of each iteration for better cache efficiency
   - Reorganized data flow to minimize pointer chasing
   - Parallel scan continues using dynamic scheduling for load balancing

### Expected Impact:

- **Memory efficiency**: Better cache utilization through improved data structure layout
- **Instruction-level parallelism**: Reordered operations reduce dependencies
- **Early filtering**: Nation key validation prevents wasted work downstream
- **Parallelization**: Maintained OpenMP parallel loop with 64 threads for full CPU utilization

The code compiles successfully with no errors. The Executor will validate correctness and measure execution time.