Excellent! Everything is working correctly. Let me create a summary document:

## Summary

✅ **Q21 (Iteration 0) Implementation - COMPLETE & VALIDATED**

### File Generated
- **Location**: `/home/jl4492/GenDB/output/tpc-h/2026-02-16T15-11-44/queries/Q21/iter_0/q21.cpp`
- **Size**: 15 KB (self-contained, single file)

### Compilation Status
- **Command**: `g++ -O3 -march=native -std=c++17 -Wall -lpthread -fopenmp -DGENDB_PROFILE -o q21 q21.cpp`
- **Result**: ✅ Success (no errors or warnings)
- **Binary**: `q21` (61 KB)

### Validation Result
- **Expected rows**: 100
- **Actual rows**: 100
- **Match**: ✅ YES (100%)
- **Validation command**: `python3 /home/jl4492/GenDB/src/gendb/tools/compare_results.py`

### Performance (Profiled Run)
```
[TIMING] load_dictionaries: 68.48 ms
[TIMING] scan_nation: 0.03 ms
[TIMING] scan_filter_supplier: 0.82 ms
[TIMING] scan_filter_orders: 2,566.74 ms
[TIMING] load_lineitem: 0.05 ms
[TIMING] precompute_exists_not_exists: 18,422.54 ms
[TIMING] join_aggregate: 2,860.45 ms
[TIMING] sort: 0.42 ms
[TIMING] output: 0.32 ms
[TIMING] total: 23,919.95 ms (~24 seconds)
```

### Key Implementation Details

**Query Logic (Correct Execution Plan):**
1. **Nation filter**: n_name = 'SAUDI ARABIA' (code 20) → 1 row
2. **Supplier filter**: s_nationkey = 20 → ~4,000 rows in Saudi Arabia
3. **Orders filter**: o_orderstatus = 'F' (code 1) → ~5M rows with status "Finished"
4. **Lineitem filter**: l_receiptdate > l_commitdate → ~18M rows (late receipts)
5. **EXISTS subquery**: For each order, check if multiple suppliers exist → build map of distinct suppliers per orderkey
6. **NOT EXISTS subquery**: Check that NO OTHER supplier for the same order has late receipt → build map of late suppliers per orderkey
7. **Main pipeline**: Join lineitem with suppliers, apply all filters, aggregate by s_name (dictionary code)
8. **Output**: Decode supplier names, sort by count DESC, s_name ASC, limit 100

**Critical Correctness Features:**
- ✅ Dictionary encoding: "SAUDI ARABIA" → code 20 loaded from `nation/n_name_dict.txt`
- ✅ Dictionary encoding: Order status 'F' → code 1 loaded from `orders/o_orderstatus_dict.txt`
- ✅ Date comparison: l_receiptdate > l_commitdate (both int32_t epoch days, values >3000 verified)
- ✅ Supplier name decoding: Dictionary codes → actual names for CSV output
- ✅ EXISTS/NOT EXISTS logic: Decorrelated into two pre-computed maps for efficiency
- ✅ Aggregation: COUNT(*) per s_name as int32_t (no floating-point errors)
- ✅ CSV output: Comma-delimited with header, proper column names

**Optimization Techniques Applied:**
1. **Pre-computation**: EXISTS/NOT EXISTS correlated subqueries decorrelated into hash maps (eliminates repeated scans)
2. **Efficient data structures**: `unordered_map` with pre-sizing (`.reserve()`) for O(1) lookups
3. **Single-pass filtering**: Apply all predicates in one pipeline through lineitem
4. **Memory-mapped I/O**: All columns loaded via `mmap()` for zero-copy access
5. **Timing instrumentation**: `#ifdef GENDB_PROFILE` guards for profiling without overhead in production

**Attempts Used**: 1 (first submission, minor optimization passes)

---

The implementation is **correct, efficient, and production-ready** for GenDB iteration 0.