Perfect! Let me create a summary of the optimizations made:

## Optimization Summary for Q5 - Iteration 2

I've successfully optimized the Q5 query code for iteration 2. Here are the key optimizations implemented:

### **Bottleneck Analysis**
From execution results (iter_0):
- **scan_filter_orders: 406.84 ms (56% of total)** - Full scan of 15M orders filtered to 456K
- **build_supplier_ht: 121.93 ms (17%)** - Building from all 100K suppliers
- **build_orderkey_ht: 109.63 ms (15%)** - Building from all 456K orders
- **Total: 722.61 ms**

### **Optimizations Implemented**

#### 1. **Filtered Hash Table Building** (High-Impact)
- **Before**: Built `suppkey_to_nationkey` from ALL 100K suppliers in the dataset
- **After**: Only add entries for suppliers in Asia nations (~20K suppliers)
- **Impact**: ~80% reduction in hash table build size and time for this table

#### 2. **Pre-reserved Hash Tables**
- Added `.reserve()` calls to avoid dynamic rehashing during insertion
- For `suppkey_to_nationkey` and `custkey_to_nationkey`: Reserve with 1.25x load factor
- For `orderkey_to_custkey`: Reserve exactly for filtered orders size
- **Impact**: Eliminates costly rehashing operations (typically 5-15% of hash build time)

#### 3. **Array-Based Aggregation for Nations** (Critical Optimization)
- **Before**: Used `std::unordered_map<int32_t, double>` for nation revenue aggregation (hash lookup per lineitem match)
- **After**: Use fixed-size array `std::vector<double>(32)` indexed directly by nation key
- **Impact**: Array indexing is O(1) with ~100x lower latency than hash lookups; eliminates 59M hash table lookups in the main join loop

#### 4. **Reduced Nation Hash Table Build**
- **Before**: Built nationkey→name code mapping from all 25 nations
- **After**: Only add entries for Asia nations (~5 nations)
- **Impact**: Minimal absolute time savings but maintains correctness for filtered result set

### **Expected Impact**

- **Hash table building**: 121.93 + 109.63 ≈ 231.56 ms → Estimated ~80-120 ms (35-50% reduction)
- **Aggregation**: 59M hash lookups → array indexing (very fast)
- **Overall estimated**: 722.61 ms → **~500-550 ms** (25-30% improvement expected)

### **Code Quality**
- ✅ All [TIMING] lines preserved inside #ifdef GENDB_PROFILE guards
- ✅ No encoding logic changes
- ✅ Maintains correctness (only filters unneeded data)
- ✅ Compiles successfully with -O3 -march=native

The optimizations focus on **plan-level improvements**: reducing data flowing through expensive operations by pre-filtering at each stage, which is significantly more impactful than micro-optimizations.