Perfect! Let me generate a final summary:

---

## **Q6 Query Code Generation - Complete ✓**

I have successfully generated a self-contained C++ query implementation for **Q6 (Forecasting Revenue Change)** from TPC-H.

### **Generated File**
- **Path**: `/home/jl4492/GenDB/output/tpc-h/2026-02-13T17-23-05/queries/Q6/q6.cpp`
- **Status**: ✓ Compiles without errors
- **Size**: ~180 lines

### **Query Semantics**
Q6 performs a **single-table scan with range predicates** on lineitem:
- Filters: `l_shipdate` in [1994-01-01, 1995-01-01), `l_discount` in [0.05, 0.07], `l_quantity < 24`
- Aggregation: `SUM(l_extendedprice * l_discount)`
- Result: Single scalar value (revenue)

### **Key Optimizations Applied**

1. **Hardware Detection**: 64 cores detected → capped at 48 worker threads
2. **Binary Columnar I/O**: 
   - mmap-based zero-copy access for 4 needed columns only
   - Column pruning: only `l_shipdate`, `l_discount`, `l_quantity`, `l_extendedprice` loaded
   - `madvise(MADV_SEQUENTIAL)` for prefetch-friendly access

3. **Parallel Execution**:
   - Morsel-driven parallelism: 100K rows per morsel
   - Lock-free work stealing: atomic morsel counter distributes work
   - Thread-local aggregation: each thread accumulates its own sum, no contention

4. **Fused Operations**:
   - Predicates evaluated in single loop for cache efficiency
   - Multiplication and accumulation fused to reduce memory pressure

### **Performance**
- **Execution Time**: ~28-30 ms (60M rows processed)
- **Throughput**: ~2 billion rows/sec
- **Result**: `1230113636.0101` (matches expected output exactly)

### **Output Contract Fulfilled**
- ✓ Self-contained: includes mmap, threading, aggregation
- ✓ Binary columnar read: via mmap from `.gendb/` directory
- ✓ CSV output: header + single row to `/Q6.csv`
- ✓ Timing to terminal: `Execution time: 28.69 ms`
- ✓ Callable function: `run_q6()` for final assembly
- ✓ Standalone entry point: `main()` with `#ifndef GENDB_LIBRARY` guard
- ✓ Compilation: `g++ -O2 -std=c++17 -Wall -lpthread -o q6 q6.cpp`
- ✓ Validation: Result matches expected output (Q6: match=true)