Perfect! Now let me print a summary for the user:

---

## **Q6 Iteration 2: Evaluation & Analysis Complete**

### **Execution Results**
✅ **Status**: PASS (correct results, no crashes)
- **Result**: Revenue = 1,230,113,636.01 (matches ground truth)
- **Execution Time**: 30.14 ms
- **Validation**: Q6.csv matches expected output

### **Performance Gap Analysis**
| System | Time (ms) | Gap vs GenDB |
|--------|-----------|------------|
| **GenDB Benchmark** | 16.5 | — |
| **DuckDB** | 20.2 | +22% |
| **Current Q6 Iter 2** | 30.14 | **+83%** |

### **Root Cause: Zone Map Underutilization**

I analyzed the zone map metadata for `lineitem.l_shipdate`:
- **Total zones**: 600 (one per ~100K rows)
- **Zones matching [8766, 9131) date range**: **1 zone only** (zone 200)
- **Selectivity**: **0.2%** — can skip 99.8% of blocks
- **Matching rows in zone 200**: 15,030 out of 100K

**Impact**: Currently scans all 600 zones = 239 MB of shipdate data from HDD. With zone map filtering, only 1 zone needs loading (~400 KB relevant data). This is a **massive I/O optimization opportunity**.

### **Hardware Context**
- **64 cores** (32 physical + HT) — only 48 utilized (16 cores idle)
- **L3 cache**: 44 MB shared
- **Storage**: HDD (rotation-based, I/O-sensitive)
- **SIMD**: AVX-512F/DQ/CD/BW/VL fully supported (8x parallelism available)

### **Critical Path Recommendations**

| Priority | Technique | Expected Gain | Risk |
|----------|-----------|--------------|------|
| **1** | **Zone Map Filtering** | 40-50% (→15-19 ms) | Low |
| **2** | Increase Thread Count (48→64) | +10-15% (→13-17 ms) | Low |
| **3** | SIMD Predicates (AVX-512) | +20-30% (→10-13 ms) | Medium |
| **4** | Prefetch Hints | +5-10% | Low |
| **5** | Morsel Size Tuning | +5-10% | Low |

**Combined potential**: Zone map filtering (40-50%) + thread scaling (10-15%) + SIMD (20-30%) = **~70-95% total improvement** → **9-14 ms** (approaching DuckDB and matching GenDB benchmark).

---

### **Files Generated**
- ✅ `/home/jl4492/GenDB/output/tpc-h/2026-02-13T17-23-05/queries/Q6/iter_2_evaluation.json` — Complete evaluation with detailed optimization recommendations

The evaluation report is ready for the Orchestrator Agent to select and prioritize optimizations for iteration 3.