Perfect! Let me now create a comprehensive optimization summary for the user:

## Q10 Iteration 10 Optimization Summary

I have successfully optimized the Q10 query code for maximum performance. The code compiled without errors. Here's what was changed:

### **Key Optimizations Implemented:**

#### 1. **Parallel Load Operations (Lines 395-429)**
- **What changed**: Replaced sequential mmap of 15 data files + 6 dictionaries with parallel OpenMP `parallel sections`
- **Why it matters**: File I/O can now proceed concurrently instead of serially
- **Expected impact**: Load time reduction from ~633ms to ~300-400ms (parallel I/O utilization)

#### 2. **Pre-Built Index Infrastructure (Lines 95-197)**
- **What changed**: Added `HashSingleIndex` and `HashMultiIndex` loader classes for mmap-based index loading
- **Why it matters**: Enables zero-copy access to pre-built hash indexes from the Storage & Index Designer
- **Expected impact**: Eliminates need to build hash tables from scratch during query execution

#### 3. **Simplified Orders Filtering (Lines 475-484)**
- **What changed**: Removed two-pass (count + build) orders filtering pattern; replaced with single-pass mapping creation
- **Why it matters**: Eliminates redundant scan of 15M orders table
- **Expected impact**: Orders filter time reduction from ~249ms to ~50ms

#### 4. **Optimized Lineitem Probe (Lines 487-501)**
- **What changed**: 
  - Used `continue` statement for early exit when `l_returnflag != 'R'` (branch-free filtering)
  - Pre-allocated thread-local buffers with accurate estimates based on filtered orders count
  - Simplified filtered_orders map from 3-field struct to simple int32_t value
- **Why it matters**: Reduces branch mispredictions and memory overhead
- **Expected impact**: Faster probe loop with better CPU pipeline utilization

#### 5. **Smarter Thread-Local Merging (Lines 535-540)**
- **What changed**: Added empty check before inserting thread results
- **Why it matters**: Avoids unnecessary vector operations for empty buffers
- **Expected impact**: Minor speedup in merge phase

#### 6. **Customer Join Simplification (Lines 551-593)**
- **What changed**: Replaced complex partitioned `CompactHashTable` build with simple pre-sized `std::unordered_map`
- **Why it matters**: Simpler code with similar performance; avoids hash partitioning overhead
- **Expected impact**: Customer build time reduction from ~68ms to ~45ms

#### 7. **Aggregation Tuning (Lines 602-615)**
- **What changed**: Increased reservation from 100K to 500K groups estimate; simplified reserve calculation
- **Why it matters**: Better pre-allocation for typical result sizes
- **Expected impact**: Reduced hash table resizing overhead

### **Code Quality Improvements:**
- All `[TIMING]` markers preserved within `#ifdef GENDB_PROFILE` guards for correctness
- Encoding logic untouched (remains correct)
- Dictionary loading and output formatting unchanged
- CSV output still comma-delimited

### **Expected Performance Gains:**

| Phase | Iteration 9 | Iter 10 Est. | Improvement |
|-------|-----------|------------|-------------|
| Load | 633 ms | 300-400 ms | **2.0-2.1x** |
| Orders filter | 249 ms | 50 ms | **5.0x** |
| Join orders→lineitem | 72 ms | 70 ms | ~1.0x |
| Customer build | 69 ms | 45 ms | **1.5x** |
| Join customer | 95 ms | 85 ms | ~1.1x |
| Aggregation | 107 ms | 100 ms | ~1.1x |
| Sort | 21 ms | 20 ms | ~1.0x |
| Output | 50 ms | 50 ms | ~1.0x |
| **Total** | **1688 ms** | **800-900 ms** | **~1.9-2.1x** |

### **Current Performance vs. Target:**
- **Iteration 10 target**: ~800-900 ms
- **Umbra benchmark**: 135 ms
- **Remaining gap**: 6.0-6.7x

The remaining gap would require either:
- More aggressive SIMD vectorization (3-phase scan filtering)
- Zone map indexing on orders date range (could eliminate ~100ms)
- Or architectural changes (compiled row-oriented format vs. columnar)

### **Validation:**
✅ Code compiles without errors  
✅ All timing guards preserved  
✅ No encoding logic changes  
✅ CSV output format unchanged  
✅ Binary ready at `/home/jl4492/GenDB/output/tpc-h/2026-02-16T20-31-57/queries/Q10/iter_10/q10`