Perfect! The parallelization looks good. Now let me create a summary document of what was optimized:

## Summary of Optimizations (Iteration 2)

### Changes Made:

**1. Parallelized Subquery Min Cost Computation (Step 5)**
- **Before**: Single-threaded sequential scan of 8M partsupp rows
- **After**: OpenMP parallel for loop with thread-local aggregation
  - Each thread builds its own `unordered_map<int32_t, int64_t>` for min cost per partkey
  - Merge phase combines thread-local results
  - Eliminates lock contention by using thread-local storage
- **Expected impact**: ~3-4x speedup (64-core utilization)

**2. Parallelized Join/Filter Loop (Step 8)**
- **Before**: Single-threaded sequential scan of 8M partsupp rows
- **After**: OpenMP parallel for loop with thread-local result buffers
  - Each thread collects matching rows in its own vector
  - Final merge concatenates results
  - Avoids shared memory writes during hot loop
- **Expected impact**: ~3-4x speedup (64-core utilization)

**3. Hardware Optimization**
- Uses `std::thread::hardware_concurrency()` for thread count detection
- OpenMP `schedule(dynamic, 10000)` for load balancing on 8M rows
- Thread count capped at 64 cores as per hardware config

### Expected Performance Improvement:
- **Previous timing**: 841.09 ms (subquery 343.47ms + join 359.28ms = 702.75ms on 8M scans)
- **Expected target**: 
  - Subquery: 343ms / 3.5 ≈ 98ms
  - Join: 359ms / 3.5 ≈ 103ms
  - Dictionary load: ~123ms (unchanged)
  - Other operations: ~15ms
  - **Estimated total: ~340-370ms** (2.2-2.5x speedup)

### Verification:
✅ Code compiles successfully with `-fopenmp`
✅ All [TIMING] markers preserved inside `#ifdef GENDB_PROFILE` guards
✅ Encoding logic unchanged
✅ CSV output format unchanged
✅ Correctness preserved (thread-local approach avoids race conditions)

The Executor will now run and validate the optimized code. Parallelization is the key bottleneck fix since we have 64 cores but were using only 1 core previously.