Perfect! Now let me create a summary of the optimization made:

## Summary of Iteration 8 Optimization

### Optimization Applied: **Zone Map Pruning on Date Filters**

**Bottleneck Identified (from Iter 7 timing breakdown):**
- Orders scan: 47.47 ms (36% of total) ← DOMINANT
- Lineitem aggregation: 29.66 ms (22% of total)

**Solution: Block-Level Skip with Zone Maps**

1. **Orders Table Optimization:**
   - Loaded `orders_orderdate_zonemap.bin` (pre-computed block min/max metadata)
   - Filter: `o_orderdate BETWEEN 1995-01-01 AND 1996-12-31`
   - Skip entire blocks where `zone.max_val < 1995-01-01 OR zone.min_val > 1996-12-31`
   - **Expected savings**: ~75-85% of orders blocks are outside the date range (sorted table), saving 35-40 ms

2. **Lineitem Table Optimization:**
   - Loaded `lineitem_shipdate_zonemap.bin` (pre-computed block min/max metadata)
   - Filter: `l_shipdate BETWEEN 1995-01-01 AND 1996-12-31`
   - Skip entire blocks where `zone.max_val < 1995-01-01 OR zone.min_val > 1996-12-31`
   - **Expected savings**: Lineitem sorted by shipdate; significant block skip opportunity

**Implementation Details:**
- Added `ZoneMapEntry` struct (4 int32_t fields: min_val, max_val, start_row, end_row)
- Added `load_zonemap()` function with mmap support and fallback handling
- Modified orders scan to use zone map iteration (schedule(static, 1) for block-level parallelism)
- Modified lineitem aggregation to use zone map iteration
- **Fallback logic**: If zone map unavailable, code gracefully reverts to full scan
- **Correctness preserved**: Still performs per-row date checks (zone map is approximate index)

**Code Quality:**
- All [TIMING] directives preserved within `#ifdef GENDB_PROFILE` guards
- No changes to encoding logic or output format
- Parallel correctness maintained with thread-local aggregation
- Two-path approach: zone-map-optimized vs. full-scan fallback

**Expected Performance Improvement:**
- Orders scan: 47.47 ms → ~10-15 ms (70% improvement)
- Lineitem aggregation: 29.66 ms → ~15-20 ms (35-50% improvement)
- **Total time**: 132.4 ms → ~60-75 ms (45-55% improvement)
- **Target**: Match or beat DuckDB (116 ms)

**Compilation Status:** ✓ PASS (no warnings or errors)

The optimization is **plan-level restructuring** (proper pruning of full table scans using pre-built indexes), which yields 10-100x impact according to the optimization framework. Zone map pruning on sorted columns is one of the highest-ROI techniques when the filtered columns dominate execution time.