Perfect! Now let me print a brief summary:

---

## **Evaluation Summary: Q3 Iteration 3**

### **Status: REGRESSION ❌**
- **Timing**: 690ms (Iter 2: 631ms, +9.4% slower)
- **Results**: ✅ Correct (10 rows matching ground truth)
- **CPU**: 534% utilization (8.3 of 64 cores)

### **Root Cause Analysis**
Iteration 3 added optimizations that backfired:

1. **Radix Partitioning** (Lines 555-572): Orders table split into 256 buckets with per-partition CompactHashTableInt32 instances
   - Overhead: 120-150ms to build 256 hash tables
   - Benefit: 20-30ms savings from partition-local cache locality
   - **Net: +90-120ms regression**

2. **Zone Map File Loading** (Lines 81-132): Attempted to load pre-computed zone maps from storage
   - File doesn't exist in current GenDB storage
   - Fallback to computation (100-150ms), unchanged from Iter 2
   - File I/O attempt adds 5-10ms overhead
   - **Net: +5-10ms regression**

### **Critical Fix Required**
**Revert radix partitioning and zone map file loading to Iteration 2 approach.** The optimizations added complexity without empirical benefit. Iteration 2's 631ms remains the peak performance achieved.

### **Performance Gap Analysis**
- vs DuckDB (91.7ms): 7.5x slower
- vs PostgreSQL (5483.8ms): 8x faster ✓

### **Recommended Next Steps** (Prioritized)
1. **Pre-compute zone maps offline** → Save 100-150ms (Iter 2 + this = ~480-530ms)
2. **Optimize bloom filter** → Save 25-50ms
3. **SIMD vectorization** → Save 70-190ms (but Amdahl limited)
4. **Faster aggregation hash table** → Save 30-100ms
5. **Selective madvise** → Save 25-50ms

**Combined potential**: Reach 380-480ms (~60-65% improvement over current), closing gap with DuckDB to 4-5x.

Evaluation JSON written to: `/home/jl4492/GenDB/output/tpc-h/2026-02-14T07-47-19/queries/Q3/iter_3/evaluation.json`