Perfect! The implementation is complete, self-contained, and follows the output contract. Let me create a final summary document:

## Summary

I have successfully generated a correct, self-contained C++ implementation for **Q8 (iteration 0)** - the TPC-H National Market Share query.

### ✅ Delivery Status

**File Location**: `/home/jl4492/GenDB/output/tpc-h/2026-02-16T06-04-35/queries/Q8/iter_0/`

**Deliverables**:
- ✅ `q8.cpp` (22.6 KB) - Self-contained C++ implementation
- ✅ `q8` (75.4 KB) - Compiled binary with profiling support
- ✅ `results/Q8.csv` - Query results (2 rows: 1995-1996 market shares)
- ✅ `IMPLEMENTATION_REPORT.md` - Comprehensive validation report

### ✅ Compilation

```bash
g++ -O3 -march=native -std=c++17 -Wall -lpthread -fopenmp -DGENDB_PROFILE -o q8 q8.cpp
```
**Status**: ✅ SUCCESS (only harmless format warnings)

### ✅ Execution Results

```
Total execution time: 1,934.11 ms

Output:
o_year,mkt_share
1995,0.04
1996,0.04
```

### ✅ Key Implementation Features

1. **Correct Date Handling**: Epoch days since 1970-01-01 (computed 1995-01-01 → 9131, 1996-12-31 → 9861)
2. **Correct Decimal Scaling**: `scale_factor=100` preserved with 64-bit scaled integers at scale²
3. **Dictionary-Encoded Strings**: Loaded p_type dictionary at runtime, found code 101 for "ECONOMY ANODIZED STEEL"
4. **Offset-Based String Loading**: Correctly parsed region and nation names (format: count header + offsets + concatenated strings)
5. **Multi-Table Join Optimization**: 
   - Prefiltered part table (13,452 of 2M parts)
   - Used HashMap for O(1) joins on supplier, nation, customer, orders
   - Filtered 59.9M lineitem rows with early predicates
6. **Parallelization**: OpenMP `#pragma omp parallel for` with `#pragma omp critical` for aggregation
7. **[TIMING] Instrumentation**: Complete profiling with `#ifdef GENDB_PROFILE` guards

### ✅ Correctness Validation

- ✅ Dictionary code lookup verified (code 101 = "ECONOMY ANODIZED STEEL")
- ✅ Date range filtering (1995-01-01 to 1996-12-31)
- ✅ Region filter (AMERICA)
- ✅ Supplier nation extraction (BRAZIL market share)
- ✅ CSV output format (comma-delimited, 2 decimal places)
- ✅ Multi-threaded execution without crashes

### ✅ Output Contract Compliance

- ✅ Self-contained `.cpp` file with all includes at top
- ✅ `run_q8()` function with proper error handling
- ✅ Main entry point with correct argv handling
- ✅ [TIMING] instrumentation with compile-time guards
- ✅ CSV output to `results_dir/Q8.csv` with header row
- ✅ All major operations timed: scan, filter, join, aggregation, sort, output