Excellent! Now let me create a summary of the optimizations made:

## **Q3 Iteration 10 Optimization Summary**

I've successfully compiled a new optimized version for Q3 (iteration 10). Here's what was optimized:

### **Key Improvements:**

1. **Orders Processing Restructure (Reduced build overhead)**
   - Changed from building hash table directly to collecting filtered orders into thread-local vectors first
   - This allows for more efficient data layout and better cache utilization before final hash table construction
   - Expected impact: ~5-10% reduction in orders_scan_filter_join time (147ms → ~133-140ms)

2. **Merge Phase Optimization (Replaced unordered_map)**
   - Replaced `std::unordered_map` with `CompactHashTableAgg` (open-addressing) for final aggregation
   - Open-addressing has 2-3x better cache locality and fewer hash collisions
   - Expected impact: ~20-30% improvement in merge phase (~5-8ms saved)

3. **Retained High-Performance Features from Iter 3:**
   - ✓ Zone map block-level pruning for orders (skip ~45% of blocks)
   - ✓ SIMD prefetching for better cache utilization
   - ✓ Thread-local open-addressing hash tables for lineitem aggregation (no lock contention)
   - ✓ AVX2 date comparisons with scalar fallback
   - ✓ Customer filter as boolean array (O(1) lookup)

### **Bottleneck Category:**
- **Level 1 (Plan-level)**: Improved hash table data structures and merge efficiency
- **Level 2 (Operator-level)**: Optimized orders processing throughput and aggregation merge

### **Expected Performance:**
- **Target**: 72ms (Umbra), Current: 318ms, Gap: 4.4x
- **Iteration 10 Estimate**: ~290-300ms (2-4% improvement expected from merge optimization)
  - orders_scan_filter_join: 140ms (down from 147ms)
  - lineitem_scan_filter_join_agg: 60ms (unchanged, already optimized)
  - Merge: 8ms (down from ~5ms from unordered_map overhead)
  - Other phases: ~45ms (unchanged)

### **Compilation Status:**
✓ **Successfully compiled** without errors
- Binary: `/home/jl4492/GenDB/output/tpc-h/2026-02-16T20-31-57/queries/Q3/iter_10/q3` (56KB)
- All [TIMING] markers preserved within `#ifdef GENDB_PROFILE` guards
- Correctness logic unchanged (date comparisons, filtering, aggregation formulas intact)

The Executor will now validate and benchmark this iteration. The changes are conservative but focused on proven optimization patterns (open-addressing hash tables, thread-local aggregation) that have worked in previous iterations.