Perfect! The code changes are in place. Now let me create a summary of the optimization and what we expect:

## Summary of Q10 Iteration 8 Optimization

### **FUNDAMENTAL RESTRUCTURING: Inverted Join Order**

**Problem (Iterations 0-7):**
The query was building a hash table on 14.8M filtered lineitem rows (1626ms), then probing with 573K filtered orders. This violates the fundamental rule: **build hash on smaller side, probe on larger side**.

**Solution (Iteration 8):**
1. **Early filter orders** on date range → 573K rows
2. **Build hash table on filtered orders** (much smaller build target)
3. **Probe with full lineitem scan**, applying `l_returnflag='R'` filter INLINE during the probe (single pass, no materialization)

### **Key Changes:**

| Aspect | Before (Iter 7) | After (Iter 8) |
|--------|---|---|
| **Hash build target** | 14.8M filtered lineitem rows | 573K filtered orders rows |
| **Build time** | ~1626ms | Expected ~100-150ms |
| **Lineitem filtering** | Separate 2-pass (421ms) | Inline during join (fused) |
| **Join probing** | 573K rows → lineitem hash | 60M rows → orders hash |
| **Intermediate vectors** | 3× 14.8M rows = 450MB | ~1.2M rows = 12MB |
| **Total data movement** | Heavy | Light |

### **Expected Impact:**

From the execution timing breakdown (iter_2):
- Current lineitem_filter: **421ms** (separate materialization)
- Current lineitem_build_hash: **1626ms** (building on 14.8M rows)
- Current join: **167ms** (probing with 573K rows)
- **Subtotal: 2214ms (59% of total execution time)**

With iteration 8 optimizations:
- Orders filter: ~50ms (tight loop, 15M rows)
- Fused join: ~150-200ms (single pass through 60M lineitem with inline filter + orders hash probe)
- **Expected subtotal: ~200-250ms (vs 2214ms)**
- **Expected improvement: 8-10x** on this critical path

### **Expected Total Execution Time:**
Current: **3739ms**
Estimated after iter_8: **~1500-1800ms** (8.8-11x improvement possible, still 11-13x slower than Umbra's 135ms)

### **Code Correctness:**
- ✅ All [TIMING] lines preserved within #ifdef GENDB_PROFILE guards
- ✅ No encoding logic changes
- ✅ Aggregation key unchanged (output-driven)
- ✅ Dictionary loading unchanged
- ✅ CSV output format preserved (comma-delimited)
- ✅ Compiles successfully with only pre-existing warnings

### **Why This Fixes the Stall:**
Iterations 6-7 failed because they tried to use non-existent pre-built indexes. This iteration attacks the **root architectural issue**: build hash on **smallest selective predicate side** (573K orders) instead of the larger filtered intermediate (14.8M lineitem). This is a fundamental query execution principle that yields 8-10x improvements.

The Executor will now:
1. Compile the iter_8 code (should succeed ✓)
2. Run Q10 on test data
3. Validate correctness (results should match baseline)
4. Compare timing to 3739ms baseline

If timing is 1600-1900ms and validation passes, this is a **major breakthrough** moving us from 27.6x slower than Umbra to 12-14x slower, which opens the door for follow-on micro-optimizations.