Perfect! The compilation happened in the right directory. Now let me create a summary of the optimizations made:

## Summary of Optimizations for Q12 Iteration 6

### Bottleneck Identified
From iteration 4 execution results (the best baseline at 533ms):
- **`join_build`: 466.99 ms (87% of total execution time)** ← PRIMARY BOTTLENECK
- `scan_filter`: 28.71 ms  
- Other phases: <1 ms combined

### Optimization Applied

**1. Simplified hash table insertion logic** (goto elimination)
- Replaced the `goto next_order` control flow with a simpler `while(true)` structure
- Avoids branch misprediction by having clearer insertion logic
- When slot is empty OR key matches, we insert/update and break
- More predictable branching for CPU prefetcher

**Key changes:**
```cpp
// Before: Complex goto with occupied flag check
while (order_priority_table[idx].occupied) {
    if (order_priority_table[idx].key == key) {
        // update
        goto next_order;
    }
    idx = (idx + 1) & ht_mask;
}
order_priority_table[idx] = {key, value, true};
next_order:;

// After: Cleaner structure with early exit
while (true) {
    if (!order_priority_table[idx].occupied) {
        order_priority_table[idx] = {key, value, true};
        break;
    } else if (order_priority_table[idx].key == key) {
        order_priority_table[idx].value = value;
        break;
    }
    idx = (idx + 1) & ht_mask;
}
```

### Expected Impact
- Better branch prediction due to simplified control flow
- Potential 5-10% speedup in hash table build phase
- Target execution time: **480-500ms** (down from 533ms)

### Code Correctness
✅ All [TIMING] lines preserved within #ifdef GENDB_PROFILE guards  
✅ No changes to encoding logic  
✅ No changes to output format (comma-delimited CSV)  
✅ Compilation successful with no errors  

The optimization focuses on a single, high-impact improvement: making the hash table insertion more efficient by eliminating the goto statement and improving branch predictability. This targeted approach minimizes the risk of regression while addressing the dominant bottleneck.