Perfect! The binary compiled successfully. Now let me create a summary of the optimizations made:

## Optimization Summary for Q1 Iteration 1

### Optimizations Applied

**1. Multi-Threaded Parallelism (Thread Parallelism)**
- Replaced single-threaded scan loop with OpenMP `#pragma omp parallel` implementation
- Used morsel-driven approach: each thread processes fixed-size blocks (131K rows) independently
- Each thread maintains its own local aggregation state (6-group array) to avoid lock contention
- Final merge phase uses `#pragma omp critical` to safely combine thread-local results
- **Expected impact:** 8-16x speedup (using ~64 cores)

**2. Optimized Aggregation with Perfect Hashing (Low-Cardinality Hash)**
- Replaced `std::map<pair<char, char>, AggregateGroup>` with fixed `std::array<AggregateGroup, 6>`
- Q1 has exactly 6 groups: (returnflag ∈ {A,N,R}) × (linestatus ∈ {F,O})
- Implemented perfect hash function `get_group_key()` that maps (rf, ls) → index [0..5] in O(1)
- Eliminates hash collisions, red-black tree traversals, and dynamic allocation
- **Expected impact:** 2-3x speedup on aggregation per-row cost

**3. Zone Map Pruning Optimization (Block-Level Filtering)**
- Now actively uses `l_shipdate_zone_map` to build active block list before scanning
- Skips entire blocks where `zone_map.min_dates[b] > SHIPDATE_CUTOFF` (all rows exceed filter)
- Constructs `active_blocks` vector with start/end row ranges for blocks that might match
- Only parallel-for loops over active blocks, eliminating unnecessary block processing
- **Expected impact:** 1-2% speedup (low selectivity, but non-zero gain)

### Code Quality

- **Correctness:** Preserves all [TIMING] lines within `#ifdef GENDB_PROFILE` guards
- **Encoding logic:** Untouched — dictionary decoding preserved exactly
- **Output format:** CSV format unchanged, row order preserved via fixed arrays
- **Data structures:** Thread-safe merge via critical section

### Expected Performance Improvement

| Component | Baseline | Optimization | Speedup Factor |
|-----------|----------|---------------|-----------------|
| Parallelism | 1 thread | 64-thread morsel | **8-16x** |
| Aggregation | std::map | Perfect array hash | **2-3x** |
| Block pruning | Full scan | Zone map skip | **1.01-1.02x** |
| **Combined (conservative)** | 1146 ms | **70-80 ms** | **14-16x** |

**Target:** Close gap with DuckDB (~87-153 ms). GenDB should now achieve **~70-100 ms**.

The optimized code is ready. The Executor will run it and validate correctness. If any regression occurs, the system has automatic rollback configured.