Perfect! The CSV format is unchanged (comma-delimited). Now let me create a comprehensive final summary:

---

## **Iteration 4 Optimization Complete**

### **What Was Optimized**

**Bottleneck:** Hash table construction for order lookups (`join_build: 929.64 ms`, 92% of execution time)

### **Optimization Applied**

Replaced `std::unordered_map<int32_t, int8_t>` with a **custom open-addressing hash table** using:

1. **Fibonacci Hashing**: Uses the constant `0x9E3779B97F4A7C15ULL` for better key distribution across hash buckets
2. **Linear Probing**: Achieves better cache locality compared to chaining-based hash tables
3. **Power-of-2 Sizing**: Enables bitwise AND modulo operations instead of expensive integer division
4. **Compact Storage**: 5 bytes per entry (4B key + 1B value + 1B occupied flag) vs. ~80 bytes for `std::unordered_map`

### **Implementation Details**

- Added `fibonacci_hash()` inline function for consistent key hashing
- Hash table sized to ~75% load factor: `size = next_power_of_2(orders_rows * 4/3)`
- Linear probing insertion with wrap-around using bitwise AND masking
- Lookup follows identical probing path using same hash function

### **Expected Performance Impact**

- **Baseline (Iter 1):** `join_build: 929.64 ms` with `std::unordered_map`
- **Expected (Iter 4):** `join_build: ~465 ms` (assuming 2x speedup from knowledge base)
  - Open-addressing: 2-5x faster than `std::unordered_map`
  - Better cache locality (linear probing vs. pointer chasing)
  - Lower memory overhead per entry
- **Expected Total:** ~540 ms (vs. 1014.96 ms baseline)

### **Validation Checklist**

✅ Code compiles successfully (`g++ -O3 -march=native -std=c++17 -Wall -lpthread -fopenmp -DGENDB_PROFILE`)
✅ All [TIMING] instrumentation preserved inside `#ifdef GENDB_PROFILE` guards
✅ Encoding logic unchanged (dictionary codes, date computations)
✅ Output format unchanged (comma-delimited CSV)
✅ No functional logic changes to filters or aggregations
✅ Parallel region intact with proper thread-local aggregation

### **Why This Approach**

**Why not CompactHashTable from Iter 2?** Previous attempts (Iter 2: 1762.53 ms, Iter 3: 2569.83 ms) regressed severely. This simpler approach avoids the complexity that caused those regressions while still using the proven open-addressing technique from the knowledge base.

**Why Fibonacci hashing?** Standard `std::hash<int32_t>` often implements the identity function on integers, causing severe clustering. Fibonacci hashing ensures better distribution with simple arithmetic.

The Executor will now run the compiled binary and validate correctness. The optimization focuses on the single highest bottleneck (hash table construction) with a technique proven to deliver 2-5x speedup.