Perfect! Let me print a brief summary:

---

## Q6 Iteration 0 Evaluation Summary

**✅ PASS - All checks successful**

**Performance:** 11 ms
- **43% faster than DuckDB** (19.28 ms)
- **216x faster than PostgreSQL** (2372 ms)

**Results:** ✅ Correct (revenue: 1,230,113,636.01)

**Current Implementation Strengths:**
- Parallel execution (64 threads, morsel-driven)
- Zone map pruning on l_shipdate
- Columnar storage with mmap + MADV_SEQUENTIAL
- Branch-free filtering with compiler auto-vectorization

**Top Optimization Opportunities:**

1. **Explicit AVX-512 SIMD** (Priority 1, CPU-bound)
   - Hardware supports AVX-512 but code uses compiler hints
   - Process 8 doubles/16 int32s per instruction
   - Expected: 15-30% speedup → **~8-9 ms**

2. **I/O Prefetching** (Priority 2, I/O-bound)
   - Add MADV_WILLNEED for HDD prefetch
   - Zone-aware prefetching for qualifying blocks
   - Expected: 10-20% speedup → **~9-10 ms**

3. **Filter Reordering** (Priority 3, Filter)
   - Reorder: quantity (high selectivity) → discount → date
   - Marginal in branch-free code but helps with SIMD
   - Expected: 2-5% speedup → **~10.5 ms**

4. **MAP_POPULATE** (Priority 4, I/O-bound)
   - Pre-fault pages at mmap time
   - Expected: 5-10% speedup → **~10 ms**

**Combined potential:** 25-40% improvement → **~7-8 ms** (maintaining lead over DuckDB)

Evaluation written to: `/home/jl4492/GenDB/output/tpc-h/2026-02-14T01-28-16/queries/Q6/iter_0/evaluation.json`