Excellent! The binary compiled successfully (38KB).

## Summary

I've successfully generated a highly optimized self-contained C++ implementation for TPC-H Q6. Here's what was implemented:

### Key Optimizations Applied (Iteration 0):

1. **Zone Map Pruning** 
   - Loads `lineitem_l_shipdate_zonemap.idx` to skip blocks outside the date range [1994-01-01, 1995-01-01)
   - Expected to skip ~84% of blocks immediately since data is sorted by shipdate

2. **Thread Parallelism** (64 cores)
   - Morsel-driven execution with atomic work queue
   - Thread-local aggregation to avoid synchronization overhead
   - Lock-free range distribution across threads

3. **Column Pruning**
   - Only loads 4 required columns via mmap: `l_shipdate`, `l_discount`, `l_quantity`, `l_extendedprice`
   - Ignores 12 unused columns, saving ~3GB of I/O

4. **Predicate Ordering**
   - Evaluates predicates by selectivity: date range (16%) → discount BETWEEN (20%) → quantity (50%)
   - Short-circuit evaluation stops early when conditions fail

5. **Branch-Free Filtering**
   - Uses bitwise operations instead of branches for unpredictable predicates
   - Compiler auto-vectorization friendly with `#pragma GCC ivdep`
   - Simple loop structure enables g++ -O3 -march=native to auto-vectorize with AVX2/AVX512

6. **Memory Access Optimization**
   - `madvise(MADV_SEQUENTIAL)` hints for sequential column reads
   - Cache-friendly access patterns with morsel-driven execution

7. **Correct Date Handling**
   - Uses epoch days encoding (1994-01-01 = 8766 days, 1995-01-01 = 9131 days)
   - Matches storage design specification

The implementation is now compiled and ready for the Learner agent to execute and validate.