Excellent! The binary is ready. Let me provide a summary of the optimizations applied:

## Optimization Summary for Q3 (Iteration 1)

### Bottleneck Analysis
From execution_results.json (iter_0):
- **filter_orders: 739.21 ms (57% of total)** - Single-threaded scan of 15M orders
- **aggregate: 508.24 ms (39% of total)** - Single-threaded scan of 60M lineitem rows
- Total: 1299.15 ms

The query was completely single-threaded on a 64-core system — the #1 performance bottleneck.

### Optimizations Applied

**1. Parallel Orders Filtering (filter_orders phase)**
- Changed from single-threaded scan to OpenMP parallel loop
- Divided 15M orders into `num_threads` chunks (using up to 64 cores)
- Each thread maintains a thread-local hash table (`thread_orders_maps[t]`)
- After parallel scan, merge all thread-local maps into global `orders_map`
- **Expected speedup: ~4-16x** (depending on core utilization and cache contention)

**2. Parallel Partial Aggregation (aggregate phase)**
- Applied two-phase aggregation pattern from knowledge base
- Phase 1: Each thread scans 60M lineitem rows with its own `thread_agg_maps[t]`
  - Avoids contention and synchronization during the hot loop
  - Better cache locality (each thread operates on its own hash table)
- Phase 2: Merge all thread-local aggregation maps into global result
- **Expected speedup: ~4-16x** for the 60M lineitem scan

### Technical Details
- Used `#pragma omp parallel for` with `num_threads(num_threads)` to leverage OpenMP runtime
- `schedule(static)` for predictable chunking across cores
- Thread count: `std::min(64, hardware_concurrency())` to avoid oversubscription
- Preserved all [TIMING] lines for Executor validation
- Preserved Kahan summation accuracy for floating-point aggregation

### Expected Performance Improvement
- **Conservative estimate: 3-4x speedup** (accounting for merge overhead and hash table contention)
- **Optimistic estimate: 8-16x speedup** (near-linear with available cores)
- **Current baseline: 1299 ms**
- **Target with 4x speedup: ~325 ms** (still 3.5x slower than DuckDB's 92 ms, but significant improvement)

The system has automatic rollback, so if this optimization causes correctness issues, it will be reverted and a different approach will be tried.