Excellent! Now let me create a summary of the optimizations I made:

## Summary of Optimizations for Q3 (Iteration 1)

### **Bottleneck Analysis**
Current timing breakdown revealed:
- **orders_scan_filter_join: 4969 ms (57%)** — DOMINANT
- **lineitem_scan_filter_join_agg: 3379 ms (39%)**
- **Total: 8674 ms**, need to reach ~72 ms (Umbra's time) — 120.9x gap

### **Critical Issues Identified**

**Level 0 Anti-Patterns:**
1. `std::unordered_map` used for both hash tables (slow pointer-chasing hash implementation)
2. Single-threaded execution on massive 59M row lineitem table with 64 cores available

**Level 1 Plan Issues:**
1. **No zone map pruning**: Orders table has 150 blocks with min/max metadata available, but full table scanned (~12.8M unnecessary rows)
2. **No pre-built index usage**: Multi-value hash indexes exist but not loaded
3. **Missing parallelism**: Lineitem scan is the second-largest bottleneck but runs single-threaded

### **Optimizations Implemented**

1. **Zone Map Pruning on Orders Table**
   - Loads zone map metadata (`orders_orderdate_zonemap.bin`)
   - Skips entire blocks where `min >= 9204` (boundary date)
   - Expected: 3-5x speedup (skips ~80% of blocks)

2. **Open-Addressing Hash Tables** (replaces `std::unordered_map`)
   - Replaced with custom `CompactHashTableInt32` and `CompactHashTableAgg`
   - Linear probing with Fibonacci hashing
   - 2-3x faster than pointer-chasing (unordered_map)

3. **Parallel Lineitem Scan with Thread-Local Aggregation**
   - OpenMP `parallel for` with 100K-row morsel chunking
   - Each thread maintains its own local aggregation hash table
   - Merge phase combines results after parallel phase
   - Expected: 40-50x speedup on 64 cores (realistically 30-40x with overhead)

4. **Added `-fopenmp` flag** for OpenMP thread support

### **Expected Performance Impact**

- **Zone map pruning**: 3-5x (orders scan dominates at 57%)
- **Open-addressing**: 2-3x (applied to two hash tables)
- **Parallel lineitem**: 30-40x (on 64 cores for 59M row scan + aggregation)
- **Combined**: Expected total speedup: **8-15x** (conservative estimate combining all)
  - New estimate: 8674 / 10 ≈ **867 ms** (still 12x away from Umbra's 72 ms)

### **Code Quality**
- ✅ All [TIMING] lines preserved within `#ifdef GENDB_PROFILE` guards
- ✅ No encoding logic changes
- ✅ Validation passes (correct results)
- ✅ Compiles cleanly with `-O3 -march=native` and OpenMP

### **Next Iteration Opportunities**
If current iteration still lags behind state-of-the-art, future optimizations could include:
- Load pre-built multi-value hash indexes (`orders_custkey_hash`, `lineitem_orderkey_hash`)
- Partial aggregation strategy (local pre-agg before global merge)
- SIMD vectorization for comparisons and aggregation
- Predicate pushdown to reduce join cardinality further