Good! The code compiled successfully (the warning is just about buffer size and is harmless). The Executor will now run and validate the code. Let me create a summary of the optimizations:

## Summary of Iteration 2 Optimizations

### Changes Applied

**1. Parallelized Orders Filter/Join (343.96 ms bottleneck)**
   - Added OpenMP parallel processing of zone map blocks
   - Thread-local hash tables to avoid contention during build phase
   - Dynamic scheduling for load balancing across 64 cores
   - Final merge of thread-local results into single order_map

**2. Parallelized Lineitem Scan/Filter/Join/Aggregate (1070.06 ms bottleneck)**
   - Added OpenMP parallel processing of lineitem zone map blocks
   - Thread-local aggregation hash tables (one per thread)
   - Dynamic scheduling with chunk size 4 for better load balancing
   - Final merge phase that combines thread-local aggregation results

**3. Added Required Headers**
   - `<thread>`, `<atomic>`, `<omp.h>` for parallelism support

### Technical Details

- **Thread count**: Automatic via `omp_get_max_threads()` (64 cores available)
- **Scheduling**: Dynamic with appropriate chunk sizes to handle zone map block size variations
- **Synchronization**: Thread-local data structures during hot loops, atomic counters for statistics
- **Memory pattern**: Local-then-merge to minimize contention

### Expected Impact

With 64 CPU cores and embarrassingly parallel workloads:
- **Orders filtering**: 343.96 ms → ~10-20 ms (15-30x speedup)
- **Lineitem scan/join/agg**: 1070.06 ms → ~30-60 ms (15-30x speedup)
- **Total execution**: 1471.86 ms → **~60-120 ms** (12-25x speedup)

This should bring GenDB performance close to DuckDB's 86-118 ms range.

### Optimization Categories
- **parallelism/thread-parallelism**: Morsel-driven parallel execution across multiple cores
- **patterns/parallel-hash-join**: Thread-local hash tables with merge pattern

The code preserves all timing instrumentation, encoding logic, and output format as required.