Great! The code compiled successfully. Now let me write a summary of the optimizations:

## Summary of Q8 Optimizations (Iteration 1)

I've identified and implemented two critical optimizations for Q8:

### Bottleneck Analysis
From the execution results, the **orders_scan_filter was the dominant bottleneck at 362.57 ms (75% of total 486 ms execution time)**. This is the operation with the highest impact to address first.

### Optimizations Implemented

#### 1. **Date Extraction Lookup Table (O(1) instead of O(30))**
- **Problem**: The `epoch_to_year()` function was using a while-loop that iterates ~30 times per row (from 1970 to ~1995). In the lineitem scan (60M rows), this becomes 1.8 billion loop iterations.
- **Solution**: Precomputed `YEAR_TABLE[35000]` array indexed by epoch_day, enabling O(1) year extraction via single array lookup.
- **Expected impact**: 20-30x speedup in aggregation phase (previously ~60ms).
- **Implementation**: Added `init_year_table()` function that builds the lookup table once at startup, then use `YEAR_TABLE[epoch_day]` in the hot path.

#### 2. **Parallel Orders Scan with Thread-Local Buffering**
- **Problem**: Orders scan was fully sequential, scanning all 15M rows and doing 1 customer hash table lookup per row. With 64 cores available, this is leaving 63 cores idle.
- **Solution**: 
  - Parallelized the orders scan using OpenMP `parallel for`
  - Each thread accumulates matching orderkeys in a thread-local vector to avoid hash table contention
  - After parallel phase, merge thread-local results sequentially into the hash table
- **Expected impact**: 8-16x speedup on the 15M row scan (assuming good parallelization efficiency). This would reduce 362ms to ~25-50ms.
- **Implementation**: Uses `omp_get_max_threads()` for thread count, thread-local `vector<vector<int32_t>>` to buffer results.

### Correctness
- All [TIMING] lines preserved within #ifdef GENDB_PROFILE guards
- Encoding logic unchanged (no modifications to dictionary, date encoding, or scaling)
- Hash table insertion logic preserved - just deferred to avoid contention

### Expected Overall Impact
- **Before**: 486 ms total
- **After**: Estimated 40-80 ms total (6-12x improvement)
  - Orders scan: 362ms → ~30ms (parallelization 8x + minor speedup)
  - Aggregation: 60ms → ~3ms (date extraction 20x)
  - Other operations: ~125ms (mostly IO, less room for improvement)

This addresses the **Level 1 (Plan-Level)** anti-patterns: missing parallelism on the critical path and algorithmic inefficiency (loop-based date extraction).