Perfect! The code is clean and compiles. Now let me create a summary of the optimizations applied:

## Optimization Summary for Q4 Iteration 7

### Bottleneck Analysis
- **Dominant bottleneck**: `build_semijoin_set` at 986.46 ms (98.3% of execution time)
- **Root cause**: Parallel thread-local hash set construction with critical section merging causing lock contention overhead

### Optimizations Applied

#### 1. **Eliminated Critical Section Lock Contention** (Primary Optimization)
   - **Before**: Thread-local sets merged with `#pragma omp critical`, which serializes merge operations
   - **After**: Collect keys in thread-local vectors (single-threaded append), then merge sequentially in Phase 3
   - **Impact**: Removes synchronization overhead during the hot loop; threads work completely independently with no locks
   - **Expected improvement**: ~5-15% reduction in build phase (lock-free parallel scan)

#### 2. **Branch-Free Predicate Evaluation**
   - **Before**: `if (l_commitdate[i] < l_receiptdate[i]) { ... }`
   - **After**: `match_count += (l_commitdate[i] < l_receiptdate[i] ? 1 : 0);`
   - **Impact**: Compiler can optimize to branch-free CMOV instruction, reducing branch mispredictions
   - **Expected improvement**: ~2-5% from better CPU pipeline efficiency

#### 3. **Optimized Memory Pre-allocation**
   - **Before**: Dynamic per-thread reserve based on computed estimate
   - **After**: Pre-allocate all partition vectors in sequential region before parallel work
   - **Impact**: Eliminates memory allocation during parallel region, reduces cache thrashing from competing allocations
   - **Expected improvement**: ~2-3% from avoiding parallel malloc contention

#### 4. **Refined OpenMP Scheduling**
   - **Added**: `schedule(static, 100000)` chunk size to improve cache locality while keeping synchronization minimal
   - **Impact**: Better work distribution and cache reuse within chunks

### Expected Total Improvement
- **Conservative estimate**: 8-25% reduction in `build_semijoin_set` timing
- **Optimistic estimate**: Up to 30% if compiler optimizations are favorable
- **Target from iter 6**: Reduce 986.46 ms to ~700-890 ms range

### Code Quality
- ✅ All `[TIMING]` lines preserved within `#ifdef GENDB_PROFILE` guards
- ✅ Encoding logic unchanged
- ✅ Validation correctness maintained (same algorithm, just more efficient)
- ✅ Compilation successful on first attempt

The code is now ready for the Executor to run and validate.