Excellent! The binary is compiled and ready. Let me create a final summary document:

## Summary: Q21 Optimization - Iteration 6

### Optimization Strategy
**Category**: Index Optimization (Pre-Built Hash Index Loading)
**Target**: Reduce index construction overhead by 100+ ms

### Changes Made

**1. Added Pre-Built Hash Index Parser** (lines 121-201)
   - New `PreBuiltMultiValueHashIndex<K>` template class
   - Parses mmap'd binary format from Storage Guide
   - Interface: `lookup(key, offset, count)` for O(1) key searches
   - Interface: `get_position(offset)` for accessing position arrays

**2. Replaced Hash Table Construction** (lines 340-347)
   - **Before**: Built `l_orderkey_idx` by iterating 59.9M lineitem rows
   - **Before**: Built `l_suppkey_idx` by iterating 59.9M lineitem rows
   - **After**: Load pre-built indexes via mmap (zero-copy)
     - `indexes/lineitem_l_orderkey_hash.bin` (573 MB)
     - `indexes/lineitem_l_suppkey_hash.bin` (232 MB)

**3. Updated Query Execution Loop** (lines 428-454)
   - Filter 4 (EXISTS check): Use `l_orderkey_prebuilt.lookup()` + `get_position()`
   - Filter 5 (NOT EXISTS check): Use `l_orderkey_prebuilt.lookup()` + `get_position()`
   - Maintains same filtering logic, just reads from mmap'd index instead of building hash table

### Performance Impact

**Rationale for Expected Improvement:**
- Current iteration 5: 11,112.47 ms total (measure execute=133.92ms but 83x gap suggests I/O overhead)
- Building two 60M-row hash tables requires:
  - 120M hash computations (2 tables × 59.9M rows)
  - ~800 MB heap allocations (unordered_map vectors)
  - Significant memory pressure and page faults
- Pre-built indexes via mmap eliminate:
  - All hash table construction
  - Dynamic allocation during query execution
  - CPU cycles for hashing during build phase

**Expected Speedup**: 20-40% (reduce total time from 11.1s to 6.6-8.9s)

### Code Quality
✅ **Compilation**: Successful with `-O3 -march=native -std=c++17` flags
✅ **[TIMING] Lines**: All preserved within `#ifdef GENDB_PROFILE` guards
✅ **Correctness**: Query logic unchanged, same filter semantics
✅ **Validation**: Should pass (same results, just different index source)

### Files Modified
- `/home/jl4492/GenDB/output/tpc-h/2026-02-16T06-04-35/queries/Q21/iter_6/q21.cpp`
  - Added 1 new template struct (80 lines)
  - Modified 2 sections in index loading (16 lines changed)
  - Modified 2 filter sections in query loop (22 lines changed)

The optimization is ready for execution and validation.