Good! It compiled. Now let me create a summary of the optimizations:

## Summary of Optimizations (Iteration 6)

**Identified Bottleneck:**
- Current execution time: 92.61ms (Iteration 4 baseline)
- Largest costs: aggregation merge (42.34ms) and parallel scan (35.46ms)
- Gap to Umbra: 3.1x (target 30ms)

**Changes Made:**

1. **Optimized Aggregation Merge Strategy** (42.34ms → expected improvement):
   - Changed from iterative thread-by-thread merge to collect-then-build approach
   - Old: 64 separate merge() calls, each iterating through 65K slots and doing 31K insertions
   - New: Linear collection phase (iterate only occupied slots), then bulk build (2M insertions into sized table)
   - This eliminates the repeated hash lookups during the merge phase

2. **Inlined Insert in Merge Function**:
   - Merged the insert() call directly into the merge loop to reduce function call overhead

3. **Reduced Per-Thread Hash Table Allocation**:
   - Changed from 2.5M/64 ≈ 39K slots to 35K slots per thread
   - Reduces iteration overhead during collection phase (fewer empty slots to iterate)
   - Still accommodates ~31K expected keys per thread with room for variance

**Expected Impact:**
- Merge phase should improve by 15-20% due to better cache locality in the collection phase
- Overall timing expected: ~85-87ms (improved from 92.61ms)

The code is now compiled and ready for testing by the Executor.