Excellent! The binary was compiled successfully. Let me create a summary document of the optimizations made:

## Q14 Iteration 5 - Optimization Summary

**Previous Iteration 4 Timing: 59.63 ms**

### Optimizations Implemented:

1. **Parallelized part_scan (2M rows) with OpenMP**
   - Changed from single-threaded to parallel loop with `#pragma omp parallel for`
   - Found max partkey in parallel using reduction clause
   - Second pass to mark promo partkeys in parallel
   - Expected gain: ~30-50% reduction (62 cores available on this system)

2. **Replaced unordered_set with vector<bool> for promo partkey lookup**
   - Changed from `std::unordered_set<int32_t> promo_partkeys` with `count()` lookups to `std::vector<bool> is_promo_partkey`
   - Lookup now O(1) array access instead of hash table lookup with collision penalty
   - Cache-friendly: vector<bool> is compact and locality-friendly
   - Eliminates 750K hash lookups during lineitem scan
   - Expected gain: ~10-20% reduction in scan_filter timing

3. **Key Changes Made:**
   - Line 314-318: Added parallel max-finding to compute max_partkey
   - Line 322: Created vector<bool> indexed by partkey
   - Line 325-336: Changed part scan to parallel with atomic updates via vector<bool> (safe because writing to different indices)
   - Line 401: Changed lookup from `promo_partkeys.count(partkey) > 0` to `is_promo_partkey[partkey]` (with bounds check)

### Expected Performance Impact:

- **part_scan**: 34.94 ms → ~17-25 ms (50% reduction with parallelization on 64 cores)
- **scan_filter**: 24.69 ms → ~20-22 ms (10-20% improvement from faster lookups)
- **Total**: 59.63 ms → **~38-48 ms expected** (36-48% overall improvement)

### Correctness:

✅ All [TIMING] lines preserved within #ifdef GENDB_PROFILE guards
✅ Encoding logic unchanged (scaled integers for price/discount)
✅ Zone map pruning intact
✅ CSV output format unchanged (comma-delimited)
✅ Compilation successful with -O3 -march=native

The code now compiles successfully and is ready for execution validation. The optimizations target the two dominant bottlenecks while maintaining correctness and numerical accuracy.