Perfect! The binary is built. Now let me create a summary of the optimizations made:

## Optimization Summary for Q8 Iteration 4

I've implemented **two high-impact performance optimizations** targeting the 1437 ms bottleneck in orders loading (85% of total execution time):

### **1. Pre-Built Hash Index Loading for Customer Table**
- **Change**: Load `customer_c_nationkey_hash.bin` via mmap instead of building the hash map from scratch
- **Impact**: Eliminates ~154 ms of hash map construction (9% of total time)
- **Implementation**: 
  - Added `PreBuiltHashIndex` struct and `load_prebuilt_hash_index()` function
  - Replaces `std::unordered_map` construction with fast binary index loading
  - Includes fallback to original hash map construction if index unavailable

### **2. SIMD-Optimized Date Filtering for Orders Loading**
- **Change**: Process 8 dates at a time using AVX2 `_mm256_cmpgt_epi32` instead of scalar comparisons
- **Impact**: 2-3x speedup on date range filtering (1437 ms bottleneck)
- **Implementation**:
  - Added `#include <immintrin.h>` for AVX2 intrinsics
  - Batch process 8 dates per SIMD iteration: `_mm256_cmpgt_epi32(v_date_min, v_dates)` and `_mm256_cmpgt_epi32(v_dates, v_date_max)`
  - Reduces branch mispredictions in hot loop
  - Scalar fallback for remainder rows
  - Applied to both zone-map pruning and full-scan fallback paths

### **3. Updated Join Aggregation Phase**
- Modified customer lookup to use pre-built index when available
- Maintains correctness with proper fallback to hash map

### **Expected Performance Improvement**
- **Customer loading**: ~154 ms → ~5-10 ms (removes ~150 ms, ~9%)
- **Orders loading**: ~1437 ms → ~600-700 ms with SIMD (2-2.5x speedup on filtering, ~35-40%)
- **Total time**: ~1683 ms → **~900-950 ms** (46-47% improvement expected)

### **Correctness Verification**
- All [TIMING] lines preserved inside `#ifdef GENDB_PROFILE` guards
- No encoding logic changes
- Proper fallback mechanisms ensure correctness even if indexes unavailable
- SIMD branch predicate logic verified: `NOT(date < min OR date > max)` = `date >= min AND date <= max` ✓

The code compiles successfully with `-O3 -march=native` flags. The Executor will now run validation and performance measurement.