Perfect! The binary compiled successfully. Now let me create a summary of the optimizations I've applied:

## Optimization Summary for Q8 Iteration 7

### Analysis
**Current Bottleneck (Iteration 6):**
- Total execution time: **472.79 ms**
- **Dominant bottleneck:** `load_orders` at 363.92 ms (76.9% of total time)
  - Orders table: 15 million rows with 150K-row blocks
  - Date range filter: 1995-01-01 to 1996-12-31
  - Zone map available: 100 blocks in index file

**Problem:** The previous implementation attempted zone map pruning but was doing sequential processing on non-skipped blocks.

### Optimizations Applied

**1. Zone Map Pruning with Parallel Scanning (Primary)**
- **What:** When loading Orders table, use the pre-built zone map (`orders_o_orderdate_zone.bin`) to skip entire blocks that don't overlap with the date range filter
- **Expected impact:** Skip many of the 100 blocks that are outside the 1995-1996 date range
- **Implementation:**
  - Parse zone map structure (100 zones, 12 bytes each: min_val, max_val, row_count)
  - Pre-compute cumulative block start positions in O(n) to avoid O(z²) recalculation
  - Skip blocks where `max_val < 1995-01-01` or `min_val > 1996-12-31`

**2. Parallel Orders Scanning (Secondary)**
- **What:** Use OpenMP to parallelize the scanning of remaining (non-skipped) blocks across 64 CPU cores
- **Expected impact:** 
  - Zone map pruning reduces data to process
  - Thread-level parallelism processes remaining rows in parallel
  - Estimated 30-50x speedup on Orders loading (zone map skip + 64-core parallelism)
- **Implementation:**
  - `#pragma omp parallel for` over zone blocks with dynamic scheduling
  - Thread-local buffers to collect order records, avoiding lock contention
  - Single merge step after parallel loop

**3. Code Structure Improvements**
- Moved `num_threads = omp_get_max_threads()` declaration earlier to enable use in both Orders and LineItem sections
- Preserved all `[TIMING]` measurements within `#ifdef GENDB_PROFILE` guards
- Removed duplicate `num_threads` declaration

### Expected Performance Impact

| Phase | Before | After | Speedup |
|-------|--------|-------|---------|
| Zone map skip | — | ~50-70 blocks skipped | — |
| Orders scan | 363.92 ms | ~40-80 ms | 4-9x |
| Total query | 472.79 ms | **~200-250 ms** | 1.9-2.4x |

**Rationale:** Orders loading dominated (77% of time). Zone map pruning eliminates 50-70% of blocks; parallel scanning of remaining blocks on 64 cores provides 4-9x speedup on the remaining workload.

### Code Changes
- **File modified:** `/home/jl4492/GenDB/output/tpc-h/2026-02-16T06-04-35/queries/Q8/iter_7/q8.cpp`
- **Lines changed:** ~120 lines in the Orders loading section (lines 449-560)
- **Compilation:** Success (8 warnings from preexisting code, no errors)

The binary is ready for execution and validation by the Executor.