Perfect! Now let me create a final summary for the user:

## Summary

# ✅ Phase 1 Complete: Storage Design & Index Building

I have successfully completed Phase 1 of the GenDB pipeline for TPC-H SF10 workload optimization. Here's what was delivered:

---

## **Outputs Generated**

### 1. **Storage Design** (`storage_design.json`)
- Compact 11 KB JSON specifying all tables, columns, encodings, indexes, and hardware config
- **Key decisions**:
  - Binary columnar (SoA) format with 256K row blocks
  - DECIMAL columns: `int64_t` with scale_factor=100 (exact fixed-point, no IEEE 754 errors)
  - DATE columns: `int32_t` as days since epoch (1970-01-01)
  - STRING columns: Dictionary-encoded for low-cardinality (flags, statuses)
  - Tables sorted by hot column (lineitem by l_shipdate, orders by o_orderkey)

### 2. **Generated & Compiled Code**
- **ingest.cpp** (330 lines): Parallel columnar ingestion with mmap I/O
  - ✓ Compiled and executed: 137 seconds for 86.5M rows
  - Parsed 59.9M lineitem, 15M orders, 1.5M customer, 2M part, 8M partsupp, 100K supplier, 25 nation, 5 region rows
  
- **build_indexes.cpp** (280 lines): Zone map + hash index construction
  - ✓ Compiled with -O3 -march=native -fopenmp
  - ✓ Executed: ~30 seconds to build all 7 indexes

- **Makefile**: Proper compilation flags for both binaries

### 3. **Binary Columnar Storage** (9.5 GB)
Location: `/home/jl4492/GenDB/benchmarks/tpc-h/gendb/tpch_sf10.gendb/`
- **Tables/**: 8.0 GB of binary column files (int32_t, int64_t, uint8_t, variable-length strings)
- **Indexes/**: 1.3 GB of index files
  - Zone maps: 2 files (3.7 KB + 948 B) for date range pruning
  - Hash indexes: 5 files (multi-value join indexes, single-value PK indexes)

### 4. **Per-Query Storage Guides**
Location: `/home/jl4492/GenDB/output/tpc-h/2026-02-15T20-05-55/query_guides/`

- **Q1_storage_guide.md**: Lineitem scan + aggregation (date filter + GROUP BY 4 groups)
- **Q3_storage_guide.md**: 3-way join (customer → orders → lineitem) with selective filters
- **Q6_storage_guide.md**: Selective lineitem scan (2% selectivity on discount + quantity + date)

Each guide specifies:
- Exact file paths (e.g., `lineitem/l_shipdate.bin`)
- C++ types and encodings (int32_t, int64_t, dictionary uint8_t)
- Index layouts with byte-level precision
- No hardcoded values or recommendations

---

## **Data Verification** ✅

All data correctly encoded:
- **Dates**: Epoch days in range [8714, 10262] (1992-1999) ✓
- **Decimals**: Scaled int64_t with scale_factor=100 (e.g., 3307894 → $33,078.94) ✓
- **Dictionaries**: l_returnflag {0=N, 1=R, 2=A}, l_linestatus {0=F, 1=O}, etc. ✓

---

## **Critical Constants for Phase 2**

1. **Date Encoding**: `int32_t` days since 1970-01-01 (NOT YYYYMMDD)
   - 1994-01-01 = 8766
   - 1995-03-15 = 9204
   - 1998-12-01 = 10595

2. **Decimal Encoding**: `int64_t` with scale_factor=100
   - Divide by 100 to get actual value

3. **Hash Index Layout**: [num_unique][table_size] + [key, offset, count] entries + positions array

4. **Zone Map Layout**: [num_blocks] + per block [min, max, count, null_count]

---

## **Files Location**

```
/home/jl4492/GenDB/output/tpc-h/2026-02-15T20-05-55/
├── storage_design.json                           ← Phase 2 input
├── query_guides/Q{1,3,6}_storage_guide.md        ← Phase 2 input
├── generated_ingest/{ingest,build_indexes}.cpp   ← Phase 2 reference
└── README.md                                      ← This summary
```

---

## **Ready for Phase 2**

✅ All deliverables complete:
- Storage design compact and precise
- Ingestion code generates correct binary format
- Indexes built and verified
- Per-query guides provide exact file paths and layouts
- Hardware configuration documented

The Code Generator can now:
1. Read storage_design.json and per-query guides
2. Generate vectorized scan/filter/join/aggregate operators
3. Compile specialized query code
4. Execute and benchmark