Excellent! The code has been successfully optimized and compiled.

## Summary of Iteration 3 Optimizations

**Category**: `cpu_bound` (aggregation optimization - different from the previous `io_bound` attempts that regressed)

**Changes Applied**:

1. **Replaced hash table with flat array for aggregation**
   - Eliminated `std::unordered_map` and replaced with `std::vector<AggState>`
   - Used perfect hashing: direct array indexing via `idx = returnflag * linestatus_cardinality + linestatus`
   - This leverages the low cardinality (3 returnflag × 2 linestatus = 6 groups max)

2. **Optimized aggregation hot path**
   - Removed hash computation overhead (no hashing, no collision resolution)
   - Better cache locality with contiguous array access
   - Same computation applied to both SIMD and scalar code paths

3. **Simplified merge phase**
   - Array-based merge is more cache-friendly than hash table iteration
   - Sequential access pattern for better prefetching

**Expected Impact**: 
- **5-15% improvement** by eliminating hash table overhead in the aggregation hot loop
- The scan_filter phase (56.18ms) will see the benefit since aggregation happens inline
- Better CPU cache utilization with flat array vs hash table pointer chasing

**Rationale**:
- Previous iteration 2 tried another `io_bound` optimization and regressed
- This iteration targets the `cpu_bound` category (aggregation efficiency) instead
- The knowledge base specifically recommends "perfect hashing for low cardinality" using direct array indexing
- With only ~6 groups, a flat array is optimal vs hash tables designed for high cardinality

The Executor will now run and validate this optimized code to measure the actual performance improvement.