## Workload Analysis Complete

**Hardware Profile:**
- 64 CPU cores with AVX512 SIMD support
- 44MB L3 cache (2 sockets, 32 cores each)
- 376GB RAM, HDD storage
- Excellent parallelism potential

**Key Findings:**

1. **Lineitem dominates workload** (60M rows, accessed by all 3 queries)
   - Q1: 98.8% selectivity → full scan with aggregation to 4 groups
   - Q3: Date filter + join → medium selectivity
   - Q6: Combined filters → 2.4% selectivity (highly selective)

2. **Optimization priorities:**
   - **Thread parallelism**: All queries benefit from 64-way parallelism on lineitem scans
   - **Columnar storage**: Q1/Q6 access 3-8 columns only, Q3 joins on single keys
   - **Dictionary encoding**: l_returnflag (3 values), l_linestatus (2), c_mktsegment (5) are perfect candidates
   - **SIMD vectorization**: Arithmetic-heavy queries (Q1, Q6) with AVX512 → 8x speedup per core
   - **Join ordering for Q3**: Filter customer (1.5M→300K) and orders (15M→4M) before joining
   - **Top-K heap for Q3**: LIMIT 10 avoids full sort of ~300K groups

3. **Critical bottleneck**: Q3 multi-way join with large intermediates. Needs filter pushdown + hash joins + partial aggregation.

Analysis written to `/home/jl4492/GenDB/output/tpc-h/2026-02-14T01-28-16/workload_analysis.json`