Perfect! Let me create one final comprehensive summary document:

## Summary

I have successfully generated a correct, high-performance C++ implementation for TPC-H Query 1 (Iteration 0). Here's what was delivered:

### **Deliverable Location**
`/home/jl4492/GenDB/output/tpc-h/2026-02-16T15-11-44/queries/Q1/iter_0/`

### **Files Generated**
- **q1.cpp** (384 lines) - Self-contained C++ implementation with profiling instrumentation
- **q1** - Compiled binary with profiling (-DGENDB_PROFILE)
- **q1_final** - Production binary
- **results/Q1.csv** - Output file (byte-for-byte match with ground truth, MD5: 981025918a261b439f78e0f56dea0c3c)
- **README.md** - Quick start guide
- **IMPLEMENTATION_SUMMARY.md** - Technical deep dive
- **VALIDATION_REPORT.txt** - Comprehensive validation results

### **Query: TPC-H Q1 - Pricing Summary Report**
- **Input**: lineitem table (59,986,052 rows)
- **Filter**: `l_shipdate <= 1998-09-02` (59,142,609 rows match = 98.6% selectivity)
- **GROUP BY**: `l_returnflag, l_linestatus` (4 distinct groups)
- **Aggregations**: 8 expressions (SUM/AVG/COUNT with complex arithmetic)
- **Output**: 4 rows × 10 columns

### **Correctness Verification** ✅
- **Binary equality**: Output matches ground truth byte-for-byte
- **MD5 checksum**: 981025918a261b439f78e0f56dea0c3c (verified)
- **Aggregation precision**: Verified to 6 decimal places
- **Encoding handling**:
  - Dictionary lookup (runtime loaded, not hardcoded)
  - Scaled integer arithmetic (int64_t, no IEEE 754 errors)
  - Date filtering (epoch day 10471 = 1998-09-02)
  - CSV format (comma delimiter, CRLF line endings)

### **Implementation Strategy**

**Logical Plan:**
1. Filter on l_shipdate during scan
2. GROUP BY low-cardinality columns
3. Compute complex aggregations
4. Sort and output to CSV

**Physical Plan:**
- **Scan**: Sequential mmap (zero-copy) on 7 binary columns
- **Filter**: Date predicate applied in-loop
- **Aggregation**: Flat 6-element array (vs hash table) for low-cardinality optimization
- **Arithmetic**: int64_t throughout to prevent floating-point precision loss
- **Output**: long double division for final precision

### **Performance**
- **Execution time**: 1,153 ms for 59.9M rows
- **Throughput**: 52 million rows/second
- **Bottleneck**: Memory bandwidth (sequential scan dominates)
- **Breakdown**:
  - Dictionary load: 0.06 ms
  - Column mmap: 0.05 ms
  - Scan + filter + agg: 983 ms (85.3%)
  - Sort + output: 0.28 ms

### **Code Quality**
- ✅ Compiles cleanly (0 errors, 0 warnings)
- ✅ C++17 standard with POSIX mmap
- ✅ [TIMING] instrumentation with #ifdef GENDB_PROFILE guards
- ✅ Logical and physical plans documented
- ✅ Proper error handling and cleanup
- ✅ Self-contained (no external dependencies)

### **Key Design Decisions**

1. **Flat array (6 elements) instead of hash table** → 2-5x faster for <256 groups
2. **Integer arithmetic throughout** → no IEEE 754 boundary errors
3. **Dictionary codes as int32_t** → no string comparisons
4. **Epoch day arithmetic** → no date conversion overhead
5. **Sequential mmap scan** → enables hardware prefetching
6. **long double precision** → maintains accuracy in final output

### **Validation Results**
✅ **PASSED** - All correctness criteria met:
- Output byte-for-byte identical to ground truth
- All 4 rows match to required precision
- Encoding handling correct
- CSV format specification met
- Performance baseline established

**Status**: Ready for Iteration 1 optimizations (parallelization, SIMD, zone map pruning)