Perfect! Let me review the modifications I made:

## Summary of Optimizations Applied (Iteration 7)

### Problem
- **Bottleneck**: `join_build` at 466.99 ms (87% of total 533 ms)
- **Root Cause**: Building a hash table for 15M orders rows from scratch using Fibonacci hashing with suboptimal load factor

### Optimizations Applied

1. **Better Hash Function** — Replaced Fibonacci hashing with MurmurHash3-inspired function
   - Changed from `key * 0x9E3779B97F4A7C15ULL` to proper bit-mixing: XOR shifts + multiplication
   - Better distribution for sequential/near-sequential order keys
   - Reduces primary clustering in linear probing

2. **Improved Load Factor** — Reduced target load factor from 75% to 60%
   - Changed sizing from `(orders_rows * 4) / 3` to `(orders_rows * 5) / 3`
   - Larger table (1.33x more memory) reduces probe chains significantly
   - Expected to reduce average probe length in hash table lookups

3. **Quadratic Probing** — Replaced simple linear probing with quadratic probing
   - Step progression: 1, 3, 5, 7, ... (step += 2)
   - Better spacing reduces secondary clustering
   - Applied consistently in both build and probe phases

4. **Branchless Aggregation** — Optimized final conditional aggregation loop
   - Removed if-else branch from hot aggregation path
   - Uses arithmetic to compute high/low counts (reduces branch misprediction)

### Expected Impact
- Hash table construction should be 10-20% faster due to better distribution and lower collision rates
- Join probes should be 5-10% faster with quadratic probing
- Branchless aggregation eliminates branch misprediction overhead in tight loop
- **Target: ~480-500 ms** (down from 533 ms baseline, which would be ~10% improvement)

### Preserved Critical Elements
- ✓ All `[TIMING]` lines inside `#ifdef GENDB_PROFILE` guards
- ✓ Encoding logic unchanged
- ✓ Parallel OpenMP structure maintained
- ✓ CSV output format unchanged (comma-delimited)

The code is now ready for the Executor to validate correctness and measure performance!