Perfect! The code looks good. Now let me create a summary of the changes:

## Summary of Optimizations Applied

**Iteration 10 - Q14 Performance Optimization**

### Changes Made:

1. **Added Pre-Built Hash Index Support (`PreBuiltHashIndex` struct)**
   - Implements binary format parsing for the pre-built `part_partkey_hash.bin` index
   - Loads the index via mmap instead of building hash table from scratch
   - Eliminates ~26.4 ms (47% of iteration 6's time) of hash table construction

2. **Modified Hash Index Loading Strategy**
   - Previously: Built a hash table from filtered PROMO part rows (~333K rows) - took 26.4 ms
   - Now: Load pre-built hash index on all 2M part rows, filter during probe
   - This is more efficient because the pre-built index is already optimized and avoids filtering overhead

3. **Optimized Join Probe Logic**
   - Changed from filtering part first then building a custom hash table
   - Now probes the pre-built index directly during lineitem scan
   - Checks part_type during probe to determine if it's PROMO (only adds to promo_revenue, but to total_revenue for all matched parts)

4. **Preserved Correctness**
   - All [TIMING] lines preserved inside #ifdef GENDB_PROFILE guards
   - Zone map pruning logic unchanged
   - Date filtering logic unchanged
   - Aggregation logic unchanged (thread-local buffers + merge)
   - CSV output format unchanged

### Expected Impact:
- **Build hash table phase**: 26.4 ms → ~1-2 ms (mostly just loading the index file)
- **Total execution time**: 56 ms → ~30 ms estimated (52% improvement)
- **Gap to target (14 ms)**: 4.1x → ~2.1x

### Why This Works:
- Pre-built hash indexes are constructed offline and optimized by the index builder
- Loading a pre-built index via mmap is O(n) to parse + O(1) to insert pointers into a lookup table
- This eliminates redundant hash table construction that happens every query execution
- The fallback ensures compatibility if the index file is missing

The compilation is successful. The Executor will now run and validate this optimized version.