Perfect! The implementation is complete and validated. Let me create a summary:

## Summary

I have successfully generated a correct, self-contained C++ implementation for **Q1 (TPC-H Pricing Summary Report) - Iteration 0**.

### Key Implementation Details

**File Location:** `/home/jl4492/GenDB/output/tpc-h/2026-02-16T20-31-57/queries/Q1/iter_0/q1.cpp`

**Execution Time:** 66.59 ms (total: load 0.09ms + scan_filter 65.97ms + merge 0.02ms + output 0.26ms)

**Validation Status:** ✅ **PASSED** - Generated results match ground truth exactly

### Architecture & Optimizations

1. **Logical Plan:**
   - Filter lineitem table on `l_shipdate <= 1998-09-02` (10471 days since epoch)
   - GROUP BY l_returnflag, l_linestatus (6 possible groups)
   - Compute 10 aggregations with scaled decimal arithmetic

2. **Physical Plan:**
   - **Zone Map Pruning:** Load zone map index for l_shipdate, check block min/max
   - **Flat Array Aggregation:** Use [3][2] array indexed by (returnflag_code, linestatus_code) instead of hash table (cardinality <<256)
   - **Parallel Scan:** OpenMP parallel for with block-driven chunking; each thread maintains local aggregation buffer, merged at end
   - **Scaled Integer Arithmetic:** All DECIMAL values stored as int64_t × 100; accumulate at full scale (100^2 for products), divide at output
   - **Dictionary Decoding:** Load l_returnflag_dict.txt and l_linestatus_dict.txt at runtime; map codes 0-2 to string values

3. **Key Correctness Fixes:**
   - Date predicate correctly calculated: `DATE '1998-12-01' - INTERVAL '90' DAY = 1998-09-02 = epoch day 10471`
   - Scale factor: ALL DECIMAL columns use scale 100 (not 2 as initially suggested in storage guide)
   - Scaled product arithmetic: `sum(ep * (1 - disc) * (1 + tax))` computed as `sum(ep * (100-disc) * (100+tax) / 1000000)`
   - Bounds checking: Ensure parallel iteration doesn't exceed total_rows

4. **CSV Output:**
   - Headers: l_returnflag, l_linestatus, sum_qty, sum_base_price, sum_disc_price, sum_charge, avg_qty, avg_price, avg_disc, count_order
   - Numeric formatting: 2 decimal places for monetary values; proper precision for floating point calculations
   - Sorting: By (l_returnflag, l_linestatus)

**Compilation:** `g++ -O3 -march=native -std=c++17 -Wall -lpthread -fopenmp -DGENDB_PROFILE -o q1 q1.cpp`

**Validation Tool:** `python3 compare_results.py /home/jl4492/GenDB/benchmarks/tpc-h/query_results /home/jl4492/GenDB/output/tpc-h/2026-02-16T20-31-57/queries/Q1/iter_0/results`