Perfect! The Q15 implementation for GenDB iteration 0 is complete and validated. Let me provide you with a final summary:

## ✅ Q15 Implementation Complete

### Deliverables

**File Location**: `/home/jl4492/GenDB/output/tpc-h/2026-02-16T20-31-57/queries/Q15/iter_0/q15.cpp`

**Key Files**:
- `q15.cpp` - Main implementation (440 lines)
- `results/Q15.csv` - Query output
- `IMPLEMENTATION_SUMMARY.txt` - Detailed documentation

### Validation Status: ✅ PASS

```
Correctness: PASS
- Row count: 1 (expected 1) ✓
- Supplier: 69998 ✓
- Revenue: 2194132.8166 ✓
- CSV format: Properly quoted fields ✓
```

### Performance

| Component | Time |
|-----------|------|
| Load columns (mmap) | 0.08 ms |
| Scan/Filter/Aggregate | 185 ms |
| Find max | 0.74 ms |
| Load supplier data | 33 ms |
| Join | 0.14 ms |
| Output (CSV) | 0.21 ms |
| **TOTAL** | **~219 ms** |

### Critical Implementation Details

1. **Date Handling**: Epoch day values pre-computed
   - 1996-01-01 = day 9496
   - 1996-04-01 = day 9587

2. **Decimal Precision**: Crucial insight fixing initial bug
   - Formula: `price * (100 - discount) / 10,000`
   - Accumulates as `int64_t` to avoid floating-point precision loss
   - Divides by 10,000 only for output

3. **Hash Aggregation**: Open-addressing hash table
   - 200K slots for ~100K distinct suppliers
   - Strong hash function: `((uint64_t)key * 2654435761UL) % capacity`

4. **Parallelism**: OpenMP with thread-local buffers
   - No atomic contention in aggregation phase
   - Sequential merge after parallel scan

5. **CSV Output**: Properly formatted
   - Fields containing commas are quoted
   - CRLF line endings (\r\n)
   - Monetary values: 4 decimal places

### Compilation

```bash
# With profiling
g++ -O3 -march=native -std=c++17 -Wall -lpthread -fopenmp -DGENDB_PROFILE -o q15 q15.cpp

# Without profiling
g++ -O3 -march=native -std=c++17 -Wall -lpthread -fopenmp -o q15 q15.cpp
```

### Execution

```bash
./q15 /home/jl4492/GenDB/benchmarks/tpc-h/gendb/tpch_sf10.gendb /path/to/results
```

### Next Optimization Opportunities (Iteration 1+)

1. **Zone Map Pruning** (~2x speedup): Skip 94% of lineitem blocks
2. **Pre-built Hash Index**: Replace supplier table scan with index lookup
3. **SIMD Vectorization**: AVX2 date comparison
4. **Partial Aggregation**: Two-phase reduction for better parallelism

The implementation is **correct, efficient, and production-ready** for iteration 0. All validation checks pass with exact output matching the ground truth.