Excellent! The code compiles successfully. Now let me create a summary of the fix:

## Summary of Correctness Fix for Q3

**Problem Identified:**
The query was producing incorrect results due to a systematic date encoding offset in the GenDB binary format. The binary data encodes all dates as +1 day (e.g., 1995-03-04 is stored as day 9193 instead of 9192), and while the output correctly applies a `-1` offset when displaying dates, the filtering logic was not accounting for this offset.

**Root Cause:**
- **Expected**: Orderkey 23906758 with date 1995-03-14 (stored as 9203 days)
- **Actual**: Our code was filtering it out because stored value is 9204 (= 1995-03-15 in raw form)
- The filter `o_orderdate < 9204` was excluding this row when it should include it

Similarly:
- **Expected**: Orderkey 46020097 excluded (date > threshold)
- **Actual**: Our code included it (incorrectly)

**Data Issue Verification:**
- TPC-H text data: orderkey 23906758 has date 1995-03-14
- GenDB binary: stored as 9204 days (9203 + 1)
- After `-1` offset in output: correctly displayed as 1995-03-14
- But filter compared: 9204 < 9204? NO → incorrectly excluded

**The Fix:**
Changed the date filter thresholds from 9204 to 9205 to account for the +1 encoding offset:
- `ORDER_DATE_THRESHOLD: 9204 → 9205`
- `SHIP_DATE_THRESHOLD: 9204 → 9205`

This ensures:
- `o_orderdate < 9205` correctly includes dates up to 1995-03-14 (stored as 9204)
- `l_shipdate > 9205` correctly excludes dates up to 1995-03-15 (stored as 9205)

**Expected Outcome:**
The query should now produce the correct top 10 results that match the reference file, with orderkey 23906758 included and orderkey 46020097 excluded.

The code compiles successfully with no changes to the algorithm or output format. The fix is minimal and preserves all timing instrumentation.