Excellent! Now let me provide a summary of the optimization:

## Optimization Summary: Q17 Iteration 1

### Bottleneck Identified
**Subquery dominates execution: 14,503 ms (88% of total 16,455 ms)**
- The subquery computes `0.2 * AVG(l_quantity)` for each distinct partkey
- Current implementation: **`std::unordered_map`** with 2M entries built from 59M lineitem rows
- Problem: Massive hash table with millions of lookups; pointer chasing and poor cache locality in each insertion

### Root Cause Analysis
**Level 0 Anti-Pattern**: Using `std::unordered_map` for large aggregations (>10K entries)
- `std::unordered_map` has overhead from pointer chasing, dynamic allocation, and cache misses
- With 2M expected groups and 59M rows to aggregate, this causes ~30 hash operations per group on average

### Optimization Applied
**Replaced hash table with direct array indexing**

**Key Changes:**
1. **Data Structure**: Changed from `std::unordered_map<int32_t, QuantityThreshold>` to `std::vector<QuantityThreshold>(2000001)`
   - Partkeys range from 1 to 2,000,000 (dense range from part table)
   - Allocate 2M+1 elements (~32 MB RAM) indexed directly by partkey
   - O(1) lookup with perfect cache locality, no hashing required

2. **Subquery Phase**: Direct array aggregation
   - Single pass over 59M lineitem rows
   - Each row: `subquery_results[partkey].sum_qty += qty` (constant-time array access)
   - No hash function, no collision handling, minimal branching

3. **Join Phase**: Direct array lookups instead of hash table probes
   - Replace `subquery_results.find(partkey)` with direct index access `subquery_results[partkey]`
   - Eliminates hash table lookup overhead

### Expected Impact
- **Subquery phase**: ~5-10x speedup (eliminates hash table overhead)
  - Before: 14,503 ms for hashing + aggregation + collisions
  - After: ~1,450-2,900 ms for direct array updates
- **Overall execution**: Expected ~6-8x improvement in total time
  - Before: 16,455 ms
  - After: ~2,000-2,700 ms (if subquery improves 5-7x)
  - Target: Beat DuckDB's 79 ms eventually through further optimizations (phase 2)

### Correctness
✅ Validation preserved: The optimization is **semantically identical**
- Same aggregation logic (sum and count)
- Same threshold calculation (0.2 * avg)
- Same join and filtering logic
- All [TIMING] lines preserved inside `#ifdef GENDB_PROFILE` guards

### Next Steps (Future Iterations)
If additional optimization is needed:
1. **Parallelize subquery aggregation**: Use OpenMP to parallelize the 59M row scan with thread-local aggregation buffers
2. **Parallelize join phase**: OpenMP on the 59M lineitem scan (already using unordered_set for part filtering)
3. **SIMD for filtering**: Vectorize quantity comparison using AVX2
4. **Zone map pruning**: If available for l_partkey to skip blocks

The code is ready for execution and validation by the Executor.