## Summary

I've completed the TPC-H workload analysis and written the structured JSON to `/home/jl4492/GenDB/output/tpc-h/2026-02-14T23-16-27/workload_analysis.json`.

### Key Findings:

**Hardware Profile:**
- 64-core CPU with AVX-512 support (for SIMD vectorization)
- 376 GB RAM, HDD storage (optimization: pre-load lineitem into memory)
- L3 cache: 44 MB per socket — morsel size target: ~340K rows per thread

**Data Characteristics:**
- **Lineitem**: 60M rows (fact table, 7.3 GB) — accessed 3x across Q1, Q3, Q6
- **Orders**: 15M rows (fact table, 1.7 GB) — accessed in Q3
- **Customer**: 1.5M rows (dimension, filtered to 330K for Q3)

**Query Patterns:**
1. **Q1**: Simple full scan + 6-group aggregation → *Use sorted aggregation (O(1) memory)*
2. **Q3**: Multi-table join (customer→orders→lineitem) with highly selective predicates → *Use Bloom filtering, hash join with partitioning for parallelism*
3. **Q6**: Complex filters (3 predicates) on lineitem → *Predicate reordering (quantity < 24 eliminates 52% early), vectorized filtering*

**Optimization Priorities:**
1. **Parallel execution**: Morsel-driven scan with 64 cores → ~50-55x speedup potential on large scans
2. **Predicate ordering**: Filter l_quantity (high selectivity) before expensive discount BETWEEN computation
3. **Hash aggregation**: Pre-size hash table for Q3's ~1.8M groups
4. **Top-K optimization**: Q3's LIMIT 10 can use partial sort instead of full sort on 1.8M rows

Analysis complete. All 315 lines of JSON written with exact cardinalities, column statistics, and one-line optimization strategies per query.