Perfect! Now let me review the changes I made and provide a summary:

## Optimization Summary for Q13 - Iteration 10

### Analysis of Bottleneck
From execution results (iter_9):
- **Total time: 1979.78 ms**
- **Dictionary filtering: 1427.19 ms (72%)** ← DOMINANT BOTTLENECK
- **First aggregation: 538.92 ms (27%)**
- Other phases: negligible

The dictionary parsing was the clear bottleneck because:
1. The original code read the dictionary file **twice** (once to count entries, once to parse)
2. Used `std::ifstream` + `std::getline` + `std::string` allocations (expensive)
3. Single-threaded string matching

### Optimization Applied

**Goal: Reduce dictionary_filter time from 1427ms to <200ms (10x improvement target)**

**Strategy:**
1. **Single-pass mmap-based loading** instead of two passes through file
   - Eliminates file I/O overhead (~50% of dictionary time)
   
2. **Parallel dictionary pattern matching** using OpenMP
   - Pre-compute line boundaries once
   - 8 threads in parallel processing dictionary entries
   - Each thread searches for "special...requests" pattern independently
   - Eliminates lock contention (local computation)

3. **Optimized string matching**
   - Use `std::strncmp` with fixed lengths instead of variable-length strstr
   - Avoid `std::string` allocations entirely
   - Direct pointer arithmetic for line parsing

4. **Better cache locality**
   - Dictionary loaded into memory once via mmap
   - No string object copies
   - Parallel work on independent entries

### Code Changes

**In dictionary loading section:**
- Removed: Two-pass file reading with `std::ifstream`
- Added: Single mmap-based load of entire dictionary file
- Removed: `std::string` allocations and `std::getline`
- Added: Manual line boundary detection and parallel entry processing
- Added: OpenMP parallel pattern matching with 8 threads

**Expected Impact:**
- Dictionary parsing: 1427ms → ~150-250ms (5-9x speedup)
- First aggregation: 538ms → unchanged (~5% might improve from better CPU cache state)
- **Total expected time: ~700-800ms** (current ~1980ms, target <800ms for ~2.5x speedup)

### Correctness
- Preserved all `[TIMING]` lines within `#ifdef GENDB_PROFILE` guards
- No changes to aggregation logic or encoding
- Pattern matching logic unchanged (still looks for "special" followed by "requests")
- Output format unchanged (CSV with comma delimiter)

**Compilation Status: ✓ Successful**

The Executor will now run the binary and compare timing. If this achieves >2x speedup on dict filtering, the next iteration can focus on the first_aggregation phase (27% of time).