Perfect! Now let me print a brief summary for the output:

---

## Q3 Iteration 1 Analysis Complete

**Execution Status**: ✅ PASS (10 rows, 661.9ms)

**Performance Gap**: 8.5x slower than DuckDB (78ms baseline)

### Bottleneck Breakdown:
1. **Orders scan**: 353.7ms (53.4%) - **PRIMARY BOTTLENECK**
2. **Join/aggregation**: 158.5ms (23.9%)
3. **Bloom filter build**: 77.4ms (11.7%)
4. **Merge**: 38.8ms (5.9%)
5. **Customer scan**: 30.4ms (4.6%)
6. **Sort**: 2.8ms (0.4%) ✓ efficient

### Root Causes:
- **I/O-bound**: HDD reads without prefetching (MADV_WILLNEED not used)
- **CPU-bound**: Slow std::unordered_set/map (2-5x slower than modern hash tables)
- **Missing SIMD**: Sequential date filtering and arithmetic (no AVX2/AVX-512 usage)
- **Missed optimization**: Lineitem zone map exists but unused (could skip 46% of blocks)

### Top 7 Optimization Recommendations:

1. **[io_bound, LOW RISK]** Prefetch qualifying blocks with MADV_WILLNEED → 1.3-1.4x speedup
2. **[cpu_bound, LOW RISK]** Replace std::unordered with Abseil flat_hash → 1.2-1.3x speedup  
3. **[cpu_bound, MEDIUM RISK]** SIMD date filtering (AVX2) → 1.05-1.1x speedup
4. **[join, MEDIUM RISK]** Eliminate Bloom filter overhead → 1.06-1.09x speedup
5. **[aggregation, MEDIUM RISK]** SIMD revenue calculation → marginal but compounds
6. **[index, LOW RISK]** Add lineitem zone map block skipping → 1.3-2x on join phase
7. **[cpu_bound, LOW RISK]** Parallel merge with tree reduction → 4-6x on merge phase

**Combined Estimated Speedup**: 2.5-4x → **165-265ms** (narrowing gap to DuckDB's 78ms)

**Recommendation**: Implement priorities 1, 2, 6, 7 first (all LOW RISK, high impact), then evaluate before adding SIMD optimizations (priorities 3, 4, 5).

Evaluation written to: `/home/jl4492/GenDB/output/tpc-h/2026-02-14T19-50-33/queries/Q3/iter_1/evaluation.json`