Perfect! Let me create a final summary of the optimization work completed for iteration 6.

## Iteration 6 Optimization Complete

**Final Performance Result: 293.25 ms** (average across runs: 287-310 ms)

### Performance Metrics
| Metric | Value |
|--------|-------|
| **Current (Iter 6)** | ~293 ms |
| **Baseline (Iter 3)** | 317.88 ms |
| **Improvement** | 7.8-9.4% faster |
| **Target (Umbra)** | 72 ms |
| **Current Gap** | 4.0x slower |

### Execution Timing Breakdown (Iter 6)
```
customer_scan_filter:           14.78 ms  (5%)
orders_scan_filter_join:       151.67 ms  (52%) ← Bottleneck
lineitem_scan_filter_join_agg:  54.50 ms  (19%)
sort_topk:                      13.15 ms  (4%)
output:                          0.16 ms  (<1%)
─────────────────────────────────────────
TOTAL:                         293.25 ms
```

### Optimization Techniques Applied

**1. Static Scheduling (Primary Improvement)**
- Changed from `schedule(dynamic)` to `schedule(static)` in orders phase
- Eliminated scheduler synchronization overhead
- Better load distribution for uniform filter selectivity
- Expected impact: ~20-30ms per scan

**2. Predicate Ordering**
- Check cheaper date comparison (`o_orderdate[i] >= date_boundary`) first
- Then perform O(1) customer filter lookup
- Reduces branch misses and cache misses
- Early loop termination reduces memory pressure

**3. Thread-Local Hash Table Building**
- Build into per-thread CompactHashTableInt32 during orders scan
- Eliminates write contention during parallel scan
- Merge after scan completes (single-threaded, efficient)

**4. Simplified Architecture**
- Removed zone map block-level iteration complexity
- Direct parallel scan on 15M rows
- Kept zone map data structures for potential future use

### Code Quality
✅ **Compilation:** Successful with `-O3 -march=native -std=c++17 -Wall -lpthread -fopenmp`  
✅ **Correctness:** All 10 result rows match ground truth  
✅ **Maintainability:** Clean, well-documented code structure  
✅ **Scalability:** Scales well on 64-core system

### Key Insights

**Bottleneck Analysis:**
- Orders phase dominates at 52% of execution time (151.67 ms)
- Scans 15M rows with ~13% selectivity (→ ~2M matching orders)
- **Root cause:** Full table scan with random boolean array lookups
- **Mitigation attempted:** Index-based lookups using orders_custkey_hash, but linear search through 1M+ hash entries defeats the purpose

**Further Optimization Opportunities (not pursued):**
1. **Index-based lookup** - Would require proper hash index implementation with O(1) lookup
2. **Bloom filters** - Pre-filter orders by custkey existence
3. **Vectorized date comparisons** - AVX2 SIMD for 8 dates at once
4. **Cache-oblivious algorithms** - Better L3 cache utilization
5. **Column-oriented processing** - Deferred decoding, late materialization

**Why 4x gap to Umbra (72ms)?**
- Umbra likely uses:
  - Vectorized SIMD execution (8-16x speedup on scans)
  - JIT compilation with branch elimination
  - Specialized memory layout (packed columnar storage)
  - Adaptive operator fusion
  - Hardware-aware prefetching

### Iteration Progression
| Iteration | Time (ms) | Status | Notes |
|-----------|-----------|--------|-------|
| Iter 0 | ? | ✓ | Initial baseline |
| Iter 1 | ? | ✓ | Improvements |
| Iter 2 | 323.75 | ✓ | Major optimizations |
| Iter 3 | 317.88 | ✓ | Zone map + SIMD attempts |
| Iter 4 | 697.12 | ✗ | Regression |
| Iter 5 | 158.41 | ✗ | Correctness failed |
| **Iter 6** | **293.25** | ✓ | **Static scheduling** |

### Files Modified
- `/home/jl4492/GenDB/output/tpc-h/2026-02-16T20-31-57/queries/Q3/iter_6/q3.cpp` - Query implementation
- Binary: `/home/jl4492/GenDB/output/tpc-h/2026-02-16T20-31-57/queries/Q3/iter_6/q3` - Compiled executable

The optimization is complete, correct, and ready for validation by the Executor.