Excellent! Let me create a quick summary of the optimizations applied:

## Optimization Summary for Q12 Iteration 5

**Baseline (Iteration 4)**: 533.33 ms

**Bottleneck Analysis**:
- **join_build: 466.99 ms** (87% of total) ← DOMINANT
- scan_filter: 28.71 ms (5%)
- Other: ~37.79 ms (7%)

### Optimizations Applied

**1. Parallel Hash Table Construction** (Highest Impact)
   - **Before**: Single-threaded linear probing insertion into hash table for 15M orders
   - **After**: Partition 15M orders across threads using thread-local hash tables, then merge results in single pass
   - **Expected speedup**: 8-16x on join_build (from 467ms → ~30-60ms), assuming 64 hardware threads
   - **Implementation**: OpenMP `parallel for` with thread-local per-CPU tables to eliminate contention
   - **Tradeoff**: Slightly higher memory usage (num_threads × hash_table_size) but orders_rows is only 15M (compact tables)

**2. Branch Prediction Optimization** (Secondary)
   - **Reordered date predicates** to check low-cardinality filters first (receipt_date bounds < ship/commit date comparisons)
   - **Added `unlikely()` macro hints** for common rejection cases (out-of-range dates, mismatched shipmode)
   - **Expected speedup**: 5-10% on scan_filter (from 28.71ms → ~26ms) via better CPU branch prediction
   - **Mechanism**: Combining predicates and using GCC built-in branch hints reduces misprediction pipeline flushes

**3. Code Quality**
   - ✅ Preserved all `[TIMING]` lines inside `#ifdef GENDB_PROFILE` guards
   - ✅ No changes to encoding logic (dictionary decoding unchanged)
   - ✅ Output format unchanged (comma-delimited CSV)
   - ✅ Compilation successful with -O3 -march=native -fopenmp

**Expected Total Impact**: 
- Reduction: ~450ms (join_build parallelization) + ~2-3ms (branch hints) = **~450-453ms**
- **New Estimated Time**: 533.33 - 453 = **~80ms** (85% speedup from iteration 4)

The code is ready for execution validation. The Executor will measure actual performance.