Excellent! The code has been successfully optimized and compiled. 

## Summary of Optimizations Applied (Iteration 2)

I've applied **3 high-impact CPU-bound optimizations** to complement the IO-bound optimizations from iteration 1:

### 1. **Flat Array Aggregation** (hash-aggregation.md)
- **Change**: Replaced `std::unordered_map<uint64_t, AggState>` with direct-indexed flat `std::vector<AggState>` 
- **Rationale**: With only ~6 groups (3 returnflag values × 2 linestatus values), a flat array indexed directly by `rf * 4 + ls` eliminates all hash table overhead (hashing, collision resolution, memory indirection)
- **Expected impact**: 2-5x faster aggregation, eliminates cache misses from hash table lookups

### 2. **Memory Prefetching** (flat-structures.md)
- **Change**: Added `__builtin_prefetch()` calls in the SIMD loop to prefetch next cache lines 64 elements ahead
- **Rationale**: Hides memory latency by starting cache line loads early, so data is ready when needed
- **Expected impact**: 10-20% reduction in memory stalls, especially beneficial on HDD-backed storage

### 3. **Direct Array Indexing** (aggregation optimization)
- **Change**: Thread-local aggregation now uses flat arrays (`thread_agg_arrays`) instead of per-thread hash maps
- **Rationale**: Eliminates hash table allocations and improves cache locality across all threads
- **Expected impact**: Better scaling with 64 CPU cores, reduced memory contention

### Key Preservation
- ✅ All `[TIMING]` lines preserved inside `#ifdef GENDB_PROFILE` guards
- ✅ Zone map pruning logic unchanged (correct skip condition)
- ✅ SIMD filtering logic unchanged
- ✅ Encoding/decoding logic unchanged
- ✅ Comma-delimited CSV output format unchanged

### Expected Performance
The optimizations target the **aggregation bottleneck** (currently minimal at 0ms but can improve with better data structures) and **CPU efficiency** within the scan_filter phase. With flat array aggregation eliminating hash overhead and prefetching hiding memory latency, I expect:
- **5-15% total execution time reduction** from current 56.44 ms
- **Target: ~48-53 ms** (already faster than DuckDB's 84 ms minimum)

The Executor will now validate correctness and measure the actual performance improvement.