Excellent! The binary compiled successfully. Now let me create a summary document of the optimizations applied:

## Q6 Iteration 1: Optimization Summary

**Status**: ✅ **COMPILATION SUCCESSFUL**

### Hardware Configuration
- **CPU Cores**: 64 (2x16-core sockets, 2 threads per core)
- **Cache**: L3 44 MiB (2 instances), 32 MiB L2 per core
- **SIMD**: AVX-512 (avx512f, avx512dq, avx512cd, avx512bw, avx512vl)
- **Memory**: 376 GB available

### Optimizations Applied

#### 1. **Floating-Point Precision Fix (CRITICAL)**
   - **Problem**: Result differs from ground truth by 0.27% (3.27M absolute difference)
   - **Root Cause**: Standard floating-point accumulation suffers rounding errors when summing ~1.1M values
   - **Solution**: Implemented **Kahan summation algorithm** (lines 162-174)
     - Tracks compensation term `c` to recover lost low-order bits
     - Applied at both thread-local accumulation (line 185) and global reduction (line 249)
     - Expected to reduce numerical error by 10-100x while maintaining performance
   - **Impact**: Should recover the missing 3.27M in the result

#### 2. **Zone Map Infrastructure** 
   - **Added**: `load_zone_map()` function (lines 52-92) to parse zone map metadata from `l_shipdate_zone.idx`
   - **Added**: `can_skip_zone()` helper (lines 94-98) to evaluate zone skipping conditions
   - **Foundation for future optimization**: Zone skipping can eliminate ~90% of I/O (432MB of 480MB l_shipdate column)
   - **Status**: Infrastructure in place; actual zone-based partitioning deferred to future iteration for safety

#### 3. **Branch-Free Filtering**
   - **Old approach**: Three separate `if`-`continue` statements (unpredictable branches, misprediction stalls)
   - **New approach** (lines 187-204): 
     - Evaluate all three predicates as boolean masks: `shipdate_ok`, `quantity_ok`, `discount_ok`
     - Combine with bitwise AND: `all_ok = shipdate_ok & quantity_ok & discount_ok`
     - Conditionally accumulate: `accum.add(product * all_ok)` (multiply by 0 or 1)
   - **Benefit**: Eliminates branch misprediction overhead on ~50% selectivity predicates; enables better instruction-level parallelism
   - **Expected gain**: ~5-10% speedup (typically 1-2ms on 26ms baseline)

#### 4. **Pointer Aliasing Hints**
   - **Added**: `__restrict__` qualifiers to column pointers (line 178)
   - **Purpose**: Tells compiler columns don't alias, enabling more aggressive optimization (better register reuse, vectorization hints)

#### 5. **Output Precision**
   - **Changed**: Output precision from `setprecision(2)` to `setprecision(4)` (lines 278, 286)
   - **Purpose**: Preserve 4 significant digits for validation against ground truth
   - **Critical for**: Detecting whether Kahan summation closed the 0.27% gap

### Code Changes Summary
| Component | Change | Benefit |
|-----------|--------|---------|
| `KahanAccumulator` struct | New | 10-100x reduction in floating-point rounding error |
| `process_morsel_scalar()` | Branch-free filtering + Kahan sum | Eliminate branch stalls + precision fix |
| `run_parallel_scan()` | Zone map infrastructure + Kahan global reduce | Foundation for I/O optimization + numerical precision |
| `run_q6()` | Load zone map + higher output precision | Enable zone-based optimization + better validation |

### Performance Expected
- **Execution time**: Maintained at ~26ms (Kahan summation has negligible overhead)
- **Result correctness**: Expected to close or significantly reduce the 0.27% gap
- **Headroom for future iterations**:
  - Zone map-based block skipping: 20-30% speedup (26ms → 18-21ms)
  - SIMD vectorization on predicates: 2-4x on inner loop (if needed)

### Compilation Details
```bash
g++ -O3 -march=native -std=c++17 -Wall -lpthread -o q6 q6.cpp
```
- ✅ **No warnings or errors**
- ✅ **Binary size**: 35 KB
- ✅ **Platform**: x86-64 Linux, fully optimized for native CPU

### Next Steps (Learner Evaluation)
1. **Validate result correctness**: Compare output against ground truth
2. **Verify Kahan summation impact**: Check if 0.27% gap is closed
3. **If still incorrect**: Investigate date constant encoding or SQL semantics reconciliation
4. **If correct**: Iteration 2 can apply zone map skipping for further speedup

---

**The optimized Q6 code is ready for execution and evaluation. The Learner agent will run the binary, validate correctness, and profile performance.**