Excellent! Now let me print a final summary to the user:

---

## **Q1 Iteration 1: Evaluation Complete ✓**

### **Phase A: Evaluation Summary**

| Category | Result |
|----------|--------|
| **Compilation** | ✅ PASS |
| **Execution** | ✅ PASS (55.47ms average) |
| **Correctness** | ✅ PASS (4 rows, matches ground truth) |
| **Reproducibility** | ✅ EXCELLENT (stddev 0.98ms, 2% variance) |

**Timing Results**: 5 runs averaged **55.47ms** (range: 54.02–56.71ms)

---

### **Phase B: Performance Analysis**

**Current Status**: Q1 is **correct and functional**, but runs **1.55x slower than DuckDB** (~86ms) and **276x faster than PostgreSQL** (~15,281ms).

**Bottleneck Identified**: **CPU-bound** — scanning 59.9M lineitem rows across 7 columns (l_shipdate, l_quantity, l_extendedprice, l_discount, l_tax, l_returnflag, l_linestatus) with dense arithmetic per row.

**Code Quality**: Well-designed with:
- ✅ Morsel-driven parallelism (32 threads, 100K row morsels)
- ✅ Compact hash table (6 groups → 16 buckets, minimal overhead)
- ✅ Operator fusion (scan+filter+aggregate in single loop)
- ✅ Loop unrolling by 4
- ✅ Dictionary decoding for categorical columns
- ✅ mmap with sequential access hints

**Critical Finding**: The code includes an **unused SIMD vectorized filtering function** (`simd_filter_dates()`, lines 120–159) that could process 8 dates per AVX2 instruction. The main loop uses scalar filtering instead, wasting this optimization.

---

### **Top 5 Optimization Recommendations**

| Priority | Technique | Expected Gain | Risk |
|----------|-----------|----------------|------|
| **1** | Activate SIMD date filtering (AVX2 vectorization) | 8–15% | Low |
| **2** | Increase loop unroll from 4 to 8–16 rows | 5–10% | Low |
| **3** | Eliminate mutex via thread-local aggregation partitioning | 2–5% | Low |
| **4** | madvise prefetching (HDD cold-start optimization) | 2–8% | Low |
| **5** | Fuse arithmetic to reduce register spill | 1–3% | Low |

**Combined Potential**: 18–35% speedup across all optimizations.

---

### **Output Files**

✅ **Evaluation JSON**: `/home/jl4492/GenDB/output/tpc-h/2026-02-14T04-04-14/queries/Q1/iter_1/evaluation.json`

The file contains:
- Full compilation/run/validation results
- Timing statistics (5 samples)
- Detailed bottleneck analysis
- 5 prioritized, specific optimization recommendations with code references and risk assessments

**Ready for Optimizer Agent** to implement priority-1 through priority-3 optimizations.