## Summary

✅ **Q3 implementation completed successfully!**

### Generated File
`/home/jl4492/GenDB/output/tpc-h/2026-02-15T23-06-07/queries/Q3/iter_0/q3.cpp`

### Results
- **Compilation**: ✓ Success (minor safe warnings)
- **Validation**: ✓ Passed on first attempt (10/10 rows match)
- **Execution time**: 3.01 seconds (with profiling instrumentation)

### Correctness Highlights
1. **DATE handling**: Properly computed epoch days (1995-03-15 = 9204), compared as integers
2. **DECIMAL handling**: Used int64_t scaled by 100, kept full precision (scale²=10000) during aggregation to avoid rounding errors
3. **Dictionary encoding**: Loaded `c_mktsegment_dict.txt` at runtime to find 'BUILDING' code (never hardcoded)
4. **Revenue calculation**: `l_extendedprice * (100 - l_discount)` in integer arithmetic, scaled down only at output
5. **CSV output**: Comma-delimited, 4 decimal places, proper date formatting

### Query Execution Strategy
1. Filter customer → 300K rows (c_mktsegment='BUILDING')
2. Filter+join orders → 1.46M orders (by custkey + orderdate < threshold)  
3. Scan+filter+join lineitem → 114K groups (shipdate filter + aggregation)
4. Sort by revenue DESC, orderdate ASC
5. Output top 10

The implementation prioritizes **correctness** for iteration 0. Performance optimizations (parallelization, pre-built indexes, SIMD) will be handled by the Query Optimizer in subsequent iterations.