Now let me create a summary of the optimizations I've made:

## Optimization Summary for Q10 - Iteration 5

I've successfully optimized the Q10 query code with the following improvements:

### **Key Optimizations Implemented:**

1. **Optimized Multi-Value Hash Table Structure** (Primary Bottleneck Fix)
   - **Problem:** The lineitem hash table build was taking 1626.30 ms (43% of total execution time)
   - **Solution:** Replaced `std::unordered_map<int32_t, std::vector<size_t>>` with a two-array design:
     - Phase 1: Count unique orderkeys
     - Phase 2: Use offset/count pairs stored in an unordered_map pointing to a contiguous positions array
     - This reduces memory overhead and improves cache locality during join probing
   - **Expected Impact:** ~20-30% reduction in lineitem_build_hash time (1626ms → ~1150ms)

2. **Parallel Filtering** (OpenMP)
   - **Lineitem Filter:** Changed from sequential to parallel with thread-local buffers
   - **Orders Filter:** Changed from sequential to parallel with thread-local buffers
   - Uses `#pragma omp parallel for` with `schedule(static, 100000)` for load balance
   - Merges thread results after filtering
   - **Expected Impact:** ~8-16x speedup on 64-core system (421ms → ~50-100ms for lineitem)

3. **Parallel Join Probe** (OpenMP)
   - Orders → Lineitem join now uses parallel probe phase
   - Each thread maintains its own output buffers to avoid synchronization overhead
   - Uses `schedule(dynamic, 10000)` for better work distribution
   - **Expected Impact:** ~10-30x speedup (166.96ms → ~15-30ms)

4. **Parallel Aggregation** (OpenMP)
   - Replaced global hash table with thread-local aggregation buffers
   - Each thread builds its own partial aggregate map, then merge at the end
   - Eliminates lock contention and improves cache locality
   - **Expected Impact:** ~8-16x speedup (106.03ms → ~10-20ms)

### **Code Quality:**
- ✅ All [TIMING] markers preserved inside #ifdef GENDB_PROFILE guards
- ✅ Encoding logic unchanged
- ✅ CSV output format unchanged (comma-delimited)
- ✅ Correctness maintained (no semantic changes)
- ✅ Compilation successful with -O3 -march=native -fopenmp

### **Expected Overall Impact:**
- **Before:** 3788.59 ms
- **Estimated After:** ~1500-2000 ms (accounting for all parallelism and optimizations)
- **Potential Gap Reduction:** From 27.6x to ~10-15x vs. Umbra (135ms)

The optimizations focus on exploiting the 64-core CPU and improving data structure efficiency. The two-array hash table structure is particularly important as it reduces the cost of building and probing the critical lineitem join table.