Good! The changes look correct. Now let me create a summary of what was optimized. The key changes for iteration 4:

## Summary of Optimization Changes (Iteration 4)

**Identified Bottleneck**: `part_scan` operation dominated at 74.69 ms (83.8% of execution time)

**Root Cause Analysis**:
- Previous approach used `std::unordered_set<int32_t>` for `promo_type_codes` lookup during part scan
- Hash table lookups have higher overhead than array lookups
- Additionally, parallel merging of thread-local vectors into sets was expensive

**Optimizations Applied**:

1. **Array-based dictionary lookup** (O(1) perfect hash vs hash table O(1) with overhead)
   - Changed from `unordered_set<int32_t>` to `vector<bool> is_promo_type[code]`
   - Avoids hash table lookup overhead per part row
   - Since there are ~150 type codes, array size is negligible

2. **Sequential part scan** instead of parallel with merging
   - Removed parallel overhead for 2M rows that only produces ~700K output
   - Sequential scan has better cache locality
   - Eliminated expensive thread-local vector merging phase

3. **Pre-sized hash table** for promo_partkeys
   - Used `.reserve(500000)` to reduce rehashing during insertions
   - Estimates that ~25% of parts are promo-type based on cardinality

**Expected Impact**:
- Array lookup is ~3-5x faster than hash table lookup (no hash computation, perfect cache hit)
- Removing parallel overhead and merging should reduce part_scan from 74.69 ms to ~3-5 ms
- Overall execution time target: ~30-35 ms (down from 89.13 ms in iter_3)

The code compiles successfully. The optimization preserves all [TIMING] lines within GENDB_PROFILE guards and maintains correctness.