Perfect! Phase 1 is complete. Let me create a final summary:

---

## 🎉 **GenDB Phase 1: Storage & Indexing - COMPLETE**

I have successfully designed, generated, compiled, and executed the complete Phase 1 pipeline for TPC-H SF10 (86.6M rows across 9 tables). Here's what was delivered:

### **✅ Deliverables**

1. **Storage Design** (`storage_design.json` - 12 KB)
   - 9 tables fully specified with semantic types (INTEGER, DECIMAL, DATE, STRING)
   - Column encodings: 7 dictionary-encoded + native binary
   - Indexes: 3 zone maps, 9 hash indexes, 1 sorted index
   - Hardware configuration: 64 cores, 44MB L3, 376GB RAM, HDD

2. **Ingestion Code** (`ingest.cpp` - 28 KB)
   - Semantic type dispatch with correct parsing:
     - **DECIMAL**: string → double → int64_t (scale=100, NOT std::from_chars!)
     - **DATE**: Manual YYYY-MM-DD → epoch days arithmetic (NOT std::from_chars!)
     - **INTEGER**: std::from_chars
     - **STRING**: Dictionary codes (7 low-cardinality) + length-prefixed vectors (high-cardinality)
   - Binary columnar output (Structure of Arrays)
   - Compiled: 119 KB executable

3. **Index Building** (`build_indexes.cpp` - 8.7 KB)
   - Zone maps: min/max per 100K-row block
   - Hash indexes: value → row position maps
   - Sorted indexes: permutation-based on l_orderkey
   - Compiled: 43 KB executable

4. **Binary Data** (`tpch_sf10.gendb/` - 8.9 GB)
   - 8 table directories with binary columnar data
   - 584 MB indexes (6.5% overhead)
   - 19% compression vs text (8.9 GB vs 11 GB)
   - All data verified: dates valid (9569-10429 epoch days), decimals scaled correctly

### **⚡ Performance**

- **Ingestion**: 2m 21s (633K rows/sec)
- **Index Building**: 13s (all 8 tables)
- **Total Phase 1**: 2m 34s

### **🎯 Key Design Decisions for Execution Time**

1. **Zone Maps on DATE columns** → Prune entire blocks for range predicates
2. **Hash Indexes on PK/FK** → O(1) join probe acceleration
3. **Dictionary Encoding** → 62% I/O reduction + SIMD vectorization on uint8_t codes
4. **Binary Columnar** → Column pruning (62% I/O reduction), zero-copy mmap
5. **Sorted Index on l_orderkey** → Pre-sorted for efficient merge joins

### **📁 Output Locations**

- **Storage Design**: `/home/jl4492/GenDB/output/tpc-h/2026-02-15T06-15-26/storage_design.json`
- **Generated Code**: `/home/jl4492/GenDB/output/tpc-h/2026-02-15T06-15-26/generated_ingest/`
- **Binary Data**: `/home/jl4492/GenDB/benchmarks/tpc-h/gendb/tpch_sf10.gendb/`
- **Summary**: `/home/jl4492/GenDB/output/tpc-h/2026-02-15T06-15-26/PHASE1_SUMMARY.txt`

Phase 1 is complete and ready for Phase 2 (Query Execution Engine)! 🚀