## Workload Analysis Complete ✓

I've analyzed the TPC-H workload and generated a detailed JSON characterization written to:
```
/home/jl4492/GenDB/output/tpc-h/2026-02-15T06-15-26/workload_analysis.json
```

### Key Findings

**Hardware Profile:**
- 64 CPU cores, 376 GB RAM, HDD storage, AVX-512 SIMD support

**Workload Characteristics:**
1. **Lineitem** (59.9M rows): Dominant fact table, accessed in all 3 queries
   - Hot columns: shipdate, discount, quantity, returnflag, linestatus, extendedprice
   - Access patterns: Full scans with selective filtering

2. **Q1 (Pricing Summary):** High-volume aggregation
   - 98% selectivity on shipdate filter
   - Very low cardinality (6 groups: 3 return flags × 2 line statuses)
   - Strategy: Vectorized aggregate + SIMD computation

3. **Q3 (Shipping Priority):** Multi-table join with selective filters
   - Combines customer (1.5M) → orders (15M) → lineitem (60M)
   - 3% combined filter selectivity (c_mktsegment='BUILDING' + date constraints)
   - Strategy: Hash join with bloom filter pre-filtering, morsel parallelism, top-10 limit

4. **Q6 (Forecasting):** Single-table with highly selective predicates
   - Only 1% selectivity (date range + discount range + quantity)
   - Strategy: Early predicate filtering, SIMD evaluation, zone-map pruning

**Critical Optimization Levers:**
- **Parallelism:** Morsel-driven threading (64 cores available)
- **SIMD:** Vectorized filtering and aggregation for bulk operations
- **Selectivity:** Pre-filtering essential for Q3 and Q6
- **Join ordering:** Hash join optimal given FK relationships

The knowledge base recommends thread parallelism, vectorized execution, hash aggregation, and indexed lookups—all applicable to this workload.